[ 2017-01-18T17:16:36+08:00 ] ::1 /lawyer/Home/Login/login
INFO: [ app_init ] --START--
INFO: Run Behavior\BuildLiteBehavior [ RunTime:0.000019s ]
INFO: [ app_init ] --END-- [ RunTime:0.000944s ]
INFO: [ app_begin ] --START--
INFO: Run Behavior\ReadHtmlCacheBehavior [ RunTime:0.001441s ]
INFO: [ app_begin ] --END-- [ RunTime:0.001516s ]

[ 2017-01-18T17:16:50+08:00 ] ::1 /lawyer/Home/Login/login
INFO: [ app_init ] --START--
INFO: Run Behavior\BuildLiteBehavior [ RunTime:0.000018s ]
INFO: [ app_init ] --END-- [ RunTime:0.001178s ]
INFO: [ app_begin ] --START--
INFO: Run Behavior\ReadHtmlCacheBehavior [ RunTime:0.001314s ]
INFO: [ app_begin ] --END-- [ RunTime:0.001372s ]
INFO: [ view_parse ] --START--
INFO: [ template_filter ] --START--
INFO: Run Behavior\ContentReplaceBehavior [ RunTime:0.000079s ]
INFO: [ template_filter ] --END-- [ RunTime:0.000141s ]
INFO: Run Behavior\ParseTemplateBehavior [ RunTime:0.012862s ]
INFO: [ view_parse ] --END-- [ RunTime:0.012931s ]
INFO: [ view_filter ] --START--
INFO: Run Behavior\WriteHtmlCacheBehavior [ RunTime:0.001104s ]
INFO: [ view_filter ] --END-- [ RunTime:0.001191s ]
INFO: [ app_end ] --START--
INFO: Run Behavior\ShowPageTraceBehavior [ RunTime:0.001328s ]
INFO: [ app_end ] --END-- [ RunTime:0.001382s ]

[ 2017-01-18T17:16:53+08:00 ] ::1 /lawyer/Home/Login/register
INFO: [ app_init ] --START--
INFO: Run Behavior\BuildLiteBehavior [ RunTime:0.000015s ]
INFO: [ app_init ] --END-- [ RunTime:0.000713s ]
INFO: [ app_begin ] --START--
INFO: Run Behavior\ReadHtmlCacheBehavior [ RunTime:0.001001s ]
INFO: [ app_begin ] --END-- [ RunTime:0.001060s ]
INFO: [ view_parse ] --START--
INFO: [ template_filter ] --START--
INFO: Run Behavior\ContentReplaceBehavior [ RunTime:0.000108s ]
INFO: [ template_filter ] --END-- [ RunTime:0.000164s ]
INFO: Run Behavior\ParseTemplateBehavior [ RunTime:0.009518s ]
INFO: [ view_parse ] --END-- [ RunTime:0.009573s ]
INFO: [ view_filter ] --START--
INFO: Run Behavior\WriteHtmlCacheBehavior [ RunTime:0.000720s ]
INFO: [ view_filter ] --END-- [ RunTime:0.000776s ]
INFO: [ app_end ] --START--
INFO: Run Behavior\ShowPageTraceBehavior [ RunTime:0.001073s ]
INFO: [ app_end ] --END-- [ RunTime:0.001118s ]

[ 2017-01-18T17:17:04+08:00 ] ::1 /lawyer/Login/sendcode.html
INFO: [ app_init ] --START--
INFO: Run Behavior\BuildLiteBehavior [ RunTime:0.000032s ]
INFO: [ app_init ] --END-- [ RunTime:0.001400s ]
INFO: [ app_begin ] --START--
INFO: Run Behavior\ReadHtmlCacheBehavior [ RunTime:0.000791s ]
INFO: [ app_begin ] --END-- [ RunTime:0.000850s ]
SQL: SHOW COLUMNS FROM `web_user` [ RunTime:0.0084s ]
SQL: SELECT COUNT(*) AS tp_count FROM `web_user` WHERE ( phone='13122222222' ) LIMIT 1   [ RunTime:0.0005s ]
SQL: SHOW COLUMNS FROM `web_validcode` [ RunTime:0.0089s ]
SQL: SELECT COUNT(*) AS tp_count FROM `web_validcode` WHERE ( mobile='13122222222' AND ctime>1484687824 ) LIMIT 1   [ RunTime:0.0009s ]
SQL: INSERT INTO `web_validcode` (`mobile`,`vtype`,`code`,`ctime`,`deadtime`) VALUES ('13122222222','0','409811','1484731024','1484731324') [ RunTime:0.0009s ]

[ 2017-01-18T17:17:26+08:00 ] ::1 /lawyer/Home/Login/register
INFO: [ app_init ] --START--
INFO: Run Behavior\BuildLiteBehavior [ RunTime:0.000017s ]
INFO: [ app_init ] --END-- [ RunTime:0.000653s ]
INFO: [ app_begin ] --START--
INFO: Run Behavior\ReadHtmlCacheBehavior [ RunTime:0.000872s ]
INFO: [ app_begin ] --END-- [ RunTime:0.000940s ]
SQL: SHOW COLUMNS FROM `web_user` [ RunTime:0.0086s ]
SQL: SELECT * FROM `web_user` WHERE ( phone=13122222222 ) LIMIT 1   [ RunTime:0.0006s ]
SQL: SHOW COLUMNS FROM `web_validcode` [ RunTime:0.0109s ]
NOTIC: [2] Illegal string offset 'vid' D:\heyi\USBWebserver\root\lawyer\Application\Home\Controller\LoginController.class.php 第 97 行.
ERR: 1054:Unknown column 'S' in 'where clause'
 [ SQL语句 ] : DELETE FROM `web_validcode` WHERE ( vid=S )
ERR: 1054:Unknown column 'S' in 'where clause'
 [ SQL语句 ] : DELETE FROM `web_validcode` WHERE ( vid=S )

[ 2017-01-18T17:18:36+08:00 ] ::1 /lawyer/Home/Login/register
INFO: [ app_init ] --START--
INFO: Run Behavior\BuildLiteBehavior [ RunTime:0.000017s ]
INFO: [ app_init ] --END-- [ RunTime:0.000693s ]
INFO: [ app_begin ] --START--
INFO: Run Behavior\ReadHtmlCacheBehavior [ RunTime:0.001229s ]
INFO: [ app_begin ] --END-- [ RunTime:0.001301s ]
SQL: SHOW COLUMNS FROM `web_user` [ RunTime:0.0297s ]
SQL: SELECT * FROM `web_user` WHERE ( phone=13122222222 ) LIMIT 1   [ RunTime:0.0011s ]
SQL: SHOW COLUMNS FROM `web_validcode` [ RunTime:0.0329s ]
SQL: SELECT * FROM `web_validcode` WHERE ( mobile=13122222222 and code=409811 
	    					and deadtime>UNIX_TIMESTAMP(NOW()) and vtype=0 ) LIMIT 1   [ RunTime:0.0009s ]
SQL: DELETE FROM `web_validcode` WHERE ( vid=90 ) [ RunTime:0.0006s ]
SQL: SHOW COLUMNS FROM `web_user` [ RunTime:0.0146s ]
NOTIC: [8] Undefined variable: user D:\heyi\USBWebserver\root\lawyer\Application\Home\Controller\LoginController.class.php 第 126 行.
SQL: SHOW COLUMNS FROM `web_user_coupon_tem` [ RunTime:0.0333s ]
SQL: SELECT * FROM `web_user_coupon_tem` WHERE ( mobile=13122222222 )  [ RunTime:0.0010s ]

[ 2017-01-18T17:19:36+08:00 ] ::1 /lawyer/Login/sendcode.html
INFO: [ app_init ] --START--
INFO: Run Behavior\BuildLiteBehavior [ RunTime:0.000016s ]
INFO: [ app_init ] --END-- [ RunTime:0.000779s ]
INFO: [ app_begin ] --START--
INFO: Run Behavior\ReadHtmlCacheBehavior [ RunTime:0.001023s ]
INFO: [ app_begin ] --END-- [ RunTime:0.001083s ]
SQL: SHOW COLUMNS FROM `web_user` [ RunTime:0.0291s ]
SQL: SELECT COUNT(*) AS tp_count FROM `web_user` WHERE ( phone='13122222222' ) LIMIT 1   [ RunTime:0.0006s ]
SQL: SHOW COLUMNS FROM `web_validcode` [ RunTime:0.0114s ]
SQL: SELECT COUNT(*) AS tp_count FROM `web_validcode` WHERE ( mobile='13122222222' AND ctime>1484687976 ) LIMIT 1   [ RunTime:0.0005s ]
SQL: INSERT INTO `web_validcode` (`mobile`,`vtype`,`code`,`ctime`,`deadtime`) VALUES ('13122222222','0','465297','1484731176','1484731476') [ RunTime:0.0005s ]

[ 2017-01-18T17:19:51+08:00 ] ::1 /lawyer/Home/Login/register
INFO: [ app_init ] --START--
INFO: Run Behavior\BuildLiteBehavior [ RunTime:0.000022s ]
INFO: [ app_init ] --END-- [ RunTime:0.000955s ]
INFO: [ app_begin ] --START--
INFO: Run Behavior\ReadHtmlCacheBehavior [ RunTime:0.000854s ]
INFO: [ app_begin ] --END-- [ RunTime:0.000909s ]
SQL: SHOW COLUMNS FROM `web_user` [ RunTime:0.0092s ]
SQL: SELECT * FROM `web_user` WHERE ( phone=13122222222 ) LIMIT 1   [ RunTime:0.0007s ]
SQL: SHOW COLUMNS FROM `web_validcode` [ RunTime:0.0107s ]
SQL: SELECT * FROM `web_validcode` WHERE ( mobile=13122222222 and code=465297 
	    					and deadtime>UNIX_TIMESTAMP(NOW()) and vtype=0 ) LIMIT 1   [ RunTime:0.0007s ]
SQL: DELETE FROM `web_validcode` WHERE ( vid=91 ) [ RunTime:0.0005s ]
SQL: SHOW COLUMNS FROM `web_user` [ RunTime:0.0096s ]
ERR: 1062:Duplicate entry '' for key 'ucode'
 [ SQL语句 ] : INSERT INTO `web_user` (`phone`,`password`,`ctime`,`last_login_time`,`avator`,`gender`,`status`,`age`,`rname`,`idcard`,`authstatus`) VALUES ('13122222222','96e79218965eb72c92a549dd5a330112','1484731191','1484731191','/Uploads/avator.png','0','0','','','','0')
ERR: 1062:Duplicate entry '' for key 'ucode'
 [ SQL语句 ] : INSERT INTO `web_user` (`phone`,`password`,`ctime`,`last_login_time`,`avator`,`gender`,`status`,`age`,`rname`,`idcard`,`authstatus`) VALUES ('13122222222','96e79218965eb72c92a549dd5a330112','1484731191','1484731191','/Uploads/avator.png','0','0','','','','0')

[ 2017-01-18T17:23:43+08:00 ] ::1 /lawyer/Home/Login/register
INFO: [ app_init ] --START--
INFO: Run Behavior\BuildLiteBehavior [ RunTime:0.000016s ]
INFO: [ app_init ] --END-- [ RunTime:0.000792s ]
INFO: [ app_begin ] --START--
INFO: Run Behavior\ReadHtmlCacheBehavior [ RunTime:0.001080s ]
INFO: [ app_begin ] --END-- [ RunTime:0.001150s ]
SQL: SHOW COLUMNS FROM `web_user` [ RunTime:0.0092s ]
SQL: SELECT * FROM `web_user` WHERE ( phone=13122222222 ) LIMIT 1   [ RunTime:0.0006s ]
SQL: SHOW COLUMNS FROM `web_validcode` [ RunTime:0.0073s ]
SQL: SELECT * FROM `web_validcode` WHERE ( mobile=13122222222 and code=465297 
	    					and deadtime>UNIX_TIMESTAMP(NOW()) and vtype=0 ) LIMIT 1   [ RunTime:0.0004s ]

[ 2017-01-18T17:23:48+08:00 ] ::1 /lawyer/Login/sendcode.html
INFO: [ app_init ] --START--
INFO: Run Behavior\BuildLiteBehavior [ RunTime:0.000031s ]
INFO: [ app_init ] --END-- [ RunTime:0.000825s ]
INFO: [ app_begin ] --START--
INFO: Run Behavior\ReadHtmlCacheBehavior [ RunTime:0.000792s ]
INFO: [ app_begin ] --END-- [ RunTime:0.000849s ]
SQL: SHOW COLUMNS FROM `web_user` [ RunTime:0.0286s ]
SQL: SELECT COUNT(*) AS tp_count FROM `web_user` WHERE ( phone='13122222222' ) LIMIT 1   [ RunTime:0.0004s ]
SQL: SHOW COLUMNS FROM `web_validcode` [ RunTime:0.0101s ]
SQL: SELECT COUNT(*) AS tp_count FROM `web_validcode` WHERE ( mobile='13122222222' AND ctime>1484688228 ) LIMIT 1   [ RunTime:0.0004s ]
SQL: INSERT INTO `web_validcode` (`mobile`,`vtype`,`code`,`ctime`,`deadtime`) VALUES ('13122222222','0','911083','1484731428','1484731728') [ RunTime:0.0005s ]

[ 2017-01-18T17:24:04+08:00 ] ::1 /lawyer/Home/Login/register
INFO: [ app_init ] --START--
INFO: Run Behavior\BuildLiteBehavior [ RunTime:0.000017s ]
INFO: [ app_init ] --END-- [ RunTime:0.000725s ]
INFO: [ app_begin ] --START--
INFO: Run Behavior\ReadHtmlCacheBehavior [ RunTime:0.000822s ]
INFO: [ app_begin ] --END-- [ RunTime:0.000878s ]
SQL: SHOW COLUMNS FROM `web_user` [ RunTime:0.0122s ]
SQL: SELECT * FROM `web_user` WHERE ( phone=13122222222 ) LIMIT 1   [ RunTime:0.0008s ]
SQL: SHOW COLUMNS FROM `web_validcode` [ RunTime:0.0167s ]
SQL: SELECT * FROM `web_validcode` WHERE ( mobile=13122222222 and code=911083 
	    					and deadtime>UNIX_TIMESTAMP(NOW()) and vtype=0 ) LIMIT 1   [ RunTime:0.0005s ]
SQL: DELETE FROM `web_validcode` WHERE ( vid=92 ) [ RunTime:0.0005s ]
SQL: SHOW COLUMNS FROM `web_user` [ RunTime:0.0118s ]
SQL: INSERT INTO `web_user` (`phone`,`password`,`ctime`,`last_login_time`,`avator`,`gender`,`status`,`age`,`rname`,`idcard`,`authstatus`) VALUES ('13122222222','96e79218965eb72c92a549dd5a330112','1484731444','1484731444','/Uploads/avator.png','0','0','','','','0') [ RunTime:0.0005s ]
ERR: Think\Controller:error_back方法不存在！

[ 2017-01-18T17:25:33+08:00 ] ::1 /lawyer/Login/sendcode.html
INFO: [ app_init ] --START--
INFO: Run Behavior\BuildLiteBehavior [ RunTime:0.000037s ]
INFO: [ app_init ] --END-- [ RunTime:0.001508s ]
INFO: [ app_begin ] --START--
INFO: Run Behavior\ReadHtmlCacheBehavior [ RunTime:0.000892s ]
INFO: [ app_begin ] --END-- [ RunTime:0.000962s ]
SQL: SHOW COLUMNS FROM `web_user` [ RunTime:0.0263s ]
SQL: SELECT COUNT(*) AS tp_count FROM `web_user` WHERE ( phone='13122222222' ) LIMIT 1   [ RunTime:0.0004s ]
SQL: SHOW COLUMNS FROM `web_validcode` [ RunTime:0.0079s ]
SQL: SELECT COUNT(*) AS tp_count FROM `web_validcode` WHERE ( mobile='13122222222' AND ctime>1484688333 ) LIMIT 1   [ RunTime:0.0005s ]
SQL: INSERT INTO `web_validcode` (`mobile`,`vtype`,`code`,`ctime`,`deadtime`) VALUES ('13122222222','0','619685','1484731533','1484731833') [ RunTime:0.0004s ]

[ 2017-01-18T17:25:48+08:00 ] ::1 /lawyer/Home/Login/register
INFO: [ app_init ] --START--
INFO: Run Behavior\BuildLiteBehavior [ RunTime:0.000015s ]
INFO: [ app_init ] --END-- [ RunTime:0.000663s ]
INFO: [ app_begin ] --START--
INFO: Run Behavior\ReadHtmlCacheBehavior [ RunTime:0.001132s ]
INFO: [ app_begin ] --END-- [ RunTime:0.001191s ]
SQL: SHOW COLUMNS FROM `web_user` [ RunTime:0.0084s ]
SQL: SELECT * FROM `web_user` WHERE ( phone=13122222222 ) LIMIT 1   [ RunTime:0.0006s ]
SQL: SHOW COLUMNS FROM `web_validcode` [ RunTime:0.0074s ]
SQL: SELECT * FROM `web_validcode` WHERE ( mobile=13122222222 and code=619685 
	    					and deadtime>UNIX_TIMESTAMP(NOW()) and vtype=0 ) LIMIT 1   [ RunTime:0.0005s ]
SQL: SHOW COLUMNS FROM `web_user` [ RunTime:0.0084s ]
SQL: INSERT INTO `web_user` (`phone`,`password`,`ctime`,`last_login_time`,`avator`,`gender`,`status`,`age`,`rname`,`idcard`,`authstatus`) VALUES ('13122222222','96e79218965eb72c92a549dd5a330112','1484731548','1484731548','/Uploads/avator.png','0','0','','','','0') [ RunTime:0.0005s ]

[ 2017-01-18T17:28:33+08:00 ] ::1 /lawyer/Home/Login/register
INFO: [ app_init ] --START--
INFO: Run Behavior\BuildLiteBehavior [ RunTime:0.000019s ]
INFO: [ app_init ] --END-- [ RunTime:0.001033s ]
INFO: [ app_begin ] --START--
INFO: Run Behavior\ReadHtmlCacheBehavior [ RunTime:0.000953s ]
INFO: [ app_begin ] --END-- [ RunTime:0.001019s ]
INFO: [ view_parse ] --START--
INFO: [ template_filter ] --START--
INFO: Run Behavior\ContentReplaceBehavior [ RunTime:0.000085s ]
INFO: [ template_filter ] --END-- [ RunTime:0.000146s ]
INFO: Run Behavior\ParseTemplateBehavior [ RunTime:0.010772s ]
INFO: [ view_parse ] --END-- [ RunTime:0.010832s ]
INFO: [ view_filter ] --START--
INFO: Run Behavior\WriteHtmlCacheBehavior [ RunTime:0.000673s ]
INFO: [ view_filter ] --END-- [ RunTime:0.000717s ]
INFO: [ app_end ] --START--
INFO: Run Behavior\ShowPageTraceBehavior [ RunTime:0.001084s ]
INFO: [ app_end ] --END-- [ RunTime:0.001131s ]

[ 2017-01-18T17:28:54+08:00 ] ::1 /lawyer/Home/Login/register
INFO: [ app_init ] --START--
INFO: Run Behavior\BuildLiteBehavior [ RunTime:0.000018s ]
INFO: [ app_init ] --END-- [ RunTime:0.001158s ]
INFO: [ app_begin ] --START--
INFO: Run Behavior\ReadHtmlCacheBehavior [ RunTime:0.001601s ]
INFO: [ app_begin ] --END-- [ RunTime:0.001670s ]
SQL: SHOW COLUMNS FROM `web_user` [ RunTime:0.0265s ]
SQL: SELECT * FROM `web_user` WHERE ( phone=13122222222 ) LIMIT 1   [ RunTime:0.0005s ]
SQL: SHOW COLUMNS FROM `web_validcode` [ RunTime:0.0076s ]
SQL: SELECT * FROM `web_validcode` WHERE ( mobile=13122222222 and code=619685 
	    					and deadtime>UNIX_TIMESTAMP(NOW()) and vtype=0 ) LIMIT 1   [ RunTime:0.0005s ]
SQL: SHOW COLUMNS FROM `web_user` [ RunTime:0.0087s ]
SQL: INSERT INTO `web_user` (`phone`,`password`,`ctime`,`last_login_time`,`avator`,`gender`,`status`,`age`,`rname`,`idcard`,`authstatus`) VALUES ('13122222222','96e79218965eb72c92a549dd5a330112','1484731734','1484731734','/Uploads/avator.png','0','0','','','','0') [ RunTime:0.0005s ]

[ 2017-01-18T17:30:05+08:00 ] ::1 /lawyer/Home/Login/register
INFO: [ app_init ] --START--
INFO: Run Behavior\BuildLiteBehavior [ RunTime:0.000026s ]
INFO: [ app_init ] --END-- [ RunTime:0.000939s ]
INFO: [ app_begin ] --START--
INFO: Run Behavior\ReadHtmlCacheBehavior [ RunTime:0.001777s ]
INFO: [ app_begin ] --END-- [ RunTime:0.001868s ]
SQL: SHOW COLUMNS FROM `web_user` [ RunTime:0.0084s ]
SQL: SELECT * FROM `web_user` WHERE ( phone=13122222222 ) LIMIT 1   [ RunTime:0.0006s ]
SQL: SHOW COLUMNS FROM `web_validcode` [ RunTime:0.0078s ]
SQL: SELECT * FROM `web_validcode` WHERE ( mobile=13122222222 and code=619685 
	    					and deadtime>UNIX_TIMESTAMP(NOW()) and vtype=0 ) LIMIT 1   [ RunTime:0.0005s ]
SQL: SHOW COLUMNS FROM `web_user` [ RunTime:0.0096s ]
SQL: INSERT INTO `web_user` (`phone`,`password`,`ctime`,`last_login_time`,`avator`,`gender`,`status`,`age`,`rname`,`idcard`,`authstatus`) VALUES ('13122222222','96e79218965eb72c92a549dd5a330112','1484731805','1484731805','/Uploads/avator.png','0','0','','','','0') [ RunTime:0.0005s ]
SQL: SHOW COLUMNS FROM `web_user_rongaccount` [ RunTime:0.0101s ]
SQL: INSERT INTO `web_user_rongaccount` (`uid`,`utype`,`imaccountsid`,`imtoken`,`ctime`,`imaccount`,`impwd`) VALUES ('15','0','af12966edd6011e69eaa6c92bf2c165d','a5d30503606d5832c6309863cc158622','2017-01-18 17:30:00','8018523200000037','TLZtfHxs') [ RunTime:0.0005s ]
SQL: SHOW COLUMNS FROM `web_user_coupon_tem` [ RunTime:0.0087s ]
SQL: SELECT * FROM `web_user_coupon_tem` WHERE ( mobile=13122222222 )  [ RunTime:0.0004s ]

[ 2017-01-18T17:30:10+08:00 ] ::1 /lawyer/Index/index.html
INFO: [ app_init ] --START--
INFO: Run Behavior\BuildLiteBehavior [ RunTime:0.000018s ]
INFO: [ app_init ] --END-- [ RunTime:0.000907s ]
INFO: [ app_begin ] --START--
INFO: Run Behavior\ReadHtmlCacheBehavior [ RunTime:0.002446s ]
INFO: [ app_begin ] --END-- [ RunTime:0.002552s ]
SQL: SHOW COLUMNS FROM `web_user` [ RunTime:0.0090s ]
SQL: SELECT * FROM `web_user` WHERE ( uid=15 ) LIMIT 1   [ RunTime:0.0006s ]
SQL: SHOW COLUMNS FROM `web_category` [ RunTime:0.0086s ]
SQL: SELECT * FROM `web_category` WHERE ( pid=0 )  [ RunTime:0.0007s ]
SQL: SELECT * FROM `web_category` WHERE ( pid=1 )  [ RunTime:0.0005s ]
SQL: SELECT * FROM `web_category` WHERE ( pid=5 )  [ RunTime:0.0005s ]
SQL: SHOW COLUMNS FROM `web_order` [ RunTime:0.0117s ]
SQL: SELECT * FROM `web_order` WHERE ( uid=15 and paystatus=0 ) LIMIT 1   [ RunTime:0.0008s ]
INFO: [ view_parse ] --START--
INFO: [ template_filter ] --START--
INFO: Run Behavior\ContentReplaceBehavior [ RunTime:0.000145s ]
INFO: [ template_filter ] --END-- [ RunTime:0.000200s ]
INFO: Run Behavior\ParseTemplateBehavior [ RunTime:0.060857s ]
INFO: [ view_parse ] --END-- [ RunTime:0.060922s ]
INFO: [ view_filter ] --START--
INFO: Run Behavior\WriteHtmlCacheBehavior [ RunTime:0.001284s ]
INFO: [ view_filter ] --END-- [ RunTime:0.001344s ]
INFO: [ app_end ] --START--
INFO: Run Behavior\ShowPageTraceBehavior [ RunTime:0.001642s ]
INFO: [ app_end ] --END-- [ RunTime:0.001727s ]

[ 2017-01-18T17:31:09+08:00 ] ::1 /lawyer/Setting/index.html
INFO: [ app_init ] --START--
INFO: Run Behavior\BuildLiteBehavior [ RunTime:0.000021s ]
INFO: [ app_init ] --END-- [ RunTime:0.000964s ]
INFO: [ app_begin ] --START--
INFO: Run Behavior\ReadHtmlCacheBehavior [ RunTime:0.001555s ]
INFO: [ app_begin ] --END-- [ RunTime:0.001720s ]
SQL: SHOW COLUMNS FROM `web_order` [ RunTime:0.0278s ]
SQL: SELECT * FROM `web_order` WHERE ( uid=15 and paystatus=0 ) LIMIT 1   [ RunTime:0.0007s ]
INFO: [ view_parse ] --START--
INFO: [ template_filter ] --START--
INFO: Run Behavior\ContentReplaceBehavior [ RunTime:0.000063s ]
INFO: [ template_filter ] --END-- [ RunTime:0.000117s ]
INFO: Run Behavior\ParseTemplateBehavior [ RunTime:0.010316s ]
INFO: [ view_parse ] --END-- [ RunTime:0.010391s ]
INFO: [ view_filter ] --START--
INFO: Run Behavior\WriteHtmlCacheBehavior [ RunTime:0.000803s ]
INFO: [ view_filter ] --END-- [ RunTime:0.000847s ]
INFO: [ app_end ] --START--
INFO: Run Behavior\ShowPageTraceBehavior [ RunTime:0.001134s ]
INFO: [ app_end ] --END-- [ RunTime:0.001200s ]

[ 2017-01-18T17:31:12+08:00 ] ::1 /lawyer/Login/logout.html
INFO: [ app_init ] --START--
INFO: Run Behavior\BuildLiteBehavior [ RunTime:0.000028s ]
INFO: [ app_init ] --END-- [ RunTime:0.001041s ]
INFO: [ app_begin ] --START--
INFO: Run Behavior\ReadHtmlCacheBehavior [ RunTime:0.001201s ]
INFO: [ app_begin ] --END-- [ RunTime:0.001290s ]

[ 2017-01-18T17:31:12+08:00 ] ::1 /lawyer/Login/login.html
INFO: [ app_init ] --START--
INFO: Run Behavior\BuildLiteBehavior [ RunTime:0.001406s ]
INFO: [ app_init ] --END-- [ RunTime:0.003164s ]
INFO: [ app_begin ] --START--
INFO: Run Behavior\ReadHtmlCacheBehavior [ RunTime:0.000790s ]
INFO: [ app_begin ] --END-- [ RunTime:0.000858s ]
INFO: [ view_parse ] --START--
INFO: [ template_filter ] --START--
INFO: Run Behavior\ContentReplaceBehavior [ RunTime:0.000384s ]
INFO: [ template_filter ] --END-- [ RunTime:0.000517s ]
INFO: Run Behavior\ParseTemplateBehavior [ RunTime:0.014184s ]
INFO: [ view_parse ] --END-- [ RunTime:0.014257s ]
INFO: [ view_filter ] --START--
INFO: Run Behavior\WriteHtmlCacheBehavior [ RunTime:0.000475s ]
INFO: [ view_filter ] --END-- [ RunTime:0.000519s ]
INFO: [ app_end ] --START--
INFO: Run Behavior\ShowPageTraceBehavior [ RunTime:0.001032s ]
INFO: [ app_end ] --END-- [ RunTime:0.001083s ]

[ 2017-01-18T17:31:27+08:00 ] ::1 /lawyer/Home/Login/register
INFO: [ app_init ] --START--
INFO: Run Behavior\BuildLiteBehavior [ RunTime:0.000018s ]
INFO: [ app_init ] --END-- [ RunTime:0.000873s ]
INFO: [ app_begin ] --START--
INFO: Run Behavior\ReadHtmlCacheBehavior [ RunTime:0.000829s ]
INFO: [ app_begin ] --END-- [ RunTime:0.000888s ]
INFO: [ view_parse ] --START--
INFO: [ template_filter ] --START--
INFO: Run Behavior\ContentReplaceBehavior [ RunTime:0.000080s ]
INFO: [ template_filter ] --END-- [ RunTime:0.000134s ]
INFO: Run Behavior\ParseTemplateBehavior [ RunTime:0.009784s ]
INFO: [ view_parse ] --END-- [ RunTime:0.010026s ]
INFO: [ view_filter ] --START--
INFO: Run Behavior\WriteHtmlCacheBehavior [ RunTime:0.002068s ]
INFO: [ view_filter ] --END-- [ RunTime:0.002352s ]
INFO: [ app_end ] --START--
INFO: Run Behavior\ShowPageTraceBehavior [ RunTime:0.002668s ]
INFO: [ app_end ] --END-- [ RunTime:0.002745s ]

[ 2017-01-18T17:31:34+08:00 ] ::1 /lawyer/Login/sendcode.html
INFO: [ app_init ] --START--
INFO: Run Behavior\BuildLiteBehavior [ RunTime:0.000016s ]
INFO: [ app_init ] --END-- [ RunTime:0.000663s ]
INFO: [ app_begin ] --START--
INFO: Run Behavior\ReadHtmlCacheBehavior [ RunTime:0.000900s ]
INFO: [ app_begin ] --END-- [ RunTime:0.000960s ]
SQL: SHOW COLUMNS FROM `web_user` [ RunTime:0.0516s ]
SQL: SELECT COUNT(*) AS tp_count FROM `web_user` WHERE ( phone='13222222222' ) LIMIT 1   [ RunTime:0.0005s ]
SQL: SHOW COLUMNS FROM `web_validcode` [ RunTime:0.0102s ]
SQL: SELECT COUNT(*) AS tp_count FROM `web_validcode` WHERE ( mobile='13222222222' AND ctime>1484688694 ) LIMIT 1   [ RunTime:0.0006s ]
SQL: INSERT INTO `web_validcode` (`mobile`,`vtype`,`code`,`ctime`,`deadtime`) VALUES ('13222222222','0','496040','1484731894','1484732194') [ RunTime:0.0005s ]

[ 2017-01-18T17:31:53+08:00 ] ::1 /lawyer/Home/Login/register
INFO: [ app_init ] --START--
INFO: Run Behavior\BuildLiteBehavior [ RunTime:0.000015s ]
INFO: [ app_init ] --END-- [ RunTime:0.000652s ]
INFO: [ app_begin ] --START--
INFO: Run Behavior\ReadHtmlCacheBehavior [ RunTime:0.000795s ]
INFO: [ app_begin ] --END-- [ RunTime:0.000862s ]
SQL: SHOW COLUMNS FROM `web_user` [ RunTime:0.0104s ]
SQL: SELECT * FROM `web_user` WHERE ( phone=13222222222 ) LIMIT 1   [ RunTime:0.0007s ]
SQL: SHOW COLUMNS FROM `web_validcode` [ RunTime:0.0733s ]
SQL: SELECT * FROM `web_validcode` WHERE ( mobile=13222222222 and code=496040 
	    					and deadtime>UNIX_TIMESTAMP(NOW()) and vtype=0 ) LIMIT 1   [ RunTime:0.0005s ]
SQL: SHOW COLUMNS FROM `web_user` [ RunTime:0.0106s ]
SQL: INSERT INTO `web_user` (`phone`,`password`,`ctime`,`last_login_time`,`avator`,`gender`,`status`,`age`,`rname`,`idcard`,`authstatus`) VALUES ('13222222222','96e79218965eb72c92a549dd5a330112','1484731912','1484731912','/Uploads/avator.png','0','0','','','','0') [ RunTime:0.0006s ]
SQL: SHOW COLUMNS FROM `web_user_rongaccount` [ RunTime:0.0252s ]
SQL: INSERT INTO `web_user_rongaccount` (`uid`,`utype`,`imaccountsid`,`imtoken`,`ctime`,`imaccount`,`impwd`) VALUES ('16','0','eef5e0d2dd6011e69eaa6c92bf2c165d','7f816df6e064788982b913cde2d8dbaa','2017-01-18 17:31:47','8018523200000038','NBsmfY0W') [ RunTime:0.0004s ]
SQL: SHOW COLUMNS FROM `web_user_coupon_tem` [ RunTime:0.0091s ]
SQL: SELECT * FROM `web_user_coupon_tem` WHERE ( mobile=13222222222 )  [ RunTime:0.0005s ]

[ 2017-01-18T17:31:55+08:00 ] ::1 /lawyer/Index/index.html
INFO: [ app_init ] --START--
INFO: Run Behavior\BuildLiteBehavior [ RunTime:0.000020s ]
INFO: [ app_init ] --END-- [ RunTime:0.000918s ]
INFO: [ app_begin ] --START--
INFO: Run Behavior\ReadHtmlCacheBehavior [ RunTime:0.000918s ]
INFO: [ app_begin ] --END-- [ RunTime:0.000986s ]
SQL: SHOW COLUMNS FROM `web_user` [ RunTime:0.0109s ]
SQL: SELECT * FROM `web_user` WHERE ( uid=16 ) LIMIT 1   [ RunTime:0.0005s ]
SQL: SHOW COLUMNS FROM `web_category` [ RunTime:0.0079s ]
SQL: SELECT * FROM `web_category` WHERE ( pid=0 )  [ RunTime:0.0004s ]
SQL: SELECT * FROM `web_category` WHERE ( pid=1 )  [ RunTime:0.0003s ]
SQL: SELECT * FROM `web_category` WHERE ( pid=5 )  [ RunTime:0.0004s ]
SQL: SHOW COLUMNS FROM `web_order` [ RunTime:0.0095s ]
SQL: SELECT * FROM `web_order` WHERE ( uid=16 and paystatus=0 ) LIMIT 1   [ RunTime:0.0006s ]
INFO: [ view_parse ] --START--
INFO: [ template_filter ] --START--
INFO: Run Behavior\ContentReplaceBehavior [ RunTime:0.000121s ]
INFO: [ template_filter ] --END-- [ RunTime:0.000176s ]
INFO: Run Behavior\ParseTemplateBehavior [ RunTime:0.011222s ]
INFO: [ view_parse ] --END-- [ RunTime:0.011292s ]
INFO: [ view_filter ] --START--
INFO: Run Behavior\WriteHtmlCacheBehavior [ RunTime:0.000508s ]
INFO: [ view_filter ] --END-- [ RunTime:0.000553s ]
INFO: [ app_end ] --START--
INFO: Run Behavior\ShowPageTraceBehavior [ RunTime:0.001585s ]
INFO: [ app_end ] --END-- [ RunTime:0.001662s ]

