[ 2017-05-18T00:56:11+08:00 ] 42.236.10.108 /vod-read-id-5636.html
INFO: [ app_init ] --START--
INFO: Run Behavior\BuildLiteBehavior [ RunTime:0.000010s ]
INFO: [ app_init ] --END-- [ RunTime:0.000223s ]
INFO: [ app_begin ] --START--
INFO: Run Behavior\ReadHtmlCacheBehavior [ RunTime:0.000298s ]
INFO: [ app_begin ] --END-- [ RunTime:0.000332s ]
ERR: 无法加载控制器:Vod-read-id-5636

[ 2017-05-18T00:56:11+08:00 ] 42.236.99.72 /vod-read-id-3543.html
INFO: [ app_init ] --START--
INFO: Run Behavior\BuildLiteBehavior [ RunTime:0.000010s ]
INFO: [ app_init ] --END-- [ RunTime:0.000212s ]
INFO: [ app_begin ] --START--
INFO: Run Behavior\ReadHtmlCacheBehavior [ RunTime:0.000302s ]
INFO: [ app_begin ] --END-- [ RunTime:0.000336s ]
ERR: 无法加载控制器:Vod-read-id-3543

[ 2017-05-18T00:56:11+08:00 ] 42.236.99.72 /vod-read-id-5201.html
INFO: [ app_init ] --START--
INFO: Run Behavior\BuildLiteBehavior [ RunTime:0.000010s ]
INFO: [ app_init ] --END-- [ RunTime:0.001656s ]
INFO: [ app_begin ] --START--
INFO: Run Behavior\ReadHtmlCacheBehavior [ RunTime:0.000273s ]
INFO: [ app_begin ] --END-- [ RunTime:0.000308s ]
ERR: 无法加载控制器:Vod-read-id-5201

[ 2017-05-18T00:56:11+08:00 ] 42.236.12.130 /vod-play-id-2664-sid-0-pid-95.html
INFO: [ app_init ] --START--
INFO: Run Behavior\BuildLiteBehavior [ RunTime:0.000009s ]
INFO: [ app_init ] --END-- [ RunTime:0.000218s ]
INFO: [ app_begin ] --START--
INFO: Run Behavior\ReadHtmlCacheBehavior [ RunTime:0.000279s ]
INFO: [ app_begin ] --END-- [ RunTime:0.000317s ]
ERR: 无法加载控制器:Vod-play-id-2664-sid-0-pid-95

[ 2017-05-18T00:56:11+08:00 ] 42.236.12.130 /vod-play-id-2152-sid-0-pid-26.html
INFO: [ app_init ] --START--
INFO: Run Behavior\BuildLiteBehavior [ RunTime:0.000010s ]
INFO: [ app_init ] --END-- [ RunTime:0.000222s ]
INFO: [ app_begin ] --START--
INFO: Run Behavior\ReadHtmlCacheBehavior [ RunTime:0.018313s ]
INFO: [ app_begin ] --END-- [ RunTime:0.018347s ]
ERR: 无法加载控制器:Vod-play-id-2152-sid-0-pid-26

[ 2017-05-18T00:56:11+08:00 ] 42.236.12.130 /vod-play-id-1243-sid-2-pid-83.html
INFO: [ app_init ] --START--
INFO: Run Behavior\BuildLiteBehavior [ RunTime:0.000010s ]
INFO: [ app_init ] --END-- [ RunTime:0.000213s ]
INFO: [ app_begin ] --START--
INFO: Run Behavior\ReadHtmlCacheBehavior [ RunTime:0.000270s ]
INFO: [ app_begin ] --END-- [ RunTime:0.000304s ]
ERR: 无法加载控制器:Vod-play-id-1243-sid-2-pid-83

[ 2017-05-18T00:56:11+08:00 ] 42.236.99.142 /vod-play-id-3765-sid-0-pid-1.html
INFO: [ app_init ] --START--
INFO: Run Behavior\BuildLiteBehavior [ RunTime:0.000010s ]
INFO: [ app_init ] --END-- [ RunTime:0.000216s ]
INFO: [ app_begin ] --START--
INFO: Run Behavior\ReadHtmlCacheBehavior [ RunTime:0.000327s ]
INFO: [ app_begin ] --END-- [ RunTime:0.000360s ]
ERR: 无法加载控制器:Vod-play-id-3765-sid-0-pid-1

[ 2017-05-18T00:56:11+08:00 ] 42.236.99.142 /vod-show-id-16-p-1.html
INFO: [ app_init ] --START--
INFO: Run Behavior\BuildLiteBehavior [ RunTime:0.000011s ]
INFO: [ app_init ] --END-- [ RunTime:0.000226s ]
INFO: [ app_begin ] --START--
INFO: Run Behavior\ReadHtmlCacheBehavior [ RunTime:0.000275s ]
INFO: [ app_begin ] --END-- [ RunTime:0.000316s ]
ERR: 无法加载控制器:Vod-show-id-16-p-1

[ 2017-05-18T00:56:11+08:00 ] 42.236.10.84 /vod-read-id-5224.html
INFO: [ app_init ] --START--
INFO: Run Behavior\BuildLiteBehavior [ RunTime:0.000010s ]
INFO: [ app_init ] --END-- [ RunTime:0.000219s ]
INFO: [ app_begin ] --START--
INFO: Run Behavior\ReadHtmlCacheBehavior [ RunTime:0.000300s ]
INFO: [ app_begin ] --END-- [ RunTime:0.000333s ]
ERR: 无法加载控制器:Vod-read-id-5224

[ 2017-05-18T00:56:11+08:00 ] 42.236.46.105 /vod-play-id-2223-sid-1-pid-203.html
INFO: [ app_init ] --START--
INFO: Run Behavior\BuildLiteBehavior [ RunTime:0.000010s ]
INFO: [ app_init ] --END-- [ RunTime:0.000232s ]
INFO: [ app_begin ] --START--
INFO: Run Behavior\ReadHtmlCacheBehavior [ RunTime:0.013315s ]
INFO: [ app_begin ] --END-- [ RunTime:0.013354s ]
ERR: 无法加载控制器:Vod-play-id-2223-sid-1-pid-203

[ 2017-05-18T00:56:11+08:00 ] 42.236.99.242 /vod-play-id-1243-sid-0-pid-200.html
INFO: [ app_init ] --START--
INFO: Run Behavior\BuildLiteBehavior [ RunTime:0.000009s ]
INFO: [ app_init ] --END-- [ RunTime:0.000212s ]
INFO: [ app_begin ] --START--
INFO: Run Behavior\ReadHtmlCacheBehavior [ RunTime:0.000316s ]
INFO: [ app_begin ] --END-- [ RunTime:0.000351s ]
ERR: 无法加载控制器:Vod-play-id-1243-sid-0-pid-200

[ 2017-05-18T00:56:11+08:00 ] 42.236.10.105 /vod-play-id-1243-sid-0-pid-136.html
INFO: [ app_init ] --START--
INFO: Run Behavior\BuildLiteBehavior [ RunTime:0.000011s ]
INFO: [ app_init ] --END-- [ RunTime:0.000226s ]
INFO: [ app_begin ] --START--
INFO: Run Behavior\ReadHtmlCacheBehavior [ RunTime:0.000271s ]
INFO: [ app_begin ] --END-- [ RunTime:0.000305s ]
ERR: 无法加载控制器:Vod-play-id-1243-sid-0-pid-136

[ 2017-05-18T00:56:11+08:00 ] 42.236.99.9 /vod-play-id-1243-sid-0-pid-699.html
INFO: [ app_init ] --START--
INFO: Run Behavior\BuildLiteBehavior [ RunTime:0.000010s ]
INFO: [ app_init ] --END-- [ RunTime:0.000205s ]
INFO: [ app_begin ] --START--
INFO: Run Behavior\ReadHtmlCacheBehavior [ RunTime:0.000296s ]
INFO: [ app_begin ] --END-- [ RunTime:0.000329s ]
ERR: 无法加载控制器:Vod-play-id-1243-sid-0-pid-699

[ 2017-05-18T00:56:11+08:00 ] 42.236.99.178 /vod-play-id-1243-sid-1-pid-582.html
INFO: [ app_init ] --START--
INFO: Run Behavior\BuildLiteBehavior [ RunTime:0.000009s ]
INFO: [ app_init ] --END-- [ RunTime:0.000205s ]
INFO: [ app_begin ] --START--
INFO: Run Behavior\ReadHtmlCacheBehavior [ RunTime:0.000272s ]
INFO: [ app_begin ] --END-- [ RunTime:0.000305s ]
ERR: 无法加载控制器:Vod-play-id-1243-sid-1-pid-582

[ 2017-05-18T00:56:11+08:00 ] 42.236.10.107 /vod-play-id-1243-sid-2-pid-622.html
INFO: [ app_init ] --START--
INFO: Run Behavior\BuildLiteBehavior [ RunTime:0.000010s ]
INFO: [ app_init ] --END-- [ RunTime:0.000206s ]
INFO: [ app_begin ] --START--
INFO: Run Behavior\ReadHtmlCacheBehavior [ RunTime:0.000282s ]
INFO: [ app_begin ] --END-- [ RunTime:0.000316s ]
ERR: 无法加载控制器:Vod-play-id-1243-sid-2-pid-622

[ 2017-05-18T00:56:11+08:00 ] 42.236.99.142 /vod-show-id-15-p-29.html
INFO: [ app_init ] --START--
INFO: Run Behavior\BuildLiteBehavior [ RunTime:0.000009s ]
INFO: [ app_init ] --END-- [ RunTime:0.000228s ]
INFO: [ app_begin ] --START--
INFO: Run Behavior\ReadHtmlCacheBehavior [ RunTime:0.000267s ]
INFO: [ app_begin ] --END-- [ RunTime:0.000301s ]
ERR: 无法加载控制器:Vod-show-id-15-p-29

[ 2017-05-18T00:56:11+08:00 ] 42.236.10.105 /vod-read-id-2452.html
INFO: [ app_init ] --START--
INFO: Run Behavior\BuildLiteBehavior [ RunTime:0.000010s ]
INFO: [ app_init ] --END-- [ RunTime:0.000202s ]
INFO: [ app_begin ] --START--
INFO: Run Behavior\ReadHtmlCacheBehavior [ RunTime:0.000272s ]
INFO: [ app_begin ] --END-- [ RunTime:0.000306s ]
ERR: 无法加载控制器:Vod-read-id-2452

[ 2017-05-18T00:56:11+08:00 ] 42.236.10.100 /vod-play-id-2171-sid-1-pid-26.html
INFO: [ app_init ] --START--
INFO: Run Behavior\BuildLiteBehavior [ RunTime:0.000011s ]
INFO: [ app_init ] --END-- [ RunTime:0.000231s ]
INFO: [ app_begin ] --START--
INFO: Run Behavior\ReadHtmlCacheBehavior [ RunTime:0.000323s ]
INFO: [ app_begin ] --END-- [ RunTime:0.000361s ]
ERR: 无法加载控制器:Vod-play-id-2171-sid-1-pid-26

[ 2017-05-18T00:56:11+08:00 ] 42.236.10.103 /vod-play-id-1243-sid-2-pid-309.html
INFO: [ app_init ] --START--
INFO: Run Behavior\BuildLiteBehavior [ RunTime:0.000010s ]
INFO: [ app_init ] --END-- [ RunTime:0.000204s ]
INFO: [ app_begin ] --START--
INFO: Run Behavior\ReadHtmlCacheBehavior [ RunTime:0.000279s ]
INFO: [ app_begin ] --END-- [ RunTime:0.000312s ]
ERR: 无法加载控制器:Vod-play-id-1243-sid-2-pid-309

[ 2017-05-18T00:56:11+08:00 ] 42.236.101.214 /vod-play-id-5176-sid-0-pid-63.html
INFO: [ app_init ] --START--
INFO: Run Behavior\BuildLiteBehavior [ RunTime:0.000009s ]
INFO: [ app_init ] --END-- [ RunTime:0.000207s ]
INFO: [ app_begin ] --START--
INFO: Run Behavior\ReadHtmlCacheBehavior [ RunTime:0.000291s ]
INFO: [ app_begin ] --END-- [ RunTime:0.000326s ]
ERR: 无法加载控制器:Vod-play-id-5176-sid-0-pid-63

[ 2017-05-18T00:56:12+08:00 ] 42.236.12.170 /vod-play-id-2223-sid-1-pid-274.html
INFO: [ app_init ] --START--
INFO: Run Behavior\BuildLiteBehavior [ RunTime:0.000010s ]
INFO: [ app_init ] --END-- [ RunTime:0.000219s ]
INFO: [ app_begin ] --START--
INFO: Run Behavior\ReadHtmlCacheBehavior [ RunTime:0.000269s ]
INFO: [ app_begin ] --END-- [ RunTime:0.000302s ]
ERR: 无法加载控制器:Vod-play-id-2223-sid-1-pid-274

[ 2017-05-18T00:56:12+08:00 ] 42.236.10.107 /vod-play-id-5188-sid-0-pid-392.html
INFO: [ app_init ] --START--
INFO: Run Behavior\BuildLiteBehavior [ RunTime:0.000009s ]
INFO: [ app_init ] --END-- [ RunTime:0.000210s ]
INFO: [ app_begin ] --START--
INFO: Run Behavior\ReadHtmlCacheBehavior [ RunTime:0.000294s ]
INFO: [ app_begin ] --END-- [ RunTime:0.000328s ]
ERR: 无法加载控制器:Vod-play-id-5188-sid-0-pid-392

[ 2017-05-18T00:56:12+08:00 ] 42.236.99.79 /vod-search-wd-%E9%BA%A6%E7%90%AA%C2%B7%E9%98%BF%E5%B8%95-p-1.html
INFO: [ app_init ] --START--
INFO: Run Behavior\BuildLiteBehavior [ RunTime:0.000010s ]
INFO: [ app_init ] --END-- [ RunTime:0.000224s ]
INFO: [ app_begin ] --START--
INFO: Run Behavior\ReadHtmlCacheBehavior [ RunTime:0.000293s ]
INFO: [ app_begin ] --END-- [ RunTime:0.000327s ]
ERR: 无法加载控制器:Vod-search-wd-麦琪·阿帕-p-1

[ 2017-05-18T00:56:12+08:00 ] 42.236.10.115 /vod-read-id-5602.html
INFO: [ app_init ] --START--
INFO: Run Behavior\BuildLiteBehavior [ RunTime:0.000010s ]
INFO: [ app_init ] --END-- [ RunTime:0.000204s ]
INFO: [ app_begin ] --START--
INFO: Run Behavior\ReadHtmlCacheBehavior [ RunTime:0.000293s ]
INFO: [ app_begin ] --END-- [ RunTime:0.000326s ]
ERR: 无法加载控制器:Vod-read-id-5602

[ 2017-05-18T00:56:12+08:00 ] 42.236.10.110 /vod-play-id-2664-sid-0-pid-21.html
INFO: [ app_init ] --START--
INFO: Run Behavior\BuildLiteBehavior [ RunTime:0.000009s ]
INFO: [ app_init ] --END-- [ RunTime:0.000210s ]
INFO: [ app_begin ] --START--
INFO: Run Behavior\ReadHtmlCacheBehavior [ RunTime:0.000270s ]
INFO: [ app_begin ] --END-- [ RunTime:0.000305s ]
ERR: 无法加载控制器:Vod-play-id-2664-sid-0-pid-21

[ 2017-05-18T00:56:12+08:00 ] 42.236.99.72 /vod-read-id-3196.html
INFO: [ app_init ] --START--
INFO: Run Behavior\BuildLiteBehavior [ RunTime:0.000009s ]
INFO: [ app_init ] --END-- [ RunTime:0.000210s ]
INFO: [ app_begin ] --START--
INFO: Run Behavior\ReadHtmlCacheBehavior [ RunTime:0.000282s ]
INFO: [ app_begin ] --END-- [ RunTime:0.000322s ]
ERR: 无法加载控制器:Vod-read-id-3196

[ 2017-05-18T00:56:12+08:00 ] 42.236.10.109 /vod-play-id-2664-sid-0-pid-149.html
INFO: [ app_init ] --START--
INFO: Run Behavior\BuildLiteBehavior [ RunTime:0.000009s ]
INFO: [ app_init ] --END-- [ RunTime:0.000227s ]
INFO: [ app_begin ] --START--
INFO: Run Behavior\ReadHtmlCacheBehavior [ RunTime:0.000269s ]
INFO: [ app_begin ] --END-- [ RunTime:0.000302s ]
ERR: 无法加载控制器:Vod-play-id-2664-sid-0-pid-149

[ 2017-05-18T00:56:12+08:00 ] 42.236.99.9 /vod-read-id-2825.html
INFO: [ app_init ] --START--
INFO: Run Behavior\BuildLiteBehavior [ RunTime:0.000022s ]
INFO: [ app_init ] --END-- [ RunTime:0.000225s ]
INFO: [ app_begin ] --START--
INFO: Run Behavior\ReadHtmlCacheBehavior [ RunTime:0.000267s ]
INFO: [ app_begin ] --END-- [ RunTime:0.000301s ]
ERR: 无法加载控制器:Vod-read-id-2825

[ 2017-05-18T00:56:12+08:00 ] 42.236.99.9 /vod-read-id-2772.html
INFO: [ app_init ] --START--
INFO: Run Behavior\BuildLiteBehavior [ RunTime:0.000009s ]
INFO: [ app_init ] --END-- [ RunTime:0.000207s ]
INFO: [ app_begin ] --START--
INFO: Run Behavior\ReadHtmlCacheBehavior [ RunTime:0.000269s ]
INFO: [ app_begin ] --END-- [ RunTime:0.000302s ]
ERR: 无法加载控制器:Vod-read-id-2772

[ 2017-05-18T00:56:12+08:00 ] 42.236.99.218 /vod-read-id-2299.html
INFO: [ app_init ] --START--
INFO: Run Behavior\BuildLiteBehavior [ RunTime:0.000011s ]
INFO: [ app_init ] --END-- [ RunTime:0.000260s ]
INFO: [ app_begin ] --START--
INFO: Run Behavior\ReadHtmlCacheBehavior [ RunTime:0.000331s ]
INFO: [ app_begin ] --END-- [ RunTime:0.000370s ]
ERR: 无法加载控制器:Vod-read-id-2299

[ 2017-05-18T00:56:12+08:00 ] 42.236.99.230 /vod-play-id-1243-sid-1-pid-552.html
INFO: [ app_init ] --START--
INFO: Run Behavior\BuildLiteBehavior [ RunTime:0.000011s ]
INFO: [ app_init ] --END-- [ RunTime:0.000233s ]
INFO: [ app_begin ] --START--
INFO: Run Behavior\ReadHtmlCacheBehavior [ RunTime:0.000300s ]
INFO: [ app_begin ] --END-- [ RunTime:0.000338s ]
ERR: 无法加载控制器:Vod-play-id-1243-sid-1-pid-552

[ 2017-05-18T00:56:12+08:00 ] 42.236.10.80 /vod-play-id-1243-sid-0-pid-429.html
INFO: [ app_init ] --START--
INFO: Run Behavior\BuildLiteBehavior [ RunTime:0.000010s ]
INFO: [ app_init ] --END-- [ RunTime:0.000205s ]
INFO: [ app_begin ] --START--
INFO: Run Behavior\ReadHtmlCacheBehavior [ RunTime:0.000269s ]
INFO: [ app_begin ] --END-- [ RunTime:0.000302s ]
ERR: 无法加载控制器:Vod-play-id-1243-sid-0-pid-429

[ 2017-05-18T00:56:12+08:00 ] 42.236.99.9 /vod-play-id-4961-sid-0-pid-3.html
INFO: [ app_init ] --START--
INFO: Run Behavior\BuildLiteBehavior [ RunTime:0.000010s ]
INFO: [ app_init ] --END-- [ RunTime:0.000208s ]
INFO: [ app_begin ] --START--
INFO: Run Behavior\ReadHtmlCacheBehavior [ RunTime:0.000274s ]
INFO: [ app_begin ] --END-- [ RunTime:0.000308s ]
ERR: 无法加载控制器:Vod-play-id-4961-sid-0-pid-3

[ 2017-05-18T00:56:13+08:00 ] 42.236.101.214 /vod-read-id-4174.html
INFO: [ app_init ] --START--
INFO: Run Behavior\BuildLiteBehavior [ RunTime:0.000010s ]
INFO: [ app_init ] --END-- [ RunTime:0.000234s ]
INFO: [ app_begin ] --START--
INFO: Run Behavior\ReadHtmlCacheBehavior [ RunTime:0.000330s ]
INFO: [ app_begin ] --END-- [ RunTime:0.000368s ]
ERR: 无法加载控制器:Vod-read-id-4174

[ 2017-05-18T00:56:13+08:00 ] 42.236.99.218 /vod-play-id-3568-sid-0-pid-15.html
INFO: [ app_init ] --START--
INFO: Run Behavior\BuildLiteBehavior [ RunTime:0.000009s ]
INFO: [ app_init ] --END-- [ RunTime:0.000206s ]
INFO: [ app_begin ] --START--
INFO: Run Behavior\ReadHtmlCacheBehavior [ RunTime:0.000268s ]
INFO: [ app_begin ] --END-- [ RunTime:0.000301s ]
ERR: 无法加载控制器:Vod-play-id-3568-sid-0-pid-15

[ 2017-05-18T00:56:13+08:00 ] 42.236.99.218 /index.php?s=vod-search-letter-M.html
INFO: [ app_init ] --START--
INFO: Run Behavior\BuildLiteBehavior [ RunTime:0.000010s ]
INFO: [ app_init ] --END-- [ RunTime:0.000209s ]
INFO: [ app_begin ] --START--
INFO: Run Behavior\ReadHtmlCacheBehavior [ RunTime:0.000273s ]
INFO: [ app_begin ] --END-- [ RunTime:0.000306s ]
ERR: 无法加载控制器:Vod-search-letter-M

[ 2017-05-18T00:56:13+08:00 ] 42.236.99.242 /vod-play-id-2171-sid-0-pid-19.html
INFO: [ app_init ] --START--
INFO: Run Behavior\BuildLiteBehavior [ RunTime:0.000011s ]
INFO: [ app_init ] --END-- [ RunTime:0.000229s ]
INFO: [ app_begin ] --START--
INFO: Run Behavior\ReadHtmlCacheBehavior [ RunTime:0.000294s ]
INFO: [ app_begin ] --END-- [ RunTime:0.000329s ]
ERR: 无法加载控制器:Vod-play-id-2171-sid-0-pid-19

[ 2017-05-18T00:56:13+08:00 ] 42.236.99.72 /vod-play-id-1243-sid-1-pid-742.html
INFO: [ app_init ] --START--
INFO: Run Behavior\BuildLiteBehavior [ RunTime:0.000010s ]
INFO: [ app_init ] --END-- [ RunTime:0.000219s ]
INFO: [ app_begin ] --START--
INFO: Run Behavior\ReadHtmlCacheBehavior [ RunTime:0.000304s ]
INFO: [ app_begin ] --END-- [ RunTime:0.000339s ]
ERR: 无法加载控制器:Vod-play-id-1243-sid-1-pid-742

[ 2017-05-18T00:56:13+08:00 ] 42.236.99.194 /vod-play-id-4792-sid-0-pid-44.html
INFO: [ app_init ] --START--
INFO: Run Behavior\BuildLiteBehavior [ RunTime:0.000009s ]
INFO: [ app_init ] --END-- [ RunTime:0.000214s ]
INFO: [ app_begin ] --START--
INFO: Run Behavior\ReadHtmlCacheBehavior [ RunTime:0.000279s ]
INFO: [ app_begin ] --END-- [ RunTime:0.000314s ]
ERR: 无法加载控制器:Vod-play-id-4792-sid-0-pid-44

[ 2017-05-18T00:56:13+08:00 ] 42.236.99.2 /vod-play-id-1243-sid-2-pid-13.html
INFO: [ app_init ] --START--
INFO: Run Behavior\BuildLiteBehavior [ RunTime:0.000010s ]
INFO: [ app_init ] --END-- [ RunTime:0.000212s ]
INFO: [ app_begin ] --START--
INFO: Run Behavior\ReadHtmlCacheBehavior [ RunTime:0.000271s ]
INFO: [ app_begin ] --END-- [ RunTime:0.000307s ]
ERR: 无法加载控制器:Vod-play-id-1243-sid-2-pid-13

[ 2017-05-18T00:56:13+08:00 ] 42.236.10.74 /vod-play-id-165-sid-0-pid-14.html
INFO: [ app_init ] --START--
INFO: Run Behavior\BuildLiteBehavior [ RunTime:0.000010s ]
INFO: [ app_init ] --END-- [ RunTime:0.000207s ]
INFO: [ app_begin ] --START--
INFO: Run Behavior\ReadHtmlCacheBehavior [ RunTime:0.000272s ]
INFO: [ app_begin ] --END-- [ RunTime:0.000307s ]
ERR: 无法加载控制器:Vod-play-id-165-sid-0-pid-14

[ 2017-05-18T00:56:13+08:00 ] 42.236.99.218 /vod-read-id-4017.html
INFO: [ app_init ] --START--
INFO: Run Behavior\BuildLiteBehavior [ RunTime:0.000011s ]
INFO: [ app_init ] --END-- [ RunTime:0.000240s ]
INFO: [ app_begin ] --START--
INFO: Run Behavior\ReadHtmlCacheBehavior [ RunTime:0.000311s ]
INFO: [ app_begin ] --END-- [ RunTime:0.000351s ]
ERR: 无法加载控制器:Vod-read-id-4017

[ 2017-05-18T00:56:13+08:00 ] 42.236.10.76 /vod-play-id-4792-sid-0-pid-126.html
INFO: [ app_init ] --START--
INFO: Run Behavior\BuildLiteBehavior [ RunTime:0.000010s ]
INFO: [ app_init ] --END-- [ RunTime:0.000211s ]
INFO: [ app_begin ] --START--
INFO: Run Behavior\ReadHtmlCacheBehavior [ RunTime:0.000276s ]
INFO: [ app_begin ] --END-- [ RunTime:0.000311s ]
ERR: 无法加载控制器:Vod-play-id-4792-sid-0-pid-126

[ 2017-05-18T00:56:13+08:00 ] 42.236.10.79 /vod-play-id-1243-sid-1-pid-197.html
INFO: [ app_init ] --START--
INFO: Run Behavior\BuildLiteBehavior [ RunTime:0.000010s ]
INFO: [ app_init ] --END-- [ RunTime:0.000212s ]
INFO: [ app_begin ] --START--
INFO: Run Behavior\ReadHtmlCacheBehavior [ RunTime:0.000274s ]
INFO: [ app_begin ] --END-- [ RunTime:0.000310s ]
ERR: 无法加载控制器:Vod-play-id-1243-sid-1-pid-197

[ 2017-05-18T00:56:13+08:00 ] 42.236.99.72 /vod-play-id-4792-sid-0-pid-71.html
INFO: [ app_init ] --START--
INFO: Run Behavior\BuildLiteBehavior [ RunTime:0.000011s ]
INFO: [ app_init ] --END-- [ RunTime:0.000217s ]
INFO: [ app_begin ] --START--
INFO: Run Behavior\ReadHtmlCacheBehavior [ RunTime:0.000276s ]
INFO: [ app_begin ] --END-- [ RunTime:0.000311s ]
ERR: 无法加载控制器:Vod-play-id-4792-sid-0-pid-71

[ 2017-05-18T00:56:13+08:00 ] 42.236.10.76 /vod-play-id-1243-sid-0-pid-403.html
INFO: [ app_init ] --START--
INFO: Run Behavior\BuildLiteBehavior [ RunTime:0.000024s ]
INFO: [ app_init ] --END-- [ RunTime:0.000226s ]
INFO: [ app_begin ] --START--
INFO: Run Behavior\ReadHtmlCacheBehavior [ RunTime:0.000273s ]
INFO: [ app_begin ] --END-- [ RunTime:0.000307s ]
ERR: 无法加载控制器:Vod-play-id-1243-sid-0-pid-403

[ 2017-05-18T00:56:14+08:00 ] 42.236.101.214 /vod-play-id-1243-sid-0-pid-689.html
INFO: [ app_init ] --START--
INFO: Run Behavior\BuildLiteBehavior [ RunTime:0.000011s ]
INFO: [ app_init ] --END-- [ RunTime:0.000242s ]
INFO: [ app_begin ] --START--
INFO: Run Behavior\ReadHtmlCacheBehavior [ RunTime:0.000276s ]
INFO: [ app_begin ] --END-- [ RunTime:0.000326s ]
ERR: 无法加载控制器:Vod-play-id-1243-sid-0-pid-689

[ 2017-05-18T00:56:14+08:00 ] 42.236.99.58 /vod-show-id-16-p-9.html
INFO: [ app_init ] --START--
INFO: Run Behavior\BuildLiteBehavior [ RunTime:0.000011s ]
INFO: [ app_init ] --END-- [ RunTime:0.000236s ]
INFO: [ app_begin ] --START--
INFO: Run Behavior\ReadHtmlCacheBehavior [ RunTime:0.000309s ]
INFO: [ app_begin ] --END-- [ RunTime:0.000349s ]
ERR: 无法加载控制器:Vod-show-id-16-p-9

[ 2017-05-18T00:56:14+08:00 ] 180.153.236.109 /vod-read-id-4762.html
INFO: [ app_init ] --START--
INFO: Run Behavior\BuildLiteBehavior [ RunTime:0.000011s ]
INFO: [ app_init ] --END-- [ RunTime:0.000246s ]
INFO: [ app_begin ] --START--
INFO: Run Behavior\ReadHtmlCacheBehavior [ RunTime:0.000318s ]
INFO: [ app_begin ] --END-- [ RunTime:0.000358s ]
ERR: 无法加载控制器:Vod-read-id-4762

[ 2017-05-18T00:56:14+08:00 ] 180.153.236.109 /vod-play-id-1243-sid-2-pid-679.html
INFO: [ app_init ] --START--
INFO: Run Behavior\BuildLiteBehavior [ RunTime:0.000012s ]
INFO: [ app_init ] --END-- [ RunTime:0.000266s ]
INFO: [ app_begin ] --START--
INFO: Run Behavior\ReadHtmlCacheBehavior [ RunTime:0.000330s ]
INFO: [ app_begin ] --END-- [ RunTime:0.000369s ]
ERR: 无法加载控制器:Vod-play-id-1243-sid-2-pid-679

[ 2017-05-18T00:56:14+08:00 ] 42.236.10.84 /vod-play-id-3004-sid-0-pid-7.html
INFO: [ app_init ] --START--
INFO: Run Behavior\BuildLiteBehavior [ RunTime:0.000011s ]
INFO: [ app_init ] --END-- [ RunTime:0.000234s ]
INFO: [ app_begin ] --START--
INFO: Run Behavior\ReadHtmlCacheBehavior [ RunTime:0.000301s ]
INFO: [ app_begin ] --END-- [ RunTime:0.000339s ]
ERR: 无法加载控制器:Vod-play-id-3004-sid-0-pid-7

[ 2017-05-18T00:56:14+08:00 ] 42.236.10.105 /vod-play-id-1243-sid-1-pid-187.html
INFO: [ app_init ] --START--
INFO: Run Behavior\BuildLiteBehavior [ RunTime:0.000010s ]
INFO: [ app_init ] --END-- [ RunTime:0.000213s ]
INFO: [ app_begin ] --START--
INFO: Run Behavior\ReadHtmlCacheBehavior [ RunTime:0.000281s ]
INFO: [ app_begin ] --END-- [ RunTime:0.000317s ]
ERR: 无法加载控制器:Vod-play-id-1243-sid-1-pid-187

[ 2017-05-18T00:56:14+08:00 ] 42.236.10.76 /vod-play-id-2299-sid-0-pid-10.html
INFO: [ app_init ] --START--
INFO: Run Behavior\BuildLiteBehavior [ RunTime:0.000010s ]
INFO: [ app_init ] --END-- [ RunTime:0.000221s ]
INFO: [ app_begin ] --START--
INFO: Run Behavior\ReadHtmlCacheBehavior [ RunTime:0.000296s ]
INFO: [ app_begin ] --END-- [ RunTime:0.000332s ]
ERR: 无法加载控制器:Vod-play-id-2299-sid-0-pid-10

[ 2017-05-18T00:56:15+08:00 ] 42.236.10.84 /vod-play-id-2669-sid-0-pid-4.html
INFO: [ app_init ] --START--
INFO: Run Behavior\BuildLiteBehavior [ RunTime:0.000011s ]
INFO: [ app_init ] --END-- [ RunTime:0.000225s ]
INFO: [ app_begin ] --START--
INFO: Run Behavior\ReadHtmlCacheBehavior [ RunTime:0.000273s ]
INFO: [ app_begin ] --END-- [ RunTime:0.000309s ]
ERR: 无法加载控制器:Vod-play-id-2669-sid-0-pid-4

[ 2017-05-18T00:56:15+08:00 ] 180.153.236.109 /vod-read-id-5230.html
INFO: [ app_init ] --START--
INFO: Run Behavior\BuildLiteBehavior [ RunTime:0.000010s ]
INFO: [ app_init ] --END-- [ RunTime:0.000223s ]
INFO: [ app_begin ] --START--
INFO: Run Behavior\ReadHtmlCacheBehavior [ RunTime:0.000278s ]
INFO: [ app_begin ] --END-- [ RunTime:0.000313s ]
ERR: 无法加载控制器:Vod-read-id-5230

[ 2017-05-18T00:56:15+08:00 ] 42.236.101.194 /vod-read-id-705.html
INFO: [ app_init ] --START--
INFO: Run Behavior\BuildLiteBehavior [ RunTime:0.000011s ]
INFO: [ app_init ] --END-- [ RunTime:0.000245s ]
INFO: [ app_begin ] --START--
INFO: Run Behavior\ReadHtmlCacheBehavior [ RunTime:0.000275s ]
INFO: [ app_begin ] --END-- [ RunTime:0.000326s ]
ERR: 无法加载控制器:Vod-read-id-705

[ 2017-05-18T00:56:16+08:00 ] 42.236.10.74 /vod-play-id-4792-sid-1-pid-158.html
INFO: [ app_init ] --START--
INFO: Run Behavior\BuildLiteBehavior [ RunTime:0.000012s ]
INFO: [ app_init ] --END-- [ RunTime:0.000255s ]
INFO: [ app_begin ] --START--
INFO: Run Behavior\ReadHtmlCacheBehavior [ RunTime:0.000305s ]
INFO: [ app_begin ] --END-- [ RunTime:0.000343s ]
ERR: 无法加载控制器:Vod-play-id-4792-sid-1-pid-158

[ 2017-05-18T00:56:17+08:00 ] 42.236.10.84 /vod-read-id-4681.html
INFO: [ app_init ] --START--
INFO: Run Behavior\BuildLiteBehavior [ RunTime:0.000010s ]
INFO: [ app_init ] --END-- [ RunTime:0.000220s ]
INFO: [ app_begin ] --START--
INFO: Run Behavior\ReadHtmlCacheBehavior [ RunTime:0.000276s ]
INFO: [ app_begin ] --END-- [ RunTime:0.000310s ]
ERR: 无法加载控制器:Vod-read-id-4681

[ 2017-05-18T00:56:17+08:00 ] 180.153.236.43 /vod-play-id-2664-sid-0-pid-62.html
INFO: [ app_init ] --START--
INFO: Run Behavior\BuildLiteBehavior [ RunTime:0.000010s ]
INFO: [ app_init ] --END-- [ RunTime:0.000216s ]
INFO: [ app_begin ] --START--
INFO: Run Behavior\ReadHtmlCacheBehavior [ RunTime:0.000281s ]
INFO: [ app_begin ] --END-- [ RunTime:0.000315s ]
ERR: 无法加载控制器:Vod-play-id-2664-sid-0-pid-62

[ 2017-05-18T00:56:31+08:00 ] 180.153.236.19 /vod-play-id-1243-sid-1-pid-452.html
INFO: [ app_init ] --START--
INFO: Run Behavior\BuildLiteBehavior [ RunTime:0.000011s ]
INFO: [ app_init ] --END-- [ RunTime:0.000221s ]
INFO: [ app_begin ] --START--
INFO: Run Behavior\ReadHtmlCacheBehavior [ RunTime:0.000295s ]
INFO: [ app_begin ] --END-- [ RunTime:0.000329s ]
ERR: 无法加载控制器:Vod-play-id-1243-sid-1-pid-452

[ 2017-05-18T00:56:32+08:00 ] 180.153.236.67 /vod-play-id-2968-sid-0-pid-17.html
INFO: [ app_init ] --START--
INFO: Run Behavior\BuildLiteBehavior [ RunTime:0.000013s ]
INFO: [ app_init ] --END-- [ RunTime:0.000249s ]
INFO: [ app_begin ] --START--
INFO: Run Behavior\ReadHtmlCacheBehavior [ RunTime:0.000299s ]
INFO: [ app_begin ] --END-- [ RunTime:0.000335s ]
ERR: 无法加载控制器:Vod-play-id-2968-sid-0-pid-17

[ 2017-05-18T00:56:32+08:00 ] 180.153.236.67 /vod-play-id-1243-sid-2-pid-181.html
INFO: [ app_init ] --START--
INFO: Run Behavior\BuildLiteBehavior [ RunTime:0.000009s ]
INFO: [ app_init ] --END-- [ RunTime:0.000208s ]
INFO: [ app_begin ] --START--
INFO: Run Behavior\ReadHtmlCacheBehavior [ RunTime:0.000310s ]
INFO: [ app_begin ] --END-- [ RunTime:0.000344s ]
ERR: 无法加载控制器:Vod-play-id-1243-sid-2-pid-181

[ 2017-05-18T00:56:33+08:00 ] 180.153.236.181 /vod-play-id-1243-sid-0-pid-515.html
INFO: [ app_init ] --START--
INFO: Run Behavior\BuildLiteBehavior [ RunTime:0.000011s ]
INFO: [ app_init ] --END-- [ RunTime:0.000217s ]
INFO: [ app_begin ] --START--
INFO: Run Behavior\ReadHtmlCacheBehavior [ RunTime:0.000269s ]
INFO: [ app_begin ] --END-- [ RunTime:0.000301s ]
ERR: 无法加载控制器:Vod-play-id-1243-sid-0-pid-515

[ 2017-05-18T00:56:36+08:00 ] 180.153.236.59 /vod-play-id-1243-sid-2-pid-558.html
INFO: [ app_init ] --START--
INFO: Run Behavior\BuildLiteBehavior [ RunTime:0.000013s ]
INFO: [ app_init ] --END-- [ RunTime:0.000274s ]
INFO: [ app_begin ] --START--
INFO: Run Behavior\ReadHtmlCacheBehavior [ RunTime:0.000341s ]
INFO: [ app_begin ] --END-- [ RunTime:0.000380s ]
ERR: 无法加载控制器:Vod-play-id-1243-sid-2-pid-558

[ 2017-05-18T00:56:37+08:00 ] 180.153.232.170 /vod-show-id-8-p-9.html
INFO: [ app_init ] --START--
INFO: Run Behavior\BuildLiteBehavior [ RunTime:0.000012s ]
INFO: [ app_init ] --END-- [ RunTime:0.000252s ]
INFO: [ app_begin ] --START--
INFO: Run Behavior\ReadHtmlCacheBehavior [ RunTime:0.000311s ]
INFO: [ app_begin ] --END-- [ RunTime:0.000351s ]
ERR: 无法加载控制器:Vod-show-id-8-p-9

[ 2017-05-18T00:56:37+08:00 ] 180.153.232.170 /vod-play-id-2534-sid-0-pid-18.html
INFO: [ app_init ] --START--
INFO: Run Behavior\BuildLiteBehavior [ RunTime:0.000010s ]
INFO: [ app_init ] --END-- [ RunTime:0.000215s ]
INFO: [ app_begin ] --START--
INFO: Run Behavior\ReadHtmlCacheBehavior [ RunTime:0.000274s ]
INFO: [ app_begin ] --END-- [ RunTime:0.000308s ]
ERR: 无法加载控制器:Vod-play-id-2534-sid-0-pid-18

[ 2017-05-18T00:56:39+08:00 ] 180.153.236.189 /vod-play-id-1243-sid-1-pid-143.html
INFO: [ app_init ] --START--
INFO: Run Behavior\BuildLiteBehavior [ RunTime:0.000012s ]
INFO: [ app_init ] --END-- [ RunTime:0.000244s ]
INFO: [ app_begin ] --START--
INFO: Run Behavior\ReadHtmlCacheBehavior [ RunTime:0.000304s ]
INFO: [ app_begin ] --END-- [ RunTime:0.000343s ]
ERR: 无法加载控制器:Vod-play-id-1243-sid-1-pid-143

[ 2017-05-18T00:56:39+08:00 ] 180.153.236.189 /vod-play-id-4792-sid-1-pid-73.html
INFO: [ app_init ] --START--
INFO: Run Behavior\BuildLiteBehavior [ RunTime:0.000009s ]
INFO: [ app_init ] --END-- [ RunTime:0.000220s ]
INFO: [ app_begin ] --START--
INFO: Run Behavior\ReadHtmlCacheBehavior [ RunTime:0.000271s ]
INFO: [ app_begin ] --END-- [ RunTime:0.000305s ]
ERR: 无法加载控制器:Vod-play-id-4792-sid-1-pid-73

[ 2017-05-18T00:56:39+08:00 ] 180.153.236.157 /vod-play-id-1243-sid-0-pid-646.html
INFO: [ app_init ] --START--
INFO: Run Behavior\BuildLiteBehavior [ RunTime:0.000011s ]
INFO: [ app_init ] --END-- [ RunTime:0.000240s ]
INFO: [ app_begin ] --START--
INFO: Run Behavior\ReadHtmlCacheBehavior [ RunTime:0.000336s ]
INFO: [ app_begin ] --END-- [ RunTime:0.000370s ]
ERR: 无法加载控制器:Vod-play-id-1243-sid-0-pid-646

[ 2017-05-18T00:56:42+08:00 ] 180.153.236.19 /vod-play-id-2664-sid-0-pid-236.html
INFO: [ app_init ] --START--
INFO: Run Behavior\BuildLiteBehavior [ RunTime:0.000011s ]
INFO: [ app_init ] --END-- [ RunTime:0.000266s ]
INFO: [ app_begin ] --START--
INFO: Run Behavior\ReadHtmlCacheBehavior [ RunTime:0.000272s ]
INFO: [ app_begin ] --END-- [ RunTime:0.000307s ]
ERR: 无法加载控制器:Vod-play-id-2664-sid-0-pid-236

[ 2017-05-18T00:56:42+08:00 ] 180.153.236.173 /vod-read-id-3100.html
INFO: [ app_init ] --START--
INFO: Run Behavior\BuildLiteBehavior [ RunTime:0.000010s ]
INFO: [ app_init ] --END-- [ RunTime:0.000206s ]
INFO: [ app_begin ] --START--
INFO: Run Behavior\ReadHtmlCacheBehavior [ RunTime:0.000272s ]
INFO: [ app_begin ] --END-- [ RunTime:0.000305s ]
ERR: 无法加载控制器:Vod-read-id-3100

[ 2017-05-18T00:56:45+08:00 ] 180.153.236.51 /vod-play-id-1243-sid-0-pid-572.html
INFO: [ app_init ] --START--
INFO: Run Behavior\BuildLiteBehavior [ RunTime:0.000014s ]
INFO: [ app_init ] --END-- [ RunTime:0.000268s ]
INFO: [ app_begin ] --START--
INFO: Run Behavior\ReadHtmlCacheBehavior [ RunTime:0.000270s ]
INFO: [ app_begin ] --END-- [ RunTime:0.000303s ]
ERR: 无法加载控制器:Vod-play-id-1243-sid-0-pid-572

[ 2017-05-18T00:56:47+08:00 ] 180.153.236.59 /vod-play-id-1243-sid-0-pid-321.html
INFO: [ app_init ] --START--
INFO: Run Behavior\BuildLiteBehavior [ RunTime:0.000010s ]
INFO: [ app_init ] --END-- [ RunTime:0.000219s ]
INFO: [ app_begin ] --START--
INFO: Run Behavior\ReadHtmlCacheBehavior [ RunTime:0.000292s ]
INFO: [ app_begin ] --END-- [ RunTime:0.000326s ]
ERR: 无法加载控制器:Vod-play-id-1243-sid-0-pid-321

[ 2017-05-18T00:56:47+08:00 ] 180.153.236.173 /vod-play-id-1243-sid-1-pid-520.html
INFO: [ app_init ] --START--
INFO: Run Behavior\BuildLiteBehavior [ RunTime:0.000010s ]
INFO: [ app_init ] --END-- [ RunTime:0.000252s ]
INFO: [ app_begin ] --START--
INFO: Run Behavior\ReadHtmlCacheBehavior [ RunTime:0.000310s ]
INFO: [ app_begin ] --END-- [ RunTime:0.000347s ]
ERR: 无法加载控制器:Vod-play-id-1243-sid-1-pid-520

[ 2017-05-18T00:56:50+08:00 ] 180.153.236.51 /vod-play-id-4792-sid-1-pid-105.html
INFO: [ app_init ] --START--
INFO: Run Behavior\BuildLiteBehavior [ RunTime:0.000012s ]
INFO: [ app_init ] --END-- [ RunTime:0.000264s ]
INFO: [ app_begin ] --START--
INFO: Run Behavior\ReadHtmlCacheBehavior [ RunTime:0.000329s ]
INFO: [ app_begin ] --END-- [ RunTime:0.000373s ]
ERR: 无法加载控制器:Vod-play-id-4792-sid-1-pid-105

[ 2017-05-18T01:02:40+08:00 ] 123.56.233.113 /
INFO: [ app_init ] --START--
INFO: Run Behavior\BuildLiteBehavior [ RunTime:0.000013s ]
INFO: [ app_init ] --END-- [ RunTime:0.000252s ]
INFO: [ app_begin ] --START--
INFO: Run Behavior\ReadHtmlCacheBehavior [ RunTime:0.000279s ]
INFO: [ app_begin ] --END-- [ RunTime:0.000317s ]
NOTIC: [8] Undefined index: type /yjdata/www/pile/Application/Home/Controller/IndexController.class.php 第 25 行.
SQL: SHOW COLUMNS FROM `eriko_disc` [ RunTime:0.0022s ]
NOTIC: [8] Undefined variable: where /yjdata/www/pile/Application/Home/Controller/IndexController.class.php 第 28 行.
SQL: SELECT * FROM `eriko_disc` ORDER BY rtime desc  [ RunTime:0.0036s ]
INFO: [ view_parse ] --START--
INFO: [ template_filter ] --START--
INFO: Run Behavior\ContentReplaceBehavior [ RunTime:0.000085s ]
INFO: [ template_filter ] --END-- [ RunTime:0.000118s ]
INFO: Run Behavior\ParseTemplateBehavior [ RunTime:0.006032s ]
INFO: [ view_parse ] --END-- [ RunTime:0.006069s ]
INFO: [ view_filter ] --START--
INFO: Run Behavior\WriteHtmlCacheBehavior [ RunTime:0.000098s ]
INFO: [ view_filter ] --END-- [ RunTime:0.000123s ]

[ 2017-05-18T01:35:52+08:00 ] 47.92.2.1 /
INFO: [ app_init ] --START--
INFO: Run Behavior\BuildLiteBehavior [ RunTime:0.000012s ]
INFO: [ app_init ] --END-- [ RunTime:0.000227s ]
INFO: [ app_begin ] --START--
INFO: Run Behavior\ReadHtmlCacheBehavior [ RunTime:0.000280s ]
INFO: [ app_begin ] --END-- [ RunTime:0.000315s ]
NOTIC: [8] Undefined index: type /yjdata/www/pile/Application/Home/Controller/IndexController.class.php 第 25 行.
SQL: SHOW COLUMNS FROM `eriko_disc` [ RunTime:0.0017s ]
NOTIC: [8] Undefined variable: where /yjdata/www/pile/Application/Home/Controller/IndexController.class.php 第 28 行.
SQL: SELECT * FROM `eriko_disc` ORDER BY rtime desc  [ RunTime:0.0026s ]
INFO: [ view_parse ] --START--
INFO: [ template_filter ] --START--
INFO: Run Behavior\ContentReplaceBehavior [ RunTime:0.000074s ]
INFO: [ template_filter ] --END-- [ RunTime:0.000107s ]
INFO: Run Behavior\ParseTemplateBehavior [ RunTime:0.005567s ]
INFO: [ view_parse ] --END-- [ RunTime:0.005616s ]
INFO: [ view_filter ] --START--
INFO: Run Behavior\WriteHtmlCacheBehavior [ RunTime:0.000101s ]
INFO: [ view_filter ] --END-- [ RunTime:0.000126s ]

[ 2017-05-18T01:39:46+08:00 ] 140.205.201.34 
INFO: [ app_init ] --START--
INFO: Run Behavior\BuildLiteBehavior [ RunTime:0.000010s ]
INFO: [ app_init ] --END-- [ RunTime:0.000227s ]
INFO: [ app_begin ] --START--
INFO: Run Behavior\ReadHtmlCacheBehavior [ RunTime:0.000267s ]
INFO: [ app_begin ] --END-- [ RunTime:0.000302s ]
NOTIC: [8] Undefined index: type /yjdata/www/pile/Application/Home/Controller/IndexController.class.php 第 25 行.
SQL: SHOW COLUMNS FROM `eriko_disc` [ RunTime:0.0016s ]
NOTIC: [8] Undefined variable: where /yjdata/www/pile/Application/Home/Controller/IndexController.class.php 第 28 行.
SQL: SELECT * FROM `eriko_disc` ORDER BY rtime desc  [ RunTime:0.0026s ]
INFO: [ view_parse ] --START--
INFO: [ template_filter ] --START--
INFO: Run Behavior\ContentReplaceBehavior [ RunTime:0.000070s ]
INFO: [ template_filter ] --END-- [ RunTime:0.000101s ]
INFO: Run Behavior\ParseTemplateBehavior [ RunTime:0.005498s ]
INFO: [ view_parse ] --END-- [ RunTime:0.005532s ]
INFO: [ view_filter ] --START--
INFO: Run Behavior\WriteHtmlCacheBehavior [ RunTime:0.000105s ]
INFO: [ view_filter ] --END-- [ RunTime:0.000130s ]
INFO: [ app_end ] --START--
INFO: Run Behavior\ShowPageTraceBehavior [ RunTime:0.000315s ]
INFO: [ app_end ] --END-- [ RunTime:0.000348s ]

[ 2017-05-18T01:42:15+08:00 ] 140.205.201.34 
INFO: [ app_init ] --START--
INFO: Run Behavior\BuildLiteBehavior [ RunTime:0.000011s ]
INFO: [ app_init ] --END-- [ RunTime:0.000232s ]
INFO: [ app_begin ] --START--
INFO: Run Behavior\ReadHtmlCacheBehavior [ RunTime:0.000290s ]
INFO: [ app_begin ] --END-- [ RunTime:0.000326s ]
NOTIC: [8] Undefined index: type /yjdata/www/pile/Application/Home/Controller/IndexController.class.php 第 25 行.
SQL: SHOW COLUMNS FROM `eriko_disc` [ RunTime:0.0022s ]
NOTIC: [8] Undefined variable: where /yjdata/www/pile/Application/Home/Controller/IndexController.class.php 第 28 行.
SQL: SELECT * FROM `eriko_disc` ORDER BY rtime desc  [ RunTime:0.0037s ]
INFO: [ view_parse ] --START--
INFO: [ template_filter ] --START--
INFO: Run Behavior\ContentReplaceBehavior [ RunTime:0.000078s ]
INFO: [ template_filter ] --END-- [ RunTime:0.000120s ]
INFO: Run Behavior\ParseTemplateBehavior [ RunTime:0.005898s ]
INFO: [ view_parse ] --END-- [ RunTime:0.005934s ]
INFO: [ view_filter ] --START--
INFO: Run Behavior\WriteHtmlCacheBehavior [ RunTime:0.000107s ]
INFO: [ view_filter ] --END-- [ RunTime:0.000133s ]
INFO: [ app_end ] --START--
INFO: Run Behavior\ShowPageTraceBehavior [ RunTime:0.000401s ]
INFO: [ app_end ] --END-- [ RunTime:0.000460s ]

[ 2017-05-18T03:35:10+08:00 ] 140.205.201.1 /
INFO: [ app_init ] --START--
INFO: Run Behavior\BuildLiteBehavior [ RunTime:0.000012s ]
INFO: [ app_init ] --END-- [ RunTime:0.000289s ]
INFO: [ app_begin ] --START--
INFO: Run Behavior\ReadHtmlCacheBehavior [ RunTime:0.000307s ]
INFO: [ app_begin ] --END-- [ RunTime:0.000345s ]
NOTIC: [8] Undefined index: type /yjdata/www/pile/Application/Home/Controller/IndexController.class.php 第 25 行.
SQL: SHOW COLUMNS FROM `eriko_disc` [ RunTime:0.0023s ]
NOTIC: [8] Undefined variable: where /yjdata/www/pile/Application/Home/Controller/IndexController.class.php 第 28 行.
SQL: SELECT * FROM `eriko_disc` ORDER BY rtime desc  [ RunTime:0.0038s ]
INFO: [ view_parse ] --START--
INFO: [ template_filter ] --START--
INFO: Run Behavior\ContentReplaceBehavior [ RunTime:0.000083s ]
INFO: [ template_filter ] --END-- [ RunTime:0.000117s ]
INFO: Run Behavior\ParseTemplateBehavior [ RunTime:0.005794s ]
INFO: [ view_parse ] --END-- [ RunTime:0.005832s ]
INFO: [ view_filter ] --START--
INFO: Run Behavior\WriteHtmlCacheBehavior [ RunTime:0.000103s ]
INFO: [ view_filter ] --END-- [ RunTime:0.000128s ]
INFO: [ app_end ] --START--
INFO: Run Behavior\ShowPageTraceBehavior [ RunTime:0.000380s ]
INFO: [ app_end ] --END-- [ RunTime:0.000431s ]

[ 2017-05-18T03:35:13+08:00 ] 140.205.201.23 /
INFO: [ app_init ] --START--
INFO: Run Behavior\BuildLiteBehavior [ RunTime:0.000011s ]
INFO: [ app_init ] --END-- [ RunTime:0.000220s ]
INFO: [ app_begin ] --START--
INFO: Run Behavior\ReadHtmlCacheBehavior [ RunTime:0.000272s ]
INFO: [ app_begin ] --END-- [ RunTime:0.000306s ]
NOTIC: [8] Undefined index: type /yjdata/www/pile/Application/Home/Controller/IndexController.class.php 第 25 行.
SQL: SHOW COLUMNS FROM `eriko_disc` [ RunTime:0.2037s ]
NOTIC: [8] Undefined variable: where /yjdata/www/pile/Application/Home/Controller/IndexController.class.php 第 28 行.
SQL: SELECT * FROM `eriko_disc` ORDER BY rtime desc  [ RunTime:3.2840s ]
INFO: [ view_parse ] --START--
INFO: [ template_filter ] --START--
INFO: Run Behavior\ContentReplaceBehavior [ RunTime:0.000088s ]
INFO: [ template_filter ] --END-- [ RunTime:0.000124s ]
INFO: Run Behavior\ParseTemplateBehavior [ RunTime:0.005747s ]
INFO: [ view_parse ] --END-- [ RunTime:0.005785s ]
INFO: [ view_filter ] --START--
INFO: Run Behavior\WriteHtmlCacheBehavior [ RunTime:0.000100s ]
INFO: [ view_filter ] --END-- [ RunTime:0.000127s ]
INFO: [ app_end ] --START--
INFO: Run Behavior\ShowPageTraceBehavior [ RunTime:0.000414s ]
INFO: [ app_end ] --END-- [ RunTime:0.000472s ]

[ 2017-05-18T04:21:10+08:00 ] 80.82.78.38 http://www.baidu.com/cache/global/img/gs.gif
INFO: [ app_init ] --START--
INFO: Run Behavior\BuildLiteBehavior [ RunTime:0.000011s ]
INFO: [ app_init ] --END-- [ RunTime:0.000250s ]

[ 2017-05-18T04:50:06+08:00 ] 101.226.69.246 /
INFO: [ app_init ] --START--
INFO: Run Behavior\BuildLiteBehavior [ RunTime:0.000011s ]
INFO: [ app_init ] --END-- [ RunTime:0.000254s ]
INFO: [ app_begin ] --START--
INFO: Run Behavior\ReadHtmlCacheBehavior [ RunTime:0.000316s ]
INFO: [ app_begin ] --END-- [ RunTime:0.000354s ]
NOTIC: [8] Undefined index: type /yjdata/www/pile/Application/Home/Controller/IndexController.class.php 第 25 行.
SQL: SHOW COLUMNS FROM `eriko_disc` [ RunTime:0.0030s ]
NOTIC: [8] Undefined variable: where /yjdata/www/pile/Application/Home/Controller/IndexController.class.php 第 28 行.
SQL: SELECT * FROM `eriko_disc` ORDER BY rtime desc  [ RunTime:0.0051s ]
INFO: [ view_parse ] --START--
INFO: [ template_filter ] --START--
INFO: Run Behavior\ContentReplaceBehavior [ RunTime:0.000072s ]
INFO: [ template_filter ] --END-- [ RunTime:0.000106s ]
INFO: Run Behavior\ParseTemplateBehavior [ RunTime:0.005693s ]
INFO: [ view_parse ] --END-- [ RunTime:0.005735s ]
INFO: [ view_filter ] --START--
INFO: Run Behavior\WriteHtmlCacheBehavior [ RunTime:0.000101s ]
INFO: [ view_filter ] --END-- [ RunTime:0.000127s ]
INFO: [ app_end ] --START--
INFO: Run Behavior\ShowPageTraceBehavior [ RunTime:0.000331s ]
INFO: [ app_end ] --END-- [ RunTime:0.000372s ]

[ 2017-05-18T08:31:43+08:00 ] 123.125.71.36 /robots.txt
INFO: [ app_init ] --START--
INFO: Run Behavior\BuildLiteBehavior [ RunTime:0.000014s ]
INFO: [ app_init ] --END-- [ RunTime:0.000274s ]
INFO: [ app_begin ] --START--
INFO: Run Behavior\ReadHtmlCacheBehavior [ RunTime:0.000299s ]
INFO: [ app_begin ] --END-- [ RunTime:0.000342s ]
ERR: 无法加载控制器:Robots.txt

[ 2017-05-18T08:32:02+08:00 ] 220.181.108.153 /
INFO: [ app_init ] --START--
INFO: Run Behavior\BuildLiteBehavior [ RunTime:0.000012s ]
INFO: [ app_init ] --END-- [ RunTime:0.000255s ]
INFO: [ app_begin ] --START--
INFO: Run Behavior\ReadHtmlCacheBehavior [ RunTime:0.000281s ]
INFO: [ app_begin ] --END-- [ RunTime:0.000319s ]
NOTIC: [8] Undefined index: type /yjdata/www/pile/Application/Home/Controller/IndexController.class.php 第 25 行.
SQL: SHOW COLUMNS FROM `eriko_disc` [ RunTime:0.0017s ]
NOTIC: [8] Undefined variable: where /yjdata/www/pile/Application/Home/Controller/IndexController.class.php 第 28 行.
SQL: SELECT * FROM `eriko_disc` ORDER BY rtime desc  [ RunTime:0.0027s ]
INFO: [ view_parse ] --START--
INFO: [ template_filter ] --START--
INFO: Run Behavior\ContentReplaceBehavior [ RunTime:0.000085s ]
INFO: [ template_filter ] --END-- [ RunTime:0.000119s ]
INFO: Run Behavior\ParseTemplateBehavior [ RunTime:0.006049s ]
INFO: [ view_parse ] --END-- [ RunTime:0.006087s ]
INFO: [ view_filter ] --START--
INFO: Run Behavior\WriteHtmlCacheBehavior [ RunTime:0.000100s ]
INFO: [ view_filter ] --END-- [ RunTime:0.000125s ]
INFO: [ app_end ] --START--
INFO: Run Behavior\ShowPageTraceBehavior [ RunTime:0.000326s ]
INFO: [ app_end ] --END-- [ RunTime:0.000369s ]

[ 2017-05-18T08:44:40+08:00 ] 111.20.248.74 http://tojoki.asia/
INFO: [ app_init ] --START--
INFO: Run Behavior\BuildLiteBehavior [ RunTime:0.000010s ]
INFO: [ app_init ] --END-- [ RunTime:0.000224s ]
INFO: [ app_begin ] --START--
INFO: Run Behavior\ReadHtmlCacheBehavior [ RunTime:0.000278s ]
INFO: [ app_begin ] --END-- [ RunTime:0.000324s ]
NOTIC: [8] Undefined index: type /yjdata/www/pile/Application/Home/Controller/IndexController.class.php 第 25 行.
SQL: SHOW COLUMNS FROM `eriko_disc` [ RunTime:0.0022s ]
NOTIC: [8] Undefined variable: where /yjdata/www/pile/Application/Home/Controller/IndexController.class.php 第 28 行.
SQL: SELECT * FROM `eriko_disc` ORDER BY rtime desc  [ RunTime:0.0037s ]
INFO: [ view_parse ] --START--
INFO: [ template_filter ] --START--
INFO: Run Behavior\ContentReplaceBehavior [ RunTime:0.000077s ]
INFO: [ template_filter ] --END-- [ RunTime:0.000108s ]
INFO: Run Behavior\ParseTemplateBehavior [ RunTime:0.005661s ]
INFO: [ view_parse ] --END-- [ RunTime:0.005698s ]
INFO: [ view_filter ] --START--
INFO: Run Behavior\WriteHtmlCacheBehavior [ RunTime:0.000098s ]
INFO: [ view_filter ] --END-- [ RunTime:0.000123s ]
INFO: 
INFO: 
INFO: 

[ 2017-05-18T09:27:32+08:00 ] 42.156.251.185 /
INFO: [ app_init ] --START--
INFO: Run Behavior\BuildLiteBehavior [ RunTime:0.000011s ]
INFO: [ app_init ] --END-- [ RunTime:0.000264s ]
INFO: [ app_begin ] --START--
INFO: Run Behavior\ReadHtmlCacheBehavior [ RunTime:0.000274s ]
INFO: [ app_begin ] --END-- [ RunTime:0.000308s ]
NOTIC: [8] Undefined index: type /yjdata/www/pile/Application/Home/Controller/IndexController.class.php 第 25 行.
SQL: SHOW COLUMNS FROM `eriko_disc` [ RunTime:0.0027s ]
NOTIC: [8] Undefined variable: where /yjdata/www/pile/Application/Home/Controller/IndexController.class.php 第 28 行.
SQL: SELECT * FROM `eriko_disc` ORDER BY rtime desc  [ RunTime:0.0047s ]
INFO: [ view_parse ] --START--
INFO: [ template_filter ] --START--
INFO: Run Behavior\ContentReplaceBehavior [ RunTime:0.000076s ]
INFO: [ template_filter ] --END-- [ RunTime:0.000110s ]
INFO: Run Behavior\ParseTemplateBehavior [ RunTime:0.005704s ]
INFO: [ view_parse ] --END-- [ RunTime:0.005739s ]
INFO: [ view_filter ] --START--
INFO: Run Behavior\WriteHtmlCacheBehavior [ RunTime:0.000099s ]
INFO: [ view_filter ] --END-- [ RunTime:0.000124s ]
INFO: [ app_end ] --START--
INFO: Run Behavior\ShowPageTraceBehavior [ RunTime:0.000384s ]
INFO: [ app_end ] --END-- [ RunTime:0.000431s ]

[ 2017-05-18T09:39:10+08:00 ] 47.90.92.26 /
INFO: [ app_init ] --START--
INFO: Run Behavior\BuildLiteBehavior [ RunTime:0.000011s ]
INFO: [ app_init ] --END-- [ RunTime:0.000218s ]
INFO: [ app_begin ] --START--
INFO: Run Behavior\ReadHtmlCacheBehavior [ RunTime:0.000286s ]
INFO: [ app_begin ] --END-- [ RunTime:0.000320s ]
NOTIC: [8] Undefined index: type /yjdata/www/pile/Application/Home/Controller/IndexController.class.php 第 25 行.
SQL: SHOW COLUMNS FROM `eriko_disc` [ RunTime:0.0016s ]
NOTIC: [8] Undefined variable: where /yjdata/www/pile/Application/Home/Controller/IndexController.class.php 第 28 行.
SQL: SELECT * FROM `eriko_disc` ORDER BY rtime desc  [ RunTime:0.0026s ]
INFO: [ view_parse ] --START--
INFO: [ template_filter ] --START--
INFO: Run Behavior\ContentReplaceBehavior [ RunTime:0.000087s ]
INFO: [ template_filter ] --END-- [ RunTime:0.000120s ]
INFO: Run Behavior\ParseTemplateBehavior [ RunTime:0.005719s ]
INFO: [ view_parse ] --END-- [ RunTime:0.005756s ]
INFO: [ view_filter ] --START--
INFO: Run Behavior\WriteHtmlCacheBehavior [ RunTime:0.000096s ]
INFO: [ view_filter ] --END-- [ RunTime:0.000121s ]

[ 2017-05-18T09:55:13+08:00 ] 101.226.99.196 /
INFO: [ app_init ] --START--
INFO: Run Behavior\BuildLiteBehavior [ RunTime:0.000011s ]
INFO: [ app_init ] --END-- [ RunTime:0.000246s ]
INFO: [ app_begin ] --START--
INFO: Run Behavior\ReadHtmlCacheBehavior [ RunTime:0.000364s ]
INFO: [ app_begin ] --END-- [ RunTime:0.000398s ]
NOTIC: [8] Undefined index: type /yjdata/www/pile/Application/Home/Controller/IndexController.class.php 第 25 行.
SQL: SHOW COLUMNS FROM `eriko_disc` [ RunTime:0.0027s ]
NOTIC: [8] Undefined variable: where /yjdata/www/pile/Application/Home/Controller/IndexController.class.php 第 28 行.
SQL: SELECT * FROM `eriko_disc` ORDER BY rtime desc  [ RunTime:0.0047s ]
INFO: [ view_parse ] --START--
INFO: [ template_filter ] --START--
INFO: Run Behavior\ContentReplaceBehavior [ RunTime:0.000074s ]
INFO: [ template_filter ] --END-- [ RunTime:0.000107s ]
INFO: Run Behavior\ParseTemplateBehavior [ RunTime:0.005623s ]
INFO: [ view_parse ] --END-- [ RunTime:0.005657s ]
INFO: [ view_filter ] --START--
INFO: Run Behavior\WriteHtmlCacheBehavior [ RunTime:0.000097s ]
INFO: [ view_filter ] --END-- [ RunTime:0.000122s ]
INFO: [ app_end ] --START--
INFO: Run Behavior\ShowPageTraceBehavior [ RunTime:0.000386s ]
INFO: [ app_end ] --END-- [ RunTime:0.000443s ]

[ 2017-05-18T13:16:39+08:00 ] 101.226.102.97 /defualt.aspx?t=635973898485126029&from=timeline
INFO: [ app_init ] --START--
INFO: Run Behavior\BuildLiteBehavior [ RunTime:0.000011s ]
INFO: [ app_init ] --END-- [ RunTime:0.000244s ]
INFO: [ app_begin ] --START--
INFO: Run Behavior\ReadHtmlCacheBehavior [ RunTime:0.000275s ]
INFO: [ app_begin ] --END-- [ RunTime:0.000311s ]
ERR: 无法加载控制器:Defualt.aspx

[ 2017-05-18T14:00:16+08:00 ] 101.226.66.187 /
INFO: [ app_init ] --START--
INFO: Run Behavior\BuildLiteBehavior [ RunTime:0.000012s ]
INFO: [ app_init ] --END-- [ RunTime:0.000256s ]
INFO: [ app_begin ] --START--
INFO: Run Behavior\ReadHtmlCacheBehavior [ RunTime:0.000277s ]
INFO: [ app_begin ] --END-- [ RunTime:0.000312s ]
NOTIC: [8] Undefined index: type /yjdata/www/pile/Application/Home/Controller/IndexController.class.php 第 25 行.
SQL: SHOW COLUMNS FROM `eriko_disc` [ RunTime:0.0030s ]
NOTIC: [8] Undefined variable: where /yjdata/www/pile/Application/Home/Controller/IndexController.class.php 第 28 行.
SQL: SELECT * FROM `eriko_disc` ORDER BY rtime desc  [ RunTime:0.0054s ]
INFO: [ view_parse ] --START--
INFO: [ template_filter ] --START--
INFO: Run Behavior\ContentReplaceBehavior [ RunTime:0.000093s ]
INFO: [ template_filter ] --END-- [ RunTime:0.000130s ]
INFO: Run Behavior\ParseTemplateBehavior [ RunTime:0.006262s ]
INFO: [ view_parse ] --END-- [ RunTime:0.006306s ]
INFO: [ view_filter ] --START--
INFO: Run Behavior\WriteHtmlCacheBehavior [ RunTime:0.000105s ]
INFO: [ view_filter ] --END-- [ RunTime:0.000139s ]
INFO: [ app_end ] --START--
INFO: Run Behavior\ShowPageTraceBehavior [ RunTime:0.000371s ]
INFO: [ app_end ] --END-- [ RunTime:0.000421s ]

[ 2017-05-18T15:04:52+08:00 ] 66.249.69.106 /robots.txt
INFO: [ app_init ] --START--
INFO: Run Behavior\BuildLiteBehavior [ RunTime:0.000010s ]
INFO: [ app_init ] --END-- [ RunTime:0.000233s ]
INFO: [ app_begin ] --START--
INFO: Run Behavior\ReadHtmlCacheBehavior [ RunTime:0.000278s ]
INFO: [ app_begin ] --END-- [ RunTime:0.000315s ]
ERR: 无法加载控制器:Robots.txt

[ 2017-05-18T15:11:47+08:00 ] 140.205.201.44 /dyawqihrukgb
INFO: [ app_init ] --START--
INFO: Run Behavior\BuildLiteBehavior [ RunTime:0.000011s ]
INFO: [ app_init ] --END-- [ RunTime:0.000237s ]
INFO: [ app_begin ] --START--
INFO: Run Behavior\ReadHtmlCacheBehavior [ RunTime:0.000282s ]
INFO: [ app_begin ] --END-- [ RunTime:0.000317s ]
ERR: 无法加载控制器:Dyawqihrukgb

[ 2017-05-18T15:11:48+08:00 ] 140.205.201.44 /dyawqihrukgb
INFO: [ app_init ] --START--
INFO: Run Behavior\BuildLiteBehavior [ RunTime:0.000012s ]
INFO: [ app_init ] --END-- [ RunTime:0.000264s ]
INFO: [ app_begin ] --START--
INFO: Run Behavior\ReadHtmlCacheBehavior [ RunTime:0.000317s ]
INFO: [ app_begin ] --END-- [ RunTime:0.000357s ]
ERR: 无法加载控制器:Dyawqihrukgb

[ 2017-05-18T15:11:48+08:00 ] 140.205.201.44 /dyawqihrukgb
INFO: [ app_init ] --START--
INFO: Run Behavior\BuildLiteBehavior [ RunTime:0.000012s ]
INFO: [ app_init ] --END-- [ RunTime:0.000266s ]
INFO: [ app_begin ] --START--
INFO: Run Behavior\ReadHtmlCacheBehavior [ RunTime:0.000322s ]
INFO: [ app_begin ] --END-- [ RunTime:0.000362s ]
ERR: 无法加载控制器:Dyawqihrukgb

[ 2017-05-18T15:13:01+08:00 ] 140.205.201.44 /
INFO: [ app_init ] --START--
INFO: Run Behavior\BuildLiteBehavior [ RunTime:0.000010s ]
INFO: [ app_init ] --END-- [ RunTime:0.000221s ]
INFO: [ app_begin ] --START--
INFO: Run Behavior\ReadHtmlCacheBehavior [ RunTime:0.000296s ]
INFO: [ app_begin ] --END-- [ RunTime:0.000330s ]
NOTIC: [8] Undefined index: type /yjdata/www/pile/Application/Home/Controller/IndexController.class.php 第 25 行.
SQL: SHOW COLUMNS FROM `eriko_disc` [ RunTime:0.0023s ]
NOTIC: [8] Undefined variable: where /yjdata/www/pile/Application/Home/Controller/IndexController.class.php 第 28 行.
SQL: SELECT * FROM `eriko_disc` ORDER BY rtime desc  [ RunTime:0.0039s ]
INFO: [ view_parse ] --START--
INFO: [ template_filter ] --START--
INFO: Run Behavior\ContentReplaceBehavior [ RunTime:0.000074s ]
INFO: [ template_filter ] --END-- [ RunTime:0.000114s ]
INFO: Run Behavior\ParseTemplateBehavior [ RunTime:0.005819s ]
INFO: [ view_parse ] --END-- [ RunTime:0.005855s ]
INFO: [ view_filter ] --START--
INFO: Run Behavior\WriteHtmlCacheBehavior [ RunTime:0.000117s ]
INFO: [ view_filter ] --END-- [ RunTime:0.000144s ]
INFO: [ app_end ] --START--
INFO: Run Behavior\ShowPageTraceBehavior [ RunTime:0.000345s ]
INFO: [ app_end ] --END-- [ RunTime:0.000393s ]

[ 2017-05-18T15:15:07+08:00 ] 140.205.201.44 /
INFO: [ app_init ] --START--
INFO: Run Behavior\BuildLiteBehavior [ RunTime:0.000010s ]
INFO: [ app_init ] --END-- [ RunTime:0.000220s ]
INFO: [ app_begin ] --START--
INFO: Run Behavior\ReadHtmlCacheBehavior [ RunTime:0.000270s ]
INFO: [ app_begin ] --END-- [ RunTime:0.000304s ]
NOTIC: [8] Undefined index: type /yjdata/www/pile/Application/Home/Controller/IndexController.class.php 第 25 行.
SQL: SHOW COLUMNS FROM `eriko_disc` [ RunTime:0.0027s ]
NOTIC: [8] Undefined variable: where /yjdata/www/pile/Application/Home/Controller/IndexController.class.php 第 28 行.
SQL: SELECT * FROM `eriko_disc` ORDER BY rtime desc  [ RunTime:0.0048s ]
INFO: [ view_parse ] --START--
INFO: [ template_filter ] --START--
INFO: Run Behavior\ContentReplaceBehavior [ RunTime:0.000086s ]
INFO: [ template_filter ] --END-- [ RunTime:0.000122s ]
INFO: Run Behavior\ParseTemplateBehavior [ RunTime:0.005778s ]
INFO: [ view_parse ] --END-- [ RunTime:0.005814s ]
INFO: [ view_filter ] --START--
INFO: Run Behavior\WriteHtmlCacheBehavior [ RunTime:0.000102s ]
INFO: [ view_filter ] --END-- [ RunTime:0.000129s ]
INFO: [ app_end ] --START--
INFO: Run Behavior\ShowPageTraceBehavior [ RunTime:0.000445s ]
INFO: [ app_end ] --END-- [ RunTime:0.000530s ]

[ 2017-05-18T15:15:34+08:00 ] 140.205.201.44 /
INFO: [ app_init ] --START--
INFO: Run Behavior\BuildLiteBehavior [ RunTime:0.000020s ]
INFO: [ app_init ] --END-- [ RunTime:0.000247s ]
INFO: [ app_begin ] --START--
INFO: Run Behavior\ReadHtmlCacheBehavior [ RunTime:0.000344s ]
INFO: [ app_begin ] --END-- [ RunTime:0.000381s ]
NOTIC: [8] Undefined index: type /yjdata/www/pile/Application/Home/Controller/IndexController.class.php 第 25 行.
SQL: SHOW COLUMNS FROM `eriko_disc` [ RunTime:0.0034s ]
NOTIC: [8] Undefined variable: where /yjdata/www/pile/Application/Home/Controller/IndexController.class.php 第 28 行.
SQL: SELECT * FROM `eriko_disc` ORDER BY rtime desc  [ RunTime:0.0061s ]
INFO: [ view_parse ] --START--
INFO: [ template_filter ] --START--
INFO: Run Behavior\ContentReplaceBehavior [ RunTime:0.000081s ]
INFO: [ template_filter ] --END-- [ RunTime:0.000122s ]
INFO: Run Behavior\ParseTemplateBehavior [ RunTime:0.005741s ]
INFO: [ view_parse ] --END-- [ RunTime:0.005776s ]
INFO: [ view_filter ] --START--
INFO: Run Behavior\WriteHtmlCacheBehavior [ RunTime:0.000107s ]
INFO: [ view_filter ] --END-- [ RunTime:0.000133s ]
INFO: [ app_end ] --START--
INFO: Run Behavior\ShowPageTraceBehavior [ RunTime:0.000383s ]
INFO: [ app_end ] --END-- [ RunTime:0.000443s ]

[ 2017-05-18T15:15:35+08:00 ] 140.205.201.44 /
INFO: [ app_init ] --START--
INFO: Run Behavior\BuildLiteBehavior [ RunTime:0.000010s ]
INFO: [ app_init ] --END-- [ RunTime:0.000222s ]
INFO: [ app_begin ] --START--
INFO: Run Behavior\ReadHtmlCacheBehavior [ RunTime:0.000272s ]
INFO: [ app_begin ] --END-- [ RunTime:0.000305s ]
NOTIC: [8] Undefined index: type /yjdata/www/pile/Application/Home/Controller/IndexController.class.php 第 25 行.
SQL: SHOW COLUMNS FROM `eriko_disc` [ RunTime:0.0017s ]
NOTIC: [8] Undefined variable: where /yjdata/www/pile/Application/Home/Controller/IndexController.class.php 第 28 行.
SQL: SELECT * FROM `eriko_disc` ORDER BY rtime desc  [ RunTime:0.0027s ]
INFO: [ view_parse ] --START--
INFO: [ template_filter ] --START--
INFO: Run Behavior\ContentReplaceBehavior [ RunTime:0.000085s ]
INFO: [ template_filter ] --END-- [ RunTime:0.000119s ]
INFO: Run Behavior\ParseTemplateBehavior [ RunTime:0.005598s ]
INFO: [ view_parse ] --END-- [ RunTime:0.005632s ]
INFO: [ view_filter ] --START--
INFO: Run Behavior\WriteHtmlCacheBehavior [ RunTime:0.000100s ]
INFO: [ view_filter ] --END-- [ RunTime:0.000126s ]
INFO: [ app_end ] --START--
INFO: Run Behavior\ShowPageTraceBehavior [ RunTime:0.000454s ]
INFO: [ app_end ] --END-- [ RunTime:0.000523s ]

[ 2017-05-18T15:16:09+08:00 ] 140.205.201.44 /hwi/
INFO: [ app_init ] --START--
INFO: Run Behavior\BuildLiteBehavior [ RunTime:0.000010s ]
INFO: [ app_init ] --END-- [ RunTime:0.000236s ]
INFO: [ app_begin ] --START--
INFO: Run Behavior\ReadHtmlCacheBehavior [ RunTime:0.000293s ]
INFO: [ app_begin ] --END-- [ RunTime:0.000327s ]
ERR: 无法加载控制器:Hwi

[ 2017-05-18T15:18:37+08:00 ] 140.205.201.44 /phpmyadmin/index.php
INFO: [ app_init ] --START--
INFO: Run Behavior\BuildLiteBehavior [ RunTime:0.000011s ]
INFO: [ app_init ] --END-- [ RunTime:0.000251s ]
INFO: [ app_begin ] --START--
INFO: Run Behavior\ReadHtmlCacheBehavior [ RunTime:0.000281s ]
INFO: [ app_begin ] --END-- [ RunTime:0.000315s ]
ERR: 无法加载控制器:Phpmyadmin

[ 2017-05-18T15:18:37+08:00 ] 140.205.201.44 /phpMyAdmin/index.php
INFO: [ app_init ] --START--
INFO: Run Behavior\BuildLiteBehavior [ RunTime:0.000011s ]
INFO: [ app_init ] --END-- [ RunTime:0.000222s ]
INFO: [ app_begin ] --START--
INFO: Run Behavior\ReadHtmlCacheBehavior [ RunTime:0.000295s ]
INFO: [ app_begin ] --END-- [ RunTime:0.000330s ]
ERR: 无法加载控制器:PhpMyAdmin

[ 2017-05-18T15:18:37+08:00 ] 140.205.201.44 /pma/index.php
INFO: [ app_init ] --START--
INFO: Run Behavior\BuildLiteBehavior [ RunTime:0.000011s ]
INFO: [ app_init ] --END-- [ RunTime:0.000241s ]
INFO: [ app_begin ] --START--
INFO: Run Behavior\ReadHtmlCacheBehavior [ RunTime:0.000287s ]
INFO: [ app_begin ] --END-- [ RunTime:0.000322s ]
ERR: 无法加载控制器:Pma

[ 2017-05-18T15:18:37+08:00 ] 140.205.201.44 /pmd/index.php
INFO: [ app_init ] --START--
INFO: Run Behavior\BuildLiteBehavior [ RunTime:0.000011s ]
INFO: [ app_init ] --END-- [ RunTime:0.000257s ]
INFO: [ app_begin ] --START--
INFO: Run Behavior\ReadHtmlCacheBehavior [ RunTime:0.000327s ]
INFO: [ app_begin ] --END-- [ RunTime:0.000367s ]
ERR: 无法加载控制器:Pmd

[ 2017-05-18T15:21:11+08:00 ] 140.205.201.44 /phpmyadmin/index.php
INFO: [ app_init ] --START--
INFO: Run Behavior\BuildLiteBehavior [ RunTime:0.000013s ]
INFO: [ app_init ] --END-- [ RunTime:0.000257s ]
INFO: [ app_begin ] --START--
INFO: Run Behavior\ReadHtmlCacheBehavior [ RunTime:0.000293s ]
INFO: [ app_begin ] --END-- [ RunTime:0.000331s ]
ERR: 无法加载控制器:Phpmyadmin

[ 2017-05-18T15:21:12+08:00 ] 140.205.201.44 /phpMyAdmin/index.php
INFO: [ app_init ] --START--
INFO: Run Behavior\BuildLiteBehavior [ RunTime:0.000010s ]
INFO: [ app_init ] --END-- [ RunTime:0.000223s ]
INFO: [ app_begin ] --START--
INFO: Run Behavior\ReadHtmlCacheBehavior [ RunTime:0.000290s ]
INFO: [ app_begin ] --END-- [ RunTime:0.000323s ]
ERR: 无法加载控制器:PhpMyAdmin

[ 2017-05-18T15:21:12+08:00 ] 140.205.201.44 /pma/index.php
INFO: [ app_init ] --START--
INFO: Run Behavior\BuildLiteBehavior [ RunTime:0.000011s ]
INFO: [ app_init ] --END-- [ RunTime:0.000249s ]
INFO: [ app_begin ] --START--
INFO: Run Behavior\ReadHtmlCacheBehavior [ RunTime:0.000302s ]
INFO: [ app_begin ] --END-- [ RunTime:0.000339s ]
ERR: 无法加载控制器:Pma

[ 2017-05-18T15:21:12+08:00 ] 140.205.201.44 /pmd/index.php
INFO: [ app_init ] --START--
INFO: Run Behavior\BuildLiteBehavior [ RunTime:0.000010s ]
INFO: [ app_init ] --END-- [ RunTime:0.000294s ]
INFO: [ app_begin ] --START--
INFO: Run Behavior\ReadHtmlCacheBehavior [ RunTime:0.000284s ]
INFO: [ app_begin ] --END-- [ RunTime:0.000319s ]
ERR: 无法加载控制器:Pmd

[ 2017-05-18T15:29:12+08:00 ] 140.205.201.44 /
INFO: [ app_init ] --START--
INFO: Run Behavior\BuildLiteBehavior [ RunTime:0.000011s ]
INFO: [ app_init ] --END-- [ RunTime:0.000236s ]
INFO: [ app_begin ] --START--
INFO: Run Behavior\ReadHtmlCacheBehavior [ RunTime:0.000277s ]
INFO: [ app_begin ] --END-- [ RunTime:0.000321s ]
NOTIC: [8] Undefined index: type /yjdata/www/pile/Application/Home/Controller/IndexController.class.php 第 25 行.
SQL: SHOW COLUMNS FROM `eriko_disc` [ RunTime:0.0028s ]
NOTIC: [8] Undefined variable: where /yjdata/www/pile/Application/Home/Controller/IndexController.class.php 第 28 行.
SQL: SELECT * FROM `eriko_disc` ORDER BY rtime desc  [ RunTime:0.0049s ]
INFO: [ view_parse ] --START--
INFO: [ template_filter ] --START--
INFO: Run Behavior\ContentReplaceBehavior [ RunTime:0.000072s ]
INFO: [ template_filter ] --END-- [ RunTime:0.000105s ]
INFO: Run Behavior\ParseTemplateBehavior [ RunTime:0.005575s ]
INFO: [ view_parse ] --END-- [ RunTime:0.005610s ]
INFO: [ view_filter ] --START--
INFO: Run Behavior\WriteHtmlCacheBehavior [ RunTime:0.000099s ]
INFO: [ view_filter ] --END-- [ RunTime:0.000125s ]
INFO: [ app_end ] --START--
INFO: Run Behavior\ShowPageTraceBehavior [ RunTime:0.000300s ]
INFO: [ app_end ] --END-- [ RunTime:0.000336s ]

[ 2017-05-18T15:34:29+08:00 ] 140.205.201.44 /clusters.jsf
INFO: [ app_init ] --START--
INFO: Run Behavior\BuildLiteBehavior [ RunTime:0.000011s ]
INFO: [ app_init ] --END-- [ RunTime:0.000236s ]
INFO: [ app_begin ] --START--
INFO: Run Behavior\ReadHtmlCacheBehavior [ RunTime:0.000278s ]
INFO: [ app_begin ] --END-- [ RunTime:0.000312s ]
ERR: 无法加载控制器:Clusters.jsf

[ 2017-05-18T15:53:05+08:00 ] 140.205.201.44 /about/
INFO: [ app_init ] --START--
INFO: Run Behavior\BuildLiteBehavior [ RunTime:0.000010s ]
INFO: [ app_init ] --END-- [ RunTime:0.000247s ]
INFO: [ app_begin ] --START--
INFO: Run Behavior\ReadHtmlCacheBehavior [ RunTime:0.000303s ]
INFO: [ app_begin ] --END-- [ RunTime:0.000338s ]
ERR: 无法加载控制器:About

[ 2017-05-18T15:54:21+08:00 ] 140.205.201.44 /jobs/
INFO: [ app_init ] --START--
INFO: Run Behavior\BuildLiteBehavior [ RunTime:0.000011s ]
INFO: [ app_init ] --END-- [ RunTime:0.000261s ]
INFO: [ app_begin ] --START--
INFO: Run Behavior\ReadHtmlCacheBehavior [ RunTime:0.000274s ]
INFO: [ app_begin ] --END-- [ RunTime:0.000308s ]
ERR: 无法加载控制器:Jobs

[ 2017-05-18T15:55:05+08:00 ] 140.205.201.44 /ganglia/index.php
INFO: [ app_init ] --START--
INFO: Run Behavior\BuildLiteBehavior [ RunTime:0.000012s ]
INFO: [ app_init ] --END-- [ RunTime:0.000246s ]
INFO: [ app_begin ] --START--
INFO: Run Behavior\ReadHtmlCacheBehavior [ RunTime:0.000291s ]
INFO: [ app_begin ] --END-- [ RunTime:0.000326s ]
ERR: 无法加载控制器:Ganglia

[ 2017-05-18T15:55:43+08:00 ] 140.205.201.44 /index.php
INFO: [ app_init ] --START--
INFO: Run Behavior\BuildLiteBehavior [ RunTime:0.000017s ]
INFO: [ app_init ] --END-- [ RunTime:0.000356s ]
INFO: [ app_begin ] --START--
INFO: Run Behavior\ReadHtmlCacheBehavior [ RunTime:0.000306s ]
INFO: [ app_begin ] --END-- [ RunTime:0.000343s ]
NOTIC: [8] Undefined index: type /yjdata/www/pile/Application/Home/Controller/IndexController.class.php 第 25 行.
SQL: SHOW COLUMNS FROM `eriko_disc` [ RunTime:0.0024s ]
NOTIC: [8] Undefined variable: where /yjdata/www/pile/Application/Home/Controller/IndexController.class.php 第 28 行.
SQL: SELECT * FROM `eriko_disc` ORDER BY rtime desc  [ RunTime:0.0039s ]
INFO: [ view_parse ] --START--
INFO: [ template_filter ] --START--
INFO: Run Behavior\ContentReplaceBehavior [ RunTime:0.000079s ]
INFO: [ template_filter ] --END-- [ RunTime:0.000115s ]
INFO: Run Behavior\ParseTemplateBehavior [ RunTime:0.006236s ]
INFO: [ view_parse ] --END-- [ RunTime:0.006272s ]
INFO: [ view_filter ] --START--
INFO: Run Behavior\WriteHtmlCacheBehavior [ RunTime:0.000120s ]
INFO: [ view_filter ] --END-- [ RunTime:0.000149s ]
INFO: [ app_end ] --START--
INFO: Run Behavior\ShowPageTraceBehavior [ RunTime:0.000389s ]
INFO: [ app_end ] --END-- [ RunTime:0.000456s ]

[ 2017-05-18T15:55:56+08:00 ] 140.205.201.44 /rs-status
INFO: [ app_init ] --START--
INFO: Run Behavior\BuildLiteBehavior [ RunTime:0.000011s ]
INFO: [ app_init ] --END-- [ RunTime:0.000221s ]
INFO: [ app_begin ] --START--
INFO: Run Behavior\ReadHtmlCacheBehavior [ RunTime:0.000269s ]
INFO: [ app_begin ] --END-- [ RunTime:0.000304s ]
ERR: 无法加载控制器:Rs-status

[ 2017-05-18T15:55:59+08:00 ] 140.205.201.44 /
INFO: [ app_init ] --START--
INFO: Run Behavior\BuildLiteBehavior [ RunTime:0.000010s ]
INFO: [ app_init ] --END-- [ RunTime:0.000221s ]
INFO: [ app_begin ] --START--
INFO: Run Behavior\ReadHtmlCacheBehavior [ RunTime:0.000271s ]
INFO: [ app_begin ] --END-- [ RunTime:0.000305s ]
NOTIC: [8] Undefined index: type /yjdata/www/pile/Application/Home/Controller/IndexController.class.php 第 25 行.
SQL: SHOW COLUMNS FROM `eriko_disc` [ RunTime:0.0041s ]
NOTIC: [8] Undefined variable: where /yjdata/www/pile/Application/Home/Controller/IndexController.class.php 第 28 行.
SQL: SELECT * FROM `eriko_disc` ORDER BY rtime desc  [ RunTime:0.0074s ]
INFO: [ view_parse ] --START--
INFO: [ template_filter ] --START--
INFO: Run Behavior\ContentReplaceBehavior [ RunTime:0.000081s ]
INFO: [ template_filter ] --END-- [ RunTime:0.000114s ]
INFO: Run Behavior\ParseTemplateBehavior [ RunTime:0.006046s ]
INFO: [ view_parse ] --END-- [ RunTime:0.006087s ]
INFO: [ view_filter ] --START--
INFO: Run Behavior\WriteHtmlCacheBehavior [ RunTime:0.000105s ]
INFO: [ view_filter ] --END-- [ RunTime:0.000137s ]
INFO: [ app_end ] --START--
INFO: Run Behavior\ShowPageTraceBehavior [ RunTime:0.000397s ]
INFO: [ app_end ] --END-- [ RunTime:0.000450s ]

[ 2017-05-18T15:56:00+08:00 ] 140.205.201.44 /
INFO: [ app_init ] --START--
INFO: Run Behavior\BuildLiteBehavior [ RunTime:0.000010s ]
INFO: [ app_init ] --END-- [ RunTime:0.000220s ]
INFO: [ app_begin ] --START--
INFO: Run Behavior\ReadHtmlCacheBehavior [ RunTime:0.000279s ]
INFO: [ app_begin ] --END-- [ RunTime:0.000328s ]
NOTIC: [8] Undefined index: type /yjdata/www/pile/Application/Home/Controller/IndexController.class.php 第 25 行.
SQL: SHOW COLUMNS FROM `eriko_disc` [ RunTime:0.0022s ]
NOTIC: [8] Undefined variable: where /yjdata/www/pile/Application/Home/Controller/IndexController.class.php 第 28 行.
SQL: SELECT * FROM `eriko_disc` ORDER BY rtime desc  [ RunTime:0.0036s ]
INFO: [ view_parse ] --START--
INFO: [ template_filter ] --START--
INFO: Run Behavior\ContentReplaceBehavior [ RunTime:0.000078s ]
INFO: [ template_filter ] --END-- [ RunTime:0.000112s ]
INFO: Run Behavior\ParseTemplateBehavior [ RunTime:0.005636s ]
INFO: [ view_parse ] --END-- [ RunTime:0.005669s ]
INFO: [ view_filter ] --START--
INFO: Run Behavior\WriteHtmlCacheBehavior [ RunTime:0.000098s ]
INFO: [ view_filter ] --END-- [ RunTime:0.000123s ]
INFO: [ app_end ] --START--
INFO: Run Behavior\ShowPageTraceBehavior [ RunTime:0.000398s ]
INFO: [ app_end ] --END-- [ RunTime:0.000446s ]

[ 2017-05-18T15:56:02+08:00 ] 140.205.201.44 /dfshealth.html
INFO: [ app_init ] --START--
INFO: Run Behavior\BuildLiteBehavior [ RunTime:0.000010s ]
INFO: [ app_init ] --END-- [ RunTime:0.000216s ]
INFO: [ app_begin ] --START--
INFO: Run Behavior\ReadHtmlCacheBehavior [ RunTime:0.000280s ]
INFO: [ app_begin ] --END-- [ RunTime:0.000314s ]
ERR: 无法加载控制器:Dfshealth

[ 2017-05-18T15:56:09+08:00 ] 140.205.201.44 /master-status
INFO: [ app_init ] --START--
INFO: Run Behavior\BuildLiteBehavior [ RunTime:0.000011s ]
INFO: [ app_init ] --END-- [ RunTime:0.000219s ]
INFO: [ app_begin ] --START--
INFO: Run Behavior\ReadHtmlCacheBehavior [ RunTime:0.000299s ]
INFO: [ app_begin ] --END-- [ RunTime:0.000332s ]
ERR: 无法加载控制器:Master-status

[ 2017-05-18T15:56:13+08:00 ] 140.205.201.44 /warning
INFO: [ app_init ] --START--
INFO: Run Behavior\BuildLiteBehavior [ RunTime:0.000011s ]
INFO: [ app_init ] --END-- [ RunTime:0.000231s ]
INFO: [ app_begin ] --START--
INFO: Run Behavior\ReadHtmlCacheBehavior [ RunTime:0.000293s ]
INFO: [ app_begin ] --END-- [ RunTime:0.000335s ]
ERR: 无法加载控制器:Warning

[ 2017-05-18T15:56:18+08:00 ] 140.205.201.44 /pleasereadthis
INFO: [ app_init ] --START--
INFO: Run Behavior\BuildLiteBehavior [ RunTime:0.000012s ]
INFO: [ app_init ] --END-- [ RunTime:0.000228s ]
INFO: [ app_begin ] --START--
INFO: Run Behavior\ReadHtmlCacheBehavior [ RunTime:0.000277s ]
INFO: [ app_begin ] --END-- [ RunTime:0.000314s ]
ERR: 无法加载控制器:Pleasereadthis

[ 2017-05-18T15:56:20+08:00 ] 140.205.201.44 /please_read/_search
INFO: [ app_init ] --START--
INFO: Run Behavior\BuildLiteBehavior [ RunTime:0.000010s ]
INFO: [ app_init ] --END-- [ RunTime:0.000222s ]
INFO: [ app_begin ] --START--
INFO: Run Behavior\ReadHtmlCacheBehavior [ RunTime:0.000277s ]
INFO: [ app_begin ] --END-- [ RunTime:0.000311s ]
ERR: 无法加载控制器:Please_read

[ 2017-05-18T15:56:26+08:00 ] 140.205.201.44 /
INFO: [ app_init ] --START--
INFO: Run Behavior\BuildLiteBehavior [ RunTime:0.000010s ]
INFO: [ app_init ] --END-- [ RunTime:0.000257s ]
INFO: [ app_begin ] --START--
INFO: Run Behavior\ReadHtmlCacheBehavior [ RunTime:0.000298s ]
INFO: [ app_begin ] --END-- [ RunTime:0.000343s ]
NOTIC: [8] Undefined index: type /yjdata/www/pile/Application/Home/Controller/IndexController.class.php 第 25 行.
SQL: SHOW COLUMNS FROM `eriko_disc` [ RunTime:0.0022s ]
NOTIC: [8] Undefined variable: where /yjdata/www/pile/Application/Home/Controller/IndexController.class.php 第 28 行.
SQL: SELECT * FROM `eriko_disc` ORDER BY rtime desc  [ RunTime:0.0037s ]
INFO: [ view_parse ] --START--
INFO: [ template_filter ] --START--
INFO: Run Behavior\ContentReplaceBehavior [ RunTime:0.000092s ]
INFO: [ template_filter ] --END-- [ RunTime:0.000127s ]
INFO: Run Behavior\ParseTemplateBehavior [ RunTime:0.005983s ]
INFO: [ view_parse ] --END-- [ RunTime:0.006020s ]
INFO: [ view_filter ] --START--
INFO: Run Behavior\WriteHtmlCacheBehavior [ RunTime:0.000096s ]
INFO: [ view_filter ] --END-- [ RunTime:0.000122s ]
INFO: [ app_end ] --START--
INFO: Run Behavior\ShowPageTraceBehavior [ RunTime:0.000398s ]
INFO: [ app_end ] --END-- [ RunTime:0.000460s ]

[ 2017-05-18T15:56:29+08:00 ] 140.205.201.44 /jenkins/
INFO: [ app_init ] --START--
INFO: Run Behavior\BuildLiteBehavior [ RunTime:0.000010s ]
INFO: [ app_init ] --END-- [ RunTime:0.000230s ]
INFO: [ app_begin ] --START--
INFO: Run Behavior\ReadHtmlCacheBehavior [ RunTime:0.000312s ]
INFO: [ app_begin ] --END-- [ RunTime:0.000347s ]
ERR: 无法加载控制器:Jenkins

[ 2017-05-18T15:56:35+08:00 ] 140.205.201.44 /zabbix/
INFO: [ app_init ] --START--
INFO: Run Behavior\BuildLiteBehavior [ RunTime:0.000010s ]
INFO: [ app_init ] --END-- [ RunTime:0.000236s ]
INFO: [ app_begin ] --START--
INFO: Run Behavior\ReadHtmlCacheBehavior [ RunTime:0.000313s ]
INFO: [ app_begin ] --END-- [ RunTime:0.000348s ]
ERR: 无法加载控制器:Zabbix

[ 2017-05-18T15:56:37+08:00 ] 140.205.201.44 /
INFO: [ app_init ] --START--
INFO: Run Behavior\BuildLiteBehavior [ RunTime:0.000011s ]
INFO: [ app_init ] --END-- [ RunTime:0.000223s ]
INFO: [ app_begin ] --START--
INFO: Run Behavior\ReadHtmlCacheBehavior [ RunTime:0.000295s ]
INFO: [ app_begin ] --END-- [ RunTime:0.000329s ]
NOTIC: [8] Undefined index: type /yjdata/www/pile/Application/Home/Controller/IndexController.class.php 第 25 行.
SQL: SHOW COLUMNS FROM `eriko_disc` [ RunTime:0.0030s ]
NOTIC: [8] Undefined variable: where /yjdata/www/pile/Application/Home/Controller/IndexController.class.php 第 28 行.
SQL: SELECT * FROM `eriko_disc` ORDER BY rtime desc  [ RunTime:0.0054s ]
INFO: [ view_parse ] --START--
INFO: [ template_filter ] --START--
INFO: Run Behavior\ContentReplaceBehavior [ RunTime:0.000087s ]
INFO: [ template_filter ] --END-- [ RunTime:0.000121s ]
INFO: Run Behavior\ParseTemplateBehavior [ RunTime:0.006135s ]
INFO: [ view_parse ] --END-- [ RunTime:0.006173s ]
INFO: [ view_filter ] --START--
INFO: Run Behavior\WriteHtmlCacheBehavior [ RunTime:0.000123s ]
INFO: [ view_filter ] --END-- [ RunTime:0.000149s ]
INFO: [ app_end ] --START--
INFO: Run Behavior\ShowPageTraceBehavior [ RunTime:0.000367s ]
INFO: [ app_end ] --END-- [ RunTime:0.000428s ]

[ 2017-05-18T15:56:40+08:00 ] 140.205.201.44 /solr/
INFO: [ app_init ] --START--
INFO: Run Behavior\BuildLiteBehavior [ RunTime:0.000011s ]
INFO: [ app_init ] --END-- [ RunTime:0.000240s ]
INFO: [ app_begin ] --START--
INFO: Run Behavior\ReadHtmlCacheBehavior [ RunTime:0.000271s ]
INFO: [ app_begin ] --END-- [ RunTime:0.000304s ]
ERR: 无法加载控制器:Solr

[ 2017-05-18T15:56:41+08:00 ] 140.205.201.44 /
INFO: [ app_init ] --START--
INFO: Run Behavior\BuildLiteBehavior [ RunTime:0.000011s ]
INFO: [ app_init ] --END-- [ RunTime:0.000246s ]
INFO: [ app_begin ] --START--
INFO: Run Behavior\ReadHtmlCacheBehavior [ RunTime:0.000312s ]
INFO: [ app_begin ] --END-- [ RunTime:0.000355s ]
NOTIC: [8] Undefined index: type /yjdata/www/pile/Application/Home/Controller/IndexController.class.php 第 25 行.
SQL: SHOW COLUMNS FROM `eriko_disc` [ RunTime:0.0023s ]
NOTIC: [8] Undefined variable: where /yjdata/www/pile/Application/Home/Controller/IndexController.class.php 第 28 行.
SQL: SELECT * FROM `eriko_disc` ORDER BY rtime desc  [ RunTime:0.0040s ]
INFO: [ view_parse ] --START--
INFO: [ template_filter ] --START--
INFO: Run Behavior\ContentReplaceBehavior [ RunTime:0.000075s ]
INFO: [ template_filter ] --END-- [ RunTime:0.000109s ]
INFO: Run Behavior\ParseTemplateBehavior [ RunTime:0.005856s ]
INFO: [ view_parse ] --END-- [ RunTime:0.005892s ]
INFO: [ view_filter ] --START--
INFO: Run Behavior\WriteHtmlCacheBehavior [ RunTime:0.000100s ]
INFO: [ view_filter ] --END-- [ RunTime:0.000126s ]
INFO: [ app_end ] --START--
INFO: Run Behavior\ShowPageTraceBehavior [ RunTime:0.000407s ]
INFO: [ app_end ] --END-- [ RunTime:0.000462s ]

[ 2017-05-18T15:56:45+08:00 ] 140.205.201.44 /info
INFO: [ app_init ] --START--
INFO: Run Behavior\BuildLiteBehavior [ RunTime:0.000011s ]
INFO: [ app_init ] --END-- [ RunTime:0.000236s ]
INFO: [ app_begin ] --START--
INFO: Run Behavior\ReadHtmlCacheBehavior [ RunTime:0.000280s ]
INFO: [ app_begin ] --END-- [ RunTime:0.000315s ]
ERR: 无法加载控制器:Info

[ 2017-05-18T16:00:57+08:00 ] 140.205.201.44 /dfshealth.jsp
INFO: [ app_init ] --START--
INFO: Run Behavior\BuildLiteBehavior [ RunTime:0.000017s ]
INFO: [ app_init ] --END-- [ RunTime:0.000244s ]
INFO: [ app_begin ] --START--
INFO: Run Behavior\ReadHtmlCacheBehavior [ RunTime:0.000270s ]
INFO: [ app_begin ] --END-- [ RunTime:0.000304s ]
ERR: 无法加载控制器:Dfshealth.jsp

[ 2017-05-18T16:01:39+08:00 ] 140.205.201.44 /hadoop/dfshealth.jsp
INFO: [ app_init ] --START--
INFO: Run Behavior\BuildLiteBehavior [ RunTime:0.000011s ]
INFO: [ app_init ] --END-- [ RunTime:0.000230s ]
INFO: [ app_begin ] --START--
INFO: Run Behavior\ReadHtmlCacheBehavior [ RunTime:0.000305s ]
INFO: [ app_begin ] --END-- [ RunTime:0.000341s ]
ERR: 无法加载控制器:Hadoop

[ 2017-05-18T16:05:34+08:00 ] 140.205.201.44 /
INFO: [ app_init ] --START--
INFO: Run Behavior\BuildLiteBehavior [ RunTime:0.000020s ]
INFO: [ app_init ] --END-- [ RunTime:0.000252s ]
INFO: [ app_begin ] --START--
INFO: Run Behavior\ReadHtmlCacheBehavior [ RunTime:0.000279s ]
INFO: [ app_begin ] --END-- [ RunTime:0.000318s ]
NOTIC: [8] Undefined index: type /yjdata/www/pile/Application/Home/Controller/IndexController.class.php 第 25 行.
SQL: SHOW COLUMNS FROM `eriko_disc` [ RunTime:0.0035s ]
NOTIC: [8] Undefined variable: where /yjdata/www/pile/Application/Home/Controller/IndexController.class.php 第 28 行.
SQL: SELECT * FROM `eriko_disc` ORDER BY rtime desc  [ RunTime:0.0062s ]
INFO: [ view_parse ] --START--
INFO: [ template_filter ] --START--
INFO: Run Behavior\ContentReplaceBehavior [ RunTime:0.000074s ]
INFO: [ template_filter ] --END-- [ RunTime:0.000107s ]
INFO: Run Behavior\ParseTemplateBehavior [ RunTime:0.005715s ]
INFO: [ view_parse ] --END-- [ RunTime:0.005752s ]
INFO: [ view_filter ] --START--
INFO: Run Behavior\WriteHtmlCacheBehavior [ RunTime:0.000102s ]
INFO: [ view_filter ] --END-- [ RunTime:0.000128s ]
INFO: [ app_end ] --START--
INFO: Run Behavior\ShowPageTraceBehavior [ RunTime:0.000328s ]
INFO: [ app_end ] --END-- [ RunTime:0.000375s ]

[ 2017-05-18T16:42:09+08:00 ] 140.205.201.44 /j_acegi_security_check
INFO: [ app_init ] --START--
INFO: Run Behavior\BuildLiteBehavior [ RunTime:0.000011s ]
INFO: [ app_init ] --END-- [ RunTime:0.000232s ]
INFO: [ app_begin ] --START--
INFO: Run Behavior\ReadHtmlCacheBehavior [ RunTime:0.000294s ]
INFO: [ app_begin ] --END-- [ RunTime:0.000328s ]
ERR: 无法加载控制器:J_acegi_security_check

[ 2017-05-18T17:31:53+08:00 ] 114.215.45.101 /
INFO: [ app_init ] --START--
INFO: Run Behavior\BuildLiteBehavior [ RunTime:0.000013s ]
INFO: [ app_init ] --END-- [ RunTime:0.000253s ]
INFO: [ app_begin ] --START--
INFO: Run Behavior\ReadHtmlCacheBehavior [ RunTime:0.000330s ]
INFO: [ app_begin ] --END-- [ RunTime:0.000381s ]
NOTIC: [8] Undefined index: type /yjdata/www/pile/Application/Home/Controller/IndexController.class.php 第 25 行.
SQL: SHOW COLUMNS FROM `eriko_disc` [ RunTime:0.0028s ]
NOTIC: [8] Undefined variable: where /yjdata/www/pile/Application/Home/Controller/IndexController.class.php 第 28 行.
SQL: SELECT * FROM `eriko_disc` ORDER BY rtime desc  [ RunTime:0.0049s ]
INFO: [ view_parse ] --START--
INFO: [ template_filter ] --START--
INFO: Run Behavior\ContentReplaceBehavior [ RunTime:0.000081s ]
INFO: [ template_filter ] --END-- [ RunTime:0.000116s ]
INFO: Run Behavior\ParseTemplateBehavior [ RunTime:0.005583s ]
INFO: [ view_parse ] --END-- [ RunTime:0.005626s ]
INFO: [ view_filter ] --START--
INFO: Run Behavior\WriteHtmlCacheBehavior [ RunTime:0.000099s ]
INFO: [ view_filter ] --END-- [ RunTime:0.000125s ]

[ 2017-05-18T17:53:48+08:00 ] 66.249.69.102 /
INFO: [ app_init ] --START--
INFO: Run Behavior\BuildLiteBehavior [ RunTime:0.000011s ]
INFO: [ app_init ] --END-- [ RunTime:0.000245s ]
INFO: [ app_begin ] --START--
INFO: Run Behavior\ReadHtmlCacheBehavior [ RunTime:0.000278s ]
INFO: [ app_begin ] --END-- [ RunTime:0.000312s ]
NOTIC: [8] Undefined index: type /yjdata/www/pile/Application/Home/Controller/IndexController.class.php 第 25 行.
SQL: SHOW COLUMNS FROM `eriko_disc` [ RunTime:0.0029s ]
NOTIC: [8] Undefined variable: where /yjdata/www/pile/Application/Home/Controller/IndexController.class.php 第 28 行.
SQL: SELECT * FROM `eriko_disc` ORDER BY rtime desc  [ RunTime:0.0052s ]
INFO: [ view_parse ] --START--
INFO: [ template_filter ] --START--
INFO: Run Behavior\ContentReplaceBehavior [ RunTime:0.000083s ]
INFO: [ template_filter ] --END-- [ RunTime:0.000119s ]
INFO: Run Behavior\ParseTemplateBehavior [ RunTime:0.005849s ]
INFO: [ view_parse ] --END-- [ RunTime:0.005886s ]
INFO: [ view_filter ] --START--
INFO: Run Behavior\WriteHtmlCacheBehavior [ RunTime:0.000101s ]
INFO: [ view_filter ] --END-- [ RunTime:0.000127s ]
INFO: [ app_end ] --START--
INFO: Run Behavior\ShowPageTraceBehavior [ RunTime:0.000493s ]
INFO: [ app_end ] --END-- [ RunTime:0.000586s ]

[ 2017-05-18T19:17:49+08:00 ] 180.76.15.10 /robots.txt
INFO: [ app_init ] --START--
INFO: Run Behavior\BuildLiteBehavior [ RunTime:0.000013s ]
INFO: [ app_init ] --END-- [ RunTime:0.000238s ]
INFO: [ app_begin ] --START--
INFO: Run Behavior\ReadHtmlCacheBehavior [ RunTime:0.000288s ]
INFO: [ app_begin ] --END-- [ RunTime:0.000322s ]
ERR: 无法加载控制器:Robots.txt

[ 2017-05-18T19:17:49+08:00 ] 180.76.15.8 /robots.txt
INFO: [ app_init ] --START--
INFO: Run Behavior\BuildLiteBehavior [ RunTime:0.000009s ]
INFO: [ app_init ] --END-- [ RunTime:0.000228s ]
INFO: [ app_begin ] --START--
INFO: Run Behavior\ReadHtmlCacheBehavior [ RunTime:0.000274s ]
INFO: [ app_begin ] --END-- [ RunTime:0.000314s ]
ERR: 无法加载控制器:Robots.txt

[ 2017-05-18T19:18:24+08:00 ] 180.76.15.149 /vod-read-id-665.html
INFO: [ app_init ] --START--
INFO: Run Behavior\BuildLiteBehavior [ RunTime:0.000010s ]
INFO: [ app_init ] --END-- [ RunTime:0.000228s ]
INFO: [ app_begin ] --START--
INFO: Run Behavior\ReadHtmlCacheBehavior [ RunTime:0.000299s ]
INFO: [ app_begin ] --END-- [ RunTime:0.000335s ]
ERR: 无法加载控制器:Vod-read-id-665

[ 2017-05-18T20:45:56+08:00 ] 111.20.248.74 http://tojoki.asia/
INFO: [ app_init ] --START--
INFO: Run Behavior\BuildLiteBehavior [ RunTime:0.000011s ]
INFO: [ app_init ] --END-- [ RunTime:0.000266s ]
INFO: [ app_begin ] --START--
INFO: Run Behavior\ReadHtmlCacheBehavior [ RunTime:0.000290s ]
INFO: [ app_begin ] --END-- [ RunTime:0.000331s ]
NOTIC: [8] Undefined index: type /yjdata/www/pile/Application/Home/Controller/IndexController.class.php 第 25 行.
SQL: SHOW COLUMNS FROM `eriko_disc` [ RunTime:0.0022s ]
NOTIC: [8] Undefined variable: where /yjdata/www/pile/Application/Home/Controller/IndexController.class.php 第 28 行.
SQL: SELECT * FROM `eriko_disc` ORDER BY rtime desc  [ RunTime:0.0037s ]
INFO: [ view_parse ] --START--
INFO: [ template_filter ] --START--
INFO: Run Behavior\ContentReplaceBehavior [ RunTime:0.000075s ]
INFO: [ template_filter ] --END-- [ RunTime:0.000108s ]
INFO: Run Behavior\ParseTemplateBehavior [ RunTime:0.006102s ]
INFO: [ view_parse ] --END-- [ RunTime:0.006137s ]
INFO: [ view_filter ] --START--
INFO: Run Behavior\WriteHtmlCacheBehavior [ RunTime:0.000104s ]
INFO: [ view_filter ] --END-- [ RunTime:0.000130s ]
INFO: 
INFO: 
INFO: 

[ 2017-05-18T20:54:18+08:00 ] 101.226.68.200 /
INFO: [ app_init ] --START--
INFO: Run Behavior\BuildLiteBehavior [ RunTime:0.000010s ]
INFO: [ app_init ] --END-- [ RunTime:0.000238s ]
INFO: [ app_begin ] --START--
INFO: Run Behavior\ReadHtmlCacheBehavior [ RunTime:0.000362s ]
INFO: [ app_begin ] --END-- [ RunTime:0.000407s ]
NOTIC: [8] Undefined index: type /yjdata/www/pile/Application/Home/Controller/IndexController.class.php 第 25 行.
SQL: SHOW COLUMNS FROM `eriko_disc` [ RunTime:0.0029s ]
NOTIC: [8] Undefined variable: where /yjdata/www/pile/Application/Home/Controller/IndexController.class.php 第 28 行.
SQL: SELECT * FROM `eriko_disc` ORDER BY rtime desc  [ RunTime:0.0052s ]
INFO: [ view_parse ] --START--
INFO: [ template_filter ] --START--
INFO: Run Behavior\ContentReplaceBehavior [ RunTime:0.000080s ]
INFO: [ template_filter ] --END-- [ RunTime:0.000112s ]
INFO: Run Behavior\ParseTemplateBehavior [ RunTime:0.005571s ]
INFO: [ view_parse ] --END-- [ RunTime:0.005605s ]
INFO: [ view_filter ] --START--
INFO: Run Behavior\WriteHtmlCacheBehavior [ RunTime:0.000099s ]
INFO: [ view_filter ] --END-- [ RunTime:0.000124s ]
INFO: [ app_end ] --START--
INFO: Run Behavior\ShowPageTraceBehavior [ RunTime:0.000448s ]
INFO: [ app_end ] --END-- [ RunTime:0.000513s ]

[ 2017-05-18T21:48:34+08:00 ] 180.153.81.203 /zhuanpan/demo.html
INFO: [ app_init ] --START--
INFO: Run Behavior\BuildLiteBehavior [ RunTime:0.000011s ]
INFO: [ app_init ] --END-- [ RunTime:0.000223s ]
INFO: [ app_begin ] --START--
INFO: Run Behavior\ReadHtmlCacheBehavior [ RunTime:0.000305s ]
INFO: [ app_begin ] --END-- [ RunTime:0.000340s ]
ERR: 无法加载控制器:Zhuanpan

[ 2017-05-18T21:50:17+08:00 ] 123.125.71.110 /robots.txt
INFO: [ app_init ] --START--
INFO: Run Behavior\BuildLiteBehavior [ RunTime:0.000011s ]
INFO: [ app_init ] --END-- [ RunTime:0.000227s ]
INFO: [ app_begin ] --START--
INFO: Run Behavior\ReadHtmlCacheBehavior [ RunTime:0.000294s ]
INFO: [ app_begin ] --END-- [ RunTime:0.000329s ]
ERR: 无法加载控制器:Robots.txt

[ 2017-05-18T21:53:03+08:00 ] 220.181.108.179 /
INFO: [ app_init ] --START--
INFO: Run Behavior\BuildLiteBehavior [ RunTime:0.000010s ]
INFO: [ app_init ] --END-- [ RunTime:0.000235s ]
INFO: [ app_begin ] --START--
INFO: Run Behavior\ReadHtmlCacheBehavior [ RunTime:0.000271s ]
INFO: [ app_begin ] --END-- [ RunTime:0.000305s ]
NOTIC: [8] Undefined index: type /yjdata/www/pile/Application/Home/Controller/IndexController.class.php 第 25 行.
SQL: SHOW COLUMNS FROM `eriko_disc` [ RunTime:0.0034s ]
NOTIC: [8] Undefined variable: where /yjdata/www/pile/Application/Home/Controller/IndexController.class.php 第 28 行.
SQL: SELECT * FROM `eriko_disc` ORDER BY rtime desc  [ RunTime:0.0062s ]
INFO: [ view_parse ] --START--
INFO: [ template_filter ] --START--
INFO: Run Behavior\ContentReplaceBehavior [ RunTime:0.000080s ]
INFO: [ template_filter ] --END-- [ RunTime:0.000115s ]
INFO: Run Behavior\ParseTemplateBehavior [ RunTime:0.005760s ]
INFO: [ view_parse ] --END-- [ RunTime:0.005795s ]
INFO: [ view_filter ] --START--
INFO: Run Behavior\WriteHtmlCacheBehavior [ RunTime:0.000099s ]
INFO: [ view_filter ] --END-- [ RunTime:0.000134s ]
INFO: [ app_end ] --START--
INFO: Run Behavior\ShowPageTraceBehavior [ RunTime:0.000365s ]
INFO: [ app_end ] --END-- [ RunTime:0.000412s ]

[ 2017-05-18T23:25:21+08:00 ] 47.92.76.250 /manager/html
INFO: [ app_init ] --START--
INFO: Run Behavior\BuildLiteBehavior [ RunTime:0.000011s ]
INFO: [ app_init ] --END-- [ RunTime:0.000228s ]
INFO: [ app_begin ] --START--
INFO: Run Behavior\ReadHtmlCacheBehavior [ RunTime:0.000308s ]
INFO: [ app_begin ] --END-- [ RunTime:0.000343s ]
ERR: 无法加载控制器:Manager

