[ 2017-01-12T08:30:13+08:00 ] ::1 /lawyer/
INFO: [ app_init ] --START--
INFO: Run Behavior\BuildLiteBehavior [ RunTime:0.000018s ]
INFO: [ app_init ] --END-- [ RunTime:0.000866s ]
INFO: [ app_begin ] --START--
INFO: Run Behavior\ReadHtmlCacheBehavior [ RunTime:0.001127s ]
INFO: [ app_begin ] --END-- [ RunTime:0.001194s ]
NOTIC: [8] Undefined index: user_wechat D:\heyi\USBWebserver\root\lawyer\Application\Home\Controller\IndexController.class.php 第 9 行.
SQL: SHOW COLUMNS FROM `web_category` [ RunTime:0.1036s ]
SQL: SELECT * FROM `web_category` WHERE ( pid=0 )  [ RunTime:0.0011s ]
SQL: SELECT * FROM `web_category` WHERE ( pid=1 )  [ RunTime:0.0010s ]
SQL: SELECT * FROM `web_category` WHERE ( pid=5 )  [ RunTime:0.0009s ]
NOTIC: [8] Undefined variable: userInfo D:\heyi\USBWebserver\root\lawyer\Application\Home\Controller\IndexController.class.php 第 40 行.
INFO: [ view_parse ] --START--
INFO: [ template_filter ] --START--
INFO: Run Behavior\ContentReplaceBehavior [ RunTime:0.000211s ]
INFO: [ template_filter ] --END-- [ RunTime:0.000288s ]
NOTIC: [8] Undefined index: user_wechat D:\heyi\USBWebserver\root\lawyer\Application\Runtime\Cache\Home\2a94b8bda04ff446dcedd42276fc99ee.php 第 52 行.
NOTIC: [8] Undefined variable: userInfo D:\heyi\USBWebserver\root\lawyer\Application\Runtime\Cache\Home\2a94b8bda04ff446dcedd42276fc99ee.php 第 189 行.
NOTIC: [8] Undefined variable: userInfo D:\heyi\USBWebserver\root\lawyer\Application\Runtime\Cache\Home\2a94b8bda04ff446dcedd42276fc99ee.php 第 189 行.
INFO: Run Behavior\ParseTemplateBehavior [ RunTime:0.045406s ]
INFO: [ view_parse ] --END-- [ RunTime:0.045514s ]
INFO: [ view_filter ] --START--
INFO: Run Behavior\WriteHtmlCacheBehavior [ RunTime:0.001017s ]
INFO: [ view_filter ] --END-- [ RunTime:0.001080s ]
INFO: [ app_end ] --START--
INFO: Run Behavior\ShowPageTraceBehavior [ RunTime:0.001540s ]
INFO: [ app_end ] --END-- [ RunTime:0.001625s ]

[ 2017-01-12T08:30:16+08:00 ] ::1 /lawyer/Login/login.html
INFO: [ app_init ] --START--
INFO: Run Behavior\BuildLiteBehavior [ RunTime:0.000018s ]
INFO: [ app_init ] --END-- [ RunTime:0.000611s ]
INFO: [ app_begin ] --START--
INFO: Run Behavior\ReadHtmlCacheBehavior [ RunTime:0.000816s ]
INFO: [ app_begin ] --END-- [ RunTime:0.000880s ]
INFO: [ view_parse ] --START--
INFO: [ template_filter ] --START--
INFO: Run Behavior\ContentReplaceBehavior [ RunTime:0.000078s ]
INFO: [ template_filter ] --END-- [ RunTime:0.000138s ]
INFO: Run Behavior\ParseTemplateBehavior [ RunTime:0.009182s ]
INFO: [ view_parse ] --END-- [ RunTime:0.009277s ]
INFO: [ view_filter ] --START--
INFO: Run Behavior\WriteHtmlCacheBehavior [ RunTime:0.000778s ]
INFO: [ view_filter ] --END-- [ RunTime:0.000837s ]
INFO: [ app_end ] --START--
INFO: Run Behavior\ShowPageTraceBehavior [ RunTime:0.000904s ]
INFO: [ app_end ] --END-- [ RunTime:0.000957s ]

[ 2017-01-12T11:01:36+08:00 ] ::1 /lawyer/Home/Login/login
INFO: [ app_init ] --START--
INFO: Run Behavior\BuildLiteBehavior [ RunTime:0.000017s ]
INFO: [ app_init ] --END-- [ RunTime:0.000792s ]
INFO: [ app_begin ] --START--
INFO: Run Behavior\ReadHtmlCacheBehavior [ RunTime:0.001134s ]
INFO: [ app_begin ] --END-- [ RunTime:0.001196s ]
SQL: SHOW COLUMNS FROM `web_user` [ RunTime:0.0896s ]
SQL: SELECT * FROM `web_user` WHERE `phone` = '15004692806' AND `password` = '96e79218965eb72c92a549dd5a330112' AND `status` = 0 LIMIT 1   [ RunTime:0.0013s ]

[ 2017-01-12T11:01:38+08:00 ] ::1 /lawyer/Index/index.html
INFO: [ app_init ] --START--
INFO: Run Behavior\BuildLiteBehavior [ RunTime:0.000031s ]
INFO: [ app_init ] --END-- [ RunTime:0.000839s ]
INFO: [ app_begin ] --START--
INFO: Run Behavior\ReadHtmlCacheBehavior [ RunTime:0.000951s ]
INFO: [ app_begin ] --END-- [ RunTime:0.001057s ]
SQL: SHOW COLUMNS FROM `web_user` [ RunTime:0.0804s ]
SQL: SELECT * FROM `web_user` WHERE ( uid=10 ) LIMIT 1   [ RunTime:0.0013s ]
SQL: SHOW COLUMNS FROM `web_category` [ RunTime:0.0415s ]
SQL: SELECT * FROM `web_category` WHERE ( pid=0 )  [ RunTime:0.0011s ]
SQL: SELECT * FROM `web_category` WHERE ( pid=1 )  [ RunTime:0.0009s ]
SQL: SELECT * FROM `web_category` WHERE ( pid=5 )  [ RunTime:0.0009s ]
SQL: SHOW COLUMNS FROM `web_order` [ RunTime:0.1270s ]
SQL: SELECT * FROM `web_order` WHERE ( uid=10 and paystatus=0 ) LIMIT 1   [ RunTime:0.0012s ]
INFO: [ view_parse ] --START--
INFO: [ template_filter ] --START--
INFO: Run Behavior\ContentReplaceBehavior [ RunTime:0.000397s ]
INFO: [ template_filter ] --END-- [ RunTime:0.000550s ]
INFO: Run Behavior\ParseTemplateBehavior [ RunTime:0.033362s ]
INFO: [ view_parse ] --END-- [ RunTime:0.033580s ]
INFO: [ view_filter ] --START--
INFO: Run Behavior\WriteHtmlCacheBehavior [ RunTime:0.003754s ]
INFO: [ view_filter ] --END-- [ RunTime:0.003978s ]
INFO: [ app_end ] --START--
INFO: Run Behavior\ShowPageTraceBehavior [ RunTime:0.004160s ]
INFO: [ app_end ] --END-- [ RunTime:0.004429s ]

[ 2017-01-12T11:01:51+08:00 ] ::1 /lawyer/Login/login.html
INFO: [ app_init ] --START--
INFO: Run Behavior\BuildLiteBehavior [ RunTime:0.000027s ]
INFO: [ app_init ] --END-- [ RunTime:0.001047s ]
INFO: [ app_begin ] --START--
INFO: Run Behavior\ReadHtmlCacheBehavior [ RunTime:0.001342s ]
INFO: [ app_begin ] --END-- [ RunTime:0.001455s ]
INFO: [ view_parse ] --START--
INFO: [ template_filter ] --START--
INFO: Run Behavior\ContentReplaceBehavior [ RunTime:0.000135s ]
INFO: [ template_filter ] --END-- [ RunTime:0.000265s ]
INFO: Run Behavior\ParseTemplateBehavior [ RunTime:0.018431s ]
INFO: [ view_parse ] --END-- [ RunTime:0.018553s ]
INFO: [ view_filter ] --START--
INFO: Run Behavior\WriteHtmlCacheBehavior [ RunTime:0.000708s ]
INFO: [ view_filter ] --END-- [ RunTime:0.000784s ]
INFO: [ app_end ] --START--
INFO: Run Behavior\ShowPageTraceBehavior [ RunTime:0.001385s ]
INFO: [ app_end ] --END-- [ RunTime:0.001476s ]

[ 2017-01-12T11:02:07+08:00 ] ::1 /lawyer/Home/Login/login
INFO: [ app_init ] --START--
INFO: Run Behavior\BuildLiteBehavior [ RunTime:0.000015s ]
INFO: [ app_init ] --END-- [ RunTime:0.000675s ]
INFO: [ app_begin ] --START--
INFO: Run Behavior\ReadHtmlCacheBehavior [ RunTime:0.001011s ]
INFO: [ app_begin ] --END-- [ RunTime:0.001067s ]
SQL: SHOW COLUMNS FROM `web_user` [ RunTime:0.0212s ]
SQL: SELECT * FROM `web_user` WHERE `phone` = '15004692806' AND `password` = '96e79218965eb72c92a549dd5a330112' AND `status` = 0 LIMIT 1   [ RunTime:0.0013s ]

[ 2017-01-12T11:02:09+08:00 ] ::1 /lawyer/Index/index.html
INFO: [ app_init ] --START--
INFO: Run Behavior\BuildLiteBehavior [ RunTime:0.000017s ]
INFO: [ app_init ] --END-- [ RunTime:0.000588s ]
INFO: [ app_begin ] --START--
INFO: Run Behavior\ReadHtmlCacheBehavior [ RunTime:0.001946s ]
INFO: [ app_begin ] --END-- [ RunTime:0.002049s ]
SQL: SHOW COLUMNS FROM `web_user` [ RunTime:0.0199s ]
SQL: SELECT * FROM `web_user` WHERE ( uid=10 ) LIMIT 1   [ RunTime:0.0008s ]
SQL: SHOW COLUMNS FROM `web_category` [ RunTime:0.0140s ]
SQL: SELECT * FROM `web_category` WHERE ( pid=0 )  [ RunTime:0.0006s ]
SQL: SELECT * FROM `web_category` WHERE ( pid=1 )  [ RunTime:0.0006s ]
SQL: SELECT * FROM `web_category` WHERE ( pid=5 )  [ RunTime:0.0006s ]
SQL: SHOW COLUMNS FROM `web_order` [ RunTime:0.0109s ]
SQL: SELECT * FROM `web_order` WHERE ( uid=10 and paystatus=0 ) LIMIT 1   [ RunTime:0.0005s ]
INFO: [ view_parse ] --START--
INFO: [ template_filter ] --START--
INFO: Run Behavior\ContentReplaceBehavior [ RunTime:0.000147s ]
INFO: [ template_filter ] --END-- [ RunTime:0.000205s ]
INFO: Run Behavior\ParseTemplateBehavior [ RunTime:0.011791s ]
INFO: [ view_parse ] --END-- [ RunTime:0.011855s ]
INFO: [ view_filter ] --START--
INFO: Run Behavior\WriteHtmlCacheBehavior [ RunTime:0.000753s ]
INFO: [ view_filter ] --END-- [ RunTime:0.000800s ]
INFO: [ app_end ] --START--
INFO: Run Behavior\ShowPageTraceBehavior [ RunTime:0.001119s ]
INFO: [ app_end ] --END-- [ RunTime:0.001179s ]

[ 2017-01-12T11:21:42+08:00 ] ::1 /lawyer/Wallet/index.html
INFO: [ app_init ] --START--
INFO: Run Behavior\BuildLiteBehavior [ RunTime:0.000019s ]
INFO: [ app_init ] --END-- [ RunTime:0.000689s ]
INFO: [ app_begin ] --START--
INFO: Run Behavior\ReadHtmlCacheBehavior [ RunTime:0.001366s ]
INFO: [ app_begin ] --END-- [ RunTime:0.001444s ]
SQL: SHOW COLUMNS FROM `web_order` [ RunTime:0.0225s ]
SQL: SELECT * FROM `web_order` WHERE ( uid=10 and paystatus=0 ) LIMIT 1   [ RunTime:0.0015s ]
INFO: [ view_parse ] --START--
INFO: [ template_filter ] --START--
INFO: Run Behavior\ContentReplaceBehavior [ RunTime:0.000206s ]
INFO: [ template_filter ] --END-- [ RunTime:0.000391s ]
INFO: Run Behavior\ParseTemplateBehavior [ RunTime:0.044014s ]
INFO: [ view_parse ] --END-- [ RunTime:0.044180s ]
INFO: [ view_filter ] --START--
INFO: Run Behavior\WriteHtmlCacheBehavior [ RunTime:0.001849s ]
INFO: [ view_filter ] --END-- [ RunTime:0.001981s ]
INFO: [ app_end ] --START--
INFO: Run Behavior\ShowPageTraceBehavior [ RunTime:0.004834s ]
INFO: [ app_end ] --END-- [ RunTime:0.004937s ]

[ 2017-01-12T11:21:44+08:00 ] ::1 /lawyer/Home/Wallet/invoices
INFO: [ app_init ] --START--
INFO: Run Behavior\BuildLiteBehavior [ RunTime:0.000019s ]
INFO: [ app_init ] --END-- [ RunTime:0.000681s ]
INFO: [ app_begin ] --START--
INFO: Run Behavior\ReadHtmlCacheBehavior [ RunTime:0.001019s ]
INFO: [ app_begin ] --END-- [ RunTime:0.001092s ]
SQL: SHOW COLUMNS FROM `web_order` [ RunTime:0.0270s ]
SQL: SELECT * FROM `web_order` WHERE ( uid=10 and paystatus=0 ) LIMIT 1   [ RunTime:0.0010s ]
ERR: 非法操作:invoices

[ 2017-01-12T14:16:58+08:00 ] ::1 /lawyer/Index/index.html
INFO: [ app_init ] --START--
INFO: Run Behavior\BuildLiteBehavior [ RunTime:0.000029s ]
INFO: [ app_init ] --END-- [ RunTime:0.001159s ]
INFO: [ app_begin ] --START--
INFO: Run Behavior\ReadHtmlCacheBehavior [ RunTime:0.001268s ]
INFO: [ app_begin ] --END-- [ RunTime:0.001345s ]
SQL: SHOW COLUMNS FROM `web_user` [ RunTime:0.0284s ]
SQL: SELECT * FROM `web_user` WHERE ( uid=10 ) LIMIT 1   [ RunTime:0.0016s ]
SQL: SHOW COLUMNS FROM `web_category` [ RunTime:0.0158s ]
SQL: SELECT * FROM `web_category` WHERE ( pid=0 )  [ RunTime:0.0006s ]
SQL: SELECT * FROM `web_category` WHERE ( pid=1 )  [ RunTime:0.0005s ]
SQL: SELECT * FROM `web_category` WHERE ( pid=5 )  [ RunTime:0.0006s ]
SQL: SHOW COLUMNS FROM `web_order` [ RunTime:0.0131s ]
SQL: SELECT * FROM `web_order` WHERE ( uid=10 and paystatus=0 ) LIMIT 1   [ RunTime:0.0009s ]
INFO: [ view_parse ] --START--
INFO: [ template_filter ] --START--
INFO: Run Behavior\ContentReplaceBehavior [ RunTime:0.000231s ]
INFO: [ template_filter ] --END-- [ RunTime:0.000320s ]
INFO: Run Behavior\ParseTemplateBehavior [ RunTime:0.018966s ]
INFO: [ view_parse ] --END-- [ RunTime:0.019236s ]
INFO: [ view_filter ] --START--
INFO: Run Behavior\WriteHtmlCacheBehavior [ RunTime:0.001425s ]
INFO: [ view_filter ] --END-- [ RunTime:0.001511s ]
INFO: [ app_end ] --START--
INFO: Run Behavior\ShowPageTraceBehavior [ RunTime:0.001919s ]
INFO: [ app_end ] --END-- [ RunTime:0.002032s ]

[ 2017-01-12T14:26:45+08:00 ] ::1 /lawyer/Index/index.html
INFO: [ app_init ] --START--
INFO: Run Behavior\BuildLiteBehavior [ RunTime:0.000072s ]
INFO: [ app_init ] --END-- [ RunTime:0.001005s ]
INFO: [ app_begin ] --START--
INFO: Run Behavior\ReadHtmlCacheBehavior [ RunTime:0.000997s ]
INFO: [ app_begin ] --END-- [ RunTime:0.001061s ]
SQL: SHOW COLUMNS FROM `web_user` [ RunTime:0.0196s ]
SQL: SELECT * FROM `web_user` WHERE ( uid=10 ) LIMIT 1   [ RunTime:0.0008s ]
SQL: SHOW COLUMNS FROM `web_category` [ RunTime:0.0131s ]
SQL: SELECT * FROM `web_category` WHERE ( pid=0 )  [ RunTime:0.0006s ]
SQL: SELECT * FROM `web_category` WHERE ( pid=1 )  [ RunTime:0.0006s ]
SQL: SELECT * FROM `web_category` WHERE ( pid=5 )  [ RunTime:0.0006s ]
SQL: SHOW COLUMNS FROM `web_order` [ RunTime:0.0122s ]
SQL: SELECT * FROM `web_order` WHERE ( uid=10 and paystatus=0 ) LIMIT 1   [ RunTime:0.0005s ]
INFO: [ view_parse ] --START--
INFO: [ template_filter ] --START--
INFO: Run Behavior\ContentReplaceBehavior [ RunTime:0.000125s ]
INFO: [ template_filter ] --END-- [ RunTime:0.000190s ]
INFO: Run Behavior\ParseTemplateBehavior [ RunTime:0.010389s ]
INFO: [ view_parse ] --END-- [ RunTime:0.010451s ]
INFO: [ view_filter ] --START--
INFO: Run Behavior\WriteHtmlCacheBehavior [ RunTime:0.000861s ]
INFO: [ view_filter ] --END-- [ RunTime:0.000904s ]
INFO: [ app_end ] --START--
INFO: Run Behavior\ShowPageTraceBehavior [ RunTime:0.001458s ]
INFO: [ app_end ] --END-- [ RunTime:0.001568s ]

[ 2017-01-12T14:27:18+08:00 ] ::1 /lawyer/Wallet/index.html
INFO: [ app_init ] --START--
INFO: Run Behavior\BuildLiteBehavior [ RunTime:0.000024s ]
INFO: [ app_init ] --END-- [ RunTime:0.000980s ]
INFO: [ app_begin ] --START--
INFO: Run Behavior\ReadHtmlCacheBehavior [ RunTime:0.001038s ]
INFO: [ app_begin ] --END-- [ RunTime:0.001101s ]
SQL: SHOW COLUMNS FROM `web_order` [ RunTime:0.0203s ]
SQL: SELECT * FROM `web_order` WHERE ( uid=10 and paystatus=0 ) LIMIT 1   [ RunTime:0.0013s ]
INFO: [ view_parse ] --START--
INFO: [ template_filter ] --START--
INFO: Run Behavior\ContentReplaceBehavior [ RunTime:0.000110s ]
INFO: [ template_filter ] --END-- [ RunTime:0.000199s ]
INFO: Run Behavior\ParseTemplateBehavior [ RunTime:0.013417s ]
INFO: [ view_parse ] --END-- [ RunTime:0.013551s ]
INFO: [ view_filter ] --START--
INFO: Run Behavior\WriteHtmlCacheBehavior [ RunTime:0.001206s ]
INFO: [ view_filter ] --END-- [ RunTime:0.001291s ]
INFO: [ app_end ] --START--
INFO: Run Behavior\ShowPageTraceBehavior [ RunTime:0.001499s ]
INFO: [ app_end ] --END-- [ RunTime:0.001571s ]

[ 2017-01-12T14:27:21+08:00 ] ::1 /lawyer/Home/Wallet/invoices
INFO: [ app_init ] --START--
INFO: Run Behavior\BuildLiteBehavior [ RunTime:0.000018s ]
INFO: [ app_init ] --END-- [ RunTime:0.000608s ]
INFO: [ app_begin ] --START--
INFO: Run Behavior\ReadHtmlCacheBehavior [ RunTime:0.000809s ]
INFO: [ app_begin ] --END-- [ RunTime:0.000875s ]
SQL: SHOW COLUMNS FROM `web_order` [ RunTime:0.0159s ]
SQL: SELECT * FROM `web_order` WHERE ( uid=10 and paystatus=0 ) LIMIT 1   [ RunTime:0.0010s ]
ERR: 非法操作:invoices

[ 2017-01-12T14:58:20+08:00 ] ::1 /lawyer/Home/Wallet/invoices
INFO: [ app_init ] --START--
INFO: Run Behavior\BuildLiteBehavior [ RunTime:0.000029s ]
INFO: [ app_init ] --END-- [ RunTime:0.001157s ]
INFO: [ app_begin ] --START--
INFO: Run Behavior\ReadHtmlCacheBehavior [ RunTime:0.001586s ]
INFO: [ app_begin ] --END-- [ RunTime:0.001695s ]
SQL: SHOW COLUMNS FROM `web_order` [ RunTime:0.0215s ]
SQL: SELECT * FROM `web_order` WHERE ( uid=10 and paystatus=0 ) LIMIT 1   [ RunTime:0.0008s ]

[ 2017-01-12T14:58:21+08:00 ] ::1 /lawyer/Home/Index/payNow/orderid/01170111174253397097.html
INFO: [ app_init ] --START--
INFO: Run Behavior\BuildLiteBehavior [ RunTime:0.000015s ]
INFO: [ app_init ] --END-- [ RunTime:0.000649s ]
INFO: [ app_begin ] --START--
INFO: Run Behavior\ReadHtmlCacheBehavior [ RunTime:0.000982s ]
INFO: [ app_begin ] --END-- [ RunTime:0.001050s ]
SQL: SHOW COLUMNS FROM `web_order` [ RunTime:0.0099s ]
SQL: SELECT * FROM `web_order` WHERE ( orderid=01170111174253397097 ) LIMIT 1   [ RunTime:0.0013s ]
SQL: SHOW COLUMNS FROM `web_category` [ RunTime:0.0090s ]
SQL: SELECT * FROM `web_category` WHERE ( pid=0 )  [ RunTime:0.0005s ]
SQL: SELECT * FROM `web_category` WHERE ( pid=1 )  [ RunTime:0.0004s ]
SQL: SELECT * FROM `web_category` WHERE ( pid=5 )  [ RunTime:0.0004s ]
INFO: [ view_parse ] --START--
INFO: [ template_filter ] --START--
INFO: Run Behavior\ContentReplaceBehavior [ RunTime:0.000182s ]
INFO: [ template_filter ] --END-- [ RunTime:0.000262s ]
INFO: Run Behavior\ParseTemplateBehavior [ RunTime:0.014765s ]
INFO: [ view_parse ] --END-- [ RunTime:0.014871s ]
INFO: [ view_filter ] --START--
INFO: Run Behavior\WriteHtmlCacheBehavior [ RunTime:0.001029s ]
INFO: [ view_filter ] --END-- [ RunTime:0.001097s ]
INFO: [ app_end ] --START--
INFO: Run Behavior\ShowPageTraceBehavior [ RunTime:0.001328s ]
INFO: [ app_end ] --END-- [ RunTime:0.001391s ]

[ 2017-01-12T14:59:03+08:00 ] ::1 /lawyer/Home/Index/payNow/orderid/01170111174253397097.html
INFO: [ app_init ] --START--
INFO: Run Behavior\BuildLiteBehavior [ RunTime:0.000026s ]
INFO: [ app_init ] --END-- [ RunTime:0.000820s ]
INFO: [ app_begin ] --START--
INFO: Run Behavior\ReadHtmlCacheBehavior [ RunTime:0.000780s ]
INFO: [ app_begin ] --END-- [ RunTime:0.000846s ]
SQL: SHOW COLUMNS FROM `web_order` [ RunTime:0.0110s ]
SQL: SELECT * FROM `web_order` WHERE ( orderid=01170111174253397097 ) LIMIT 1   [ RunTime:0.0009s ]
SQL: SHOW COLUMNS FROM `web_category` [ RunTime:0.0106s ]
SQL: SELECT * FROM `web_category` WHERE ( pid=0 )  [ RunTime:0.0005s ]
SQL: SELECT * FROM `web_category` WHERE ( pid=1 )  [ RunTime:0.0004s ]
SQL: SELECT * FROM `web_category` WHERE ( pid=5 )  [ RunTime:0.0004s ]
INFO: [ view_parse ] --START--
INFO: [ template_filter ] --START--
INFO: Run Behavior\ContentReplaceBehavior [ RunTime:0.000229s ]
INFO: [ template_filter ] --END-- [ RunTime:0.000335s ]
INFO: Run Behavior\ParseTemplateBehavior [ RunTime:0.014562s ]
INFO: [ view_parse ] --END-- [ RunTime:0.014657s ]
INFO: [ view_filter ] --START--
INFO: Run Behavior\WriteHtmlCacheBehavior [ RunTime:0.000802s ]
INFO: [ view_filter ] --END-- [ RunTime:0.000864s ]
INFO: [ app_end ] --START--
INFO: Run Behavior\ShowPageTraceBehavior [ RunTime:0.001137s ]
INFO: [ app_end ] --END-- [ RunTime:0.001207s ]

[ 2017-01-12T14:59:08+08:00 ] ::1 /lawyer/Home/Wallet/invoices
INFO: [ app_init ] --START--
INFO: Run Behavior\BuildLiteBehavior [ RunTime:0.000037s ]
INFO: [ app_init ] --END-- [ RunTime:0.000714s ]
INFO: [ app_begin ] --START--
INFO: Run Behavior\ReadHtmlCacheBehavior [ RunTime:0.001252s ]
INFO: [ app_begin ] --END-- [ RunTime:0.001332s ]
SQL: SHOW COLUMNS FROM `web_order` [ RunTime:0.0459s ]
SQL: SELECT * FROM `web_order` WHERE ( uid=10 and paystatus=0 ) LIMIT 1   [ RunTime:0.0012s ]
ERR: 非法操作:invoices

[ 2017-01-12T14:59:22+08:00 ] ::1 /lawyer/Wallet/index.html
INFO: [ app_init ] --START--
INFO: Run Behavior\BuildLiteBehavior [ RunTime:0.000024s ]
INFO: [ app_init ] --END-- [ RunTime:0.001932s ]
INFO: [ app_begin ] --START--
INFO: Run Behavior\ReadHtmlCacheBehavior [ RunTime:0.000787s ]
INFO: [ app_begin ] --END-- [ RunTime:0.000843s ]
SQL: SHOW COLUMNS FROM `web_order` [ RunTime:0.0171s ]
SQL: SELECT * FROM `web_order` WHERE ( uid=10 and paystatus=0 ) LIMIT 1   [ RunTime:0.0017s ]
INFO: [ view_parse ] --START--
INFO: [ template_filter ] --START--
INFO: Run Behavior\ContentReplaceBehavior [ RunTime:0.000141s ]
INFO: [ template_filter ] --END-- [ RunTime:0.000265s ]
INFO: Run Behavior\ParseTemplateBehavior [ RunTime:0.020382s ]
INFO: [ view_parse ] --END-- [ RunTime:0.020505s ]
INFO: [ view_filter ] --START--
INFO: Run Behavior\WriteHtmlCacheBehavior [ RunTime:0.001508s ]
INFO: [ view_filter ] --END-- [ RunTime:0.001618s ]
INFO: [ app_end ] --START--
INFO: Run Behavior\ShowPageTraceBehavior [ RunTime:0.002237s ]
INFO: [ app_end ] --END-- [ RunTime:0.002395s ]

[ 2017-01-12T14:59:24+08:00 ] ::1 /lawyer/Home/Wallet/invoicesList
INFO: [ app_init ] --START--
INFO: Run Behavior\BuildLiteBehavior [ RunTime:0.000017s ]
INFO: [ app_init ] --END-- [ RunTime:0.000852s ]
INFO: [ app_begin ] --START--
INFO: Run Behavior\ReadHtmlCacheBehavior [ RunTime:0.001276s ]
INFO: [ app_begin ] --END-- [ RunTime:0.001366s ]
SQL: SHOW COLUMNS FROM `web_order` [ RunTime:0.0343s ]
SQL: SELECT * FROM `web_order` WHERE ( uid=10 and paystatus=0 ) LIMIT 1   [ RunTime:0.0022s ]
ERR: 1054:Unknown column 'is_invoice' in 'where clause'
 [ SQL语句 ] : SELECT * FROM web_order o WHERE ( uid=10 and is_invoice=0 and status=4 ) 
ERR: 1054:Unknown column 'is_invoice' in 'where clause'
 [ SQL语句 ] : SELECT * FROM web_order o WHERE ( uid=10 and is_invoice=0 and status=4 ) 

[ 2017-01-12T14:59:40+08:00 ] ::1 /lawyer/Home/Wallet/invoicesList
INFO: [ app_init ] --START--
INFO: Run Behavior\BuildLiteBehavior [ RunTime:0.000021s ]
INFO: [ app_init ] --END-- [ RunTime:0.000720s ]
INFO: [ app_begin ] --START--
INFO: Run Behavior\ReadHtmlCacheBehavior [ RunTime:0.001054s ]
INFO: [ app_begin ] --END-- [ RunTime:0.001134s ]
SQL: SHOW COLUMNS FROM `web_order` [ RunTime:0.0559s ]
SQL: SELECT * FROM `web_order` WHERE ( uid=10 and paystatus=0 ) LIMIT 1   [ RunTime:0.0017s ]
SQL: SELECT * FROM web_order o WHERE ( uid=10 and isinvoice=0 and status=4 )  [ RunTime:0.0027s ]

[ 2017-01-12T15:21:15+08:00 ] ::1 /lawyer/Home/Wallet/invoicesList
INFO: [ app_init ] --START--
INFO: Run Behavior\BuildLiteBehavior [ RunTime:0.000068s ]
INFO: [ app_init ] --END-- [ RunTime:0.001175s ]
INFO: [ app_begin ] --START--
INFO: Run Behavior\ReadHtmlCacheBehavior [ RunTime:0.000969s ]
INFO: [ app_begin ] --END-- [ RunTime:0.001035s ]

[ 2017-01-12T15:21:42+08:00 ] ::1 /lawyer/Home/Wallet/invoicesList
INFO: [ app_init ] --START--
INFO: Run Behavior\BuildLiteBehavior [ RunTime:0.000016s ]
INFO: [ app_init ] --END-- [ RunTime:0.000724s ]
INFO: [ app_begin ] --START--
INFO: Run Behavior\ReadHtmlCacheBehavior [ RunTime:0.001017s ]
INFO: [ app_begin ] --END-- [ RunTime:0.001079s ]
SQL: SHOW COLUMNS FROM `web_order` [ RunTime:0.0329s ]
SQL: SELECT * FROM `web_order` WHERE ( uid=10 and paystatus=0 ) LIMIT 1   [ RunTime:0.0015s ]
SQL: SELECT * FROM web_order o WHERE ( uid=10 and isinvoice=0 and status=4 )  [ RunTime:0.0023s ]
SQL: SELECT `ctime` FROM web_order o WHERE ( uid=10 and isinvoice=0 and status=4 )  [ RunTime:0.0009s ]

[ 2017-01-12T15:24:43+08:00 ] ::1 /lawyer/Home/Wallet/invoicesList
INFO: [ app_init ] --START--
INFO: Run Behavior\BuildLiteBehavior [ RunTime:0.000032s ]
INFO: [ app_init ] --END-- [ RunTime:0.001030s ]
INFO: [ app_begin ] --START--
INFO: Run Behavior\ReadHtmlCacheBehavior [ RunTime:0.001078s ]
INFO: [ app_begin ] --END-- [ RunTime:0.001151s ]
SQL: SHOW COLUMNS FROM `web_order` [ RunTime:0.0285s ]
SQL: SELECT * FROM `web_order` WHERE ( uid=10 and paystatus=0 ) LIMIT 1   [ RunTime:0.0012s ]
SQL: SELECT * FROM web_order o WHERE ( uid=10 and isinvoice=0 and status=4 )  [ RunTime:0.0017s ]
SQL: SELECT `ctime` FROM web_order o WHERE ( uid=10 and isinvoice=0 and status=4 )  [ RunTime:0.0007s ]

[ 2017-01-12T15:25:05+08:00 ] ::1 /lawyer/Home/Wallet/invoicesList
INFO: [ app_init ] --START--
INFO: Run Behavior\BuildLiteBehavior [ RunTime:0.000016s ]
INFO: [ app_init ] --END-- [ RunTime:0.000679s ]
INFO: [ app_begin ] --START--
INFO: Run Behavior\ReadHtmlCacheBehavior [ RunTime:0.000867s ]
INFO: [ app_begin ] --END-- [ RunTime:0.000931s ]
SQL: SHOW COLUMNS FROM `web_order` [ RunTime:0.0174s ]
SQL: SELECT * FROM `web_order` WHERE ( uid=10 and paystatus=0 ) LIMIT 1   [ RunTime:0.0026s ]
SQL: SELECT * FROM web_order o WHERE ( uid=10 and isinvoice=0 and status=4 )  [ RunTime:0.0036s ]
SQL: SELECT `ctime` FROM web_order o WHERE ( uid=10 and isinvoice=0 and status=4 )  [ RunTime:0.0012s ]

[ 2017-01-12T15:31:57+08:00 ] ::1 /lawyer/Home/Wallet/invoicesList
INFO: [ app_init ] --START--
INFO: Run Behavior\BuildLiteBehavior [ RunTime:0.000020s ]
INFO: [ app_init ] --END-- [ RunTime:0.000730s ]
INFO: [ app_begin ] --START--
INFO: Run Behavior\ReadHtmlCacheBehavior [ RunTime:0.000985s ]
INFO: [ app_begin ] --END-- [ RunTime:0.001058s ]
SQL: SHOW COLUMNS FROM `web_order` [ RunTime:0.0128s ]
SQL: SELECT * FROM `web_order` WHERE ( uid=10 and paystatus=0 ) LIMIT 1   [ RunTime:0.0015s ]
SQL: SELECT * FROM web_order o WHERE ( uid=10 and isinvoice=0 and status=4 )  [ RunTime:0.0022s ]
SQL: SELECT `ctime` FROM web_order o WHERE ( uid=10 and isinvoice=0 and status=4 )  [ RunTime:0.0008s ]

[ 2017-01-12T15:32:26+08:00 ] ::1 /lawyer/Home/Wallet/invoicesList
INFO: [ app_init ] --START--
INFO: Run Behavior\BuildLiteBehavior [ RunTime:0.000019s ]
INFO: [ app_init ] --END-- [ RunTime:0.000656s ]
INFO: [ app_begin ] --START--
INFO: Run Behavior\ReadHtmlCacheBehavior [ RunTime:0.000812s ]
INFO: [ app_begin ] --END-- [ RunTime:0.000869s ]
SQL: SHOW COLUMNS FROM `web_order` [ RunTime:0.0353s ]
SQL: SELECT * FROM `web_order` WHERE ( uid=10 and paystatus=0 ) LIMIT 1   [ RunTime:0.0016s ]
SQL: SELECT * FROM web_order o WHERE ( uid=10 and isinvoice=0 and status=4 )  [ RunTime:0.0024s ]
SQL: SELECT `ctime` FROM web_order o WHERE ( uid=10 and isinvoice=0 and status=4 )  [ RunTime:0.0008s ]
NOTIC: [2] Illegal string offset 'ctime' D:\heyi\USBWebserver\root\lawyer\Application\Home\Controller\WalletController.class.php 第 41 行.
NOTIC: [2] Illegal string offset 'ctime' D:\heyi\USBWebserver\root\lawyer\Application\Home\Controller\WalletController.class.php 第 41 行.
NOTIC: [2] Illegal string offset 'ctime' D:\heyi\USBWebserver\root\lawyer\Application\Home\Controller\WalletController.class.php 第 41 行.
NOTIC: [2] Illegal string offset 'ctime' D:\heyi\USBWebserver\root\lawyer\Application\Home\Controller\WalletController.class.php 第 41 行.
NOTIC: [2] Illegal string offset 'ctime' D:\heyi\USBWebserver\root\lawyer\Application\Home\Controller\WalletController.class.php 第 41 行.
NOTIC: [2] Illegal string offset 'ctime' D:\heyi\USBWebserver\root\lawyer\Application\Home\Controller\WalletController.class.php 第 41 行.
NOTIC: [2] Illegal string offset 'ctime' D:\heyi\USBWebserver\root\lawyer\Application\Home\Controller\WalletController.class.php 第 41 行.
NOTIC: [2] Illegal string offset 'ctime' D:\heyi\USBWebserver\root\lawyer\Application\Home\Controller\WalletController.class.php 第 41 行.
NOTIC: [2] Illegal string offset 'ctime' D:\heyi\USBWebserver\root\lawyer\Application\Home\Controller\WalletController.class.php 第 41 行.
NOTIC: [2] Illegal string offset 'ctime' D:\heyi\USBWebserver\root\lawyer\Application\Home\Controller\WalletController.class.php 第 41 行.
NOTIC: [2] Illegal string offset 'ctime' D:\heyi\USBWebserver\root\lawyer\Application\Home\Controller\WalletController.class.php 第 41 行.
NOTIC: [2] Illegal string offset 'ctime' D:\heyi\USBWebserver\root\lawyer\Application\Home\Controller\WalletController.class.php 第 41 行.
NOTIC: [2] Illegal string offset 'ctime' D:\heyi\USBWebserver\root\lawyer\Application\Home\Controller\WalletController.class.php 第 41 行.
NOTIC: [2] Illegal string offset 'ctime' D:\heyi\USBWebserver\root\lawyer\Application\Home\Controller\WalletController.class.php 第 41 行.
NOTIC: [2] Illegal string offset 'ctime' D:\heyi\USBWebserver\root\lawyer\Application\Home\Controller\WalletController.class.php 第 41 行.
NOTIC: [2] Illegal string offset 'ctime' D:\heyi\USBWebserver\root\lawyer\Application\Home\Controller\WalletController.class.php 第 41 行.
NOTIC: [2] Illegal string offset 'ctime' D:\heyi\USBWebserver\root\lawyer\Application\Home\Controller\WalletController.class.php 第 41 行.
NOTIC: [2] Illegal string offset 'ctime' D:\heyi\USBWebserver\root\lawyer\Application\Home\Controller\WalletController.class.php 第 41 行.
NOTIC: [2] Illegal string offset 'ctime' D:\heyi\USBWebserver\root\lawyer\Application\Home\Controller\WalletController.class.php 第 41 行.
NOTIC: [2] Illegal string offset 'ctime' D:\heyi\USBWebserver\root\lawyer\Application\Home\Controller\WalletController.class.php 第 41 行.
NOTIC: [2] Illegal string offset 'ctime' D:\heyi\USBWebserver\root\lawyer\Application\Home\Controller\WalletController.class.php 第 41 行.
NOTIC: [2] Illegal string offset 'ctime' D:\heyi\USBWebserver\root\lawyer\Application\Home\Controller\WalletController.class.php 第 41 行.
NOTIC: [2] Illegal string offset 'ctime' D:\heyi\USBWebserver\root\lawyer\Application\Home\Controller\WalletController.class.php 第 41 行.
NOTIC: [2] Illegal string offset 'ctime' D:\heyi\USBWebserver\root\lawyer\Application\Home\Controller\WalletController.class.php 第 41 行.
NOTIC: [2] Illegal string offset 'ctime' D:\heyi\USBWebserver\root\lawyer\Application\Home\Controller\WalletController.class.php 第 41 行.
NOTIC: [2] Illegal string offset 'ctime' D:\heyi\USBWebserver\root\lawyer\Application\Home\Controller\WalletController.class.php 第 41 行.
NOTIC: [2] Illegal string offset 'ctime' D:\heyi\USBWebserver\root\lawyer\Application\Home\Controller\WalletController.class.php 第 41 行.
NOTIC: [2] Illegal string offset 'ctime' D:\heyi\USBWebserver\root\lawyer\Application\Home\Controller\WalletController.class.php 第 41 行.
NOTIC: [2] Illegal string offset 'ctime' D:\heyi\USBWebserver\root\lawyer\Application\Home\Controller\WalletController.class.php 第 41 行.
NOTIC: [2] Illegal string offset 'ctime' D:\heyi\USBWebserver\root\lawyer\Application\Home\Controller\WalletController.class.php 第 41 行.
NOTIC: [2] Illegal string offset 'ctime' D:\heyi\USBWebserver\root\lawyer\Application\Home\Controller\WalletController.class.php 第 41 行.

[ 2017-01-12T15:33:27+08:00 ] ::1 /lawyer/Home/Wallet/invoicesList
INFO: [ app_init ] --START--
INFO: Run Behavior\BuildLiteBehavior [ RunTime:0.000021s ]
INFO: [ app_init ] --END-- [ RunTime:0.000879s ]
INFO: [ app_begin ] --START--
INFO: Run Behavior\ReadHtmlCacheBehavior [ RunTime:0.000939s ]
INFO: [ app_begin ] --END-- [ RunTime:0.001025s ]
SQL: SHOW COLUMNS FROM `web_order` [ RunTime:0.0129s ]
SQL: SELECT * FROM `web_order` WHERE ( uid=10 and paystatus=0 ) LIMIT 1   [ RunTime:0.0014s ]
SQL: SELECT * FROM web_order o WHERE ( uid=10 and isinvoice=0 and status=4 )  [ RunTime:0.0022s ]
SQL: SELECT `ctime` FROM web_order o WHERE ( uid=10 and isinvoice=0 and status=4 )  [ RunTime:0.0010s ]

[ 2017-01-12T16:16:10+08:00 ] ::1 /lawyer/Home/Wallet/invoicesList
INFO: [ app_init ] --START--
INFO: Run Behavior\BuildLiteBehavior [ RunTime:0.000018s ]
INFO: [ app_init ] --END-- [ RunTime:0.002148s ]
INFO: [ app_begin ] --START--
INFO: Run Behavior\ReadHtmlCacheBehavior [ RunTime:0.001590s ]
INFO: [ app_begin ] --END-- [ RunTime:0.001754s ]
SQL: SHOW COLUMNS FROM `web_order` [ RunTime:0.0214s ]
SQL: SELECT * FROM `web_order` WHERE ( uid=10 and paystatus=0 ) LIMIT 1   [ RunTime:0.0023s ]
ERR: 1052:Column 'uid' in where clause is ambiguous
 [ SQL语句 ] : SELECT o.*,l.rname as lawyer_name FROM web_order o left join web_lawyer l on o.lawyer_id=l.uid  WHERE ( uid=10 and isinvoice=0 and status=4 ) 
ERR: 1052:Column 'uid' in where clause is ambiguous
 [ SQL语句 ] : SELECT o.*,l.rname as lawyer_name FROM web_order o left join web_lawyer l on o.lawyer_id=l.uid  WHERE ( uid=10 and isinvoice=0 and status=4 ) 

[ 2017-01-12T16:16:16+08:00 ] ::1 /lawyer/Home/Wallet/invoicesList
INFO: [ app_init ] --START--
INFO: Run Behavior\BuildLiteBehavior [ RunTime:0.000021s ]
INFO: [ app_init ] --END-- [ RunTime:0.000633s ]
INFO: [ app_begin ] --START--
INFO: Run Behavior\ReadHtmlCacheBehavior [ RunTime:0.000779s ]
INFO: [ app_begin ] --END-- [ RunTime:0.000840s ]
SQL: SHOW COLUMNS FROM `web_order` [ RunTime:0.0110s ]
SQL: SELECT * FROM `web_order` WHERE ( uid=10 and paystatus=0 ) LIMIT 1   [ RunTime:0.0012s ]
ERR: 1052:Column 'uid' in where clause is ambiguous
 [ SQL语句 ] : SELECT o.*,l.rname as lawyer_name FROM web_order o left join web_lawyer l on o.lawyer_id=l.uid  WHERE ( uid=10 and isinvoice=0 and status=4 ) 
ERR: 1052:Column 'uid' in where clause is ambiguous
 [ SQL语句 ] : SELECT o.*,l.rname as lawyer_name FROM web_order o left join web_lawyer l on o.lawyer_id=l.uid  WHERE ( uid=10 and isinvoice=0 and status=4 ) 

[ 2017-01-12T16:16:40+08:00 ] ::1 /lawyer/Home/Wallet/invoicesList
INFO: [ app_init ] --START--
INFO: Run Behavior\BuildLiteBehavior [ RunTime:0.000015s ]
INFO: [ app_init ] --END-- [ RunTime:0.000639s ]
INFO: [ app_begin ] --START--
INFO: Run Behavior\ReadHtmlCacheBehavior [ RunTime:0.000838s ]
INFO: [ app_begin ] --END-- [ RunTime:0.000899s ]
SQL: SHOW COLUMNS FROM `web_order` [ RunTime:0.0325s ]
SQL: SELECT * FROM `web_order` WHERE ( uid=10 and paystatus=0 ) LIMIT 1   [ RunTime:0.0014s ]
ERR: 1052:Column 'status' in where clause is ambiguous
 [ SQL语句 ] : SELECT o.*,l.rname as lawyer_name FROM web_order o left join web_lawyer l on o.lawyer_id=l.uid  WHERE ( o.uid=10 and isinvoice=0 and status=4 ) 
ERR: 1052:Column 'status' in where clause is ambiguous
 [ SQL语句 ] : SELECT o.*,l.rname as lawyer_name FROM web_order o left join web_lawyer l on o.lawyer_id=l.uid  WHERE ( o.uid=10 and isinvoice=0 and status=4 ) 

[ 2017-01-12T16:16:51+08:00 ] ::1 /lawyer/Home/Wallet/invoicesList
INFO: [ app_init ] --START--
INFO: Run Behavior\BuildLiteBehavior [ RunTime:0.000019s ]
INFO: [ app_init ] --END-- [ RunTime:0.000630s ]
INFO: [ app_begin ] --START--
INFO: Run Behavior\ReadHtmlCacheBehavior [ RunTime:0.001574s ]
INFO: [ app_begin ] --END-- [ RunTime:0.001928s ]
SQL: SHOW COLUMNS FROM `web_order` [ RunTime:0.0203s ]
SQL: SELECT * FROM `web_order` WHERE ( uid=10 and paystatus=0 ) LIMIT 1   [ RunTime:0.0017s ]
ERR: 1054:Unknown column 'o.lawyer_id' in 'on clause'
 [ SQL语句 ] : SELECT o.*,l.rname as lawyer_name FROM web_order o left join web_lawyer l on o.lawyer_id=l.uid  WHERE ( o.uid=10 and isinvoice=0 and o.status=4 ) 
ERR: 1054:Unknown column 'o.lawyer_id' in 'on clause'
 [ SQL语句 ] : SELECT o.*,l.rname as lawyer_name FROM web_order o left join web_lawyer l on o.lawyer_id=l.uid  WHERE ( o.uid=10 and isinvoice=0 and o.status=4 ) 

[ 2017-01-12T16:17:19+08:00 ] ::1 /lawyer/Home/Wallet/invoicesList
INFO: [ app_init ] --START--
INFO: Run Behavior\BuildLiteBehavior [ RunTime:0.000032s ]
INFO: [ app_init ] --END-- [ RunTime:0.000660s ]
INFO: [ app_begin ] --START--
INFO: Run Behavior\ReadHtmlCacheBehavior [ RunTime:0.000815s ]
INFO: [ app_begin ] --END-- [ RunTime:0.000876s ]
SQL: SHOW COLUMNS FROM `web_order` [ RunTime:0.0288s ]
SQL: SELECT * FROM `web_order` WHERE ( uid=10 and paystatus=0 ) LIMIT 1   [ RunTime:0.0012s ]
SQL: SELECT o.*,l.rname as lawyer_name FROM web_order o left join web_lawyer l on o.lawyerid=l.uid  WHERE ( o.uid=10 and isinvoice=0 and o.status=4 )  [ RunTime:0.0020s ]
SQL: SELECT `ctime` FROM web_order o WHERE ( uid=10 and isinvoice=0 and status=4 )  [ RunTime:0.0006s ]

[ 2017-01-12T16:17:49+08:00 ] ::1 /lawyer/Home/Wallet/invoicesList
INFO: [ app_init ] --START--
INFO: Run Behavior\BuildLiteBehavior [ RunTime:0.000025s ]
INFO: [ app_init ] --END-- [ RunTime:0.000875s ]
INFO: [ app_begin ] --START--
INFO: Run Behavior\ReadHtmlCacheBehavior [ RunTime:0.001238s ]
INFO: [ app_begin ] --END-- [ RunTime:0.001332s ]
SQL: SHOW COLUMNS FROM `web_order` [ RunTime:0.0102s ]
SQL: SELECT * FROM `web_order` WHERE ( uid=10 and paystatus=0 ) LIMIT 1   [ RunTime:0.0014s ]
SQL: SELECT o.*,l.rname as lawyer_name FROM web_order o left join web_lawyer l on o.lawyerid=l.uid  WHERE ( o.uid=10 and isinvoice=0 and o.status=4 )  [ RunTime:0.0019s ]
SQL: SELECT `ctime` FROM web_order o WHERE ( uid=10 and isinvoice=0 and status=4 )  [ RunTime:0.0006s ]

[ 2017-01-12T16:18:23+08:00 ] ::1 /lawyer/Home/Wallet/invoicesList
INFO: [ app_init ] --START--
INFO: Run Behavior\BuildLiteBehavior [ RunTime:0.000016s ]
INFO: [ app_init ] --END-- [ RunTime:0.000700s ]
INFO: [ app_begin ] --START--
INFO: Run Behavior\ReadHtmlCacheBehavior [ RunTime:0.001161s ]
INFO: [ app_begin ] --END-- [ RunTime:0.001259s ]
SQL: SHOW COLUMNS FROM `web_order` [ RunTime:0.0289s ]
SQL: SELECT * FROM `web_order` WHERE ( uid=10 and paystatus=0 ) LIMIT 1   [ RunTime:0.0011s ]
SQL: SELECT o.*,l.rname as lawyer_name FROM web_order o left join web_lawyer l on o.lawyerid=l.uid  WHERE ( o.uid=10 and isinvoice=0 and o.status=4 )  [ RunTime:0.0016s ]
SQL: SELECT `ctime` FROM web_order o WHERE ( uid=10 and isinvoice=0 and status=4 )  [ RunTime:0.0006s ]

[ 2017-01-12T16:21:08+08:00 ] ::1 /lawyer/Home/Wallet/invoicesList
INFO: [ app_init ] --START--
INFO: Run Behavior\BuildLiteBehavior [ RunTime:0.000019s ]
INFO: [ app_init ] --END-- [ RunTime:0.000771s ]
INFO: [ app_begin ] --START--
INFO: Run Behavior\ReadHtmlCacheBehavior [ RunTime:0.001094s ]
INFO: [ app_begin ] --END-- [ RunTime:0.001160s ]
SQL: SHOW COLUMNS FROM `web_order` [ RunTime:0.0347s ]
SQL: SELECT * FROM `web_order` WHERE ( uid=10 and paystatus=0 ) LIMIT 1   [ RunTime:0.0013s ]
SQL: SELECT o.*,l.rname as lawyer_name FROM web_order o left join web_lawyer l on o.lawyerid=l.uid  WHERE ( o.uid=10 and isinvoice=0 and o.status=4 )  [ RunTime:0.0023s ]
SQL: SELECT `ctime` FROM web_order o WHERE ( uid=10 and isinvoice=0 and status=4 )  [ RunTime:0.0008s ]
INFO: [ view_parse ] --START--
INFO: [ template_filter ] --START--
INFO: Run Behavior\ContentReplaceBehavior [ RunTime:0.000154s ]
INFO: [ template_filter ] --END-- [ RunTime:0.000246s ]

[ 2017-01-12T16:22:25+08:00 ] ::1 /lawyer/Home/Wallet/invoicesList
INFO: [ app_init ] --START--
INFO: Run Behavior\BuildLiteBehavior [ RunTime:0.000034s ]
INFO: [ app_init ] --END-- [ RunTime:0.000725s ]
INFO: [ app_begin ] --START--
INFO: Run Behavior\ReadHtmlCacheBehavior [ RunTime:0.000906s ]
INFO: [ app_begin ] --END-- [ RunTime:0.000974s ]
SQL: SHOW COLUMNS FROM `web_order` [ RunTime:0.0288s ]
SQL: SELECT * FROM `web_order` WHERE ( uid=10 and paystatus=0 ) LIMIT 1   [ RunTime:0.0060s ]
SQL: SELECT o.*,l.rname as lawyer_name FROM web_order o left join web_lawyer l on o.lawyerid=l.uid  WHERE ( o.uid=10 and isinvoice=0 and o.status=4 )  [ RunTime:0.0053s ]
SQL: SELECT `ctime` FROM web_order o WHERE ( uid=10 and isinvoice=0 and status=4 )  [ RunTime:0.0015s ]
INFO: [ view_parse ] --START--
INFO: [ template_filter ] --START--
INFO: Run Behavior\ContentReplaceBehavior [ RunTime:0.000121s ]
INFO: [ template_filter ] --END-- [ RunTime:0.000190s ]

[ 2017-01-12T16:22:56+08:00 ] ::1 /lawyer/Home/Wallet/invoicesList
INFO: [ app_init ] --START--
INFO: Run Behavior\BuildLiteBehavior [ RunTime:0.000024s ]
INFO: [ app_init ] --END-- [ RunTime:0.001289s ]
INFO: [ app_begin ] --START--
INFO: Run Behavior\ReadHtmlCacheBehavior [ RunTime:0.000797s ]
INFO: [ app_begin ] --END-- [ RunTime:0.000858s ]
SQL: SHOW COLUMNS FROM `web_order` [ RunTime:0.0105s ]
SQL: SELECT * FROM `web_order` WHERE ( uid=10 and paystatus=0 ) LIMIT 1   [ RunTime:0.0011s ]
SQL: SELECT o.*,l.rname as lawyer_name FROM web_order o left join web_lawyer l on o.lawyerid=l.uid  WHERE ( o.uid=10 and isinvoice=0 and o.status=4 )  [ RunTime:0.0022s ]
SQL: SELECT `ctime` FROM web_order o WHERE ( uid=10 and isinvoice=0 and status=4 )  [ RunTime:0.0006s ]
INFO: [ view_parse ] --START--
INFO: [ template_filter ] --START--
INFO: Run Behavior\ContentReplaceBehavior [ RunTime:0.000136s ]
INFO: [ template_filter ] --END-- [ RunTime:0.000224s ]

[ 2017-01-12T16:23:18+08:00 ] ::1 /lawyer/Home/Wallet/invoicesList
INFO: [ app_init ] --START--
INFO: Run Behavior\BuildLiteBehavior [ RunTime:0.000016s ]
INFO: [ app_init ] --END-- [ RunTime:0.000723s ]
INFO: [ app_begin ] --START--
INFO: Run Behavior\ReadHtmlCacheBehavior [ RunTime:0.001101s ]
INFO: [ app_begin ] --END-- [ RunTime:0.001194s ]
SQL: SHOW COLUMNS FROM `web_order` [ RunTime:0.0339s ]
SQL: SELECT * FROM `web_order` WHERE ( uid=10 and paystatus=0 ) LIMIT 1   [ RunTime:0.0017s ]
SQL: SELECT o.*,l.rname as lawyer_name FROM web_order o left join web_lawyer l on o.lawyerid=l.uid  WHERE ( o.uid=10 and isinvoice=0 and o.status=4 )  [ RunTime:0.0027s ]
SQL: SELECT `ctime` FROM web_order o WHERE ( uid=10 and isinvoice=0 and status=4 )  [ RunTime:0.0009s ]
INFO: [ view_parse ] --START--
INFO: [ template_filter ] --START--
INFO: Run Behavior\ContentReplaceBehavior [ RunTime:0.000145s ]
INFO: [ template_filter ] --END-- [ RunTime:0.000228s ]
INFO: Run Behavior\ParseTemplateBehavior [ RunTime:0.020896s ]
INFO: [ view_parse ] --END-- [ RunTime:0.021004s ]
INFO: [ view_filter ] --START--
INFO: Run Behavior\WriteHtmlCacheBehavior [ RunTime:0.000938s ]
INFO: [ view_filter ] --END-- [ RunTime:0.000997s ]
INFO: [ app_end ] --START--
INFO: Run Behavior\ShowPageTraceBehavior [ RunTime:0.001778s ]
INFO: [ app_end ] --END-- [ RunTime:0.001861s ]

[ 2017-01-12T16:24:36+08:00 ] ::1 /lawyer/Home/Wallet/invoicesList
INFO: [ app_init ] --START--
INFO: Run Behavior\BuildLiteBehavior [ RunTime:0.000016s ]
INFO: [ app_init ] --END-- [ RunTime:0.000665s ]
INFO: [ app_begin ] --START--
INFO: Run Behavior\ReadHtmlCacheBehavior [ RunTime:0.000836s ]
INFO: [ app_begin ] --END-- [ RunTime:0.000900s ]
SQL: SHOW COLUMNS FROM `web_order` [ RunTime:0.0110s ]
SQL: SELECT * FROM `web_order` WHERE ( uid=10 and paystatus=0 ) LIMIT 1   [ RunTime:0.0016s ]
SQL: SELECT o.*,l.rname as lawyer_name FROM web_order o left join web_lawyer l on o.lawyerid=l.uid  WHERE ( o.uid=10 and isinvoice=0 and o.status=4 )  [ RunTime:0.0017s ]
SQL: SELECT `ctime` FROM web_order o WHERE ( uid=10 and isinvoice=0 and status=4 )  [ RunTime:0.0006s ]
INFO: [ view_parse ] --START--
INFO: [ template_filter ] --START--
INFO: Run Behavior\ContentReplaceBehavior [ RunTime:0.000112s ]
INFO: [ template_filter ] --END-- [ RunTime:0.000192s ]
INFO: Run Behavior\ParseTemplateBehavior [ RunTime:0.014087s ]
INFO: [ view_parse ] --END-- [ RunTime:0.014157s ]
INFO: [ view_filter ] --START--
INFO: Run Behavior\WriteHtmlCacheBehavior [ RunTime:0.000611s ]
INFO: [ view_filter ] --END-- [ RunTime:0.000673s ]
INFO: [ app_end ] --START--
INFO: Run Behavior\ShowPageTraceBehavior [ RunTime:0.001023s ]
INFO: [ app_end ] --END-- [ RunTime:0.001108s ]

[ 2017-01-12T16:26:38+08:00 ] ::1 /lawyer/Home/Wallet/invoicesList
INFO: [ app_init ] --START--
INFO: Run Behavior\BuildLiteBehavior [ RunTime:0.000020s ]
INFO: [ app_init ] --END-- [ RunTime:0.000819s ]
INFO: [ app_begin ] --START--
INFO: Run Behavior\ReadHtmlCacheBehavior [ RunTime:0.001198s ]
INFO: [ app_begin ] --END-- [ RunTime:0.001284s ]
SQL: SHOW COLUMNS FROM `web_order` [ RunTime:0.0327s ]
SQL: SELECT * FROM `web_order` WHERE ( uid=10 and paystatus=0 ) LIMIT 1   [ RunTime:0.0029s ]
SQL: SELECT o.*,l.rname as lawyer_name FROM web_order o left join web_lawyer l on o.lawyerid=l.uid  WHERE ( o.uid=10 and isinvoice=0 and o.status=4 )  [ RunTime:0.0034s ]
SQL: SELECT `ctime` FROM web_order o WHERE ( uid=10 and isinvoice=0 and status=4 ) ORDER BY ctime desc  [ RunTime:0.0012s ]
INFO: [ view_parse ] --START--
INFO: [ template_filter ] --START--
INFO: Run Behavior\ContentReplaceBehavior [ RunTime:0.000171s ]
INFO: [ template_filter ] --END-- [ RunTime:0.000276s ]
INFO: Run Behavior\ParseTemplateBehavior [ RunTime:0.016386s ]
INFO: [ view_parse ] --END-- [ RunTime:0.016481s ]
INFO: [ view_filter ] --START--
INFO: Run Behavior\WriteHtmlCacheBehavior [ RunTime:0.000959s ]
INFO: [ view_filter ] --END-- [ RunTime:0.001020s ]
INFO: [ app_end ] --START--
INFO: Run Behavior\ShowPageTraceBehavior [ RunTime:0.001684s ]
INFO: [ app_end ] --END-- [ RunTime:0.001790s ]

[ 2017-01-12T16:28:30+08:00 ] ::1 /lawyer/Home/Wallet/invoicesList
INFO: [ app_init ] --START--
INFO: Run Behavior\BuildLiteBehavior [ RunTime:0.000017s ]
INFO: [ app_init ] --END-- [ RunTime:0.000773s ]
INFO: [ app_begin ] --START--
INFO: Run Behavior\ReadHtmlCacheBehavior [ RunTime:0.001079s ]
INFO: [ app_begin ] --END-- [ RunTime:0.001145s ]
SQL: SHOW COLUMNS FROM `web_order` [ RunTime:0.0236s ]
SQL: SELECT * FROM `web_order` WHERE ( uid=10 and paystatus=0 ) LIMIT 1   [ RunTime:0.0025s ]
SQL: SELECT o.*,l.rname as lawyer_name FROM web_order o left join web_lawyer l on o.lawyerid=l.uid  WHERE ( o.uid=10 and isinvoice=0 and o.status=4 )  [ RunTime:0.0021s ]
SQL: SELECT `ctime` FROM web_order o WHERE ( uid=10 and isinvoice=0 and status=4 ) ORDER BY ctime desc  [ RunTime:0.0006s ]
INFO: [ view_parse ] --START--
INFO: [ template_filter ] --START--
INFO: Run Behavior\ContentReplaceBehavior [ RunTime:0.000156s ]
INFO: [ template_filter ] --END-- [ RunTime:0.000269s ]
INFO: Run Behavior\ParseTemplateBehavior [ RunTime:0.012899s ]
INFO: [ view_parse ] --END-- [ RunTime:0.012976s ]
INFO: [ view_filter ] --START--
INFO: Run Behavior\WriteHtmlCacheBehavior [ RunTime:0.000939s ]
INFO: [ view_filter ] --END-- [ RunTime:0.001000s ]
INFO: [ app_end ] --START--
INFO: Run Behavior\ShowPageTraceBehavior [ RunTime:0.001391s ]
INFO: [ app_end ] --END-- [ RunTime:0.001466s ]

[ 2017-01-12T16:31:36+08:00 ] ::1 /lawyer/Home/Wallet/invoicesList
INFO: [ app_init ] --START--
INFO: Run Behavior\BuildLiteBehavior [ RunTime:0.000015s ]
INFO: [ app_init ] --END-- [ RunTime:0.000718s ]
INFO: [ app_begin ] --START--
INFO: Run Behavior\ReadHtmlCacheBehavior [ RunTime:0.001120s ]
INFO: [ app_begin ] --END-- [ RunTime:0.001199s ]
SQL: SHOW COLUMNS FROM `web_order` [ RunTime:0.1188s ]
SQL: SELECT * FROM `web_order` WHERE ( uid=10 and paystatus=0 ) LIMIT 1   [ RunTime:0.0009s ]
SQL: SELECT o.*,l.rname as lawyer_name FROM web_order o left join web_lawyer l on o.lawyerid=l.uid  WHERE ( o.uid=10 and isinvoice=0 and o.status=4 )  [ RunTime:0.0010s ]
SQL: SELECT `ctime` FROM web_order o WHERE ( uid=10 and isinvoice=0 and status=4 ) ORDER BY ctime desc  [ RunTime:0.0004s ]
INFO: [ view_parse ] --START--
INFO: [ template_filter ] --START--
INFO: Run Behavior\ContentReplaceBehavior [ RunTime:0.000098s ]
INFO: [ template_filter ] --END-- [ RunTime:0.000164s ]
INFO: Run Behavior\ParseTemplateBehavior [ RunTime:0.010340s ]
INFO: [ view_parse ] --END-- [ RunTime:0.010409s ]
INFO: [ view_filter ] --START--
INFO: Run Behavior\WriteHtmlCacheBehavior [ RunTime:0.000774s ]
INFO: [ view_filter ] --END-- [ RunTime:0.000842s ]
INFO: [ app_end ] --START--
INFO: Run Behavior\ShowPageTraceBehavior [ RunTime:0.001695s ]
INFO: [ app_end ] --END-- [ RunTime:0.001784s ]

[ 2017-01-12T16:32:48+08:00 ] ::1 /lawyer/Home/Wallet/invoicesList
INFO: [ app_init ] --START--
INFO: Run Behavior\BuildLiteBehavior [ RunTime:0.000030s ]
INFO: [ app_init ] --END-- [ RunTime:0.001230s ]
INFO: [ app_begin ] --START--
INFO: Run Behavior\ReadHtmlCacheBehavior [ RunTime:0.001905s ]
INFO: [ app_begin ] --END-- [ RunTime:0.002005s ]
SQL: SHOW COLUMNS FROM `web_order` [ RunTime:0.0114s ]
SQL: SELECT * FROM `web_order` WHERE ( uid=10 and paystatus=0 ) LIMIT 1   [ RunTime:0.0012s ]
SQL: SELECT o.*,l.rname as lawyer_name FROM web_order o left join web_lawyer l on o.lawyerid=l.uid  WHERE ( o.uid=10 and isinvoice=0 and o.status=4 )  [ RunTime:0.0014s ]
SQL: SELECT `ctime` FROM web_order o WHERE ( uid=10 and isinvoice=0 and status=4 ) ORDER BY ctime desc  [ RunTime:0.0008s ]
INFO: [ view_parse ] --START--
INFO: [ template_filter ] --START--
INFO: Run Behavior\ContentReplaceBehavior [ RunTime:0.000130s ]
INFO: [ template_filter ] --END-- [ RunTime:0.000230s ]
INFO: Run Behavior\ParseTemplateBehavior [ RunTime:0.014787s ]
INFO: [ view_parse ] --END-- [ RunTime:0.014890s ]
INFO: [ view_filter ] --START--
INFO: Run Behavior\WriteHtmlCacheBehavior [ RunTime:0.000956s ]
INFO: [ view_filter ] --END-- [ RunTime:0.001032s ]
INFO: [ app_end ] --START--
INFO: Run Behavior\ShowPageTraceBehavior [ RunTime:0.001425s ]
INFO: [ app_end ] --END-- [ RunTime:0.001517s ]

[ 2017-01-12T16:35:09+08:00 ] ::1 /lawyer/Home/Wallet/invoicesList
INFO: [ app_init ] --START--
INFO: Run Behavior\BuildLiteBehavior [ RunTime:0.000015s ]
INFO: [ app_init ] --END-- [ RunTime:0.000642s ]
INFO: [ app_begin ] --START--
INFO: Run Behavior\ReadHtmlCacheBehavior [ RunTime:0.001052s ]
INFO: [ app_begin ] --END-- [ RunTime:0.001114s ]
SQL: SHOW COLUMNS FROM `web_order` [ RunTime:0.0132s ]
SQL: SELECT * FROM `web_order` WHERE ( uid=10 and paystatus=0 ) LIMIT 1   [ RunTime:0.0013s ]
SQL: SELECT o.*,l.rname as lawyer_name FROM web_order o left join web_lawyer l on o.lawyerid=l.uid  WHERE ( o.uid=10 and isinvoice=0 and o.status=4 )  [ RunTime:0.0019s ]
SQL: SELECT `ctime` FROM web_order o WHERE ( uid=10 and isinvoice=0 and status=4 ) ORDER BY ctime desc  [ RunTime:0.0008s ]
INFO: [ view_parse ] --START--
INFO: [ template_filter ] --START--
INFO: Run Behavior\ContentReplaceBehavior [ RunTime:0.000133s ]
INFO: [ template_filter ] --END-- [ RunTime:0.000213s ]
INFO: Run Behavior\ParseTemplateBehavior [ RunTime:0.014376s ]
INFO: [ view_parse ] --END-- [ RunTime:0.014489s ]
INFO: [ view_filter ] --START--
INFO: Run Behavior\WriteHtmlCacheBehavior [ RunTime:0.001479s ]
INFO: [ view_filter ] --END-- [ RunTime:0.001637s ]
INFO: [ app_end ] --START--
INFO: Run Behavior\ShowPageTraceBehavior [ RunTime:0.002134s ]
INFO: [ app_end ] --END-- [ RunTime:0.002249s ]

[ 2017-01-12T16:35:29+08:00 ] ::1 /lawyer/Home/Wallet/invoicesList
INFO: [ app_init ] --START--
INFO: Run Behavior\BuildLiteBehavior [ RunTime:0.000017s ]
INFO: [ app_init ] --END-- [ RunTime:0.000782s ]
INFO: [ app_begin ] --START--
INFO: Run Behavior\ReadHtmlCacheBehavior [ RunTime:0.001047s ]
INFO: [ app_begin ] --END-- [ RunTime:0.001121s ]
SQL: SHOW COLUMNS FROM `web_order` [ RunTime:0.0212s ]
SQL: SELECT * FROM `web_order` WHERE ( uid=10 and paystatus=0 ) LIMIT 1   [ RunTime:0.0017s ]
SQL: SELECT o.*,l.rname as lawyer_name FROM web_order o left join web_lawyer l on o.lawyerid=l.uid  WHERE ( o.uid=10 and isinvoice=0 and o.status=4 )  [ RunTime:0.0023s ]
SQL: SELECT `ctime` FROM web_order o WHERE ( uid=10 and isinvoice=0 and status=4 ) ORDER BY ctime desc  [ RunTime:0.0010s ]
INFO: [ view_parse ] --START--
INFO: [ template_filter ] --START--
INFO: Run Behavior\ContentReplaceBehavior [ RunTime:0.000113s ]
INFO: [ template_filter ] --END-- [ RunTime:0.000190s ]
INFO: Run Behavior\ParseTemplateBehavior [ RunTime:0.023596s ]
INFO: [ view_parse ] --END-- [ RunTime:0.023718s ]
INFO: [ view_filter ] --START--
INFO: Run Behavior\WriteHtmlCacheBehavior [ RunTime:0.000940s ]
INFO: [ view_filter ] --END-- [ RunTime:0.001004s ]
INFO: [ app_end ] --START--
INFO: Run Behavior\ShowPageTraceBehavior [ RunTime:0.001457s ]
INFO: [ app_end ] --END-- [ RunTime:0.001535s ]

[ 2017-01-12T16:36:57+08:00 ] ::1 /lawyer/Home/Wallet/invoicesList
INFO: [ app_init ] --START--
INFO: Run Behavior\BuildLiteBehavior [ RunTime:0.000016s ]
INFO: [ app_init ] --END-- [ RunTime:0.000650s ]
INFO: [ app_begin ] --START--
INFO: Run Behavior\ReadHtmlCacheBehavior [ RunTime:0.000954s ]
INFO: [ app_begin ] --END-- [ RunTime:0.001032s ]
SQL: SHOW COLUMNS FROM `web_order` [ RunTime:0.0349s ]
SQL: SELECT * FROM `web_order` WHERE ( uid=10 and paystatus=0 ) LIMIT 1   [ RunTime:0.0014s ]
SQL: SELECT o.*,l.rname as lawyer_name FROM web_order o left join web_lawyer l on o.lawyerid=l.uid  WHERE ( o.uid=10 and isinvoice=0 and o.status=4 )  [ RunTime:0.0019s ]
SQL: SELECT `ctime` FROM web_order o WHERE ( uid=10 and isinvoice=0 and status=4 ) ORDER BY ctime desc  [ RunTime:0.0010s ]
INFO: [ view_parse ] --START--
INFO: [ template_filter ] --START--
INFO: Run Behavior\ContentReplaceBehavior [ RunTime:0.000093s ]
INFO: [ template_filter ] --END-- [ RunTime:0.000156s ]
INFO: Run Behavior\ParseTemplateBehavior [ RunTime:0.032282s ]
INFO: [ view_parse ] --END-- [ RunTime:0.032365s ]
INFO: [ view_filter ] --START--
INFO: Run Behavior\WriteHtmlCacheBehavior [ RunTime:0.000935s ]
INFO: [ view_filter ] --END-- [ RunTime:0.000986s ]
INFO: [ app_end ] --START--
INFO: Run Behavior\ShowPageTraceBehavior [ RunTime:0.001279s ]
INFO: [ app_end ] --END-- [ RunTime:0.001343s ]

[ 2017-01-12T16:40:16+08:00 ] ::1 /lawyer/Home/Wallet/invoicesList
INFO: [ app_init ] --START--
INFO: Run Behavior\BuildLiteBehavior [ RunTime:0.000022s ]
INFO: [ app_init ] --END-- [ RunTime:0.000991s ]
INFO: [ app_begin ] --START--
INFO: Run Behavior\ReadHtmlCacheBehavior [ RunTime:0.000966s ]
INFO: [ app_begin ] --END-- [ RunTime:0.001024s ]
SQL: SHOW COLUMNS FROM `web_order` [ RunTime:0.0177s ]
SQL: SELECT * FROM `web_order` WHERE ( uid=10 and paystatus=0 ) LIMIT 1   [ RunTime:0.0020s ]
SQL: SELECT o.*,l.rname as lawyer_name FROM web_order o left join web_lawyer l on o.lawyerid=l.uid  WHERE ( o.uid=10 and isinvoice=0 and o.status=4 )  [ RunTime:0.0016s ]
SQL: SELECT `ctime` FROM web_order o WHERE ( uid=10 and isinvoice=0 and status=4 ) ORDER BY ctime desc  [ RunTime:0.0008s ]
INFO: [ view_parse ] --START--
INFO: [ template_filter ] --START--
INFO: Run Behavior\ContentReplaceBehavior [ RunTime:0.000073s ]
INFO: [ template_filter ] --END-- [ RunTime:0.000123s ]
INFO: Run Behavior\ParseTemplateBehavior [ RunTime:0.011609s ]
INFO: [ view_parse ] --END-- [ RunTime:0.011702s ]
INFO: [ view_filter ] --START--
INFO: Run Behavior\WriteHtmlCacheBehavior [ RunTime:0.000671s ]
INFO: [ view_filter ] --END-- [ RunTime:0.000712s ]
INFO: [ app_end ] --START--
INFO: Run Behavior\ShowPageTraceBehavior [ RunTime:0.001127s ]
INFO: [ app_end ] --END-- [ RunTime:0.001188s ]

[ 2017-01-12T16:40:36+08:00 ] ::1 /lawyer/Home/Wallet/invoicesList
INFO: [ app_init ] --START--
INFO: Run Behavior\BuildLiteBehavior [ RunTime:0.000015s ]
INFO: [ app_init ] --END-- [ RunTime:0.000712s ]
INFO: [ app_begin ] --START--
INFO: Run Behavior\ReadHtmlCacheBehavior [ RunTime:0.001390s ]
INFO: [ app_begin ] --END-- [ RunTime:0.001510s ]
SQL: SHOW COLUMNS FROM `web_order` [ RunTime:0.0358s ]
SQL: SELECT * FROM `web_order` WHERE ( uid=10 and paystatus=0 ) LIMIT 1   [ RunTime:0.0014s ]
SQL: SELECT o.*,l.rname as lawyer_name FROM web_order o left join web_lawyer l on o.lawyerid=l.uid  WHERE ( o.uid=10 and isinvoice=0 and o.status=4 )  [ RunTime:0.0016s ]
SQL: SELECT `ctime` FROM web_order o WHERE ( uid=10 and isinvoice=0 and status=4 ) ORDER BY ctime desc  [ RunTime:0.0008s ]
INFO: [ view_parse ] --START--
INFO: [ template_filter ] --START--
INFO: Run Behavior\ContentReplaceBehavior [ RunTime:0.000179s ]
INFO: [ template_filter ] --END-- [ RunTime:0.000300s ]
INFO: Run Behavior\ParseTemplateBehavior [ RunTime:0.020130s ]
INFO: [ view_parse ] --END-- [ RunTime:0.020236s ]
INFO: [ view_filter ] --START--
INFO: Run Behavior\WriteHtmlCacheBehavior [ RunTime:0.001037s ]
INFO: [ view_filter ] --END-- [ RunTime:0.001105s ]
INFO: [ app_end ] --START--
INFO: Run Behavior\ShowPageTraceBehavior [ RunTime:0.001682s ]
INFO: [ app_end ] --END-- [ RunTime:0.001788s ]

[ 2017-01-12T16:42:02+08:00 ] ::1 /lawyer/Home/Wallet/invoicesList
INFO: [ app_init ] --START--
INFO: Run Behavior\BuildLiteBehavior [ RunTime:0.000027s ]
INFO: [ app_init ] --END-- [ RunTime:0.000732s ]
INFO: [ app_begin ] --START--
INFO: Run Behavior\ReadHtmlCacheBehavior [ RunTime:0.005745s ]
INFO: [ app_begin ] --END-- [ RunTime:0.005873s ]
SQL: SHOW COLUMNS FROM `web_order` [ RunTime:0.0578s ]
SQL: SELECT * FROM `web_order` WHERE ( uid=10 and paystatus=0 ) LIMIT 1   [ RunTime:0.0017s ]
SQL: SELECT o.*,l.rname as lawyer_name FROM web_order o left join web_lawyer l on o.lawyerid=l.uid  WHERE ( o.uid=10 and isinvoice=0 and o.status=4 )  [ RunTime:0.0017s ]
SQL: SELECT `ctime` FROM web_order o WHERE ( uid=10 and isinvoice=0 and status=4 ) ORDER BY ctime desc  [ RunTime:0.0008s ]
INFO: [ view_parse ] --START--
INFO: [ template_filter ] --START--
INFO: Run Behavior\ContentReplaceBehavior [ RunTime:0.000113s ]
INFO: [ template_filter ] --END-- [ RunTime:0.000194s ]
INFO: Run Behavior\ParseTemplateBehavior [ RunTime:0.016425s ]
INFO: [ view_parse ] --END-- [ RunTime:0.016541s ]
INFO: [ view_filter ] --START--
INFO: Run Behavior\WriteHtmlCacheBehavior [ RunTime:0.000839s ]
INFO: [ view_filter ] --END-- [ RunTime:0.000892s ]
INFO: [ app_end ] --START--
INFO: Run Behavior\ShowPageTraceBehavior [ RunTime:0.001756s ]
INFO: [ app_end ] --END-- [ RunTime:0.001840s ]

[ 2017-01-12T16:43:01+08:00 ] ::1 /lawyer/Home/Wallet/invoicesList
INFO: [ app_init ] --START--
INFO: Run Behavior\BuildLiteBehavior [ RunTime:0.000017s ]
INFO: [ app_init ] --END-- [ RunTime:0.000767s ]
INFO: [ app_begin ] --START--
INFO: Run Behavior\ReadHtmlCacheBehavior [ RunTime:0.001036s ]
INFO: [ app_begin ] --END-- [ RunTime:0.001098s ]
SQL: SHOW COLUMNS FROM `web_order` [ RunTime:0.0373s ]
SQL: SELECT * FROM `web_order` WHERE ( uid=10 and paystatus=0 ) LIMIT 1   [ RunTime:0.0017s ]
SQL: SELECT o.*,l.rname as lawyer_name FROM web_order o left join web_lawyer l on o.lawyerid=l.uid  WHERE ( o.uid=10 and isinvoice=0 and o.status=4 )  [ RunTime:0.0016s ]
SQL: SELECT `ctime` FROM web_order o WHERE ( uid=10 and isinvoice=0 and status=4 ) ORDER BY ctime desc  [ RunTime:0.0007s ]
INFO: [ view_parse ] --START--
INFO: [ template_filter ] --START--
INFO: Run Behavior\ContentReplaceBehavior [ RunTime:0.000097s ]
INFO: [ template_filter ] --END-- [ RunTime:0.000163s ]
INFO: Run Behavior\ParseTemplateBehavior [ RunTime:0.015150s ]
INFO: [ view_parse ] --END-- [ RunTime:0.015244s ]
INFO: [ view_filter ] --START--
INFO: Run Behavior\WriteHtmlCacheBehavior [ RunTime:0.001015s ]
INFO: [ view_filter ] --END-- [ RunTime:0.001097s ]
INFO: [ app_end ] --START--
INFO: Run Behavior\ShowPageTraceBehavior [ RunTime:0.001600s ]
INFO: [ app_end ] --END-- [ RunTime:0.001676s ]

[ 2017-01-12T16:45:11+08:00 ] ::1 /lawyer/Home/Wallet/invoicesList
INFO: [ app_init ] --START--
INFO: Run Behavior\BuildLiteBehavior [ RunTime:0.000037s ]
INFO: [ app_init ] --END-- [ RunTime:0.001047s ]
INFO: [ app_begin ] --START--
INFO: Run Behavior\ReadHtmlCacheBehavior [ RunTime:0.001153s ]
INFO: [ app_begin ] --END-- [ RunTime:0.001226s ]
SQL: SHOW COLUMNS FROM `web_order` [ RunTime:0.0129s ]
SQL: SELECT * FROM `web_order` WHERE ( uid=10 and paystatus=0 ) LIMIT 1   [ RunTime:0.0013s ]
SQL: SELECT o.*,l.rname as lawyer_name FROM web_order o left join web_lawyer l on o.lawyerid=l.uid  WHERE ( o.uid=10 and isinvoice=0 and o.status=4 )  [ RunTime:0.0013s ]
SQL: SELECT `ctime` FROM web_order o WHERE ( uid=10 and isinvoice=0 and status=4 ) ORDER BY ctime desc  [ RunTime:0.0006s ]
INFO: [ view_parse ] --START--
INFO: [ template_filter ] --START--
INFO: Run Behavior\ContentReplaceBehavior [ RunTime:0.000132s ]
INFO: [ template_filter ] --END-- [ RunTime:0.000232s ]
INFO: Run Behavior\ParseTemplateBehavior [ RunTime:0.016630s ]
INFO: [ view_parse ] --END-- [ RunTime:0.016720s ]
INFO: [ view_filter ] --START--
INFO: Run Behavior\WriteHtmlCacheBehavior [ RunTime:0.001210s ]
INFO: [ view_filter ] --END-- [ RunTime:0.001308s ]
INFO: [ app_end ] --START--
INFO: Run Behavior\ShowPageTraceBehavior [ RunTime:0.001943s ]
INFO: [ app_end ] --END-- [ RunTime:0.002095s ]

[ 2017-01-12T16:52:37+08:00 ] ::1 /lawyer/Home/Wallet/invoicesList
INFO: [ app_init ] --START--
INFO: Run Behavior\BuildLiteBehavior [ RunTime:0.000017s ]
INFO: [ app_init ] --END-- [ RunTime:0.000699s ]
INFO: [ app_begin ] --START--
INFO: Run Behavior\ReadHtmlCacheBehavior [ RunTime:0.001037s ]
INFO: [ app_begin ] --END-- [ RunTime:0.001103s ]
SQL: SHOW COLUMNS FROM `web_order` [ RunTime:0.0107s ]
SQL: SELECT * FROM `web_order` WHERE ( uid=10 and paystatus=0 ) LIMIT 1   [ RunTime:0.0012s ]
SQL: SELECT o.*,l.rname as lawyer_name FROM web_order o left join web_lawyer l on o.lawyerid=l.uid  WHERE ( o.uid=10 and isinvoice=0 and o.status=4 )  [ RunTime:0.0011s ]
SQL: SELECT `ctime` FROM web_order o WHERE ( uid=10 and isinvoice=0 and status=4 ) ORDER BY ctime desc  [ RunTime:0.0008s ]
INFO: [ view_parse ] --START--
INFO: [ template_filter ] --START--
INFO: Run Behavior\ContentReplaceBehavior [ RunTime:0.000126s ]
INFO: [ template_filter ] --END-- [ RunTime:0.000228s ]
INFO: Run Behavior\ParseTemplateBehavior [ RunTime:0.015503s ]
INFO: [ view_parse ] --END-- [ RunTime:0.015593s ]
INFO: [ view_filter ] --START--
INFO: Run Behavior\WriteHtmlCacheBehavior [ RunTime:0.001025s ]
INFO: [ view_filter ] --END-- [ RunTime:0.001094s ]
INFO: [ app_end ] --START--
INFO: Run Behavior\ShowPageTraceBehavior [ RunTime:0.001647s ]
INFO: [ app_end ] --END-- [ RunTime:0.001734s ]

[ 2017-01-12T16:55:49+08:00 ] ::1 /lawyer/Home/Wallet/invoicesList
INFO: [ app_init ] --START--
INFO: Run Behavior\BuildLiteBehavior [ RunTime:0.000016s ]
INFO: [ app_init ] --END-- [ RunTime:0.000732s ]
INFO: [ app_begin ] --START--
INFO: Run Behavior\ReadHtmlCacheBehavior [ RunTime:0.001049s ]
INFO: [ app_begin ] --END-- [ RunTime:0.001111s ]
SQL: SHOW COLUMNS FROM `web_order` [ RunTime:0.0293s ]
SQL: SELECT * FROM `web_order` WHERE ( uid=10 and paystatus=0 ) LIMIT 1   [ RunTime:0.0009s ]
SQL: SELECT o.*,l.rname as lawyer_name FROM web_order o left join web_lawyer l on o.lawyerid=l.uid  WHERE ( o.uid=10 and isinvoice=0 and o.status=4 )  [ RunTime:0.0010s ]
SQL: SELECT `ctime` FROM web_order o WHERE ( uid=10 and isinvoice=0 and status=4 ) ORDER BY ctime desc  [ RunTime:0.0007s ]
INFO: [ view_parse ] --START--
INFO: [ template_filter ] --START--
INFO: Run Behavior\ContentReplaceBehavior [ RunTime:0.000105s ]
INFO: [ template_filter ] --END-- [ RunTime:0.000176s ]
INFO: Run Behavior\ParseTemplateBehavior [ RunTime:0.012155s ]
INFO: [ view_parse ] --END-- [ RunTime:0.012227s ]
INFO: [ view_filter ] --START--
INFO: Run Behavior\WriteHtmlCacheBehavior [ RunTime:0.000684s ]
INFO: [ view_filter ] --END-- [ RunTime:0.000726s ]
INFO: [ app_end ] --START--
INFO: Run Behavior\ShowPageTraceBehavior [ RunTime:0.001179s ]
INFO: [ app_end ] --END-- [ RunTime:0.001272s ]

[ 2017-01-12T16:58:50+08:00 ] ::1 /lawyer/Home/Wallet/invoicesList
INFO: [ app_init ] --START--
INFO: Run Behavior\BuildLiteBehavior [ RunTime:0.000065s ]
INFO: [ app_init ] --END-- [ RunTime:0.000959s ]
INFO: [ app_begin ] --START--
INFO: Run Behavior\ReadHtmlCacheBehavior [ RunTime:0.001063s ]
INFO: [ app_begin ] --END-- [ RunTime:0.001199s ]
SQL: SHOW COLUMNS FROM `web_order` [ RunTime:0.0209s ]
SQL: SELECT * FROM `web_order` WHERE ( uid=10 and paystatus=0 ) LIMIT 1   [ RunTime:0.0016s ]
SQL: SELECT o.*,l.rname as lawyer_name FROM web_order o left join web_lawyer l on o.lawyerid=l.uid  WHERE ( o.uid=10 and isinvoice=0 and o.status=4 )  [ RunTime:0.0017s ]
SQL: SELECT `ctime` FROM web_order o WHERE ( uid=10 and isinvoice=0 and status=4 ) ORDER BY ctime desc  [ RunTime:0.0008s ]
INFO: [ view_parse ] --START--
INFO: [ template_filter ] --START--
INFO: Run Behavior\ContentReplaceBehavior [ RunTime:0.000168s ]
INFO: [ template_filter ] --END-- [ RunTime:0.000280s ]
INFO: Run Behavior\ParseTemplateBehavior [ RunTime:0.017261s ]
INFO: [ view_parse ] --END-- [ RunTime:0.017365s ]
INFO: [ view_filter ] --START--
INFO: Run Behavior\WriteHtmlCacheBehavior [ RunTime:0.000997s ]
INFO: [ view_filter ] --END-- [ RunTime:0.001084s ]
INFO: [ app_end ] --START--
INFO: Run Behavior\ShowPageTraceBehavior [ RunTime:0.001620s ]
INFO: [ app_end ] --END-- [ RunTime:0.001717s ]

[ 2017-01-12T17:00:21+08:00 ] ::1 /lawyer/Home/Wallet/invoicesList
INFO: [ app_init ] --START--
INFO: Run Behavior\BuildLiteBehavior [ RunTime:0.000020s ]
INFO: [ app_init ] --END-- [ RunTime:0.000804s ]
INFO: [ app_begin ] --START--
INFO: Run Behavior\ReadHtmlCacheBehavior [ RunTime:0.001187s ]
INFO: [ app_begin ] --END-- [ RunTime:0.001270s ]
SQL: SHOW COLUMNS FROM `web_order` [ RunTime:0.0348s ]
SQL: SELECT * FROM `web_order` WHERE ( uid=10 and paystatus=0 ) LIMIT 1   [ RunTime:0.0014s ]
SQL: SELECT o.*,l.rname as lawyer_name FROM web_order o left join web_lawyer l on o.lawyerid=l.uid  WHERE ( o.uid=10 and isinvoice=0 and o.status=4 )  [ RunTime:0.0015s ]
SQL: SELECT `ctime` FROM web_order o WHERE ( uid=10 and isinvoice=0 and status=4 ) ORDER BY ctime desc  [ RunTime:0.0008s ]
INFO: [ view_parse ] --START--
INFO: [ template_filter ] --START--
INFO: Run Behavior\ContentReplaceBehavior [ RunTime:0.000237s ]
INFO: [ template_filter ] --END-- [ RunTime:0.000406s ]
INFO: Run Behavior\ParseTemplateBehavior [ RunTime:0.021528s ]
INFO: [ view_parse ] --END-- [ RunTime:0.021678s ]
INFO: [ view_filter ] --START--
INFO: Run Behavior\WriteHtmlCacheBehavior [ RunTime:0.001156s ]
INFO: [ view_filter ] --END-- [ RunTime:0.001254s ]
INFO: [ app_end ] --START--
INFO: Run Behavior\ShowPageTraceBehavior [ RunTime:0.002525s ]
INFO: [ app_end ] --END-- [ RunTime:0.002687s ]

[ 2017-01-12T17:01:07+08:00 ] ::1 /lawyer/Home/Wallet/invoicesList
INFO: [ app_init ] --START--
INFO: Run Behavior\BuildLiteBehavior [ RunTime:0.000028s ]
INFO: [ app_init ] --END-- [ RunTime:0.000888s ]
INFO: [ app_begin ] --START--
INFO: Run Behavior\ReadHtmlCacheBehavior [ RunTime:0.000959s ]
INFO: [ app_begin ] --END-- [ RunTime:0.001026s ]
SQL: SHOW COLUMNS FROM `web_order` [ RunTime:0.0102s ]
SQL: SELECT * FROM `web_order` WHERE ( uid=10 and paystatus=0 ) LIMIT 1   [ RunTime:0.0010s ]
SQL: SELECT o.*,l.rname as lawyer_name FROM web_order o left join web_lawyer l on o.lawyerid=l.uid  WHERE ( o.uid=10 and isinvoice=0 and o.status=4 )  [ RunTime:0.0010s ]
SQL: SELECT `ctime` FROM web_order o WHERE ( uid=10 and isinvoice=0 and status=4 ) ORDER BY ctime desc  [ RunTime:0.0005s ]
INFO: [ view_parse ] --START--
INFO: [ template_filter ] --START--
INFO: Run Behavior\ContentReplaceBehavior [ RunTime:0.000128s ]
INFO: [ template_filter ] --END-- [ RunTime:0.000225s ]
INFO: Run Behavior\ParseTemplateBehavior [ RunTime:0.011502s ]
INFO: [ view_parse ] --END-- [ RunTime:0.011605s ]
INFO: [ view_filter ] --START--
INFO: Run Behavior\WriteHtmlCacheBehavior [ RunTime:0.000846s ]
INFO: [ view_filter ] --END-- [ RunTime:0.000913s ]
INFO: [ app_end ] --START--
INFO: Run Behavior\ShowPageTraceBehavior [ RunTime:0.001658s ]
INFO: [ app_end ] --END-- [ RunTime:0.001765s ]

[ 2017-01-12T17:01:27+08:00 ] ::1 /lawyer/Home/Wallet/invoicesList
INFO: [ app_init ] --START--
INFO: Run Behavior\BuildLiteBehavior [ RunTime:0.000017s ]
INFO: [ app_init ] --END-- [ RunTime:0.000763s ]
INFO: [ app_begin ] --START--
INFO: Run Behavior\ReadHtmlCacheBehavior [ RunTime:0.001042s ]
INFO: [ app_begin ] --END-- [ RunTime:0.001115s ]
SQL: SHOW COLUMNS FROM `web_order` [ RunTime:0.0199s ]
SQL: SELECT * FROM `web_order` WHERE ( uid=10 and paystatus=0 ) LIMIT 1   [ RunTime:0.0021s ]
SQL: SELECT o.*,l.rname as lawyer_name FROM web_order o left join web_lawyer l on o.lawyerid=l.uid  WHERE ( o.uid=10 and isinvoice=0 and o.status=4 )  [ RunTime:0.0023s ]
SQL: SELECT `ctime` FROM web_order o WHERE ( uid=10 and isinvoice=0 and status=4 ) ORDER BY ctime desc  [ RunTime:0.0011s ]
INFO: [ view_parse ] --START--
INFO: [ template_filter ] --START--
INFO: Run Behavior\ContentReplaceBehavior [ RunTime:0.000105s ]
INFO: [ template_filter ] --END-- [ RunTime:0.000177s ]
INFO: Run Behavior\ParseTemplateBehavior [ RunTime:0.013926s ]
INFO: [ view_parse ] --END-- [ RunTime:0.014018s ]
INFO: [ view_filter ] --START--
INFO: Run Behavior\WriteHtmlCacheBehavior [ RunTime:0.000934s ]
INFO: [ view_filter ] --END-- [ RunTime:0.000994s ]
INFO: [ app_end ] --START--
INFO: Run Behavior\ShowPageTraceBehavior [ RunTime:0.001291s ]
INFO: [ app_end ] --END-- [ RunTime:0.001370s ]

[ 2017-01-12T17:01:47+08:00 ] ::1 /lawyer/Home/Wallet/invoicesList
INFO: [ app_init ] --START--
INFO: Run Behavior\BuildLiteBehavior [ RunTime:0.000015s ]
INFO: [ app_init ] --END-- [ RunTime:0.000774s ]
INFO: [ app_begin ] --START--
INFO: Run Behavior\ReadHtmlCacheBehavior [ RunTime:0.001024s ]
INFO: [ app_begin ] --END-- [ RunTime:0.001082s ]
SQL: SHOW COLUMNS FROM `web_order` [ RunTime:0.0096s ]
SQL: SELECT * FROM `web_order` WHERE ( uid=10 and paystatus=0 ) LIMIT 1   [ RunTime:0.0010s ]
SQL: SELECT o.*,l.rname as lawyer_name FROM web_order o left join web_lawyer l on o.lawyerid=l.uid  WHERE ( o.uid=10 and isinvoice=0 and o.status=4 )  [ RunTime:0.0009s ]
SQL: SELECT `ctime` FROM web_order o WHERE ( uid=10 and isinvoice=0 and status=4 ) ORDER BY ctime desc  [ RunTime:0.0005s ]
INFO: [ view_parse ] --START--
INFO: [ template_filter ] --START--
INFO: Run Behavior\ContentReplaceBehavior [ RunTime:0.000094s ]
INFO: [ template_filter ] --END-- [ RunTime:0.000166s ]
INFO: Run Behavior\ParseTemplateBehavior [ RunTime:0.009246s ]
INFO: [ view_parse ] --END-- [ RunTime:0.009333s ]
INFO: [ view_filter ] --START--
INFO: Run Behavior\WriteHtmlCacheBehavior [ RunTime:0.001042s ]
INFO: [ view_filter ] --END-- [ RunTime:0.001115s ]
INFO: [ app_end ] --START--
INFO: Run Behavior\ShowPageTraceBehavior [ RunTime:0.001394s ]
INFO: [ app_end ] --END-- [ RunTime:0.001467s ]

[ 2017-01-12T17:02:45+08:00 ] ::1 /lawyer/Home/Wallet/invoicesList
INFO: [ app_init ] --START--
INFO: Run Behavior\BuildLiteBehavior [ RunTime:0.000135s ]
INFO: [ app_init ] --END-- [ RunTime:0.001495s ]
INFO: [ app_begin ] --START--
INFO: Run Behavior\ReadHtmlCacheBehavior [ RunTime:0.001129s ]
INFO: [ app_begin ] --END-- [ RunTime:0.001247s ]
SQL: SHOW COLUMNS FROM `web_order` [ RunTime:0.0090s ]
SQL: SELECT * FROM `web_order` WHERE ( uid=10 and paystatus=0 ) LIMIT 1   [ RunTime:0.0008s ]
SQL: SELECT o.*,l.rname as lawyer_name FROM web_order o left join web_lawyer l on o.lawyerid=l.uid  WHERE ( o.uid=10 and isinvoice=0 and o.status=4 )  [ RunTime:0.0011s ]
SQL: SELECT `ctime` FROM web_order o WHERE ( uid=10 and isinvoice=0 and status=4 ) ORDER BY ctime desc  [ RunTime:0.0006s ]
INFO: [ view_parse ] --START--
INFO: [ template_filter ] --START--
INFO: Run Behavior\ContentReplaceBehavior [ RunTime:0.000087s ]
INFO: [ template_filter ] --END-- [ RunTime:0.000162s ]
INFO: Run Behavior\ParseTemplateBehavior [ RunTime:0.012913s ]
INFO: [ view_parse ] --END-- [ RunTime:0.013003s ]
INFO: [ view_filter ] --START--
INFO: Run Behavior\WriteHtmlCacheBehavior [ RunTime:0.001035s ]
INFO: [ view_filter ] --END-- [ RunTime:0.001106s ]
INFO: [ app_end ] --START--
INFO: Run Behavior\ShowPageTraceBehavior [ RunTime:0.001595s ]
INFO: [ app_end ] --END-- [ RunTime:0.001684s ]

[ 2017-01-12T17:04:38+08:00 ] ::1 /lawyer/Home/Wallet/invoicesList
INFO: [ app_init ] --START--
INFO: Run Behavior\BuildLiteBehavior [ RunTime:0.000020s ]
INFO: [ app_init ] --END-- [ RunTime:0.000739s ]
INFO: [ app_begin ] --START--
INFO: Run Behavior\ReadHtmlCacheBehavior [ RunTime:0.001088s ]
INFO: [ app_begin ] --END-- [ RunTime:0.001166s ]
SQL: SHOW COLUMNS FROM `web_order` [ RunTime:0.0229s ]
SQL: SELECT * FROM `web_order` WHERE ( uid=10 and paystatus=0 ) LIMIT 1   [ RunTime:0.0020s ]
SQL: SELECT o.*,l.rname as lawyer_name FROM web_order o left join web_lawyer l on o.lawyerid=l.uid  WHERE ( o.uid=10 and isinvoice=0 and o.status=4 )  [ RunTime:0.0033s ]
SQL: SELECT `ctime` FROM web_order o WHERE ( uid=10 and isinvoice=0 and status=4 ) ORDER BY ctime desc  [ RunTime:0.0012s ]
INFO: [ view_parse ] --START--
INFO: [ template_filter ] --START--
INFO: Run Behavior\ContentReplaceBehavior [ RunTime:0.000075s ]
INFO: [ template_filter ] --END-- [ RunTime:0.000129s ]
INFO: Run Behavior\ParseTemplateBehavior [ RunTime:0.015076s ]
INFO: [ view_parse ] --END-- [ RunTime:0.015219s ]
INFO: [ view_filter ] --START--
INFO: Run Behavior\WriteHtmlCacheBehavior [ RunTime:0.000688s ]
INFO: [ view_filter ] --END-- [ RunTime:0.000732s ]
INFO: [ app_end ] --START--
INFO: Run Behavior\ShowPageTraceBehavior [ RunTime:0.001055s ]
INFO: [ app_end ] --END-- [ RunTime:0.001115s ]

[ 2017-01-12T17:04:51+08:00 ] ::1 /lawyer/Home/Wallet/invoicesList
INFO: [ app_init ] --START--
INFO: Run Behavior\BuildLiteBehavior [ RunTime:0.000017s ]
INFO: [ app_init ] --END-- [ RunTime:0.000733s ]
INFO: [ app_begin ] --START--
INFO: Run Behavior\ReadHtmlCacheBehavior [ RunTime:0.000942s ]
INFO: [ app_begin ] --END-- [ RunTime:0.001009s ]
SQL: SHOW COLUMNS FROM `web_order` [ RunTime:0.0109s ]
SQL: SELECT * FROM `web_order` WHERE ( uid=10 and paystatus=0 ) LIMIT 1   [ RunTime:0.0009s ]
SQL: SELECT o.*,l.rname as lawyer_name FROM web_order o left join web_lawyer l on o.lawyerid=l.uid  WHERE ( o.uid=10 and isinvoice=0 and o.status=4 )  [ RunTime:0.0010s ]
SQL: SELECT `ctime` FROM web_order o WHERE ( uid=10 and isinvoice=0 and status=4 ) ORDER BY ctime desc  [ RunTime:0.0005s ]
INFO: [ view_parse ] --START--
INFO: [ template_filter ] --START--
INFO: Run Behavior\ContentReplaceBehavior [ RunTime:0.000115s ]
INFO: [ template_filter ] --END-- [ RunTime:0.000193s ]
INFO: Run Behavior\ParseTemplateBehavior [ RunTime:0.013573s ]
INFO: [ view_parse ] --END-- [ RunTime:0.013667s ]
INFO: [ view_filter ] --START--
INFO: Run Behavior\WriteHtmlCacheBehavior [ RunTime:0.000943s ]
INFO: [ view_filter ] --END-- [ RunTime:0.001003s ]
INFO: [ app_end ] --START--
INFO: Run Behavior\ShowPageTraceBehavior [ RunTime:0.001482s ]
INFO: [ app_end ] --END-- [ RunTime:0.001560s ]

[ 2017-01-12T17:05:21+08:00 ] ::1 /lawyer/Home/Wallet/invoicesList
INFO: [ app_init ] --START--
INFO: Run Behavior\BuildLiteBehavior [ RunTime:0.000031s ]
INFO: [ app_init ] --END-- [ RunTime:0.000895s ]
INFO: [ app_begin ] --START--
INFO: Run Behavior\ReadHtmlCacheBehavior [ RunTime:0.001183s ]
INFO: [ app_begin ] --END-- [ RunTime:0.001284s ]
SQL: SHOW COLUMNS FROM `web_order` [ RunTime:0.0286s ]
SQL: SELECT * FROM `web_order` WHERE ( uid=10 and paystatus=0 ) LIMIT 1   [ RunTime:0.0009s ]
SQL: SELECT o.*,l.rname as lawyer_name FROM web_order o left join web_lawyer l on o.lawyerid=l.uid  WHERE ( o.uid=10 and isinvoice=0 and o.status=4 )  [ RunTime:0.0011s ]
SQL: SELECT `ctime` FROM web_order o WHERE ( uid=10 and isinvoice=0 and status=4 ) ORDER BY ctime desc  [ RunTime:0.0006s ]
INFO: [ view_parse ] --START--
INFO: [ template_filter ] --START--
INFO: Run Behavior\ContentReplaceBehavior [ RunTime:0.000144s ]
INFO: [ template_filter ] --END-- [ RunTime:0.000225s ]
INFO: Run Behavior\ParseTemplateBehavior [ RunTime:0.011171s ]
INFO: [ view_parse ] --END-- [ RunTime:0.011243s ]
INFO: [ view_filter ] --START--
INFO: Run Behavior\WriteHtmlCacheBehavior [ RunTime:0.000678s ]
INFO: [ view_filter ] --END-- [ RunTime:0.000746s ]
INFO: [ app_end ] --START--
INFO: Run Behavior\ShowPageTraceBehavior [ RunTime:0.001452s ]
INFO: [ app_end ] --END-- [ RunTime:0.001557s ]

[ 2017-01-12T17:07:25+08:00 ] ::1 /lawyer/Home/Wallet/invoicesList
INFO: [ app_init ] --START--
INFO: Run Behavior\BuildLiteBehavior [ RunTime:0.000015s ]
INFO: [ app_init ] --END-- [ RunTime:0.000652s ]
INFO: [ app_begin ] --START--
INFO: Run Behavior\ReadHtmlCacheBehavior [ RunTime:0.000952s ]
INFO: [ app_begin ] --END-- [ RunTime:0.001012s ]
SQL: SHOW COLUMNS FROM `web_order` [ RunTime:0.0298s ]
SQL: SELECT * FROM `web_order` WHERE ( uid=10 and paystatus=0 ) LIMIT 1   [ RunTime:0.0010s ]
SQL: SELECT o.*,l.rname as lawyer_name FROM web_order o left join web_lawyer l on o.lawyerid=l.uid  WHERE ( o.uid=10 and isinvoice=0 and o.status=4 )  [ RunTime:0.0013s ]
SQL: SELECT `ctime` FROM web_order o WHERE ( uid=10 and isinvoice=0 and status=4 ) ORDER BY ctime desc  [ RunTime:0.0009s ]
INFO: [ view_parse ] --START--
INFO: [ template_filter ] --START--
INFO: Run Behavior\ContentReplaceBehavior [ RunTime:0.000132s ]
INFO: [ template_filter ] --END-- [ RunTime:0.000230s ]
INFO: Run Behavior\ParseTemplateBehavior [ RunTime:0.020067s ]
INFO: [ view_parse ] --END-- [ RunTime:0.020188s ]
INFO: [ view_filter ] --START--
INFO: Run Behavior\WriteHtmlCacheBehavior [ RunTime:0.001131s ]
INFO: [ view_filter ] --END-- [ RunTime:0.001213s ]
INFO: [ app_end ] --START--
INFO: Run Behavior\ShowPageTraceBehavior [ RunTime:0.002279s ]
INFO: [ app_end ] --END-- [ RunTime:0.002415s ]

[ 2017-01-12T17:07:49+08:00 ] ::1 /lawyer/Home/Wallet/invoicesList
INFO: [ app_init ] --START--
INFO: Run Behavior\BuildLiteBehavior [ RunTime:0.000018s ]
INFO: [ app_init ] --END-- [ RunTime:0.001226s ]
INFO: [ app_begin ] --START--
INFO: Run Behavior\ReadHtmlCacheBehavior [ RunTime:0.001054s ]
INFO: [ app_begin ] --END-- [ RunTime:0.001114s ]
SQL: SHOW COLUMNS FROM `web_order` [ RunTime:0.0209s ]
SQL: SELECT * FROM `web_order` WHERE ( uid=10 and paystatus=0 ) LIMIT 1   [ RunTime:0.0009s ]
SQL: SELECT o.*,l.rname as lawyer_name FROM web_order o left join web_lawyer l on o.lawyerid=l.uid  WHERE ( o.uid=10 and isinvoice=0 and o.status=4 )  [ RunTime:0.0010s ]
SQL: SELECT `ctime` FROM web_order o WHERE ( uid=10 and isinvoice=0 and status=4 ) ORDER BY ctime desc  [ RunTime:0.0005s ]
INFO: [ view_parse ] --START--
INFO: [ template_filter ] --START--
INFO: Run Behavior\ContentReplaceBehavior [ RunTime:0.000114s ]
INFO: [ template_filter ] --END-- [ RunTime:0.000184s ]
INFO: Run Behavior\ParseTemplateBehavior [ RunTime:0.012072s ]
INFO: [ view_parse ] --END-- [ RunTime:0.012148s ]
INFO: [ view_filter ] --START--
INFO: Run Behavior\WriteHtmlCacheBehavior [ RunTime:0.001173s ]
INFO: [ view_filter ] --END-- [ RunTime:0.001244s ]
INFO: [ app_end ] --START--
INFO: Run Behavior\ShowPageTraceBehavior [ RunTime:0.001624s ]
INFO: [ app_end ] --END-- [ RunTime:0.001735s ]

[ 2017-01-12T17:08:50+08:00 ] ::1 /lawyer/Home/Wallet/invoicesList
INFO: [ app_init ] --START--
INFO: Run Behavior\BuildLiteBehavior [ RunTime:0.000020s ]
INFO: [ app_init ] --END-- [ RunTime:0.001099s ]
INFO: [ app_begin ] --START--
INFO: Run Behavior\ReadHtmlCacheBehavior [ RunTime:0.001304s ]
INFO: [ app_begin ] --END-- [ RunTime:0.001407s ]
SQL: SHOW COLUMNS FROM `web_order` [ RunTime:0.0208s ]
SQL: SELECT * FROM `web_order` WHERE ( uid=10 and paystatus=0 ) LIMIT 1   [ RunTime:0.0025s ]
SQL: SELECT o.*,l.rname as lawyer_name FROM web_order o left join web_lawyer l on o.lawyerid=l.uid  WHERE ( o.uid=10 and isinvoice=0 and o.status=4 )  [ RunTime:0.0023s ]
SQL: SELECT `ctime` FROM web_order o WHERE ( uid=10 and isinvoice=0 and status=4 ) ORDER BY ctime desc  [ RunTime:0.0007s ]
INFO: [ view_parse ] --START--
INFO: [ template_filter ] --START--
INFO: Run Behavior\ContentReplaceBehavior [ RunTime:0.000101s ]
INFO: [ template_filter ] --END-- [ RunTime:0.000168s ]
INFO: Run Behavior\ParseTemplateBehavior [ RunTime:0.013845s ]
INFO: [ view_parse ] --END-- [ RunTime:0.013933s ]
INFO: [ view_filter ] --START--
INFO: Run Behavior\WriteHtmlCacheBehavior [ RunTime:0.000859s ]
INFO: [ view_filter ] --END-- [ RunTime:0.000919s ]
INFO: [ app_end ] --START--
INFO: Run Behavior\ShowPageTraceBehavior [ RunTime:0.001645s ]
INFO: [ app_end ] --END-- [ RunTime:0.001745s ]

[ 2017-01-12T17:12:59+08:00 ] ::1 /lawyer/Home/Wallet/invoicesList
INFO: [ app_init ] --START--
INFO: Run Behavior\BuildLiteBehavior [ RunTime:0.000021s ]
INFO: [ app_init ] --END-- [ RunTime:0.000689s ]
INFO: [ app_begin ] --START--
INFO: Run Behavior\ReadHtmlCacheBehavior [ RunTime:0.001401s ]
INFO: [ app_begin ] --END-- [ RunTime:0.001477s ]
SQL: SHOW COLUMNS FROM `web_order` [ RunTime:0.0152s ]
SQL: SELECT * FROM `web_order` WHERE ( uid=10 and paystatus=0 ) LIMIT 1   [ RunTime:0.0014s ]
SQL: SELECT o.*,l.rname as lawyer_name FROM web_order o left join web_lawyer l on o.lawyerid=l.uid  WHERE ( o.uid=10 and isinvoice=0 and o.status=4 )  [ RunTime:0.0014s ]
SQL: SELECT `ctime` FROM web_order o WHERE ( uid=10 and isinvoice=0 and status=4 ) ORDER BY ctime desc  [ RunTime:0.0008s ]
INFO: [ view_parse ] --START--
INFO: [ template_filter ] --START--
INFO: Run Behavior\ContentReplaceBehavior [ RunTime:0.000211s ]
INFO: [ template_filter ] --END-- [ RunTime:0.000330s ]
INFO: Run Behavior\ParseTemplateBehavior [ RunTime:0.016045s ]
INFO: [ view_parse ] --END-- [ RunTime:0.016118s ]
INFO: [ view_filter ] --START--
INFO: Run Behavior\WriteHtmlCacheBehavior [ RunTime:0.000817s ]
INFO: [ view_filter ] --END-- [ RunTime:0.000858s ]
INFO: [ app_end ] --START--
INFO: Run Behavior\ShowPageTraceBehavior [ RunTime:0.001180s ]
INFO: [ app_end ] --END-- [ RunTime:0.001237s ]

[ 2017-01-12T17:42:46+08:00 ] ::1 /lawyer/Home/Wallet/invoicesList
INFO: [ app_init ] --START--
INFO: Run Behavior\BuildLiteBehavior [ RunTime:0.000017s ]
INFO: [ app_init ] --END-- [ RunTime:0.000753s ]
INFO: [ app_begin ] --START--
INFO: Run Behavior\ReadHtmlCacheBehavior [ RunTime:0.002292s ]
INFO: [ app_begin ] --END-- [ RunTime:0.002426s ]
SQL: SHOW COLUMNS FROM `web_order` [ RunTime:0.0308s ]
SQL: SELECT * FROM `web_order` WHERE ( uid=10 and paystatus=0 ) LIMIT 1   [ RunTime:0.0012s ]
SQL: SELECT o.*,l.rname as lawyer_name FROM web_order o left join web_lawyer l on o.lawyerid=l.uid  WHERE ( o.uid=10 and isinvoice=0 and o.status=4 )  [ RunTime:0.0018s ]
SQL: SELECT `ctime` FROM web_order o WHERE ( uid=10 and isinvoice=0 and status=4 ) ORDER BY ctime desc  [ RunTime:0.0009s ]
INFO: [ view_parse ] --START--
INFO: [ template_filter ] --START--
INFO: Run Behavior\ContentReplaceBehavior [ RunTime:0.000099s ]
INFO: [ template_filter ] --END-- [ RunTime:0.000190s ]
INFO: Run Behavior\ParseTemplateBehavior [ RunTime:0.014145s ]
INFO: [ view_parse ] --END-- [ RunTime:0.014216s ]
INFO: [ view_filter ] --START--
INFO: Run Behavior\WriteHtmlCacheBehavior [ RunTime:0.000681s ]
INFO: [ view_filter ] --END-- [ RunTime:0.000731s ]
INFO: [ app_end ] --START--
INFO: Run Behavior\ShowPageTraceBehavior [ RunTime:0.001534s ]
INFO: [ app_end ] --END-- [ RunTime:0.001609s ]

[ 2017-01-12T17:44:03+08:00 ] ::1 /lawyer/Home/Wallet/invoicesList
INFO: [ app_init ] --START--
INFO: Run Behavior\BuildLiteBehavior [ RunTime:0.000024s ]
INFO: [ app_init ] --END-- [ RunTime:0.000935s ]
INFO: [ app_begin ] --START--
INFO: Run Behavior\ReadHtmlCacheBehavior [ RunTime:0.001403s ]
INFO: [ app_begin ] --END-- [ RunTime:0.003358s ]
SQL: SHOW COLUMNS FROM `web_order` [ RunTime:0.0160s ]
SQL: SELECT * FROM `web_order` WHERE ( uid=10 and paystatus=0 ) LIMIT 1   [ RunTime:0.0008s ]
SQL: SELECT o.*,l.rname as lawyer_name FROM web_order o left join web_lawyer l on o.lawyerid=l.uid  WHERE ( o.uid=10 and isinvoice=0 and o.status=4 )  [ RunTime:0.0009s ]
SQL: SELECT `ctime` FROM web_order o WHERE ( uid=10 and isinvoice=0 and status=4 ) ORDER BY ctime desc  [ RunTime:0.0005s ]
INFO: [ view_parse ] --START--
INFO: [ template_filter ] --START--
INFO: Run Behavior\ContentReplaceBehavior [ RunTime:0.000120s ]
INFO: [ template_filter ] --END-- [ RunTime:0.000203s ]
INFO: Run Behavior\ParseTemplateBehavior [ RunTime:0.014564s ]
INFO: [ view_parse ] --END-- [ RunTime:0.014667s ]
INFO: [ view_filter ] --START--
INFO: Run Behavior\WriteHtmlCacheBehavior [ RunTime:0.001813s ]
INFO: [ view_filter ] --END-- [ RunTime:0.001890s ]
INFO: [ app_end ] --START--
INFO: Run Behavior\ShowPageTraceBehavior [ RunTime:0.001373s ]
INFO: [ app_end ] --END-- [ RunTime:0.001456s ]

[ 2017-01-12T17:47:15+08:00 ] ::1 /lawyer/Home/Wallet/invoicesList
INFO: [ app_init ] --START--
INFO: Run Behavior\BuildLiteBehavior [ RunTime:0.000015s ]
INFO: [ app_init ] --END-- [ RunTime:0.000733s ]
INFO: [ app_begin ] --START--
INFO: Run Behavior\ReadHtmlCacheBehavior [ RunTime:0.001525s ]
INFO: [ app_begin ] --END-- [ RunTime:0.001609s ]
SQL: SHOW COLUMNS FROM `web_order` [ RunTime:0.0082s ]
SQL: SELECT * FROM `web_order` WHERE ( uid=10 and paystatus=0 ) LIMIT 1   [ RunTime:0.0007s ]
SQL: SELECT o.*,l.rname as lawyer_name FROM web_order o left join web_lawyer l on o.lawyerid=l.uid  WHERE ( o.uid=10 and isinvoice=0 and o.status=4 )  [ RunTime:0.0009s ]
SQL: SELECT `ctime` FROM web_order o WHERE ( uid=10 and isinvoice=0 and status=4 ) ORDER BY ctime desc  [ RunTime:0.0007s ]
INFO: [ view_parse ] --START--
INFO: [ template_filter ] --START--
INFO: Run Behavior\ContentReplaceBehavior [ RunTime:0.000083s ]
INFO: [ template_filter ] --END-- [ RunTime:0.000134s ]
INFO: Run Behavior\ParseTemplateBehavior [ RunTime:0.010771s ]
INFO: [ view_parse ] --END-- [ RunTime:0.010830s ]
INFO: [ view_filter ] --START--
INFO: Run Behavior\WriteHtmlCacheBehavior [ RunTime:0.000708s ]
INFO: [ view_filter ] --END-- [ RunTime:0.000755s ]
INFO: [ app_end ] --START--
INFO: Run Behavior\ShowPageTraceBehavior [ RunTime:0.001065s ]
INFO: [ app_end ] --END-- [ RunTime:0.001130s ]

[ 2017-01-12T17:47:26+08:00 ] ::1 /lawyer/Home/Wallet/subInvoice?ids=95,96,97,38,39,36
INFO: [ app_init ] --START--
INFO: Run Behavior\BuildLiteBehavior [ RunTime:0.000019s ]
INFO: [ app_init ] --END-- [ RunTime:0.000776s ]
INFO: [ app_begin ] --START--
INFO: Run Behavior\ReadHtmlCacheBehavior [ RunTime:0.001039s ]
INFO: [ app_begin ] --END-- [ RunTime:0.001103s ]
SQL: SHOW COLUMNS FROM `web_order` [ RunTime:0.0084s ]
SQL: SELECT * FROM `web_order` WHERE ( uid=10 and paystatus=0 ) LIMIT 1   [ RunTime:0.0006s ]

[ 2017-01-12T17:47:37+08:00 ] ::1 /lawyer/Home/Wallet/subInvoice?ids=95,96,97,38,39,36
INFO: [ app_init ] --START--
INFO: Run Behavior\BuildLiteBehavior [ RunTime:0.000019s ]
INFO: [ app_init ] --END-- [ RunTime:0.000645s ]
INFO: [ app_begin ] --START--
INFO: Run Behavior\ReadHtmlCacheBehavior [ RunTime:0.001653s ]
INFO: [ app_begin ] --END-- [ RunTime:0.001729s ]
SQL: SHOW COLUMNS FROM `web_order` [ RunTime:0.0083s ]
SQL: SELECT * FROM `web_order` WHERE ( uid=10 and paystatus=0 ) LIMIT 1   [ RunTime:0.0006s ]

[ 2017-01-12T18:01:16+08:00 ] ::1 /lawyer/Home/Wallet/subInvoice?ids=39
INFO: [ app_init ] --START--
INFO: Run Behavior\BuildLiteBehavior [ RunTime:0.000028s ]
INFO: [ app_init ] --END-- [ RunTime:0.000823s ]
INFO: [ app_begin ] --START--
INFO: Run Behavior\ReadHtmlCacheBehavior [ RunTime:0.000960s ]
INFO: [ app_begin ] --END-- [ RunTime:0.001017s ]
SQL: SHOW COLUMNS FROM `web_order` [ RunTime:0.0171s ]
SQL: SELECT * FROM `web_order` WHERE ( uid=10 and paystatus=0 ) LIMIT 1   [ RunTime:0.0020s ]
INFO: [ view_parse ] --START--
INFO: [ template_filter ] --START--
INFO: Run Behavior\ContentReplaceBehavior [ RunTime:0.000184s ]
INFO: [ template_filter ] --END-- [ RunTime:0.000292s ]
INFO: Run Behavior\ParseTemplateBehavior [ RunTime:0.013589s ]
INFO: [ view_parse ] --END-- [ RunTime:0.013695s ]
INFO: [ view_filter ] --START--
INFO: Run Behavior\WriteHtmlCacheBehavior [ RunTime:0.001019s ]
INFO: [ view_filter ] --END-- [ RunTime:0.001082s ]
INFO: [ app_end ] --START--
INFO: Run Behavior\ShowPageTraceBehavior [ RunTime:0.001346s ]
INFO: [ app_end ] --END-- [ RunTime:0.001410s ]

[ 2017-01-12T18:01:16+08:00 ] ::1 /lawyer/Home/Wallet/images/ls_18.png
INFO: [ app_init ] --START--
INFO: Run Behavior\BuildLiteBehavior [ RunTime:0.000017s ]
INFO: [ app_init ] --END-- [ RunTime:0.000652s ]

[ 2017-01-12T18:01:33+08:00 ] ::1 /lawyer/Home/Wallet/subInvoice?ids=39
INFO: [ app_init ] --START--
INFO: Run Behavior\BuildLiteBehavior [ RunTime:0.000029s ]
INFO: [ app_init ] --END-- [ RunTime:0.001025s ]
INFO: [ app_begin ] --START--
INFO: Run Behavior\ReadHtmlCacheBehavior [ RunTime:0.001017s ]
INFO: [ app_begin ] --END-- [ RunTime:0.001084s ]
SQL: SHOW COLUMNS FROM `web_order` [ RunTime:0.0133s ]
SQL: SELECT * FROM `web_order` WHERE ( uid=10 and paystatus=0 ) LIMIT 1   [ RunTime:0.0009s ]
INFO: [ view_parse ] --START--
INFO: [ template_filter ] --START--
INFO: Run Behavior\ContentReplaceBehavior [ RunTime:0.000133s ]
INFO: [ template_filter ] --END-- [ RunTime:0.000216s ]
INFO: Run Behavior\ParseTemplateBehavior [ RunTime:0.014013s ]
INFO: [ view_parse ] --END-- [ RunTime:0.014097s ]
INFO: [ view_filter ] --START--
INFO: Run Behavior\WriteHtmlCacheBehavior [ RunTime:0.000728s ]
INFO: [ view_filter ] --END-- [ RunTime:0.000777s ]
INFO: [ app_end ] --START--
INFO: Run Behavior\ShowPageTraceBehavior [ RunTime:0.001089s ]
INFO: [ app_end ] --END-- [ RunTime:0.001143s ]

[ 2017-01-12T18:05:14+08:00 ] ::1 /lawyer/Home/Wallet/invoiceList
INFO: [ app_init ] --START--
INFO: Run Behavior\BuildLiteBehavior [ RunTime:0.000016s ]
INFO: [ app_init ] --END-- [ RunTime:0.000760s ]
INFO: [ app_begin ] --START--
INFO: Run Behavior\ReadHtmlCacheBehavior [ RunTime:0.000915s ]
INFO: [ app_begin ] --END-- [ RunTime:0.000984s ]
SQL: SHOW COLUMNS FROM `web_order` [ RunTime:0.0203s ]
SQL: SELECT * FROM `web_order` WHERE ( uid=10 and paystatus=0 ) LIMIT 1   [ RunTime:0.0016s ]
ERR: 非法操作:invoiceList

[ 2017-01-12T18:05:33+08:00 ] ::1 /lawyer/Home/Wallet/invoiceList
INFO: [ app_init ] --START--
INFO: Run Behavior\BuildLiteBehavior [ RunTime:0.000018s ]
INFO: [ app_init ] --END-- [ RunTime:0.000915s ]
INFO: [ app_begin ] --START--
INFO: Run Behavior\ReadHtmlCacheBehavior [ RunTime:0.000777s ]
INFO: [ app_begin ] --END-- [ RunTime:0.000835s ]
SQL: SHOW COLUMNS FROM `web_order` [ RunTime:0.0296s ]
SQL: SELECT * FROM `web_order` WHERE ( uid=10 and paystatus=0 ) LIMIT 1   [ RunTime:0.0010s ]
ERR: 非法操作:invoiceList

[ 2017-01-12T18:05:37+08:00 ] ::1 /lawyer/Home/Wallet/subInvoice?ids=39
INFO: [ app_init ] --START--
INFO: Run Behavior\BuildLiteBehavior [ RunTime:0.000018s ]
INFO: [ app_init ] --END-- [ RunTime:0.000996s ]
INFO: [ app_begin ] --START--
INFO: Run Behavior\ReadHtmlCacheBehavior [ RunTime:0.000744s ]
INFO: [ app_begin ] --END-- [ RunTime:0.000803s ]
SQL: SHOW COLUMNS FROM `web_order` [ RunTime:0.0378s ]
SQL: SELECT * FROM `web_order` WHERE ( uid=10 and paystatus=0 ) LIMIT 1   [ RunTime:0.0015s ]
INFO: [ view_parse ] --START--
INFO: [ template_filter ] --START--
INFO: Run Behavior\ContentReplaceBehavior [ RunTime:0.000345s ]
INFO: [ template_filter ] --END-- [ RunTime:0.000591s ]
INFO: Run Behavior\ParseTemplateBehavior [ RunTime:0.035331s ]
INFO: [ view_parse ] --END-- [ RunTime:0.035478s ]
INFO: [ view_filter ] --START--
INFO: Run Behavior\WriteHtmlCacheBehavior [ RunTime:0.000912s ]
INFO: [ view_filter ] --END-- [ RunTime:0.000974s ]
INFO: [ app_end ] --START--
INFO: Run Behavior\ShowPageTraceBehavior [ RunTime:0.001282s ]
INFO: [ app_end ] --END-- [ RunTime:0.001349s ]

[ 2017-01-12T18:05:43+08:00 ] ::1 /lawyer/Home/Wallet/invoicesList
INFO: [ app_init ] --START--
INFO: Run Behavior\BuildLiteBehavior [ RunTime:0.000022s ]
INFO: [ app_init ] --END-- [ RunTime:0.001248s ]
INFO: [ app_begin ] --START--
INFO: Run Behavior\ReadHtmlCacheBehavior [ RunTime:0.000806s ]
INFO: [ app_begin ] --END-- [ RunTime:0.000875s ]
SQL: SHOW COLUMNS FROM `web_order` [ RunTime:0.0198s ]
SQL: SELECT * FROM `web_order` WHERE ( uid=10 and paystatus=0 ) LIMIT 1   [ RunTime:0.0015s ]
SQL: SELECT o.*,l.rname as lawyer_name FROM web_order o left join web_lawyer l on o.lawyerid=l.uid  WHERE ( o.uid=10 and isinvoice=0 and o.status=4 )  [ RunTime:0.0025s ]
SQL: SELECT `ctime` FROM web_order o WHERE ( uid=10 and isinvoice=0 and status=4 ) ORDER BY ctime desc  [ RunTime:0.0009s ]
INFO: [ view_parse ] --START--
INFO: [ template_filter ] --START--
INFO: Run Behavior\ContentReplaceBehavior [ RunTime:0.000218s ]
INFO: [ template_filter ] --END-- [ RunTime:0.000336s ]
INFO: Run Behavior\ParseTemplateBehavior [ RunTime:0.024314s ]
INFO: [ view_parse ] --END-- [ RunTime:0.024524s ]
INFO: [ view_filter ] --START--
INFO: Run Behavior\WriteHtmlCacheBehavior [ RunTime:0.001038s ]
INFO: [ view_filter ] --END-- [ RunTime:0.001146s ]
INFO: [ app_end ] --START--
INFO: Run Behavior\ShowPageTraceBehavior [ RunTime:0.001232s ]
INFO: [ app_end ] --END-- [ RunTime:0.001315s ]

[ 2017-01-12T18:05:47+08:00 ] ::1 /lawyer/Home/Wallet/subInvoice?ids=95,96,97,38,39,36&money=
INFO: [ app_init ] --START--
INFO: Run Behavior\BuildLiteBehavior [ RunTime:0.000026s ]
INFO: [ app_init ] --END-- [ RunTime:0.001386s ]
INFO: [ app_begin ] --START--
INFO: Run Behavior\ReadHtmlCacheBehavior [ RunTime:0.001067s ]
INFO: [ app_begin ] --END-- [ RunTime:0.001151s ]
SQL: SHOW COLUMNS FROM `web_order` [ RunTime:0.0135s ]
SQL: SELECT * FROM `web_order` WHERE ( uid=10 and paystatus=0 ) LIMIT 1   [ RunTime:0.0010s ]
INFO: [ view_parse ] --START--
INFO: [ template_filter ] --START--
INFO: Run Behavior\ContentReplaceBehavior [ RunTime:0.000225s ]
INFO: [ template_filter ] --END-- [ RunTime:0.000360s ]
INFO: Run Behavior\ParseTemplateBehavior [ RunTime:0.016418s ]
INFO: [ view_parse ] --END-- [ RunTime:0.016542s ]
INFO: [ view_filter ] --START--
INFO: Run Behavior\WriteHtmlCacheBehavior [ RunTime:0.000861s ]
INFO: [ view_filter ] --END-- [ RunTime:0.000940s ]
INFO: [ app_end ] --START--
INFO: Run Behavior\ShowPageTraceBehavior [ RunTime:0.002241s ]
INFO: [ app_end ] --END-- [ RunTime:0.002348s ]

[ 2017-01-12T18:06:46+08:00 ] ::1 /lawyer/Home/Wallet/invoicesList
INFO: [ app_init ] --START--
INFO: Run Behavior\BuildLiteBehavior [ RunTime:0.000017s ]
INFO: [ app_init ] --END-- [ RunTime:0.000633s ]
INFO: [ app_begin ] --START--
INFO: Run Behavior\ReadHtmlCacheBehavior [ RunTime:0.000811s ]
INFO: [ app_begin ] --END-- [ RunTime:0.000887s ]
SQL: SHOW COLUMNS FROM `web_order` [ RunTime:0.0160s ]
SQL: SELECT * FROM `web_order` WHERE ( uid=10 and paystatus=0 ) LIMIT 1   [ RunTime:0.0013s ]
SQL: SELECT o.*,l.rname as lawyer_name FROM web_order o left join web_lawyer l on o.lawyerid=l.uid  WHERE ( o.uid=10 and isinvoice=0 and o.status=4 )  [ RunTime:0.0014s ]
SQL: SELECT `ctime` FROM web_order o WHERE ( uid=10 and isinvoice=0 and status=4 ) ORDER BY ctime desc  [ RunTime:0.0008s ]
INFO: [ view_parse ] --START--
INFO: [ template_filter ] --START--
INFO: Run Behavior\ContentReplaceBehavior [ RunTime:0.000176s ]
INFO: [ template_filter ] --END-- [ RunTime:0.000278s ]
INFO: Run Behavior\ParseTemplateBehavior [ RunTime:0.017219s ]
INFO: [ view_parse ] --END-- [ RunTime:0.017303s ]
INFO: [ view_filter ] --START--
INFO: Run Behavior\WriteHtmlCacheBehavior [ RunTime:0.000518s ]
INFO: [ view_filter ] --END-- [ RunTime:0.000562s ]
INFO: [ app_end ] --START--
INFO: Run Behavior\ShowPageTraceBehavior [ RunTime:0.001039s ]
INFO: [ app_end ] --END-- [ RunTime:0.001097s ]

[ 2017-01-12T18:06:50+08:00 ] ::1 /lawyer/Home/Wallet/subInvoice?ids=95,96,97,38,39,36&money=undefined
INFO: [ app_init ] --START--
INFO: Run Behavior\BuildLiteBehavior [ RunTime:0.000026s ]
INFO: [ app_init ] --END-- [ RunTime:0.000910s ]
INFO: [ app_begin ] --START--
INFO: Run Behavior\ReadHtmlCacheBehavior [ RunTime:0.001158s ]
INFO: [ app_begin ] --END-- [ RunTime:0.001263s ]
SQL: SHOW COLUMNS FROM `web_order` [ RunTime:0.0376s ]
SQL: SELECT * FROM `web_order` WHERE ( uid=10 and paystatus=0 ) LIMIT 1   [ RunTime:0.0015s ]
INFO: [ view_parse ] --START--
INFO: [ template_filter ] --START--
INFO: Run Behavior\ContentReplaceBehavior [ RunTime:0.000226s ]
INFO: [ template_filter ] --END-- [ RunTime:0.000348s ]
INFO: Run Behavior\ParseTemplateBehavior [ RunTime:0.020893s ]
INFO: [ view_parse ] --END-- [ RunTime:0.021004s ]
INFO: [ view_filter ] --START--
INFO: Run Behavior\WriteHtmlCacheBehavior [ RunTime:0.000763s ]
INFO: [ view_filter ] --END-- [ RunTime:0.000830s ]
INFO: [ app_end ] --START--
INFO: Run Behavior\ShowPageTraceBehavior [ RunTime:0.001393s ]
INFO: [ app_end ] --END-- [ RunTime:0.001477s ]

[ 2017-01-12T18:07:30+08:00 ] ::1 /lawyer/Home/Wallet/invoicesList
INFO: [ app_init ] --START--
INFO: Run Behavior\BuildLiteBehavior [ RunTime:0.000025s ]
INFO: [ app_init ] --END-- [ RunTime:0.000761s ]
INFO: [ app_begin ] --START--
INFO: Run Behavior\ReadHtmlCacheBehavior [ RunTime:0.000998s ]
INFO: [ app_begin ] --END-- [ RunTime:0.001062s ]
SQL: SHOW COLUMNS FROM `web_order` [ RunTime:0.0157s ]
SQL: SELECT * FROM `web_order` WHERE ( uid=10 and paystatus=0 ) LIMIT 1   [ RunTime:0.0007s ]
SQL: SELECT o.*,l.rname as lawyer_name FROM web_order o left join web_lawyer l on o.lawyerid=l.uid  WHERE ( o.uid=10 and isinvoice=0 and o.status=4 )  [ RunTime:0.0007s ]
SQL: SELECT `ctime` FROM web_order o WHERE ( uid=10 and isinvoice=0 and status=4 ) ORDER BY ctime desc  [ RunTime:0.0004s ]
INFO: [ view_parse ] --START--
INFO: [ template_filter ] --START--
INFO: Run Behavior\ContentReplaceBehavior [ RunTime:0.000094s ]
INFO: [ template_filter ] --END-- [ RunTime:0.000153s ]
INFO: Run Behavior\ParseTemplateBehavior [ RunTime:0.010657s ]
INFO: [ view_parse ] --END-- [ RunTime:0.010733s ]
INFO: [ view_filter ] --START--
INFO: Run Behavior\WriteHtmlCacheBehavior [ RunTime:0.000863s ]
INFO: [ view_filter ] --END-- [ RunTime:0.000942s ]
INFO: [ app_end ] --START--
INFO: Run Behavior\ShowPageTraceBehavior [ RunTime:0.001355s ]
INFO: [ app_end ] --END-- [ RunTime:0.001449s ]

[ 2017-01-12T18:07:33+08:00 ] ::1 /lawyer/Home/Wallet/subInvoice?ids=95,96,97,38,39,36&money=
INFO: [ app_init ] --START--
INFO: Run Behavior\BuildLiteBehavior [ RunTime:0.000029s ]
INFO: [ app_init ] --END-- [ RunTime:0.000932s ]
INFO: [ app_begin ] --START--
INFO: Run Behavior\ReadHtmlCacheBehavior [ RunTime:0.001200s ]
INFO: [ app_begin ] --END-- [ RunTime:0.001302s ]
SQL: SHOW COLUMNS FROM `web_order` [ RunTime:0.0331s ]
SQL: SELECT * FROM `web_order` WHERE ( uid=10 and paystatus=0 ) LIMIT 1   [ RunTime:0.0013s ]
INFO: [ view_parse ] --START--
INFO: [ template_filter ] --START--
INFO: Run Behavior\ContentReplaceBehavior [ RunTime:0.000209s ]
INFO: [ template_filter ] --END-- [ RunTime:0.000373s ]
INFO: Run Behavior\ParseTemplateBehavior [ RunTime:0.020190s ]
INFO: [ view_parse ] --END-- [ RunTime:0.020424s ]
INFO: [ view_filter ] --START--
INFO: Run Behavior\WriteHtmlCacheBehavior [ RunTime:0.001533s ]
INFO: [ view_filter ] --END-- [ RunTime:0.001668s ]
INFO: [ app_end ] --START--
INFO: Run Behavior\ShowPageTraceBehavior [ RunTime:0.002227s ]
INFO: [ app_end ] --END-- [ RunTime:0.002350s ]

[ 2017-01-12T18:07:45+08:00 ] ::1 /lawyer/Home/Wallet/invoicesList
INFO: [ app_init ] --START--
INFO: Run Behavior\BuildLiteBehavior [ RunTime:0.000021s ]
INFO: [ app_init ] --END-- [ RunTime:0.000651s ]
INFO: [ app_begin ] --START--
INFO: Run Behavior\ReadHtmlCacheBehavior [ RunTime:0.001230s ]
INFO: [ app_begin ] --END-- [ RunTime:0.001345s ]
SQL: SHOW COLUMNS FROM `web_order` [ RunTime:0.0312s ]
SQL: SELECT * FROM `web_order` WHERE ( uid=10 and paystatus=0 ) LIMIT 1   [ RunTime:0.0009s ]
SQL: SELECT o.*,l.rname as lawyer_name FROM web_order o left join web_lawyer l on o.lawyerid=l.uid  WHERE ( o.uid=10 and isinvoice=0 and o.status=4 )  [ RunTime:0.0010s ]
SQL: SELECT `ctime` FROM web_order o WHERE ( uid=10 and isinvoice=0 and status=4 ) ORDER BY ctime desc  [ RunTime:0.0005s ]
INFO: [ view_parse ] --START--
INFO: [ template_filter ] --START--
INFO: Run Behavior\ContentReplaceBehavior [ RunTime:0.000133s ]
INFO: [ template_filter ] --END-- [ RunTime:0.000212s ]
INFO: Run Behavior\ParseTemplateBehavior [ RunTime:0.015614s ]
INFO: [ view_parse ] --END-- [ RunTime:0.015705s ]
INFO: [ view_filter ] --START--
INFO: Run Behavior\WriteHtmlCacheBehavior [ RunTime:0.001116s ]
INFO: [ view_filter ] --END-- [ RunTime:0.001190s ]
INFO: [ app_end ] --START--
INFO: Run Behavior\ShowPageTraceBehavior [ RunTime:0.001560s ]
INFO: [ app_end ] --END-- [ RunTime:0.001648s ]

[ 2017-01-12T18:07:48+08:00 ] ::1 /lawyer/Home/Wallet/subInvoice?ids=95,96,97,38,39,36&money=%EF%BF%A5150%E5%85%83
INFO: [ app_init ] --START--
INFO: Run Behavior\BuildLiteBehavior [ RunTime:0.000030s ]
INFO: [ app_init ] --END-- [ RunTime:0.000702s ]
INFO: [ app_begin ] --START--
INFO: Run Behavior\ReadHtmlCacheBehavior [ RunTime:0.001018s ]
INFO: [ app_begin ] --END-- [ RunTime:0.001113s ]
SQL: SHOW COLUMNS FROM `web_order` [ RunTime:0.0334s ]
SQL: SELECT * FROM `web_order` WHERE ( uid=10 and paystatus=0 ) LIMIT 1   [ RunTime:0.0015s ]
INFO: [ view_parse ] --START--
INFO: [ template_filter ] --START--
INFO: Run Behavior\ContentReplaceBehavior [ RunTime:0.000316s ]
INFO: [ template_filter ] --END-- [ RunTime:0.000501s ]
INFO: Run Behavior\ParseTemplateBehavior [ RunTime:0.020307s ]
INFO: [ view_parse ] --END-- [ RunTime:0.020501s ]
INFO: [ view_filter ] --START--
INFO: Run Behavior\WriteHtmlCacheBehavior [ RunTime:0.001237s ]
INFO: [ view_filter ] --END-- [ RunTime:0.001353s ]
INFO: [ app_end ] --START--
INFO: Run Behavior\ShowPageTraceBehavior [ RunTime:0.001818s ]
INFO: [ app_end ] --END-- [ RunTime:0.001935s ]

