[ 2017-02-08T08:59:01+08:00 ] ::1 /lawyer/Public/Admin/img/progress.gif
INFO: [ app_init ] --START--
INFO: Run Behavior\BuildLiteBehavior [ RunTime:0.000024s ]
INFO: [ app_init ] --END-- [ RunTime:0.001011s ]

[ 2017-02-08T10:49:17+08:00 ] ::1 /lawyer/
INFO: [ app_init ] --START--
INFO: Run Behavior\BuildLiteBehavior [ RunTime:0.000018s ]
INFO: [ app_init ] --END-- [ RunTime:0.000879s ]
INFO: [ app_begin ] --START--
INFO: Run Behavior\ReadHtmlCacheBehavior [ RunTime:0.001471s ]
INFO: [ app_begin ] --END-- [ RunTime:0.001540s ]
NOTIC: [8] Undefined index: user_wechat D:\heyi\USBWebserver\root\lawyer\Application\Home\Controller\IndexController.class.php 第 9 行.
SQL: SHOW COLUMNS FROM `web_category` [ RunTime:0.0263s ]
SQL: SELECT * FROM `web_category` WHERE ( pid=0 )  [ RunTime:0.0007s ]
SQL: SELECT * FROM `web_category` WHERE ( pid=1 )  [ RunTime:0.0004s ]
SQL: SELECT * FROM `web_category` WHERE ( pid=5 )  [ RunTime:0.0004s ]
NOTIC: [8] Undefined variable: userInfo D:\heyi\USBWebserver\root\lawyer\Application\Home\Controller\IndexController.class.php 第 40 行.
INFO: [ view_parse ] --START--
INFO: [ template_filter ] --START--
INFO: Run Behavior\ContentReplaceBehavior [ RunTime:0.000189s ]
INFO: [ template_filter ] --END-- [ RunTime:0.000276s ]
NOTIC: [8] Undefined index: user_wechat D:\heyi\USBWebserver\root\lawyer\Application\Runtime\Cache\Home\2a94b8bda04ff446dcedd42276fc99ee.php 第 52 行.
NOTIC: [8] Undefined variable: userInfo D:\heyi\USBWebserver\root\lawyer\Application\Runtime\Cache\Home\2a94b8bda04ff446dcedd42276fc99ee.php 第 186 行.
NOTIC: [8] Undefined variable: userInfo D:\heyi\USBWebserver\root\lawyer\Application\Runtime\Cache\Home\2a94b8bda04ff446dcedd42276fc99ee.php 第 198 行.
NOTIC: [8] Undefined variable: userInfo D:\heyi\USBWebserver\root\lawyer\Application\Runtime\Cache\Home\2a94b8bda04ff446dcedd42276fc99ee.php 第 198 行.
INFO: Run Behavior\ParseTemplateBehavior [ RunTime:0.046115s ]
INFO: [ view_parse ] --END-- [ RunTime:0.046169s ]
INFO: [ view_filter ] --START--
INFO: Run Behavior\WriteHtmlCacheBehavior [ RunTime:0.000996s ]
INFO: [ view_filter ] --END-- [ RunTime:0.001036s ]
INFO: [ app_end ] --START--
INFO: Run Behavior\ShowPageTraceBehavior [ RunTime:0.001712s ]
INFO: [ app_end ] --END-- [ RunTime:0.001774s ]

[ 2017-02-08T10:49:30+08:00 ] ::1 /lawyer/Public/Admin/img/progress.gif
INFO: [ app_init ] --START--
INFO: Run Behavior\BuildLiteBehavior [ RunTime:0.000019s ]
INFO: [ app_init ] --END-- [ RunTime:0.000808s ]

[ 2017-02-08T10:54:47+08:00 ] ::1 /lawyer/Uploads//userimg/2016-03-01/56d5615dbcd5b.jpg
INFO: [ app_init ] --START--
INFO: Run Behavior\BuildLiteBehavior [ RunTime:0.000035s ]
INFO: [ app_init ] --END-- [ RunTime:0.001473s ]

[ 2017-02-08T10:54:47+08:00 ] ::1 /lawyer/Uploads//userimg/2016-03-01/56d5615dbcd5b.jpg
INFO: [ app_init ] --START--
INFO: Run Behavior\BuildLiteBehavior [ RunTime:0.000021s ]
INFO: [ app_init ] --END-- [ RunTime:0.001060s ]

