[ 2017-03-22T13:42:25+08:00 ] ::1 /xj_property/
INFO: [ app_init ] --START--
INFO: Run Behavior\BuildLiteBehavior [ RunTime:0.000037s ]
INFO: [ app_init ] --END-- [ RunTime:0.002307s ]
INFO: [ app_begin ] --START--
INFO: Run Behavior\ReadHtmlCacheBehavior [ RunTime:0.002457s ]
INFO: [ app_begin ] --END-- [ RunTime:0.002585s ]

[ 2017-03-22T13:43:15+08:00 ] ::1 /xj_property/Public/Admin/img/progress.gif
INFO: [ app_init ] --START--
INFO: Run Behavior\BuildLiteBehavior [ RunTime:0.000026s ]
INFO: [ app_init ] --END-- [ RunTime:0.001281s ]

[ 2017-03-22T13:45:48+08:00 ] ::1 /xj_property/Public/Admin/img/progress.gif
INFO: [ app_init ] --START--
INFO: Run Behavior\BuildLiteBehavior [ RunTime:0.000037s ]
INFO: [ app_init ] --END-- [ RunTime:0.005483s ]

[ 2017-03-22T13:47:48+08:00 ] ::1 /xj_property/Public/Admin/img/progress.gif
INFO: [ app_init ] --START--
INFO: Run Behavior\BuildLiteBehavior [ RunTime:0.000129s ]
INFO: [ app_init ] --END-- [ RunTime:0.001405s ]

[ 2017-03-22T13:51:24+08:00 ] ::1 /xj_property/Public/Admin/img/progress.gif
INFO: [ app_init ] --START--
INFO: Run Behavior\BuildLiteBehavior [ RunTime:0.000029s ]
INFO: [ app_init ] --END-- [ RunTime:0.001735s ]

[ 2017-03-22T13:53:08+08:00 ] ::1 /xj_property/Public/Admin/img/progress.gif
INFO: [ app_init ] --START--
INFO: Run Behavior\BuildLiteBehavior [ RunTime:0.000026s ]
INFO: [ app_init ] --END-- [ RunTime:0.001564s ]

[ 2017-03-22T15:03:18+08:00 ] ::1 /xj_property/Uploads//userimg/2016-03-01/56d5615dbcd5b.jpg
INFO: [ app_init ] --START--
INFO: Run Behavior\BuildLiteBehavior [ RunTime:0.000027s ]
INFO: [ app_init ] --END-- [ RunTime:0.001740s ]

[ 2017-03-22T18:10:33+08:00 ] ::1 /xj_property/
INFO: [ app_init ] --START--
INFO: Run Behavior\BuildLiteBehavior [ RunTime:0.000032s ]
INFO: [ app_init ] --END-- [ RunTime:0.001666s ]
INFO: [ app_begin ] --START--
INFO: Run Behavior\ReadHtmlCacheBehavior [ RunTime:0.002682s ]
INFO: [ app_begin ] --END-- [ RunTime:0.002817s ]

[ 2017-03-22T18:13:41+08:00 ] ::1 /xj_property//Uploads/images/1702/20170216/58a50e54adf52.png
INFO: [ app_init ] --START--
INFO: Run Behavior\BuildLiteBehavior [ RunTime:0.000030s ]
INFO: [ app_init ] --END-- [ RunTime:0.004838s ]

[ 2017-03-22T18:13:41+08:00 ] ::1 /xj_property/
INFO: [ app_init ] --START--
INFO: Run Behavior\BuildLiteBehavior [ RunTime:0.000027s ]
INFO: [ app_init ] --END-- [ RunTime:0.001092s ]
INFO: [ app_begin ] --START--
INFO: Run Behavior\ReadHtmlCacheBehavior [ RunTime:0.002318s ]
INFO: [ app_begin ] --END-- [ RunTime:0.002561s ]

[ 2017-03-22T18:13:41+08:00 ] ::1 /xj_property//Uploads/images/1702/20170216/58a51323c06c1.jpg
INFO: [ app_init ] --START--
INFO: Run Behavior\BuildLiteBehavior [ RunTime:0.000046s ]
INFO: [ app_init ] --END-- [ RunTime:0.002057s ]

[ 2017-03-22T18:13:57+08:00 ] ::1 /xj_property//Uploads/images/1702/20170216/58a51323c06c1.jpg
INFO: [ app_init ] --START--
INFO: Run Behavior\BuildLiteBehavior [ RunTime:0.000033s ]
INFO: [ app_init ] --END-- [ RunTime:0.001850s ]

[ 2017-03-22T18:13:57+08:00 ] ::1 /xj_property/
INFO: [ app_init ] --START--
INFO: Run Behavior\BuildLiteBehavior [ RunTime:0.000024s ]
INFO: [ app_init ] --END-- [ RunTime:0.001200s ]
INFO: [ app_begin ] --START--
INFO: Run Behavior\ReadHtmlCacheBehavior [ RunTime:0.009541s ]
INFO: [ app_begin ] --END-- [ RunTime:0.009679s ]

[ 2017-03-22T18:13:57+08:00 ] ::1 /xj_property//Uploads/images/1702/20170216/58a50e54adf52.png
INFO: [ app_init ] --START--
INFO: Run Behavior\BuildLiteBehavior [ RunTime:0.000087s ]
INFO: [ app_init ] --END-- [ RunTime:0.001666s ]

[ 2017-03-22T18:14:45+08:00 ] ::1 /xj_property/
INFO: [ app_init ] --START--
INFO: Run Behavior\BuildLiteBehavior [ RunTime:0.000030s ]
INFO: [ app_init ] --END-- [ RunTime:0.002515s ]
INFO: [ app_begin ] --START--
INFO: Run Behavior\ReadHtmlCacheBehavior [ RunTime:0.002909s ]
INFO: [ app_begin ] --END-- [ RunTime:0.003034s ]

[ 2017-03-22T18:14:45+08:00 ] ::1 /xj_property/
INFO: [ app_init ] --START--
INFO: Run Behavior\BuildLiteBehavior [ RunTime:0.000035s ]
INFO: [ app_init ] --END-- [ RunTime:0.001486s ]
INFO: [ app_begin ] --START--
INFO: Run Behavior\ReadHtmlCacheBehavior [ RunTime:0.002654s ]
INFO: [ app_begin ] --END-- [ RunTime:0.002854s ]

[ 2017-03-22T18:14:48+08:00 ] ::1 /xj_property//Uploads/images/1702/20170216/58a50e54adf52.png
INFO: [ app_init ] --START--
INFO: Run Behavior\BuildLiteBehavior [ RunTime:0.000021s ]
INFO: [ app_init ] --END-- [ RunTime:0.001119s ]

[ 2017-03-22T18:14:48+08:00 ] ::1 /xj_property//Uploads/images/1702/20170216/58a51323c06c1.jpg
INFO: [ app_init ] --START--
INFO: Run Behavior\BuildLiteBehavior [ RunTime:0.000025s ]
INFO: [ app_init ] --END-- [ RunTime:0.001054s ]

[ 2017-03-22T18:14:48+08:00 ] ::1 /xj_property/
INFO: [ app_init ] --START--
INFO: Run Behavior\BuildLiteBehavior [ RunTime:0.000031s ]
INFO: [ app_init ] --END-- [ RunTime:0.001578s ]
INFO: [ app_begin ] --START--
INFO: Run Behavior\ReadHtmlCacheBehavior [ RunTime:0.002383s ]
INFO: [ app_begin ] --END-- [ RunTime:0.002532s ]

[ 2017-03-22T18:17:30+08:00 ] ::1 /xj_property/
INFO: [ app_init ] --START--
INFO: Run Behavior\BuildLiteBehavior [ RunTime:0.000043s ]
INFO: [ app_init ] --END-- [ RunTime:0.001786s ]
INFO: [ app_begin ] --START--
INFO: Run Behavior\ReadHtmlCacheBehavior [ RunTime:0.003812s ]
INFO: [ app_begin ] --END-- [ RunTime:0.003970s ]

[ 2017-03-22T18:17:30+08:00 ] ::1 /xj_property/
INFO: [ app_init ] --START--
INFO: Run Behavior\BuildLiteBehavior [ RunTime:0.000033s ]
INFO: [ app_init ] --END-- [ RunTime:0.001329s ]
INFO: [ app_begin ] --START--
INFO: Run Behavior\ReadHtmlCacheBehavior [ RunTime:0.002322s ]
INFO: [ app_begin ] --END-- [ RunTime:0.002473s ]

[ 2017-03-22T18:17:34+08:00 ] ::1 /xj_property/
INFO: [ app_init ] --START--
INFO: Run Behavior\BuildLiteBehavior [ RunTime:0.000031s ]
INFO: [ app_init ] --END-- [ RunTime:0.001445s ]
INFO: [ app_begin ] --START--
INFO: Run Behavior\ReadHtmlCacheBehavior [ RunTime:0.002546s ]
INFO: [ app_begin ] --END-- [ RunTime:0.002714s ]

[ 2017-03-22T18:19:39+08:00 ] ::1 /xj_property/
INFO: [ app_init ] --START--
INFO: Run Behavior\BuildLiteBehavior [ RunTime:0.000027s ]
INFO: [ app_init ] --END-- [ RunTime:0.001098s ]
INFO: [ app_begin ] --START--
INFO: Run Behavior\ReadHtmlCacheBehavior [ RunTime:0.002429s ]
INFO: [ app_begin ] --END-- [ RunTime:0.002712s ]

[ 2017-03-22T18:20:39+08:00 ] ::1 /xj_property//Uploads/images/1702/20170216/58a50e54adf52.png
INFO: [ app_init ] --START--
INFO: Run Behavior\BuildLiteBehavior [ RunTime:0.000031s ]
INFO: [ app_init ] --END-- [ RunTime:0.001306s ]

[ 2017-03-22T18:20:39+08:00 ] ::1 /xj_property/
INFO: [ app_init ] --START--
INFO: Run Behavior\BuildLiteBehavior [ RunTime:0.000066s ]
INFO: [ app_init ] --END-- [ RunTime:0.001333s ]
INFO: [ app_begin ] --START--
INFO: Run Behavior\ReadHtmlCacheBehavior [ RunTime:0.002541s ]
INFO: [ app_begin ] --END-- [ RunTime:0.002651s ]

[ 2017-03-22T18:20:39+08:00 ] ::1 /xj_property//Uploads/images/1702/20170216/58a51323c06c1.jpg
INFO: [ app_init ] --START--
INFO: Run Behavior\BuildLiteBehavior [ RunTime:0.000035s ]
INFO: [ app_init ] --END-- [ RunTime:0.026282s ]

[ 2017-03-22T18:21:05+08:00 ] ::1 /xj_property//Uploads/images/1702/20170216/58a50e54adf52.png
INFO: [ app_init ] --START--
INFO: Run Behavior\BuildLiteBehavior [ RunTime:0.000035s ]
INFO: [ app_init ] --END-- [ RunTime:0.001192s ]

[ 2017-03-22T18:21:05+08:00 ] ::1 /xj_property/
INFO: [ app_init ] --START--
INFO: Run Behavior\BuildLiteBehavior [ RunTime:0.000067s ]
INFO: [ app_init ] --END-- [ RunTime:0.004196s ]
INFO: [ app_begin ] --START--
INFO: Run Behavior\ReadHtmlCacheBehavior [ RunTime:0.007812s ]
INFO: [ app_begin ] --END-- [ RunTime:0.007985s ]

[ 2017-03-22T18:21:05+08:00 ] ::1 /xj_property//Uploads/images/1702/20170216/58a51323c06c1.jpg
INFO: [ app_init ] --START--
INFO: Run Behavior\BuildLiteBehavior [ RunTime:0.000185s ]
INFO: [ app_init ] --END-- [ RunTime:0.007969s ]

[ 2017-03-22T18:21:31+08:00 ] ::1 /xj_property/
INFO: [ app_init ] --START--
INFO: Run Behavior\BuildLiteBehavior [ RunTime:0.000032s ]
INFO: [ app_init ] --END-- [ RunTime:0.001105s ]
INFO: [ app_begin ] --START--
INFO: Run Behavior\ReadHtmlCacheBehavior [ RunTime:0.002276s ]
INFO: [ app_begin ] --END-- [ RunTime:0.002385s ]

[ 2017-03-22T18:22:54+08:00 ] ::1 /xj_property//Uploads/images/1702/20170216/58a51323c06c1.jpg
INFO: [ app_init ] --START--
INFO: Run Behavior\BuildLiteBehavior [ RunTime:0.000041s ]
INFO: [ app_init ] --END-- [ RunTime:0.001276s ]

[ 2017-03-22T18:22:54+08:00 ] ::1 /xj_property//Uploads/images/1702/20170216/58a50e54adf52.png
INFO: [ app_init ] --START--
INFO: Run Behavior\BuildLiteBehavior [ RunTime:0.000044s ]
INFO: [ app_init ] --END-- [ RunTime:0.001520s ]

[ 2017-03-22T18:22:54+08:00 ] ::1 /xj_property/
INFO: [ app_init ] --START--
INFO: Run Behavior\BuildLiteBehavior [ RunTime:0.000043s ]
INFO: [ app_init ] --END-- [ RunTime:0.001385s ]
INFO: [ app_begin ] --START--
INFO: Run Behavior\ReadHtmlCacheBehavior [ RunTime:0.003097s ]
INFO: [ app_begin ] --END-- [ RunTime:0.003219s ]

[ 2017-03-22T18:22:54+08:00 ] ::1 /xj_property//Uploads/images/1702/20170216/58a51323c06c1.jpg
INFO: [ app_init ] --START--
INFO: Run Behavior\BuildLiteBehavior [ RunTime:0.000029s ]
INFO: [ app_init ] --END-- [ RunTime:0.001750s ]

[ 2017-03-22T18:22:54+08:00 ] ::1 /xj_property//Uploads/images/1702/20170216/58a50e54adf52.png
INFO: [ app_init ] --START--
INFO: Run Behavior\BuildLiteBehavior [ RunTime:0.000037s ]
INFO: [ app_init ] --END-- [ RunTime:0.005980s ]

[ 2017-03-22T18:23:48+08:00 ] ::1 /xj_property//Uploads/images/1702/20170216/58a51323c06c1.jpg
INFO: [ app_init ] --START--
INFO: Run Behavior\BuildLiteBehavior [ RunTime:0.000026s ]
INFO: [ app_init ] --END-- [ RunTime:0.001262s ]

[ 2017-03-22T18:23:48+08:00 ] ::1 /xj_property//Uploads/images/1702/20170216/58a50e54adf52.png
INFO: [ app_init ] --START--
INFO: Run Behavior\BuildLiteBehavior [ RunTime:0.000026s ]
INFO: [ app_init ] --END-- [ RunTime:0.001251s ]

[ 2017-03-22T18:23:48+08:00 ] ::1 /xj_property/
INFO: [ app_init ] --START--
INFO: Run Behavior\BuildLiteBehavior [ RunTime:0.000032s ]
INFO: [ app_init ] --END-- [ RunTime:0.007934s ]
INFO: [ app_begin ] --START--
INFO: Run Behavior\ReadHtmlCacheBehavior [ RunTime:0.011421s ]
INFO: [ app_begin ] --END-- [ RunTime:0.011668s ]

[ 2017-03-22T18:25:14+08:00 ] ::1 /xj_property/
INFO: [ app_init ] --START--
INFO: Run Behavior\BuildLiteBehavior [ RunTime:0.000027s ]
INFO: [ app_init ] --END-- [ RunTime:0.001218s ]
INFO: [ app_begin ] --START--
INFO: Run Behavior\ReadHtmlCacheBehavior [ RunTime:0.001965s ]
INFO: [ app_begin ] --END-- [ RunTime:0.002083s ]

[ 2017-03-22T18:25:14+08:00 ] ::1 /xj_property//Uploads/images/1702/20170216/58a50e54adf52.png
INFO: [ app_init ] --START--
INFO: Run Behavior\BuildLiteBehavior [ RunTime:0.000034s ]
INFO: [ app_init ] --END-- [ RunTime:0.001614s ]

[ 2017-03-22T18:25:14+08:00 ] ::1 /xj_property//Uploads/images/1702/20170216/58a51323c06c1.jpg
INFO: [ app_init ] --START--
INFO: Run Behavior\BuildLiteBehavior [ RunTime:0.000034s ]
INFO: [ app_init ] --END-- [ RunTime:0.001410s ]

[ 2017-03-22T18:25:15+08:00 ] ::1 /xj_property//Uploads/images/1702/20170216/58a50e54adf52.png
INFO: [ app_init ] --START--
INFO: Run Behavior\BuildLiteBehavior [ RunTime:0.000046s ]
INFO: [ app_init ] --END-- [ RunTime:0.001909s ]

[ 2017-03-22T18:25:15+08:00 ] ::1 /xj_property/
INFO: [ app_init ] --START--
INFO: Run Behavior\BuildLiteBehavior [ RunTime:0.000034s ]
INFO: [ app_init ] --END-- [ RunTime:0.013290s ]
INFO: [ app_begin ] --START--
INFO: Run Behavior\ReadHtmlCacheBehavior [ RunTime:0.001738s ]
INFO: [ app_begin ] --END-- [ RunTime:0.001874s ]

[ 2017-03-22T18:30:08+08:00 ] ::1 /xj_property/
INFO: [ app_init ] --START--
INFO: Run Behavior\BuildLiteBehavior [ RunTime:0.000028s ]
INFO: [ app_init ] --END-- [ RunTime:0.001352s ]
INFO: [ app_begin ] --START--
INFO: Run Behavior\ReadHtmlCacheBehavior [ RunTime:0.002199s ]
INFO: [ app_begin ] --END-- [ RunTime:0.002345s ]

[ 2017-03-22T18:30:08+08:00 ] ::1 /xj_property//Uploads/images/1702/20170216/58a50e54adf52.png
INFO: [ app_init ] --START--
INFO: Run Behavior\BuildLiteBehavior [ RunTime:0.000029s ]
INFO: [ app_init ] --END-- [ RunTime:0.001584s ]

[ 2017-03-22T18:30:08+08:00 ] ::1 /xj_property//Uploads/images/1702/20170216/58a51323c06c1.jpg
INFO: [ app_init ] --START--
INFO: Run Behavior\BuildLiteBehavior [ RunTime:0.000031s ]
INFO: [ app_init ] --END-- [ RunTime:0.007064s ]

[ 2017-03-22T18:30:17+08:00 ] ::1 /xj_property/
INFO: [ app_init ] --START--
INFO: Run Behavior\BuildLiteBehavior [ RunTime:0.000028s ]
INFO: [ app_init ] --END-- [ RunTime:0.002293s ]
INFO: [ app_begin ] --START--
INFO: Run Behavior\ReadHtmlCacheBehavior [ RunTime:0.003146s ]
INFO: [ app_begin ] --END-- [ RunTime:0.003260s ]

[ 2017-03-22T18:30:17+08:00 ] ::1 /xj_property//Uploads/images/1702/20170216/58a50e54adf52.png
INFO: [ app_init ] --START--
INFO: Run Behavior\BuildLiteBehavior [ RunTime:0.000025s ]
INFO: [ app_init ] --END-- [ RunTime:0.001180s ]

[ 2017-03-22T18:30:17+08:00 ] ::1 /xj_property//Uploads/images/1702/20170216/58a51323c06c1.jpg
INFO: [ app_init ] --START--
INFO: Run Behavior\BuildLiteBehavior [ RunTime:0.000026s ]
INFO: [ app_init ] --END-- [ RunTime:0.001165s ]

[ 2017-03-22T18:30:40+08:00 ] ::1 /xj_property/
INFO: [ app_init ] --START--
INFO: Run Behavior\BuildLiteBehavior [ RunTime:0.000031s ]
INFO: [ app_init ] --END-- [ RunTime:0.001236s ]
INFO: [ app_begin ] --START--
INFO: Run Behavior\ReadHtmlCacheBehavior [ RunTime:0.002454s ]
INFO: [ app_begin ] --END-- [ RunTime:0.002578s ]

[ 2017-03-22T18:30:40+08:00 ] ::1 /xj_property//Uploads/images/1702/20170216/58a50e54adf52.png
INFO: [ app_init ] --START--
INFO: Run Behavior\BuildLiteBehavior [ RunTime:0.000040s ]
INFO: [ app_init ] --END-- [ RunTime:0.014344s ]

[ 2017-03-22T18:30:40+08:00 ] ::1 /xj_property//Uploads/images/1702/20170216/58a51323c06c1.jpg
INFO: [ app_init ] --START--
INFO: Run Behavior\BuildLiteBehavior [ RunTime:0.000049s ]
INFO: [ app_init ] --END-- [ RunTime:0.013961s ]

[ 2017-03-22T18:31:54+08:00 ] ::1 /xj_property//Uploads/images/1702/20170216/58a51323c06c1.jpg
INFO: [ app_init ] --START--
INFO: Run Behavior\BuildLiteBehavior [ RunTime:0.000026s ]
INFO: [ app_init ] --END-- [ RunTime:0.011433s ]

[ 2017-03-22T18:31:54+08:00 ] ::1 /xj_property/
INFO: [ app_init ] --START--
INFO: Run Behavior\BuildLiteBehavior [ RunTime:0.000036s ]
INFO: [ app_init ] --END-- [ RunTime:0.009648s ]
INFO: [ app_begin ] --START--
INFO: Run Behavior\ReadHtmlCacheBehavior [ RunTime:0.025153s ]
INFO: [ app_begin ] --END-- [ RunTime:0.025262s ]

[ 2017-03-22T18:31:54+08:00 ] ::1 /xj_property//Uploads/images/1702/20170216/58a50e54adf52.png
INFO: [ app_init ] --START--
INFO: Run Behavior\BuildLiteBehavior [ RunTime:0.000028s ]
INFO: [ app_init ] --END-- [ RunTime:0.002119s ]

[ 2017-03-22T18:33:10+08:00 ] ::1 /xj_property/
INFO: [ app_init ] --START--
INFO: Run Behavior\BuildLiteBehavior [ RunTime:0.000024s ]
INFO: [ app_init ] --END-- [ RunTime:0.000962s ]
INFO: [ app_begin ] --START--
INFO: Run Behavior\ReadHtmlCacheBehavior [ RunTime:0.005604s ]
INFO: [ app_begin ] --END-- [ RunTime:0.005725s ]

[ 2017-03-22T18:33:10+08:00 ] ::1 /xj_property//Uploads/images/1702/20170216/58a51323c06c1.jpg
INFO: [ app_init ] --START--
INFO: Run Behavior\BuildLiteBehavior [ RunTime:0.000051s ]
INFO: [ app_init ] --END-- [ RunTime:0.001444s ]

[ 2017-03-22T18:33:10+08:00 ] ::1 /xj_property//Uploads/images/1702/20170216/58a50e54adf52.png
INFO: [ app_init ] --START--
INFO: Run Behavior\BuildLiteBehavior [ RunTime:0.000040s ]
INFO: [ app_init ] --END-- [ RunTime:0.005689s ]

[ 2017-03-22T18:35:00+08:00 ] ::1 /xj_property//Uploads/images/1702/20170216/58a50e54adf52.png
INFO: [ app_init ] --START--
INFO: Run Behavior\BuildLiteBehavior [ RunTime:0.000025s ]
INFO: [ app_init ] --END-- [ RunTime:0.001071s ]

[ 2017-03-22T18:35:00+08:00 ] ::1 /xj_property//Uploads/images/1702/20170216/58a51323c06c1.jpg
INFO: [ app_init ] --START--
INFO: Run Behavior\BuildLiteBehavior [ RunTime:0.000094s ]
INFO: [ app_init ] --END-- [ RunTime:0.001813s ]

[ 2017-03-22T18:35:09+08:00 ] ::1 /xj_property//Uploads/images/1702/20170216/58a50e54adf52.png
INFO: [ app_init ] --START--
INFO: Run Behavior\BuildLiteBehavior [ RunTime:0.000039s ]
INFO: [ app_init ] --END-- [ RunTime:0.001500s ]

[ 2017-03-22T18:35:10+08:00 ] ::1 /xj_property//Uploads/images/1702/20170216/58a50e54adf52.png
INFO: [ app_init ] --START--
INFO: Run Behavior\BuildLiteBehavior [ RunTime:0.000086s ]
INFO: [ app_init ] --END-- [ RunTime:0.002808s ]

[ 2017-03-22T18:35:20+08:00 ] ::1 /xj_property//Uploads/images/1702/20170216/58a50e54adf52.png
INFO: [ app_init ] --START--
INFO: Run Behavior\BuildLiteBehavior [ RunTime:0.000033s ]
INFO: [ app_init ] --END-- [ RunTime:0.002158s ]

