[ 2017-06-14T01:27:36+08:00 ] 47.92.2.1 /
INFO: [ app_init ] --START--
INFO: Run Behavior\BuildLiteBehavior [ RunTime:0.000010s ]
INFO: [ app_init ] --END-- [ RunTime:0.000224s ]
INFO: [ app_begin ] --START--
INFO: Run Behavior\ReadHtmlCacheBehavior [ RunTime:0.000326s ]
INFO: [ app_begin ] --END-- [ RunTime:0.000361s ]
NOTIC: [8] Undefined index: type /yjdata/www/pile/Application/Home/Controller/IndexController.class.php 第 25 行.
SQL: SHOW COLUMNS FROM `eriko_disc` [ RunTime:0.0009s ]
NOTIC: [8] Undefined variable: where /yjdata/www/pile/Application/Home/Controller/IndexController.class.php 第 28 行.
SQL: SELECT * FROM `eriko_disc` ORDER BY rtime desc  [ RunTime:0.0012s ]
INFO: [ view_parse ] --START--
INFO: [ template_filter ] --START--
INFO: Run Behavior\ContentReplaceBehavior [ RunTime:0.000084s ]
INFO: [ template_filter ] --END-- [ RunTime:0.000117s ]
INFO: Run Behavior\ParseTemplateBehavior [ RunTime:0.005541s ]
INFO: [ view_parse ] --END-- [ RunTime:0.005575s ]
INFO: [ view_filter ] --START--
INFO: Run Behavior\WriteHtmlCacheBehavior [ RunTime:0.000095s ]
INFO: [ view_filter ] --END-- [ RunTime:0.000120s ]

[ 2017-06-14T02:36:43+08:00 ] 111.20.248.74 http://tojoki.asia/
INFO: [ app_init ] --START--
INFO: Run Behavior\BuildLiteBehavior [ RunTime:0.000010s ]
INFO: [ app_init ] --END-- [ RunTime:0.000236s ]
INFO: [ app_begin ] --START--
INFO: Run Behavior\ReadHtmlCacheBehavior [ RunTime:0.000286s ]
INFO: [ app_begin ] --END-- [ RunTime:0.000322s ]
NOTIC: [8] Undefined index: type /yjdata/www/pile/Application/Home/Controller/IndexController.class.php 第 25 行.
SQL: SHOW COLUMNS FROM `eriko_disc` [ RunTime:0.0009s ]
NOTIC: [8] Undefined variable: where /yjdata/www/pile/Application/Home/Controller/IndexController.class.php 第 28 行.
SQL: SELECT * FROM `eriko_disc` ORDER BY rtime desc  [ RunTime:0.0012s ]
INFO: [ view_parse ] --START--
INFO: [ template_filter ] --START--
INFO: Run Behavior\ContentReplaceBehavior [ RunTime:0.000074s ]
INFO: [ template_filter ] --END-- [ RunTime:0.000114s ]
INFO: Run Behavior\ParseTemplateBehavior [ RunTime:0.005605s ]
INFO: [ view_parse ] --END-- [ RunTime:0.005639s ]
INFO: [ view_filter ] --START--
INFO: Run Behavior\WriteHtmlCacheBehavior [ RunTime:0.000096s ]
INFO: [ view_filter ] --END-- [ RunTime:0.000121s ]
INFO: 
INFO: 
INFO: 

[ 2017-06-14T02:49:59+08:00 ] 60.191.29.20 /
INFO: [ app_init ] --START--
INFO: Run Behavior\BuildLiteBehavior [ RunTime:0.000011s ]
INFO: [ app_init ] --END-- [ RunTime:0.000252s ]
INFO: [ app_begin ] --START--
INFO: Run Behavior\ReadHtmlCacheBehavior [ RunTime:0.000287s ]
INFO: [ app_begin ] --END-- [ RunTime:0.000323s ]
NOTIC: [8] Undefined index: type /yjdata/www/pile/Application/Home/Controller/IndexController.class.php 第 25 行.
SQL: SHOW COLUMNS FROM `eriko_disc` [ RunTime:0.0009s ]
NOTIC: [8] Undefined variable: where /yjdata/www/pile/Application/Home/Controller/IndexController.class.php 第 28 行.
SQL: SELECT * FROM `eriko_disc` ORDER BY rtime desc  [ RunTime:0.0011s ]
INFO: [ view_parse ] --START--
INFO: [ template_filter ] --START--
INFO: Run Behavior\ContentReplaceBehavior [ RunTime:0.000072s ]
INFO: [ template_filter ] --END-- [ RunTime:0.000104s ]
INFO: Run Behavior\ParseTemplateBehavior [ RunTime:0.005550s ]
INFO: [ view_parse ] --END-- [ RunTime:0.005598s ]
INFO: [ view_filter ] --START--
INFO: Run Behavior\WriteHtmlCacheBehavior [ RunTime:0.000101s ]
INFO: [ view_filter ] --END-- [ RunTime:0.000128s ]
INFO: [ app_end ] --START--
INFO: Run Behavior\ShowPageTraceBehavior [ RunTime:0.000374s ]
INFO: [ app_end ] --END-- [ RunTime:0.000429s ]

[ 2017-06-14T03:48:35+08:00 ] 118.190.15.31 /
INFO: [ app_init ] --START--
INFO: Run Behavior\BuildLiteBehavior [ RunTime:0.000015s ]
INFO: [ app_init ] --END-- [ RunTime:0.000283s ]
INFO: [ app_begin ] --START--
INFO: Run Behavior\ReadHtmlCacheBehavior [ RunTime:0.000295s ]
INFO: [ app_begin ] --END-- [ RunTime:0.000331s ]
NOTIC: [8] Undefined index: type /yjdata/www/pile/Application/Home/Controller/IndexController.class.php 第 25 行.
SQL: SHOW COLUMNS FROM `eriko_disc` [ RunTime:0.0010s ]
NOTIC: [8] Undefined variable: where /yjdata/www/pile/Application/Home/Controller/IndexController.class.php 第 28 行.
SQL: SELECT * FROM `eriko_disc` ORDER BY rtime desc  [ RunTime:0.0012s ]
INFO: [ view_parse ] --START--
INFO: [ template_filter ] --START--
INFO: Run Behavior\ContentReplaceBehavior [ RunTime:0.000090s ]
INFO: [ template_filter ] --END-- [ RunTime:0.000124s ]
INFO: Run Behavior\ParseTemplateBehavior [ RunTime:0.006537s ]
INFO: [ view_parse ] --END-- [ RunTime:0.006576s ]
INFO: [ view_filter ] --START--
INFO: Run Behavior\WriteHtmlCacheBehavior [ RunTime:0.000119s ]
INFO: [ view_filter ] --END-- [ RunTime:0.000148s ]

[ 2017-06-14T04:04:11+08:00 ] 140.205.201.36 /
INFO: [ app_init ] --START--
INFO: Run Behavior\BuildLiteBehavior [ RunTime:0.000011s ]
INFO: [ app_init ] --END-- [ RunTime:0.000224s ]
INFO: [ app_begin ] --START--
INFO: Run Behavior\ReadHtmlCacheBehavior [ RunTime:0.000276s ]
INFO: [ app_begin ] --END-- [ RunTime:0.000318s ]
NOTIC: [8] Undefined index: type /yjdata/www/pile/Application/Home/Controller/IndexController.class.php 第 25 行.
SQL: SHOW COLUMNS FROM `eriko_disc` [ RunTime:0.0009s ]
NOTIC: [8] Undefined variable: where /yjdata/www/pile/Application/Home/Controller/IndexController.class.php 第 28 行.
SQL: SELECT * FROM `eriko_disc` ORDER BY rtime desc  [ RunTime:0.0011s ]
INFO: [ view_parse ] --START--
INFO: [ template_filter ] --START--
INFO: Run Behavior\ContentReplaceBehavior [ RunTime:0.000083s ]
INFO: [ template_filter ] --END-- [ RunTime:0.000119s ]
INFO: Run Behavior\ParseTemplateBehavior [ RunTime:0.005582s ]
INFO: [ view_parse ] --END-- [ RunTime:0.005617s ]
INFO: [ view_filter ] --START--
INFO: Run Behavior\WriteHtmlCacheBehavior [ RunTime:0.000112s ]
INFO: [ view_filter ] --END-- [ RunTime:0.000138s ]
INFO: [ app_end ] --START--
INFO: Run Behavior\ShowPageTraceBehavior [ RunTime:0.000486s ]
INFO: [ app_end ] --END-- [ RunTime:0.000560s ]

[ 2017-06-14T04:19:13+08:00 ] 140.205.225.201 /
INFO: [ app_init ] --START--
INFO: Run Behavior\BuildLiteBehavior [ RunTime:0.000011s ]
INFO: [ app_init ] --END-- [ RunTime:0.000226s ]
INFO: [ app_begin ] --START--
INFO: Run Behavior\ReadHtmlCacheBehavior [ RunTime:0.000279s ]
INFO: [ app_begin ] --END-- [ RunTime:0.000315s ]
NOTIC: [8] Undefined index: type /yjdata/www/pile/Application/Home/Controller/IndexController.class.php 第 25 行.
SQL: SHOW COLUMNS FROM `eriko_disc` [ RunTime:0.0009s ]
NOTIC: [8] Undefined variable: where /yjdata/www/pile/Application/Home/Controller/IndexController.class.php 第 28 行.
SQL: SELECT * FROM `eriko_disc` ORDER BY rtime desc  [ RunTime:0.0012s ]
INFO: [ view_parse ] --START--
INFO: [ template_filter ] --START--
INFO: Run Behavior\ContentReplaceBehavior [ RunTime:0.000078s ]
INFO: [ template_filter ] --END-- [ RunTime:0.000111s ]
INFO: Run Behavior\ParseTemplateBehavior [ RunTime:0.005668s ]
INFO: [ view_parse ] --END-- [ RunTime:0.005704s ]
INFO: [ view_filter ] --START--
INFO: Run Behavior\WriteHtmlCacheBehavior [ RunTime:0.000104s ]
INFO: [ view_filter ] --END-- [ RunTime:0.000144s ]
INFO: [ app_end ] --START--
INFO: Run Behavior\ShowPageTraceBehavior [ RunTime:0.000488s ]
INFO: [ app_end ] --END-- [ RunTime:0.000562s ]

[ 2017-06-14T04:28:24+08:00 ] 1.202.77.114 /
INFO: [ app_init ] --START--
INFO: Run Behavior\BuildLiteBehavior [ RunTime:0.000010s ]
INFO: [ app_init ] --END-- [ RunTime:0.000232s ]
INFO: [ app_begin ] --START--
INFO: Run Behavior\ReadHtmlCacheBehavior [ RunTime:0.000272s ]
INFO: [ app_begin ] --END-- [ RunTime:0.000306s ]
NOTIC: [8] Undefined index: type /yjdata/www/pile/Application/Home/Controller/IndexController.class.php 第 25 行.
SQL: SHOW COLUMNS FROM `eriko_disc` [ RunTime:0.0010s ]
NOTIC: [8] Undefined variable: where /yjdata/www/pile/Application/Home/Controller/IndexController.class.php 第 28 行.
SQL: SELECT * FROM `eriko_disc` ORDER BY rtime desc  [ RunTime:0.0012s ]
INFO: [ view_parse ] --START--
INFO: [ template_filter ] --START--
INFO: Run Behavior\ContentReplaceBehavior [ RunTime:0.000072s ]
INFO: [ template_filter ] --END-- [ RunTime:0.000103s ]
INFO: Run Behavior\ParseTemplateBehavior [ RunTime:0.005579s ]
INFO: [ view_parse ] --END-- [ RunTime:0.005614s ]
INFO: [ view_filter ] --START--
INFO: Run Behavior\WriteHtmlCacheBehavior [ RunTime:0.000119s ]
INFO: [ view_filter ] --END-- [ RunTime:0.000146s ]
INFO: [ app_end ] --START--
INFO: Run Behavior\ShowPageTraceBehavior [ RunTime:0.000327s ]
INFO: [ app_end ] --END-- [ RunTime:0.000378s ]

[ 2017-06-14T04:49:49+08:00 ] 101.226.33.201 /
INFO: [ app_init ] --START--
INFO: Run Behavior\BuildLiteBehavior [ RunTime:0.000011s ]
INFO: [ app_init ] --END-- [ RunTime:0.000235s ]
INFO: [ app_begin ] --START--
INFO: Run Behavior\ReadHtmlCacheBehavior [ RunTime:0.000273s ]
INFO: [ app_begin ] --END-- [ RunTime:0.000306s ]
NOTIC: [8] Undefined index: type /yjdata/www/pile/Application/Home/Controller/IndexController.class.php 第 25 行.
SQL: SHOW COLUMNS FROM `eriko_disc` [ RunTime:0.0009s ]
NOTIC: [8] Undefined variable: where /yjdata/www/pile/Application/Home/Controller/IndexController.class.php 第 28 行.
SQL: SELECT * FROM `eriko_disc` ORDER BY rtime desc  [ RunTime:0.0011s ]
INFO: [ view_parse ] --START--
INFO: [ template_filter ] --START--
INFO: Run Behavior\ContentReplaceBehavior [ RunTime:0.000095s ]
INFO: [ template_filter ] --END-- [ RunTime:0.000130s ]
INFO: Run Behavior\ParseTemplateBehavior [ RunTime:0.005687s ]
INFO: [ view_parse ] --END-- [ RunTime:0.005723s ]
INFO: [ view_filter ] --START--
INFO: Run Behavior\WriteHtmlCacheBehavior [ RunTime:0.000101s ]
INFO: [ view_filter ] --END-- [ RunTime:0.000126s ]
INFO: [ app_end ] --START--
INFO: Run Behavior\ShowPageTraceBehavior [ RunTime:0.000502s ]
INFO: [ app_end ] --END-- [ RunTime:0.000576s ]

[ 2017-06-14T05:24:27+08:00 ] 140.205.225.197 /
INFO: [ app_init ] --START--
INFO: Run Behavior\BuildLiteBehavior [ RunTime:0.000010s ]
INFO: [ app_init ] --END-- [ RunTime:0.000225s ]
INFO: [ app_begin ] --START--
INFO: Run Behavior\ReadHtmlCacheBehavior [ RunTime:0.000282s ]
INFO: [ app_begin ] --END-- [ RunTime:0.000316s ]
NOTIC: [8] Undefined index: type /yjdata/www/pile/Application/Home/Controller/IndexController.class.php 第 25 行.
SQL: SHOW COLUMNS FROM `eriko_disc` [ RunTime:0.0010s ]
NOTIC: [8] Undefined variable: where /yjdata/www/pile/Application/Home/Controller/IndexController.class.php 第 28 行.
SQL: SELECT * FROM `eriko_disc` ORDER BY rtime desc  [ RunTime:0.0013s ]
INFO: [ view_parse ] --START--
INFO: [ template_filter ] --START--
INFO: Run Behavior\ContentReplaceBehavior [ RunTime:0.000107s ]
INFO: [ template_filter ] --END-- [ RunTime:0.000142s ]
INFO: Run Behavior\ParseTemplateBehavior [ RunTime:0.005820s ]
INFO: [ view_parse ] --END-- [ RunTime:0.005854s ]
INFO: [ view_filter ] --START--
INFO: Run Behavior\WriteHtmlCacheBehavior [ RunTime:0.000100s ]
INFO: [ view_filter ] --END-- [ RunTime:0.000124s ]
INFO: [ app_end ] --START--
INFO: Run Behavior\ShowPageTraceBehavior [ RunTime:0.000517s ]
INFO: [ app_end ] --END-- [ RunTime:0.000597s ]

[ 2017-06-14T05:46:46+08:00 ] 101.226.33.219 /
INFO: [ app_init ] --START--
INFO: Run Behavior\BuildLiteBehavior [ RunTime:0.000012s ]
INFO: [ app_init ] --END-- [ RunTime:0.000227s ]
INFO: [ app_begin ] --START--
INFO: Run Behavior\ReadHtmlCacheBehavior [ RunTime:0.000281s ]
INFO: [ app_begin ] --END-- [ RunTime:0.000314s ]
NOTIC: [8] Undefined index: type /yjdata/www/pile/Application/Home/Controller/IndexController.class.php 第 25 行.
SQL: SHOW COLUMNS FROM `eriko_disc` [ RunTime:0.0010s ]
NOTIC: [8] Undefined variable: where /yjdata/www/pile/Application/Home/Controller/IndexController.class.php 第 28 行.
SQL: SELECT * FROM `eriko_disc` ORDER BY rtime desc  [ RunTime:0.0013s ]
INFO: [ view_parse ] --START--
INFO: [ template_filter ] --START--
INFO: Run Behavior\ContentReplaceBehavior [ RunTime:0.000084s ]
INFO: [ template_filter ] --END-- [ RunTime:0.000118s ]
INFO: Run Behavior\ParseTemplateBehavior [ RunTime:0.005564s ]
INFO: [ view_parse ] --END-- [ RunTime:0.005597s ]
INFO: [ view_filter ] --START--
INFO: Run Behavior\WriteHtmlCacheBehavior [ RunTime:0.000104s ]
INFO: [ view_filter ] --END-- [ RunTime:0.000130s ]
INFO: [ app_end ] --START--
INFO: Run Behavior\ShowPageTraceBehavior [ RunTime:0.000418s ]
INFO: [ app_end ] --END-- [ RunTime:0.000481s ]

[ 2017-06-14T06:41:25+08:00 ] 61.151.226.189 /zhuanpan/demo.html
INFO: [ app_init ] --START--
INFO: Run Behavior\BuildLiteBehavior [ RunTime:0.000011s ]
INFO: [ app_init ] --END-- [ RunTime:0.000220s ]
INFO: [ app_begin ] --START--
INFO: Run Behavior\ReadHtmlCacheBehavior [ RunTime:0.000275s ]
INFO: [ app_begin ] --END-- [ RunTime:0.000309s ]
ERR: 无法加载控制器:Zhuanpan

[ 2017-06-14T07:04:36+08:00 ] 140.205.225.191 /
INFO: [ app_init ] --START--
INFO: Run Behavior\BuildLiteBehavior [ RunTime:0.000011s ]
INFO: [ app_init ] --END-- [ RunTime:0.000226s ]
INFO: [ app_begin ] --START--
INFO: Run Behavior\ReadHtmlCacheBehavior [ RunTime:0.000268s ]
INFO: [ app_begin ] --END-- [ RunTime:0.000302s ]
NOTIC: [8] Undefined index: type /yjdata/www/pile/Application/Home/Controller/IndexController.class.php 第 25 行.
SQL: SHOW COLUMNS FROM `eriko_disc` [ RunTime:0.0010s ]
NOTIC: [8] Undefined variable: where /yjdata/www/pile/Application/Home/Controller/IndexController.class.php 第 28 行.
SQL: SELECT * FROM `eriko_disc` ORDER BY rtime desc  [ RunTime:0.0012s ]
INFO: [ view_parse ] --START--
INFO: [ template_filter ] --START--
INFO: Run Behavior\ContentReplaceBehavior [ RunTime:0.000075s ]
INFO: [ template_filter ] --END-- [ RunTime:0.000111s ]
INFO: Run Behavior\ParseTemplateBehavior [ RunTime:0.005694s ]
INFO: [ view_parse ] --END-- [ RunTime:0.005729s ]
INFO: [ view_filter ] --START--
INFO: Run Behavior\WriteHtmlCacheBehavior [ RunTime:0.000100s ]
INFO: [ view_filter ] --END-- [ RunTime:0.000126s ]
INFO: [ app_end ] --START--
INFO: Run Behavior\ShowPageTraceBehavior [ RunTime:0.000472s ]
INFO: [ app_end ] --END-- [ RunTime:0.000565s ]

[ 2017-06-14T07:22:49+08:00 ] 191.96.249.136 /phpmyadmin/scripts/setup.php
INFO: [ app_init ] --START--
INFO: Run Behavior\BuildLiteBehavior [ RunTime:0.000027s ]
INFO: [ app_init ] --END-- [ RunTime:0.000287s ]
INFO: [ app_begin ] --START--
INFO: Run Behavior\ReadHtmlCacheBehavior [ RunTime:0.000300s ]
INFO: [ app_begin ] --END-- [ RunTime:0.000336s ]
ERR: 无法加载控制器:Phpmyadmin

[ 2017-06-14T07:33:33+08:00 ] 140.205.225.194 /
INFO: [ app_init ] --START--
INFO: Run Behavior\BuildLiteBehavior [ RunTime:0.000010s ]
INFO: [ app_init ] --END-- [ RunTime:0.000221s ]
INFO: [ app_begin ] --START--
INFO: Run Behavior\ReadHtmlCacheBehavior [ RunTime:0.000283s ]
INFO: [ app_begin ] --END-- [ RunTime:0.000317s ]
NOTIC: [8] Undefined index: type /yjdata/www/pile/Application/Home/Controller/IndexController.class.php 第 25 行.
SQL: SHOW COLUMNS FROM `eriko_disc` [ RunTime:0.0009s ]
NOTIC: [8] Undefined variable: where /yjdata/www/pile/Application/Home/Controller/IndexController.class.php 第 28 行.
SQL: SELECT * FROM `eriko_disc` ORDER BY rtime desc  [ RunTime:0.0010s ]
INFO: [ view_parse ] --START--
INFO: [ template_filter ] --START--
INFO: Run Behavior\ContentReplaceBehavior [ RunTime:0.000072s ]
INFO: [ template_filter ] --END-- [ RunTime:0.000103s ]
INFO: Run Behavior\ParseTemplateBehavior [ RunTime:0.005531s ]
INFO: [ view_parse ] --END-- [ RunTime:0.005565s ]
INFO: [ view_filter ] --START--
INFO: Run Behavior\WriteHtmlCacheBehavior [ RunTime:0.000097s ]
INFO: [ view_filter ] --END-- [ RunTime:0.000130s ]
INFO: [ app_end ] --START--
INFO: Run Behavior\ShowPageTraceBehavior [ RunTime:0.000380s ]
INFO: [ app_end ] --END-- [ RunTime:0.000436s ]

[ 2017-06-14T08:19:39+08:00 ] 103.242.202.196 http://tojoki.asia/
INFO: [ app_init ] --START--
INFO: Run Behavior\BuildLiteBehavior [ RunTime:0.000011s ]
INFO: [ app_init ] --END-- [ RunTime:0.000237s ]
INFO: [ app_begin ] --START--
INFO: Run Behavior\ReadHtmlCacheBehavior [ RunTime:0.000292s ]
INFO: [ app_begin ] --END-- [ RunTime:0.000328s ]
NOTIC: [8] Undefined index: type /yjdata/www/pile/Application/Home/Controller/IndexController.class.php 第 25 行.
SQL: SHOW COLUMNS FROM `eriko_disc` [ RunTime:0.0010s ]
NOTIC: [8] Undefined variable: where /yjdata/www/pile/Application/Home/Controller/IndexController.class.php 第 28 行.
SQL: SELECT * FROM `eriko_disc` ORDER BY rtime desc  [ RunTime:0.0012s ]
INFO: [ view_parse ] --START--
INFO: [ template_filter ] --START--
INFO: Run Behavior\ContentReplaceBehavior [ RunTime:0.000086s ]
INFO: [ template_filter ] --END-- [ RunTime:0.000121s ]
INFO: Run Behavior\ParseTemplateBehavior [ RunTime:0.005640s ]
INFO: [ view_parse ] --END-- [ RunTime:0.005674s ]
INFO: [ view_filter ] --START--
INFO: Run Behavior\WriteHtmlCacheBehavior [ RunTime:0.000102s ]
INFO: [ view_filter ] --END-- [ RunTime:0.000127s ]
INFO: 
INFO: 
INFO: 

[ 2017-06-14T08:46:04+08:00 ] 42.156.251.187 /
INFO: [ app_init ] --START--
INFO: Run Behavior\BuildLiteBehavior [ RunTime:0.000011s ]
INFO: [ app_init ] --END-- [ RunTime:0.000232s ]
INFO: [ app_begin ] --START--
INFO: Run Behavior\ReadHtmlCacheBehavior [ RunTime:0.000274s ]
INFO: [ app_begin ] --END-- [ RunTime:0.000315s ]
NOTIC: [8] Undefined index: type /yjdata/www/pile/Application/Home/Controller/IndexController.class.php 第 25 行.
SQL: SHOW COLUMNS FROM `eriko_disc` [ RunTime:0.0009s ]
NOTIC: [8] Undefined variable: where /yjdata/www/pile/Application/Home/Controller/IndexController.class.php 第 28 行.
SQL: SELECT * FROM `eriko_disc` ORDER BY rtime desc  [ RunTime:0.0011s ]
INFO: [ view_parse ] --START--
INFO: [ template_filter ] --START--
INFO: Run Behavior\ContentReplaceBehavior [ RunTime:0.000095s ]
INFO: [ template_filter ] --END-- [ RunTime:0.000128s ]
INFO: Run Behavior\ParseTemplateBehavior [ RunTime:0.005558s ]
INFO: [ view_parse ] --END-- [ RunTime:0.005593s ]
INFO: [ view_filter ] --START--
INFO: Run Behavior\WriteHtmlCacheBehavior [ RunTime:0.000096s ]
INFO: [ view_filter ] --END-- [ RunTime:0.000121s ]
INFO: [ app_end ] --START--
INFO: Run Behavior\ShowPageTraceBehavior [ RunTime:0.000527s ]
INFO: [ app_end ] --END-- [ RunTime:0.000610s ]

[ 2017-06-14T09:04:54+08:00 ] 42.156.251.187 /
INFO: [ app_init ] --START--
INFO: Run Behavior\BuildLiteBehavior [ RunTime:0.000011s ]
INFO: [ app_init ] --END-- [ RunTime:0.000233s ]
INFO: [ app_begin ] --START--
INFO: Run Behavior\ReadHtmlCacheBehavior [ RunTime:0.000306s ]
INFO: [ app_begin ] --END-- [ RunTime:0.000341s ]
NOTIC: [8] Undefined index: type /yjdata/www/pile/Application/Home/Controller/IndexController.class.php 第 25 行.
SQL: SHOW COLUMNS FROM `eriko_disc` [ RunTime:0.0009s ]
NOTIC: [8] Undefined variable: where /yjdata/www/pile/Application/Home/Controller/IndexController.class.php 第 28 行.
SQL: SELECT * FROM `eriko_disc` ORDER BY rtime desc  [ RunTime:0.0011s ]
INFO: [ view_parse ] --START--
INFO: [ template_filter ] --START--
INFO: Run Behavior\ContentReplaceBehavior [ RunTime:0.000084s ]
INFO: [ template_filter ] --END-- [ RunTime:0.000129s ]
INFO: Run Behavior\ParseTemplateBehavior [ RunTime:0.005834s ]
INFO: [ view_parse ] --END-- [ RunTime:0.005869s ]
INFO: [ view_filter ] --START--
INFO: Run Behavior\WriteHtmlCacheBehavior [ RunTime:0.000099s ]
INFO: [ view_filter ] --END-- [ RunTime:0.000125s ]
INFO: [ app_end ] --START--
INFO: Run Behavior\ShowPageTraceBehavior [ RunTime:0.000347s ]
INFO: [ app_end ] --END-- [ RunTime:0.000389s ]

[ 2017-06-14T09:35:22+08:00 ] 114.215.45.79 /
INFO: [ app_init ] --START--
INFO: Run Behavior\BuildLiteBehavior [ RunTime:0.000013s ]
INFO: [ app_init ] --END-- [ RunTime:0.000266s ]
INFO: [ app_begin ] --START--
INFO: Run Behavior\ReadHtmlCacheBehavior [ RunTime:0.000278s ]
INFO: [ app_begin ] --END-- [ RunTime:0.000318s ]
NOTIC: [8] Undefined index: type /yjdata/www/pile/Application/Home/Controller/IndexController.class.php 第 25 行.
SQL: SHOW COLUMNS FROM `eriko_disc` [ RunTime:0.0009s ]
NOTIC: [8] Undefined variable: where /yjdata/www/pile/Application/Home/Controller/IndexController.class.php 第 28 行.
SQL: SELECT * FROM `eriko_disc` ORDER BY rtime desc  [ RunTime:0.0010s ]
INFO: [ view_parse ] --START--
INFO: [ template_filter ] --START--
INFO: Run Behavior\ContentReplaceBehavior [ RunTime:0.000082s ]
INFO: [ template_filter ] --END-- [ RunTime:0.000115s ]
INFO: Run Behavior\ParseTemplateBehavior [ RunTime:0.005920s ]
INFO: [ view_parse ] --END-- [ RunTime:0.005969s ]
INFO: [ view_filter ] --START--
INFO: Run Behavior\WriteHtmlCacheBehavior [ RunTime:0.000098s ]
INFO: [ view_filter ] --END-- [ RunTime:0.000124s ]

[ 2017-06-14T10:00:52+08:00 ] 106.14.19.151 /
INFO: [ app_init ] --START--
INFO: Run Behavior\BuildLiteBehavior [ RunTime:0.000011s ]
INFO: [ app_init ] --END-- [ RunTime:0.000230s ]
INFO: [ app_begin ] --START--
INFO: Run Behavior\ReadHtmlCacheBehavior [ RunTime:0.000306s ]
INFO: [ app_begin ] --END-- [ RunTime:0.000342s ]
NOTIC: [8] Undefined index: type /yjdata/www/pile/Application/Home/Controller/IndexController.class.php 第 25 行.
SQL: SHOW COLUMNS FROM `eriko_disc` [ RunTime:0.0010s ]
NOTIC: [8] Undefined variable: where /yjdata/www/pile/Application/Home/Controller/IndexController.class.php 第 28 行.
SQL: SELECT * FROM `eriko_disc` ORDER BY rtime desc  [ RunTime:0.0012s ]
INFO: [ view_parse ] --START--
INFO: [ template_filter ] --START--
INFO: Run Behavior\ContentReplaceBehavior [ RunTime:0.000087s ]
INFO: [ template_filter ] --END-- [ RunTime:0.000122s ]
INFO: Run Behavior\ParseTemplateBehavior [ RunTime:0.005609s ]
INFO: [ view_parse ] --END-- [ RunTime:0.005645s ]
INFO: [ view_filter ] --START--
INFO: Run Behavior\WriteHtmlCacheBehavior [ RunTime:0.000100s ]
INFO: [ view_filter ] --END-- [ RunTime:0.000127s ]
INFO: [ app_end ] --START--
INFO: Run Behavior\ShowPageTraceBehavior [ RunTime:0.000472s ]
INFO: [ app_end ] --END-- [ RunTime:0.000555s ]

[ 2017-06-14T10:27:32+08:00 ] 125.76.60.100 /
INFO: [ app_init ] --START--
INFO: Run Behavior\BuildLiteBehavior [ RunTime:0.000018s ]
INFO: [ app_init ] --END-- [ RunTime:0.000249s ]
INFO: [ app_begin ] --START--
INFO: Run Behavior\ReadHtmlCacheBehavior [ RunTime:0.000280s ]
INFO: [ app_begin ] --END-- [ RunTime:0.000314s ]
NOTIC: [8] Undefined index: type /yjdata/www/pile/Application/Home/Controller/IndexController.class.php 第 25 行.
SQL: SHOW COLUMNS FROM `eriko_disc` [ RunTime:0.0009s ]
NOTIC: [8] Undefined variable: where /yjdata/www/pile/Application/Home/Controller/IndexController.class.php 第 28 行.
SQL: SELECT * FROM `eriko_disc` ORDER BY rtime desc  [ RunTime:0.0012s ]
INFO: [ view_parse ] --START--
INFO: [ template_filter ] --START--
INFO: Run Behavior\ContentReplaceBehavior [ RunTime:0.000080s ]
INFO: [ template_filter ] --END-- [ RunTime:0.000112s ]
INFO: Run Behavior\ParseTemplateBehavior [ RunTime:0.005642s ]
INFO: [ view_parse ] --END-- [ RunTime:0.005678s ]
INFO: [ view_filter ] --START--
INFO: Run Behavior\WriteHtmlCacheBehavior [ RunTime:0.000102s ]
INFO: [ view_filter ] --END-- [ RunTime:0.000142s ]
INFO: [ app_end ] --START--
INFO: Run Behavior\ShowPageTraceBehavior [ RunTime:0.000598s ]
INFO: [ app_end ] --END-- [ RunTime:0.000695s ]

[ 2017-06-14T11:34:28+08:00 ] 123.56.233.113 /
INFO: [ app_init ] --START--
INFO: Run Behavior\BuildLiteBehavior [ RunTime:0.000011s ]
INFO: [ app_init ] --END-- [ RunTime:0.000224s ]
INFO: [ app_begin ] --START--
INFO: Run Behavior\ReadHtmlCacheBehavior [ RunTime:0.000283s ]
INFO: [ app_begin ] --END-- [ RunTime:0.000316s ]
NOTIC: [8] Undefined index: type /yjdata/www/pile/Application/Home/Controller/IndexController.class.php 第 25 行.
SQL: SHOW COLUMNS FROM `eriko_disc` [ RunTime:0.0009s ]
NOTIC: [8] Undefined variable: where /yjdata/www/pile/Application/Home/Controller/IndexController.class.php 第 28 行.
SQL: SELECT * FROM `eriko_disc` ORDER BY rtime desc  [ RunTime:0.0012s ]
INFO: [ view_parse ] --START--
INFO: [ template_filter ] --START--
INFO: Run Behavior\ContentReplaceBehavior [ RunTime:0.000079s ]
INFO: [ template_filter ] --END-- [ RunTime:0.000112s ]
INFO: Run Behavior\ParseTemplateBehavior [ RunTime:0.005597s ]
INFO: [ view_parse ] --END-- [ RunTime:0.005632s ]
INFO: [ view_filter ] --START--
INFO: Run Behavior\WriteHtmlCacheBehavior [ RunTime:0.000113s ]
INFO: [ view_filter ] --END-- [ RunTime:0.000139s ]

[ 2017-06-14T13:46:16+08:00 ] 101.226.125.104 /zhuanpan/demo.html
INFO: [ app_init ] --START--
INFO: Run Behavior\BuildLiteBehavior [ RunTime:0.000011s ]
INFO: [ app_init ] --END-- [ RunTime:0.000231s ]
INFO: [ app_begin ] --START--
INFO: Run Behavior\ReadHtmlCacheBehavior [ RunTime:0.000311s ]
INFO: [ app_begin ] --END-- [ RunTime:0.000358s ]
ERR: 无法加载控制器:Zhuanpan

[ 2017-06-14T13:47:08+08:00 ] 140.205.225.202 /
INFO: [ app_init ] --START--
INFO: Run Behavior\BuildLiteBehavior [ RunTime:0.000011s ]
INFO: [ app_init ] --END-- [ RunTime:0.000235s ]
INFO: [ app_begin ] --START--
INFO: Run Behavior\ReadHtmlCacheBehavior [ RunTime:0.000282s ]
INFO: [ app_begin ] --END-- [ RunTime:0.000315s ]
NOTIC: [8] Undefined index: type /yjdata/www/pile/Application/Home/Controller/IndexController.class.php 第 25 行.
SQL: SHOW COLUMNS FROM `eriko_disc` [ RunTime:0.0010s ]
NOTIC: [8] Undefined variable: where /yjdata/www/pile/Application/Home/Controller/IndexController.class.php 第 28 行.
SQL: SELECT * FROM `eriko_disc` ORDER BY rtime desc  [ RunTime:0.0013s ]
INFO: [ view_parse ] --START--
INFO: [ template_filter ] --START--
INFO: Run Behavior\ContentReplaceBehavior [ RunTime:0.000078s ]
INFO: [ template_filter ] --END-- [ RunTime:0.000113s ]
INFO: Run Behavior\ParseTemplateBehavior [ RunTime:0.005694s ]
INFO: [ view_parse ] --END-- [ RunTime:0.005727s ]
INFO: [ view_filter ] --START--
INFO: Run Behavior\WriteHtmlCacheBehavior [ RunTime:0.000098s ]
INFO: [ view_filter ] --END-- [ RunTime:0.000123s ]
INFO: [ app_end ] --START--
INFO: Run Behavior\ShowPageTraceBehavior [ RunTime:0.000437s ]
INFO: [ app_end ] --END-- [ RunTime:0.000501s ]

[ 2017-06-14T14:01:42+08:00 ] 140.205.225.206 /
INFO: [ app_init ] --START--
INFO: Run Behavior\BuildLiteBehavior [ RunTime:0.000011s ]
INFO: [ app_init ] --END-- [ RunTime:0.000237s ]
INFO: [ app_begin ] --START--
INFO: Run Behavior\ReadHtmlCacheBehavior [ RunTime:0.000269s ]
INFO: [ app_begin ] --END-- [ RunTime:0.000303s ]
NOTIC: [8] Undefined index: type /yjdata/www/pile/Application/Home/Controller/IndexController.class.php 第 25 行.
SQL: SHOW COLUMNS FROM `eriko_disc` [ RunTime:0.0008s ]
NOTIC: [8] Undefined variable: where /yjdata/www/pile/Application/Home/Controller/IndexController.class.php 第 28 行.
SQL: SELECT * FROM `eriko_disc` ORDER BY rtime desc  [ RunTime:0.0010s ]
INFO: [ view_parse ] --START--
INFO: [ template_filter ] --START--
INFO: Run Behavior\ContentReplaceBehavior [ RunTime:0.000070s ]
INFO: [ template_filter ] --END-- [ RunTime:0.000101s ]
INFO: Run Behavior\ParseTemplateBehavior [ RunTime:0.005521s ]
INFO: [ view_parse ] --END-- [ RunTime:0.005555s ]
INFO: [ view_filter ] --START--
INFO: Run Behavior\WriteHtmlCacheBehavior [ RunTime:0.000108s ]
INFO: [ view_filter ] --END-- [ RunTime:0.000134s ]
INFO: [ app_end ] --START--
INFO: Run Behavior\ShowPageTraceBehavior [ RunTime:0.000339s ]
INFO: [ app_end ] --END-- [ RunTime:0.000390s ]

[ 2017-06-14T14:54:45+08:00 ] 101.226.33.238 /
INFO: [ app_init ] --START--
INFO: Run Behavior\BuildLiteBehavior [ RunTime:0.000011s ]
INFO: [ app_init ] --END-- [ RunTime:0.000224s ]
INFO: [ app_begin ] --START--
INFO: Run Behavior\ReadHtmlCacheBehavior [ RunTime:0.000284s ]
INFO: [ app_begin ] --END-- [ RunTime:0.000318s ]
NOTIC: [8] Undefined index: type /yjdata/www/pile/Application/Home/Controller/IndexController.class.php 第 25 行.
SQL: SHOW COLUMNS FROM `eriko_disc` [ RunTime:0.0009s ]
NOTIC: [8] Undefined variable: where /yjdata/www/pile/Application/Home/Controller/IndexController.class.php 第 28 行.
SQL: SELECT * FROM `eriko_disc` ORDER BY rtime desc  [ RunTime:0.0011s ]
INFO: [ view_parse ] --START--
INFO: [ template_filter ] --START--
INFO: Run Behavior\ContentReplaceBehavior [ RunTime:0.000071s ]
INFO: [ template_filter ] --END-- [ RunTime:0.000103s ]
INFO: Run Behavior\ParseTemplateBehavior [ RunTime:0.005523s ]
INFO: [ view_parse ] --END-- [ RunTime:0.005557s ]
INFO: [ view_filter ] --START--
INFO: Run Behavior\WriteHtmlCacheBehavior [ RunTime:0.000096s ]
INFO: [ view_filter ] --END-- [ RunTime:0.000121s ]
INFO: [ app_end ] --START--
INFO: Run Behavior\ShowPageTraceBehavior [ RunTime:0.000354s ]
INFO: [ app_end ] --END-- [ RunTime:0.000406s ]

[ 2017-06-14T14:55:11+08:00 ] 221.11.228.195 /
INFO: [ app_init ] --START--
INFO: Run Behavior\BuildLiteBehavior [ RunTime:0.000012s ]
INFO: [ app_init ] --END-- [ RunTime:0.000231s ]
INFO: [ app_begin ] --START--
INFO: Run Behavior\ReadHtmlCacheBehavior [ RunTime:0.000327s ]
INFO: [ app_begin ] --END-- [ RunTime:0.000361s ]
NOTIC: [8] Undefined index: type /yjdata/www/pile/Application/Home/Controller/IndexController.class.php 第 25 行.
SQL: SHOW COLUMNS FROM `eriko_disc` [ RunTime:0.0010s ]
NOTIC: [8] Undefined variable: where /yjdata/www/pile/Application/Home/Controller/IndexController.class.php 第 28 行.
SQL: SELECT * FROM `eriko_disc` ORDER BY rtime desc  [ RunTime:0.0012s ]
INFO: [ view_parse ] --START--
INFO: [ template_filter ] --START--
INFO: Run Behavior\ContentReplaceBehavior [ RunTime:0.000084s ]
INFO: [ template_filter ] --END-- [ RunTime:0.000118s ]
INFO: Run Behavior\ParseTemplateBehavior [ RunTime:0.006439s ]
INFO: [ view_parse ] --END-- [ RunTime:0.006475s ]
INFO: [ view_filter ] --START--
INFO: Run Behavior\WriteHtmlCacheBehavior [ RunTime:0.000141s ]
INFO: [ view_filter ] --END-- [ RunTime:0.000176s ]
INFO: [ app_end ] --START--
INFO: Run Behavior\ShowPageTraceBehavior [ RunTime:0.000498s ]
INFO: [ app_end ] --END-- [ RunTime:0.000575s ]

[ 2017-06-14T15:01:51+08:00 ] 47.88.76.4 /
INFO: [ app_init ] --START--
INFO: Run Behavior\BuildLiteBehavior [ RunTime:0.000010s ]
INFO: [ app_init ] --END-- [ RunTime:0.000233s ]
INFO: [ app_begin ] --START--
INFO: Run Behavior\ReadHtmlCacheBehavior [ RunTime:0.000271s ]
INFO: [ app_begin ] --END-- [ RunTime:0.000305s ]
NOTIC: [8] Undefined index: type /yjdata/www/pile/Application/Home/Controller/IndexController.class.php 第 25 行.
SQL: SHOW COLUMNS FROM `eriko_disc` [ RunTime:0.0009s ]
NOTIC: [8] Undefined variable: where /yjdata/www/pile/Application/Home/Controller/IndexController.class.php 第 28 行.
SQL: SELECT * FROM `eriko_disc` ORDER BY rtime desc  [ RunTime:0.0010s ]
INFO: [ view_parse ] --START--
INFO: [ template_filter ] --START--
INFO: Run Behavior\ContentReplaceBehavior [ RunTime:0.000075s ]
INFO: [ template_filter ] --END-- [ RunTime:0.000108s ]
INFO: Run Behavior\ParseTemplateBehavior [ RunTime:0.005853s ]
INFO: [ view_parse ] --END-- [ RunTime:0.005887s ]
INFO: [ view_filter ] --START--
INFO: Run Behavior\WriteHtmlCacheBehavior [ RunTime:0.000096s ]
INFO: [ view_filter ] --END-- [ RunTime:0.000122s ]
INFO: [ app_end ] --START--
INFO: Run Behavior\ShowPageTraceBehavior [ RunTime:0.000536s ]
INFO: [ app_end ] --END-- [ RunTime:0.000619s ]

[ 2017-06-14T17:15:41+08:00 ] 140.205.201.44 /
INFO: [ app_init ] --START--
INFO: Run Behavior\BuildLiteBehavior [ RunTime:0.000012s ]
INFO: [ app_init ] --END-- [ RunTime:0.000286s ]
INFO: [ app_begin ] --START--
INFO: Run Behavior\ReadHtmlCacheBehavior [ RunTime:0.000323s ]
INFO: [ app_begin ] --END-- [ RunTime:0.000362s ]
NOTIC: [8] Undefined index: type /yjdata/www/pile/Application/Home/Controller/IndexController.class.php 第 25 行.
SQL: SHOW COLUMNS FROM `eriko_disc` [ RunTime:0.0010s ]
NOTIC: [8] Undefined variable: where /yjdata/www/pile/Application/Home/Controller/IndexController.class.php 第 28 行.
SQL: SELECT * FROM `eriko_disc` ORDER BY rtime desc  [ RunTime:0.0012s ]
INFO: [ view_parse ] --START--
INFO: [ template_filter ] --START--
INFO: Run Behavior\ContentReplaceBehavior [ RunTime:0.000071s ]
INFO: [ template_filter ] --END-- [ RunTime:0.000103s ]
INFO: Run Behavior\ParseTemplateBehavior [ RunTime:0.005683s ]
INFO: [ view_parse ] --END-- [ RunTime:0.005718s ]
INFO: [ view_filter ] --START--
INFO: Run Behavior\WriteHtmlCacheBehavior [ RunTime:0.000104s ]
INFO: [ view_filter ] --END-- [ RunTime:0.000130s ]
INFO: [ app_end ] --START--
INFO: Run Behavior\ShowPageTraceBehavior [ RunTime:0.000335s ]
INFO: [ app_end ] --END-- [ RunTime:0.000391s ]

[ 2017-06-14T17:15:41+08:00 ] 140.205.201.44 /wp-json/wp/v2/posts
INFO: [ app_init ] --START--
INFO: Run Behavior\BuildLiteBehavior [ RunTime:0.000010s ]
INFO: [ app_init ] --END-- [ RunTime:0.000239s ]
INFO: [ app_begin ] --START--
INFO: Run Behavior\ReadHtmlCacheBehavior [ RunTime:0.000288s ]
INFO: [ app_begin ] --END-- [ RunTime:0.000322s ]
ERR: 无法加载控制器:Wp-json

[ 2017-06-14T17:15:41+08:00 ] 140.205.201.44 
INFO: [ app_init ] --START--
INFO: Run Behavior\BuildLiteBehavior [ RunTime:0.000009s ]
INFO: [ app_init ] --END-- [ RunTime:0.000225s ]
INFO: [ app_begin ] --START--
INFO: Run Behavior\ReadHtmlCacheBehavior [ RunTime:0.000283s ]
INFO: [ app_begin ] --END-- [ RunTime:0.000322s ]
NOTIC: [8] Undefined index: type /yjdata/www/pile/Application/Home/Controller/IndexController.class.php 第 25 行.
SQL: SHOW COLUMNS FROM `eriko_disc` [ RunTime:0.0009s ]
NOTIC: [8] Undefined variable: where /yjdata/www/pile/Application/Home/Controller/IndexController.class.php 第 28 行.
SQL: SELECT * FROM `eriko_disc` ORDER BY rtime desc  [ RunTime:0.0011s ]
INFO: [ view_parse ] --START--
INFO: [ template_filter ] --START--
INFO: Run Behavior\ContentReplaceBehavior [ RunTime:0.000077s ]
INFO: [ template_filter ] --END-- [ RunTime:0.000112s ]
INFO: Run Behavior\ParseTemplateBehavior [ RunTime:0.005732s ]
INFO: [ view_parse ] --END-- [ RunTime:0.005769s ]
INFO: [ view_filter ] --START--
INFO: Run Behavior\WriteHtmlCacheBehavior [ RunTime:0.000144s ]
INFO: [ view_filter ] --END-- [ RunTime:0.000194s ]
INFO: [ app_end ] --START--
INFO: Run Behavior\ShowPageTraceBehavior [ RunTime:0.000335s ]
INFO: [ app_end ] --END-- [ RunTime:0.000374s ]

[ 2017-06-14T17:15:41+08:00 ] 140.205.201.44 
INFO: [ app_init ] --START--
INFO: Run Behavior\BuildLiteBehavior [ RunTime:0.000009s ]
INFO: [ app_init ] --END-- [ RunTime:0.000210s ]
INFO: [ app_begin ] --START--
INFO: Run Behavior\ReadHtmlCacheBehavior [ RunTime:0.000288s ]
INFO: [ app_begin ] --END-- [ RunTime:0.000323s ]
NOTIC: [8] Undefined index: type /yjdata/www/pile/Application/Home/Controller/IndexController.class.php 第 25 行.
SQL: SHOW COLUMNS FROM `eriko_disc` [ RunTime:0.0009s ]
NOTIC: [8] Undefined variable: where /yjdata/www/pile/Application/Home/Controller/IndexController.class.php 第 28 行.
SQL: SELECT * FROM `eriko_disc` ORDER BY rtime desc  [ RunTime:0.0012s ]
INFO: [ view_parse ] --START--
INFO: [ template_filter ] --START--
INFO: Run Behavior\ContentReplaceBehavior [ RunTime:0.000074s ]
INFO: [ template_filter ] --END-- [ RunTime:0.000106s ]
INFO: Run Behavior\ParseTemplateBehavior [ RunTime:0.005646s ]
INFO: [ view_parse ] --END-- [ RunTime:0.005680s ]
INFO: [ view_filter ] --START--
INFO: Run Behavior\WriteHtmlCacheBehavior [ RunTime:0.000102s ]
INFO: [ view_filter ] --END-- [ RunTime:0.000127s ]
INFO: [ app_end ] --START--
INFO: Run Behavior\ShowPageTraceBehavior [ RunTime:0.000306s ]
INFO: [ app_end ] --END-- [ RunTime:0.000360s ]

[ 2017-06-14T17:23:07+08:00 ] 140.205.201.44 /fcksqhjvztgx
INFO: [ app_init ] --START--
INFO: Run Behavior\BuildLiteBehavior [ RunTime:0.000010s ]
INFO: [ app_init ] --END-- [ RunTime:0.000237s ]
INFO: [ app_begin ] --START--
INFO: Run Behavior\ReadHtmlCacheBehavior [ RunTime:0.000295s ]
INFO: [ app_begin ] --END-- [ RunTime:0.000331s ]
ERR: 无法加载控制器:Fcksqhjvztgx

[ 2017-06-14T17:23:07+08:00 ] 140.205.201.44 /fcksqhjvztgx
INFO: [ app_init ] --START--
INFO: Run Behavior\BuildLiteBehavior [ RunTime:0.000010s ]
INFO: [ app_init ] --END-- [ RunTime:0.000219s ]
INFO: [ app_begin ] --START--
INFO: Run Behavior\ReadHtmlCacheBehavior [ RunTime:0.000275s ]
INFO: [ app_begin ] --END-- [ RunTime:0.000308s ]
ERR: 无法加载控制器:Fcksqhjvztgx

[ 2017-06-14T17:23:07+08:00 ] 140.205.201.44 /fcksqhjvztgx
INFO: [ app_init ] --START--
INFO: Run Behavior\BuildLiteBehavior [ RunTime:0.000011s ]
INFO: [ app_init ] --END-- [ RunTime:0.000228s ]
INFO: [ app_begin ] --START--
INFO: Run Behavior\ReadHtmlCacheBehavior [ RunTime:0.000279s ]
INFO: [ app_begin ] --END-- [ RunTime:0.000316s ]
ERR: 无法加载控制器:Fcksqhjvztgx

[ 2017-06-14T17:23:17+08:00 ] 140.205.201.44 /jobs/
INFO: [ app_init ] --START--
INFO: Run Behavior\BuildLiteBehavior [ RunTime:0.000011s ]
INFO: [ app_init ] --END-- [ RunTime:0.000229s ]
INFO: [ app_begin ] --START--
INFO: Run Behavior\ReadHtmlCacheBehavior [ RunTime:0.000284s ]
INFO: [ app_begin ] --END-- [ RunTime:0.000321s ]
ERR: 无法加载控制器:Jobs

[ 2017-06-14T17:35:34+08:00 ] 140.205.201.44 /
INFO: [ app_init ] --START--
INFO: Run Behavior\BuildLiteBehavior [ RunTime:0.000011s ]
INFO: [ app_init ] --END-- [ RunTime:0.000223s ]
INFO: [ app_begin ] --START--
INFO: Run Behavior\ReadHtmlCacheBehavior [ RunTime:0.000278s ]
INFO: [ app_begin ] --END-- [ RunTime:0.000325s ]
NOTIC: [8] Undefined index: type /yjdata/www/pile/Application/Home/Controller/IndexController.class.php 第 25 行.
SQL: SHOW COLUMNS FROM `eriko_disc` [ RunTime:0.0009s ]
NOTIC: [8] Undefined variable: where /yjdata/www/pile/Application/Home/Controller/IndexController.class.php 第 28 行.
SQL: SELECT * FROM `eriko_disc` ORDER BY rtime desc  [ RunTime:0.0011s ]
INFO: [ view_parse ] --START--
INFO: [ template_filter ] --START--
INFO: Run Behavior\ContentReplaceBehavior [ RunTime:0.000074s ]
INFO: [ template_filter ] --END-- [ RunTime:0.000108s ]
INFO: Run Behavior\ParseTemplateBehavior [ RunTime:0.005613s ]
INFO: [ view_parse ] --END-- [ RunTime:0.005657s ]
INFO: [ view_filter ] --START--
INFO: Run Behavior\WriteHtmlCacheBehavior [ RunTime:0.000096s ]
INFO: [ view_filter ] --END-- [ RunTime:0.000121s ]
INFO: [ app_end ] --START--
INFO: Run Behavior\ShowPageTraceBehavior [ RunTime:0.000413s ]
INFO: [ app_end ] --END-- [ RunTime:0.000477s ]

[ 2017-06-14T17:42:57+08:00 ] 140.205.201.44 /
INFO: [ app_init ] --START--
INFO: Run Behavior\BuildLiteBehavior [ RunTime:0.000013s ]
INFO: [ app_init ] --END-- [ RunTime:0.000230s ]
INFO: [ app_begin ] --START--
INFO: Run Behavior\ReadHtmlCacheBehavior [ RunTime:0.000272s ]
INFO: [ app_begin ] --END-- [ RunTime:0.000307s ]
NOTIC: [8] Undefined index: type /yjdata/www/pile/Application/Home/Controller/IndexController.class.php 第 25 行.
SQL: SHOW COLUMNS FROM `eriko_disc` [ RunTime:0.0009s ]
NOTIC: [8] Undefined variable: where /yjdata/www/pile/Application/Home/Controller/IndexController.class.php 第 28 行.
SQL: SELECT * FROM `eriko_disc` ORDER BY rtime desc  [ RunTime:0.0012s ]
INFO: [ view_parse ] --START--
INFO: [ template_filter ] --START--
INFO: Run Behavior\ContentReplaceBehavior [ RunTime:0.000075s ]
INFO: [ template_filter ] --END-- [ RunTime:0.000107s ]
INFO: Run Behavior\ParseTemplateBehavior [ RunTime:0.005552s ]
INFO: [ view_parse ] --END-- [ RunTime:0.005587s ]
INFO: [ view_filter ] --START--
INFO: Run Behavior\WriteHtmlCacheBehavior [ RunTime:0.000100s ]
INFO: [ view_filter ] --END-- [ RunTime:0.000126s ]
INFO: [ app_end ] --START--
INFO: Run Behavior\ShowPageTraceBehavior [ RunTime:0.000407s ]
INFO: [ app_end ] --END-- [ RunTime:0.000465s ]

[ 2017-06-14T17:42:58+08:00 ] 140.205.201.44 /
INFO: [ app_init ] --START--
INFO: Run Behavior\BuildLiteBehavior [ RunTime:0.000013s ]
INFO: [ app_init ] --END-- [ RunTime:0.000236s ]
INFO: [ app_begin ] --START--
INFO: Run Behavior\ReadHtmlCacheBehavior [ RunTime:0.000289s ]
INFO: [ app_begin ] --END-- [ RunTime:0.000339s ]
NOTIC: [8] Undefined index: type /yjdata/www/pile/Application/Home/Controller/IndexController.class.php 第 25 行.
SQL: SHOW COLUMNS FROM `eriko_disc` [ RunTime:0.0010s ]
NOTIC: [8] Undefined variable: where /yjdata/www/pile/Application/Home/Controller/IndexController.class.php 第 28 行.
SQL: SELECT * FROM `eriko_disc` ORDER BY rtime desc  [ RunTime:0.0012s ]
INFO: [ view_parse ] --START--
INFO: [ template_filter ] --START--
INFO: Run Behavior\ContentReplaceBehavior [ RunTime:0.000079s ]
INFO: [ template_filter ] --END-- [ RunTime:0.000113s ]
INFO: Run Behavior\ParseTemplateBehavior [ RunTime:0.005695s ]
INFO: [ view_parse ] --END-- [ RunTime:0.005730s ]
INFO: [ view_filter ] --START--
INFO: Run Behavior\WriteHtmlCacheBehavior [ RunTime:0.000102s ]
INFO: [ view_filter ] --END-- [ RunTime:0.000128s ]
INFO: [ app_end ] --START--
INFO: Run Behavior\ShowPageTraceBehavior [ RunTime:0.000488s ]
INFO: [ app_end ] --END-- [ RunTime:0.000563s ]

[ 2017-06-14T17:44:14+08:00 ] 140.205.201.44 /
INFO: [ app_init ] --START--
INFO: Run Behavior\BuildLiteBehavior [ RunTime:0.000011s ]
INFO: [ app_init ] --END-- [ RunTime:0.000222s ]
INFO: [ app_begin ] --START--
INFO: Run Behavior\ReadHtmlCacheBehavior [ RunTime:0.000272s ]
INFO: [ app_begin ] --END-- [ RunTime:0.000306s ]
NOTIC: [8] Undefined index: type /yjdata/www/pile/Application/Home/Controller/IndexController.class.php 第 25 行.
SQL: SHOW COLUMNS FROM `eriko_disc` [ RunTime:0.0010s ]
NOTIC: [8] Undefined variable: where /yjdata/www/pile/Application/Home/Controller/IndexController.class.php 第 28 行.
SQL: SELECT * FROM `eriko_disc` ORDER BY rtime desc  [ RunTime:0.0013s ]
INFO: [ view_parse ] --START--
INFO: [ template_filter ] --START--
INFO: Run Behavior\ContentReplaceBehavior [ RunTime:0.000091s ]
INFO: [ template_filter ] --END-- [ RunTime:0.000126s ]
INFO: Run Behavior\ParseTemplateBehavior [ RunTime:0.005893s ]
INFO: [ view_parse ] --END-- [ RunTime:0.005927s ]
INFO: [ view_filter ] --START--
INFO: Run Behavior\WriteHtmlCacheBehavior [ RunTime:0.000098s ]
INFO: [ view_filter ] --END-- [ RunTime:0.000123s ]
INFO: [ app_end ] --START--
INFO: Run Behavior\ShowPageTraceBehavior [ RunTime:0.000470s ]
INFO: [ app_end ] --END-- [ RunTime:0.000530s ]

[ 2017-06-14T17:48:48+08:00 ] 140.205.201.44 /hwi/
INFO: [ app_init ] --START--
INFO: Run Behavior\BuildLiteBehavior [ RunTime:0.000010s ]
INFO: [ app_init ] --END-- [ RunTime:0.000235s ]
INFO: [ app_begin ] --START--
INFO: Run Behavior\ReadHtmlCacheBehavior [ RunTime:0.000284s ]
INFO: [ app_begin ] --END-- [ RunTime:0.000318s ]
ERR: 无法加载控制器:Hwi

[ 2017-06-14T17:53:52+08:00 ] 140.205.201.44 /
INFO: [ app_init ] --START--
INFO: Run Behavior\BuildLiteBehavior [ RunTime:0.000011s ]
INFO: [ app_init ] --END-- [ RunTime:0.000278s ]
INFO: [ app_begin ] --START--
INFO: Run Behavior\ReadHtmlCacheBehavior [ RunTime:0.000309s ]
INFO: [ app_begin ] --END-- [ RunTime:0.000345s ]
NOTIC: [8] Undefined index: type /yjdata/www/pile/Application/Home/Controller/IndexController.class.php 第 25 行.
SQL: SHOW COLUMNS FROM `eriko_disc` [ RunTime:0.0009s ]
NOTIC: [8] Undefined variable: where /yjdata/www/pile/Application/Home/Controller/IndexController.class.php 第 28 行.
SQL: SELECT * FROM `eriko_disc` ORDER BY rtime desc  [ RunTime:0.0011s ]
INFO: [ view_parse ] --START--
INFO: [ template_filter ] --START--
INFO: Run Behavior\ContentReplaceBehavior [ RunTime:0.000074s ]
INFO: [ template_filter ] --END-- [ RunTime:0.000106s ]
INFO: Run Behavior\ParseTemplateBehavior [ RunTime:0.005755s ]
INFO: [ view_parse ] --END-- [ RunTime:0.005796s ]
INFO: [ view_filter ] --START--
INFO: Run Behavior\WriteHtmlCacheBehavior [ RunTime:0.000106s ]
INFO: [ view_filter ] --END-- [ RunTime:0.000131s ]
INFO: [ app_end ] --START--
INFO: Run Behavior\ShowPageTraceBehavior [ RunTime:0.000343s ]
INFO: [ app_end ] --END-- [ RunTime:0.000389s ]

[ 2017-06-14T17:55:43+08:00 ] 140.205.201.44 /clusters.jsf
INFO: [ app_init ] --START--
INFO: Run Behavior\BuildLiteBehavior [ RunTime:0.000011s ]
INFO: [ app_init ] --END-- [ RunTime:0.000219s ]
INFO: [ app_begin ] --START--
INFO: Run Behavior\ReadHtmlCacheBehavior [ RunTime:0.000273s ]
INFO: [ app_begin ] --END-- [ RunTime:0.000307s ]
ERR: 无法加载控制器:Clusters.jsf

[ 2017-06-14T17:57:24+08:00 ] 140.205.201.44 /ganglia/index.php
INFO: [ app_init ] --START--
INFO: Run Behavior\BuildLiteBehavior [ RunTime:0.000011s ]
INFO: [ app_init ] --END-- [ RunTime:0.000242s ]
INFO: [ app_begin ] --START--
INFO: Run Behavior\ReadHtmlCacheBehavior [ RunTime:0.000293s ]
INFO: [ app_begin ] --END-- [ RunTime:0.000327s ]
ERR: 无法加载控制器:Ganglia

[ 2017-06-14T17:57:41+08:00 ] 140.205.201.44 /index.php
INFO: [ app_init ] --START--
INFO: Run Behavior\BuildLiteBehavior [ RunTime:0.000011s ]
INFO: [ app_init ] --END-- [ RunTime:0.000231s ]
INFO: [ app_begin ] --START--
INFO: Run Behavior\ReadHtmlCacheBehavior [ RunTime:0.000294s ]
INFO: [ app_begin ] --END-- [ RunTime:0.000329s ]
NOTIC: [8] Undefined index: type /yjdata/www/pile/Application/Home/Controller/IndexController.class.php 第 25 行.
SQL: SHOW COLUMNS FROM `eriko_disc` [ RunTime:0.0009s ]
NOTIC: [8] Undefined variable: where /yjdata/www/pile/Application/Home/Controller/IndexController.class.php 第 28 行.
SQL: SELECT * FROM `eriko_disc` ORDER BY rtime desc  [ RunTime:0.0011s ]
INFO: [ view_parse ] --START--
INFO: [ template_filter ] --START--
INFO: Run Behavior\ContentReplaceBehavior [ RunTime:0.000078s ]
INFO: [ template_filter ] --END-- [ RunTime:0.000112s ]
INFO: Run Behavior\ParseTemplateBehavior [ RunTime:0.005620s ]
INFO: [ view_parse ] --END-- [ RunTime:0.005655s ]
INFO: [ view_filter ] --START--
INFO: Run Behavior\WriteHtmlCacheBehavior [ RunTime:0.000100s ]
INFO: [ view_filter ] --END-- [ RunTime:0.000139s ]
INFO: [ app_end ] --START--
INFO: Run Behavior\ShowPageTraceBehavior [ RunTime:0.000451s ]
INFO: [ app_end ] --END-- [ RunTime:0.000514s ]

[ 2017-06-14T17:59:33+08:00 ] 140.205.201.44 /rs-status
INFO: [ app_init ] --START--
INFO: Run Behavior\BuildLiteBehavior [ RunTime:0.000010s ]
INFO: [ app_init ] --END-- [ RunTime:0.000223s ]
INFO: [ app_begin ] --START--
INFO: Run Behavior\ReadHtmlCacheBehavior [ RunTime:0.000293s ]
INFO: [ app_begin ] --END-- [ RunTime:0.000328s ]
ERR: 无法加载控制器:Rs-status

[ 2017-06-14T17:59:51+08:00 ] 140.205.201.44 /master-status
INFO: [ app_init ] --START--
INFO: Run Behavior\BuildLiteBehavior [ RunTime:0.000011s ]
INFO: [ app_init ] --END-- [ RunTime:0.000246s ]
INFO: [ app_begin ] --START--
INFO: Run Behavior\ReadHtmlCacheBehavior [ RunTime:0.000274s ]
INFO: [ app_begin ] --END-- [ RunTime:0.000310s ]
ERR: 无法加载控制器:Master-status

[ 2017-06-14T17:59:57+08:00 ] 140.205.201.44 /
INFO: [ app_init ] --START--
INFO: Run Behavior\BuildLiteBehavior [ RunTime:0.000011s ]
INFO: [ app_init ] --END-- [ RunTime:0.000228s ]
INFO: [ app_begin ] --START--
INFO: Run Behavior\ReadHtmlCacheBehavior [ RunTime:0.000289s ]
INFO: [ app_begin ] --END-- [ RunTime:0.000325s ]
NOTIC: [8] Undefined index: type /yjdata/www/pile/Application/Home/Controller/IndexController.class.php 第 25 行.
SQL: SHOW COLUMNS FROM `eriko_disc` [ RunTime:0.0009s ]
NOTIC: [8] Undefined variable: where /yjdata/www/pile/Application/Home/Controller/IndexController.class.php 第 28 行.
SQL: SELECT * FROM `eriko_disc` ORDER BY rtime desc  [ RunTime:0.0011s ]
INFO: [ view_parse ] --START--
INFO: [ template_filter ] --START--
INFO: Run Behavior\ContentReplaceBehavior [ RunTime:0.000074s ]
INFO: [ template_filter ] --END-- [ RunTime:0.000107s ]
INFO: Run Behavior\ParseTemplateBehavior [ RunTime:0.005584s ]
INFO: [ view_parse ] --END-- [ RunTime:0.005619s ]
INFO: [ view_filter ] --START--
INFO: Run Behavior\WriteHtmlCacheBehavior [ RunTime:0.000099s ]
INFO: [ view_filter ] --END-- [ RunTime:0.000125s ]
INFO: [ app_end ] --START--
INFO: Run Behavior\ShowPageTraceBehavior [ RunTime:0.000406s ]
INFO: [ app_end ] --END-- [ RunTime:0.000472s ]

[ 2017-06-14T18:00:02+08:00 ] 140.205.201.44 /
INFO: [ app_init ] --START--
INFO: Run Behavior\BuildLiteBehavior [ RunTime:0.000011s ]
INFO: [ app_init ] --END-- [ RunTime:0.000275s ]
INFO: [ app_begin ] --START--
INFO: Run Behavior\ReadHtmlCacheBehavior [ RunTime:0.000309s ]
INFO: [ app_begin ] --END-- [ RunTime:0.000345s ]
NOTIC: [8] Undefined index: type /yjdata/www/pile/Application/Home/Controller/IndexController.class.php 第 25 行.
SQL: SHOW COLUMNS FROM `eriko_disc` [ RunTime:0.0009s ]
NOTIC: [8] Undefined variable: where /yjdata/www/pile/Application/Home/Controller/IndexController.class.php 第 28 行.
SQL: SELECT * FROM `eriko_disc` ORDER BY rtime desc  [ RunTime:0.0011s ]
INFO: [ view_parse ] --START--
INFO: [ template_filter ] --START--
INFO: Run Behavior\ContentReplaceBehavior [ RunTime:0.000075s ]
INFO: [ template_filter ] --END-- [ RunTime:0.000107s ]
INFO: Run Behavior\ParseTemplateBehavior [ RunTime:0.006067s ]
INFO: [ view_parse ] --END-- [ RunTime:0.006103s ]
INFO: [ view_filter ] --START--
INFO: Run Behavior\WriteHtmlCacheBehavior [ RunTime:0.000104s ]
INFO: [ view_filter ] --END-- [ RunTime:0.000133s ]
INFO: [ app_end ] --START--
INFO: Run Behavior\ShowPageTraceBehavior [ RunTime:0.000365s ]
INFO: [ app_end ] --END-- [ RunTime:0.000421s ]

[ 2017-06-14T18:00:05+08:00 ] 140.205.201.44 /dfshealth.html
INFO: [ app_init ] --START--
INFO: Run Behavior\BuildLiteBehavior [ RunTime:0.000011s ]
INFO: [ app_init ] --END-- [ RunTime:0.000239s ]
INFO: [ app_begin ] --START--
INFO: Run Behavior\ReadHtmlCacheBehavior [ RunTime:0.000389s ]
INFO: [ app_begin ] --END-- [ RunTime:0.000435s ]
ERR: 无法加载控制器:Dfshealth

[ 2017-06-14T18:00:08+08:00 ] 140.205.201.44 /about/
INFO: [ app_init ] --START--
INFO: Run Behavior\BuildLiteBehavior [ RunTime:0.000012s ]
INFO: [ app_init ] --END-- [ RunTime:0.000275s ]
INFO: [ app_begin ] --START--
INFO: Run Behavior\ReadHtmlCacheBehavior [ RunTime:0.000333s ]
INFO: [ app_begin ] --END-- [ RunTime:0.000380s ]
ERR: 无法加载控制器:About

[ 2017-06-14T18:00:11+08:00 ] 140.205.201.44 /warning
INFO: [ app_init ] --START--
INFO: Run Behavior\BuildLiteBehavior [ RunTime:0.000015s ]
INFO: [ app_init ] --END-- [ RunTime:0.000289s ]
INFO: [ app_begin ] --START--
INFO: Run Behavior\ReadHtmlCacheBehavior [ RunTime:0.000316s ]
INFO: [ app_begin ] --END-- [ RunTime:0.000356s ]
ERR: 无法加载控制器:Warning

[ 2017-06-14T18:00:13+08:00 ] 140.205.201.44 /pleasereadthis
INFO: [ app_init ] --START--
INFO: Run Behavior\BuildLiteBehavior [ RunTime:0.000010s ]
INFO: [ app_init ] --END-- [ RunTime:0.000234s ]
INFO: [ app_begin ] --START--
INFO: Run Behavior\ReadHtmlCacheBehavior [ RunTime:0.000293s ]
INFO: [ app_begin ] --END-- [ RunTime:0.000326s ]
ERR: 无法加载控制器:Pleasereadthis

[ 2017-06-14T18:00:15+08:00 ] 140.205.201.44 /please_read/_search
INFO: [ app_init ] --START--
INFO: Run Behavior\BuildLiteBehavior [ RunTime:0.000010s ]
INFO: [ app_init ] --END-- [ RunTime:0.000220s ]
INFO: [ app_begin ] --START--
INFO: Run Behavior\ReadHtmlCacheBehavior [ RunTime:0.000374s ]
INFO: [ app_begin ] --END-- [ RunTime:0.000409s ]
ERR: 无法加载控制器:Please_read

[ 2017-06-14T18:00:20+08:00 ] 140.205.201.44 /
INFO: [ app_init ] --START--
INFO: Run Behavior\BuildLiteBehavior [ RunTime:0.000011s ]
INFO: [ app_init ] --END-- [ RunTime:0.000245s ]
INFO: [ app_begin ] --START--
INFO: Run Behavior\ReadHtmlCacheBehavior [ RunTime:0.000311s ]
INFO: [ app_begin ] --END-- [ RunTime:0.000346s ]
NOTIC: [8] Undefined index: type /yjdata/www/pile/Application/Home/Controller/IndexController.class.php 第 25 行.
SQL: SHOW COLUMNS FROM `eriko_disc` [ RunTime:0.0009s ]
NOTIC: [8] Undefined variable: where /yjdata/www/pile/Application/Home/Controller/IndexController.class.php 第 28 行.
SQL: SELECT * FROM `eriko_disc` ORDER BY rtime desc  [ RunTime:0.0011s ]
INFO: [ view_parse ] --START--
INFO: [ template_filter ] --START--
INFO: Run Behavior\ContentReplaceBehavior [ RunTime:0.000072s ]
INFO: [ template_filter ] --END-- [ RunTime:0.000104s ]
INFO: Run Behavior\ParseTemplateBehavior [ RunTime:0.005514s ]
INFO: [ view_parse ] --END-- [ RunTime:0.005549s ]
INFO: [ view_filter ] --START--
INFO: Run Behavior\WriteHtmlCacheBehavior [ RunTime:0.000109s ]
INFO: [ view_filter ] --END-- [ RunTime:0.000135s ]
INFO: [ app_end ] --START--
INFO: Run Behavior\ShowPageTraceBehavior [ RunTime:0.000319s ]
INFO: [ app_end ] --END-- [ RunTime:0.000359s ]

[ 2017-06-14T18:00:22+08:00 ] 140.205.201.44 /jenkins/
INFO: [ app_init ] --START--
INFO: Run Behavior\BuildLiteBehavior [ RunTime:0.000011s ]
INFO: [ app_init ] --END-- [ RunTime:0.000224s ]
INFO: [ app_begin ] --START--
INFO: Run Behavior\ReadHtmlCacheBehavior [ RunTime:0.000277s ]
INFO: [ app_begin ] --END-- [ RunTime:0.000312s ]
ERR: 无法加载控制器:Jenkins

[ 2017-06-14T18:00:30+08:00 ] 140.205.201.44 /zabbix/
INFO: [ app_init ] --START--
INFO: Run Behavior\BuildLiteBehavior [ RunTime:0.000015s ]
INFO: [ app_init ] --END-- [ RunTime:0.000234s ]
INFO: [ app_begin ] --START--
INFO: Run Behavior\ReadHtmlCacheBehavior [ RunTime:0.000279s ]
INFO: [ app_begin ] --END-- [ RunTime:0.000314s ]
ERR: 无法加载控制器:Zabbix

[ 2017-06-14T18:00:33+08:00 ] 140.205.201.44 /
INFO: [ app_init ] --START--
INFO: Run Behavior\BuildLiteBehavior [ RunTime:0.000011s ]
INFO: [ app_init ] --END-- [ RunTime:0.000219s ]
INFO: [ app_begin ] --START--
INFO: Run Behavior\ReadHtmlCacheBehavior [ RunTime:0.000284s ]
INFO: [ app_begin ] --END-- [ RunTime:0.000318s ]
NOTIC: [8] Undefined index: type /yjdata/www/pile/Application/Home/Controller/IndexController.class.php 第 25 行.
SQL: SHOW COLUMNS FROM `eriko_disc` [ RunTime:0.0008s ]
NOTIC: [8] Undefined variable: where /yjdata/www/pile/Application/Home/Controller/IndexController.class.php 第 28 行.
SQL: SELECT * FROM `eriko_disc` ORDER BY rtime desc  [ RunTime:0.0010s ]
INFO: [ view_parse ] --START--
INFO: [ template_filter ] --START--
INFO: Run Behavior\ContentReplaceBehavior [ RunTime:0.000080s ]
INFO: [ template_filter ] --END-- [ RunTime:0.000113s ]
INFO: Run Behavior\ParseTemplateBehavior [ RunTime:0.005584s ]
INFO: [ view_parse ] --END-- [ RunTime:0.005618s ]
INFO: [ view_filter ] --START--
INFO: Run Behavior\WriteHtmlCacheBehavior [ RunTime:0.000098s ]
INFO: [ view_filter ] --END-- [ RunTime:0.000124s ]
INFO: [ app_end ] --START--
INFO: Run Behavior\ShowPageTraceBehavior [ RunTime:0.000340s ]
INFO: [ app_end ] --END-- [ RunTime:0.000381s ]

[ 2017-06-14T18:00:33+08:00 ] 140.205.201.44 /solr/
INFO: [ app_init ] --START--
INFO: Run Behavior\BuildLiteBehavior [ RunTime:0.000012s ]
INFO: [ app_init ] --END-- [ RunTime:0.000241s ]
INFO: [ app_begin ] --START--
INFO: Run Behavior\ReadHtmlCacheBehavior [ RunTime:0.000276s ]
INFO: [ app_begin ] --END-- [ RunTime:0.000311s ]
ERR: 无法加载控制器:Solr

[ 2017-06-14T18:00:35+08:00 ] 140.205.201.44 /
INFO: [ app_init ] --START--
INFO: Run Behavior\BuildLiteBehavior [ RunTime:0.000011s ]
INFO: [ app_init ] --END-- [ RunTime:0.000260s ]
INFO: [ app_begin ] --START--
INFO: Run Behavior\ReadHtmlCacheBehavior [ RunTime:0.000272s ]
INFO: [ app_begin ] --END-- [ RunTime:0.000307s ]
NOTIC: [8] Undefined index: type /yjdata/www/pile/Application/Home/Controller/IndexController.class.php 第 25 行.
SQL: SHOW COLUMNS FROM `eriko_disc` [ RunTime:0.0009s ]
NOTIC: [8] Undefined variable: where /yjdata/www/pile/Application/Home/Controller/IndexController.class.php 第 28 行.
SQL: SELECT * FROM `eriko_disc` ORDER BY rtime desc  [ RunTime:0.0011s ]
INFO: [ view_parse ] --START--
INFO: [ template_filter ] --START--
INFO: Run Behavior\ContentReplaceBehavior [ RunTime:0.000085s ]
INFO: [ template_filter ] --END-- [ RunTime:0.000118s ]
INFO: Run Behavior\ParseTemplateBehavior [ RunTime:0.006038s ]
INFO: [ view_parse ] --END-- [ RunTime:0.006073s ]
INFO: [ view_filter ] --START--
INFO: Run Behavior\WriteHtmlCacheBehavior [ RunTime:0.000095s ]
INFO: [ view_filter ] --END-- [ RunTime:0.000120s ]
INFO: [ app_end ] --START--
INFO: Run Behavior\ShowPageTraceBehavior [ RunTime:0.000459s ]
INFO: [ app_end ] --END-- [ RunTime:0.000523s ]

[ 2017-06-14T18:00:38+08:00 ] 140.205.201.44 /info
INFO: [ app_init ] --START--
INFO: Run Behavior\BuildLiteBehavior [ RunTime:0.000011s ]
INFO: [ app_init ] --END-- [ RunTime:0.000242s ]
INFO: [ app_begin ] --START--
INFO: Run Behavior\ReadHtmlCacheBehavior [ RunTime:0.000304s ]
INFO: [ app_begin ] --END-- [ RunTime:0.000339s ]
ERR: 无法加载控制器:Info

[ 2017-06-14T18:00:46+08:00 ] 140.205.201.44 /dfshealth.jsp
INFO: [ app_init ] --START--
INFO: Run Behavior\BuildLiteBehavior [ RunTime:0.000011s ]
INFO: [ app_init ] --END-- [ RunTime:0.000237s ]
INFO: [ app_begin ] --START--
INFO: Run Behavior\ReadHtmlCacheBehavior [ RunTime:0.000270s ]
INFO: [ app_begin ] --END-- [ RunTime:0.000305s ]
ERR: 无法加载控制器:Dfshealth.jsp

[ 2017-06-14T18:00:48+08:00 ] 140.205.201.44 /hadoop/dfshealth.jsp
INFO: [ app_init ] --START--
INFO: Run Behavior\BuildLiteBehavior [ RunTime:0.000011s ]
INFO: [ app_init ] --END-- [ RunTime:0.000219s ]
INFO: [ app_begin ] --START--
INFO: Run Behavior\ReadHtmlCacheBehavior [ RunTime:0.000283s ]
INFO: [ app_begin ] --END-- [ RunTime:0.000316s ]
ERR: 无法加载控制器:Hadoop

[ 2017-06-14T18:42:35+08:00 ] 139.162.88.63 http://clientapi.ipip.net/echo.php?info=1234567890
INFO: [ app_init ] --START--
INFO: Run Behavior\BuildLiteBehavior [ RunTime:0.000011s ]
INFO: [ app_init ] --END-- [ RunTime:0.000232s ]
INFO: [ app_begin ] --START--
INFO: Run Behavior\ReadHtmlCacheBehavior [ RunTime:0.000292s ]
INFO: [ app_begin ] --END-- [ RunTime:0.000334s ]
ERR: 无法加载控制器:Echo.php

[ 2017-06-14T19:15:38+08:00 ] 114.215.45.101 /
INFO: [ app_init ] --START--
INFO: Run Behavior\BuildLiteBehavior [ RunTime:0.000011s ]
INFO: [ app_init ] --END-- [ RunTime:0.000281s ]
INFO: [ app_begin ] --START--
INFO: Run Behavior\ReadHtmlCacheBehavior [ RunTime:0.000311s ]
INFO: [ app_begin ] --END-- [ RunTime:0.000346s ]
NOTIC: [8] Undefined index: type /yjdata/www/pile/Application/Home/Controller/IndexController.class.php 第 25 行.
SQL: SHOW COLUMNS FROM `eriko_disc` [ RunTime:0.0009s ]
NOTIC: [8] Undefined variable: where /yjdata/www/pile/Application/Home/Controller/IndexController.class.php 第 28 行.
SQL: SELECT * FROM `eriko_disc` ORDER BY rtime desc  [ RunTime:0.0012s ]
INFO: [ view_parse ] --START--
INFO: [ template_filter ] --START--
INFO: Run Behavior\ContentReplaceBehavior [ RunTime:0.000076s ]
INFO: [ template_filter ] --END-- [ RunTime:0.000110s ]
INFO: Run Behavior\ParseTemplateBehavior [ RunTime:0.005937s ]
INFO: [ view_parse ] --END-- [ RunTime:0.005992s ]
INFO: [ view_filter ] --START--
INFO: Run Behavior\WriteHtmlCacheBehavior [ RunTime:0.000101s ]
INFO: [ view_filter ] --END-- [ RunTime:0.000173s ]

[ 2017-06-14T21:21:08+08:00 ] 80.82.78.38 http://www.baidu.com/cache/global/img/gs.gif
INFO: [ app_init ] --START--
INFO: Run Behavior\BuildLiteBehavior [ RunTime:0.000012s ]
INFO: [ app_init ] --END-- [ RunTime:0.000225s ]

[ 2017-06-14T22:47:27+08:00 ] 101.226.125.100 /zhuanpan/demo.html
INFO: [ app_init ] --START--
INFO: Run Behavior\BuildLiteBehavior [ RunTime:0.000012s ]
INFO: [ app_init ] --END-- [ RunTime:0.000242s ]
INFO: [ app_begin ] --START--
INFO: Run Behavior\ReadHtmlCacheBehavior [ RunTime:0.000297s ]
INFO: [ app_begin ] --END-- [ RunTime:0.000341s ]
ERR: 无法加载控制器:Zhuanpan

[ 2017-06-14T23:06:36+08:00 ] 139.162.124.167 /
INFO: [ app_init ] --START--
INFO: Run Behavior\BuildLiteBehavior [ RunTime:0.000011s ]
INFO: [ app_init ] --END-- [ RunTime:0.000220s ]
INFO: [ app_begin ] --START--
INFO: Run Behavior\ReadHtmlCacheBehavior [ RunTime:0.000275s ]
INFO: [ app_begin ] --END-- [ RunTime:0.000310s ]
NOTIC: [8] Undefined index: type /yjdata/www/pile/Application/Home/Controller/IndexController.class.php 第 25 行.
SQL: SHOW COLUMNS FROM `eriko_disc` [ RunTime:0.0008s ]
NOTIC: [8] Undefined variable: where /yjdata/www/pile/Application/Home/Controller/IndexController.class.php 第 28 行.
SQL: SELECT * FROM `eriko_disc` ORDER BY rtime desc  [ RunTime:0.0010s ]
INFO: [ view_parse ] --START--
INFO: [ template_filter ] --START--
INFO: Run Behavior\ContentReplaceBehavior [ RunTime:0.000075s ]
INFO: [ template_filter ] --END-- [ RunTime:0.000107s ]
INFO: Run Behavior\ParseTemplateBehavior [ RunTime:0.005532s ]
INFO: [ view_parse ] --END-- [ RunTime:0.005567s ]
INFO: [ view_filter ] --START--
INFO: Run Behavior\WriteHtmlCacheBehavior [ RunTime:0.000096s ]
INFO: [ view_filter ] --END-- [ RunTime:0.000121s ]
INFO: [ app_end ] --START--
INFO: Run Behavior\ShowPageTraceBehavior [ RunTime:0.000472s ]
INFO: [ app_end ] --END-- [ RunTime:0.000537s ]

