[ 2017-08-15T05:26:23+08:00 ] 106.11.226.249 /
INFO: [ app_init ] --START--
INFO: Run Behavior\BuildLiteBehavior [ RunTime:0.000012s ]
INFO: [ app_init ] --END-- [ RunTime:0.000267s ]
INFO: [ app_begin ] --START--
INFO: Run Behavior\ReadHtmlCacheBehavior [ RunTime:0.000293s ]
INFO: [ app_begin ] --END-- [ RunTime:0.000327s ]
NOTIC: [8] Undefined index: type /yjdata/www/pile/Application/Home/Controller/IndexController.class.php 第 25 行.
SQL: SHOW COLUMNS FROM `eriko_disc` [ RunTime:0.0009s ]
NOTIC: [8] Undefined variable: where /yjdata/www/pile/Application/Home/Controller/IndexController.class.php 第 28 行.
SQL: SELECT * FROM `eriko_disc` ORDER BY rtime desc  [ RunTime:0.0013s ]
INFO: [ view_parse ] --START--
INFO: [ template_filter ] --START--
INFO: Run Behavior\ContentReplaceBehavior [ RunTime:0.000077s ]
INFO: [ template_filter ] --END-- [ RunTime:0.000111s ]
INFO: Run Behavior\ParseTemplateBehavior [ RunTime:0.005870s ]
INFO: [ view_parse ] --END-- [ RunTime:0.005904s ]
INFO: [ view_filter ] --START--
INFO: Run Behavior\WriteHtmlCacheBehavior [ RunTime:0.000098s ]
INFO: [ view_filter ] --END-- [ RunTime:0.000124s ]
INFO: [ app_end ] --START--
INFO: Run Behavior\ShowPageTraceBehavior [ RunTime:0.000392s ]
INFO: [ app_end ] --END-- [ RunTime:0.000446s ]

[ 2017-08-15T16:55:17+08:00 ] 114.243.175.203 /
INFO: [ app_init ] --START--
INFO: Run Behavior\BuildLiteBehavior [ RunTime:0.000010s ]
INFO: [ app_init ] --END-- [ RunTime:0.000231s ]
INFO: [ app_begin ] --START--
INFO: Run Behavior\ReadHtmlCacheBehavior [ RunTime:0.000303s ]
INFO: [ app_begin ] --END-- [ RunTime:0.000337s ]
NOTIC: [8] Undefined index: type /yjdata/www/pile/Application/Home/Controller/IndexController.class.php 第 25 行.
SQL: SHOW COLUMNS FROM `eriko_disc` [ RunTime:0.0009s ]
NOTIC: [8] Undefined variable: where /yjdata/www/pile/Application/Home/Controller/IndexController.class.php 第 28 行.
SQL: SELECT * FROM `eriko_disc` ORDER BY rtime desc  [ RunTime:0.0011s ]
INFO: [ view_parse ] --START--
INFO: [ template_filter ] --START--
INFO: Run Behavior\ContentReplaceBehavior [ RunTime:0.000094s ]
INFO: [ template_filter ] --END-- [ RunTime:0.000128s ]
INFO: Run Behavior\ParseTemplateBehavior [ RunTime:0.005772s ]
INFO: [ view_parse ] --END-- [ RunTime:0.005808s ]
INFO: [ view_filter ] --START--
INFO: Run Behavior\WriteHtmlCacheBehavior [ RunTime:0.000112s ]
INFO: [ view_filter ] --END-- [ RunTime:0.000139s ]
INFO: [ app_end ] --START--
INFO: Run Behavior\ShowPageTraceBehavior [ RunTime:0.000505s ]
INFO: [ app_end ] --END-- [ RunTime:0.000596s ]

