[ 2017-01-17T09:05:08+08:00 ] ::1 /lawyer/Home/Login/login
INFO: [ app_init ] --START--
INFO: Run Behavior\BuildLiteBehavior [ RunTime:0.000017s ]
INFO: [ app_init ] --END-- [ RunTime:0.000791s ]
INFO: [ app_begin ] --START--
INFO: Run Behavior\ReadHtmlCacheBehavior [ RunTime:0.001017s ]
INFO: [ app_begin ] --END-- [ RunTime:0.001083s ]
INFO: [ view_parse ] --START--
INFO: [ template_filter ] --START--
INFO: Run Behavior\ContentReplaceBehavior [ RunTime:0.000074s ]
INFO: [ template_filter ] --END-- [ RunTime:0.000133s ]
INFO: Run Behavior\ParseTemplateBehavior [ RunTime:0.009788s ]
INFO: [ view_parse ] --END-- [ RunTime:0.009858s ]
INFO: [ view_filter ] --START--
INFO: Run Behavior\WriteHtmlCacheBehavior [ RunTime:0.000861s ]
INFO: [ view_filter ] --END-- [ RunTime:0.000915s ]
INFO: [ app_end ] --START--
INFO: Run Behavior\ShowPageTraceBehavior [ RunTime:0.001038s ]
INFO: [ app_end ] --END-- [ RunTime:0.001095s ]

[ 2017-01-17T09:05:11+08:00 ] ::1 /lawyer/Home/Login/resetpwd
INFO: [ app_init ] --START--
INFO: Run Behavior\BuildLiteBehavior [ RunTime:0.000029s ]
INFO: [ app_init ] --END-- [ RunTime:0.000819s ]
INFO: [ app_begin ] --START--
INFO: Run Behavior\ReadHtmlCacheBehavior [ RunTime:0.001082s ]
INFO: [ app_begin ] --END-- [ RunTime:0.001173s ]
INFO: [ view_parse ] --START--
INFO: [ template_filter ] --START--
INFO: Run Behavior\ContentReplaceBehavior [ RunTime:0.000154s ]
INFO: [ template_filter ] --END-- [ RunTime:0.000272s ]
INFO: Run Behavior\ParseTemplateBehavior [ RunTime:0.011003s ]
INFO: [ view_parse ] --END-- [ RunTime:0.011092s ]
INFO: [ view_filter ] --START--
INFO: Run Behavior\WriteHtmlCacheBehavior [ RunTime:0.000783s ]
INFO: [ view_filter ] --END-- [ RunTime:0.000851s ]
INFO: [ app_end ] --START--
INFO: Run Behavior\ShowPageTraceBehavior [ RunTime:0.000913s ]
INFO: [ app_end ] --END-- [ RunTime:0.000981s ]

[ 2017-01-17T09:06:20+08:00 ] ::1 /lawyer/Login/sendcode.html
INFO: [ app_init ] --START--
INFO: Run Behavior\BuildLiteBehavior [ RunTime:0.000016s ]
INFO: [ app_init ] --END-- [ RunTime:0.000635s ]
INFO: [ app_begin ] --START--
INFO: Run Behavior\ReadHtmlCacheBehavior [ RunTime:0.000829s ]
INFO: [ app_begin ] --END-- [ RunTime:0.000890s ]
SQL: SHOW COLUMNS FROM `web_user` [ RunTime:0.0255s ]
SQL: SELECT COUNT(*) AS tp_count FROM `web_user` WHERE ( phone='15004692806' ) LIMIT 1   [ RunTime:0.0014s ]
SQL: SHOW COLUMNS FROM `web_validcode` [ RunTime:0.0121s ]
SQL: SELECT COUNT(*) AS tp_count FROM `web_validcode` WHERE ( mobile='15004692806' AND ctime>1484571980 ) LIMIT 1   [ RunTime:0.0006s ]
SQL: INSERT INTO `web_validcode` (`mobile`,`vtype`,`code`,`ctime`,`deadtime`) VALUES ('15004692806','1','028042','1484615180','1484615480') [ RunTime:0.0010s ]

[ 2017-01-17T09:06:29+08:00 ] ::1 /lawyer/Home/Login/login
INFO: [ app_init ] --START--
INFO: Run Behavior\BuildLiteBehavior [ RunTime:0.000016s ]
INFO: [ app_init ] --END-- [ RunTime:0.000845s ]
INFO: [ app_begin ] --START--
INFO: Run Behavior\ReadHtmlCacheBehavior [ RunTime:0.001104s ]
INFO: [ app_begin ] --END-- [ RunTime:0.001173s ]
INFO: [ view_parse ] --START--
INFO: [ template_filter ] --START--
INFO: Run Behavior\ContentReplaceBehavior [ RunTime:0.000107s ]
INFO: [ template_filter ] --END-- [ RunTime:0.000211s ]
INFO: Run Behavior\ParseTemplateBehavior [ RunTime:0.010332s ]
INFO: [ view_parse ] --END-- [ RunTime:0.010418s ]
INFO: [ view_filter ] --START--
INFO: Run Behavior\WriteHtmlCacheBehavior [ RunTime:0.000725s ]
INFO: [ view_filter ] --END-- [ RunTime:0.000947s ]
INFO: [ app_end ] --START--
INFO: Run Behavior\ShowPageTraceBehavior [ RunTime:0.001847s ]
INFO: [ app_end ] --END-- [ RunTime:0.001937s ]

[ 2017-01-17T09:06:51+08:00 ] ::1 /lawyer/Home/Login/login
INFO: [ app_init ] --START--
INFO: Run Behavior\BuildLiteBehavior [ RunTime:0.000024s ]
INFO: [ app_init ] --END-- [ RunTime:0.000827s ]
INFO: [ app_begin ] --START--
INFO: Run Behavior\ReadHtmlCacheBehavior [ RunTime:0.000769s ]
INFO: [ app_begin ] --END-- [ RunTime:0.000836s ]
SQL: SHOW COLUMNS FROM `web_user` [ RunTime:0.0256s ]
SQL: SELECT * FROM `web_user` WHERE `phone` = '15004692806' AND `password` = '96e79218965eb72c92a549dd5a330112' AND `status` = 0 LIMIT 1   [ RunTime:0.0020s ]

[ 2017-01-17T09:06:53+08:00 ] ::1 /lawyer/Index/index.html
INFO: [ app_init ] --START--
INFO: Run Behavior\BuildLiteBehavior [ RunTime:0.000036s ]
INFO: [ app_init ] --END-- [ RunTime:0.000834s ]
INFO: [ app_begin ] --START--
INFO: Run Behavior\ReadHtmlCacheBehavior [ RunTime:0.000859s ]
INFO: [ app_begin ] --END-- [ RunTime:0.000926s ]
SQL: SHOW COLUMNS FROM `web_user` [ RunTime:0.0171s ]
SQL: SELECT * FROM `web_user` WHERE ( uid=10 ) LIMIT 1   [ RunTime:0.0007s ]
SQL: SHOW COLUMNS FROM `web_category` [ RunTime:0.0099s ]
SQL: SELECT * FROM `web_category` WHERE ( pid=0 )  [ RunTime:0.0008s ]
SQL: SELECT * FROM `web_category` WHERE ( pid=1 )  [ RunTime:0.0005s ]
SQL: SELECT * FROM `web_category` WHERE ( pid=5 )  [ RunTime:0.0005s ]
SQL: SHOW COLUMNS FROM `web_order` [ RunTime:0.0119s ]
SQL: SELECT * FROM `web_order` WHERE ( uid=10 and paystatus=0 ) LIMIT 1   [ RunTime:0.0009s ]
INFO: [ view_parse ] --START--
INFO: [ template_filter ] --START--
INFO: Run Behavior\ContentReplaceBehavior [ RunTime:0.000140s ]
INFO: [ template_filter ] --END-- [ RunTime:0.000192s ]
INFO: Run Behavior\ParseTemplateBehavior [ RunTime:0.010892s ]
INFO: [ view_parse ] --END-- [ RunTime:0.010993s ]
INFO: [ view_filter ] --START--
INFO: Run Behavior\WriteHtmlCacheBehavior [ RunTime:0.000534s ]
INFO: [ view_filter ] --END-- [ RunTime:0.000584s ]
INFO: [ app_end ] --START--
INFO: Run Behavior\ShowPageTraceBehavior [ RunTime:0.000876s ]
INFO: [ app_end ] --END-- [ RunTime:0.000934s ]

[ 2017-01-17T09:06:58+08:00 ] ::1 /lawyer/Setting/index.html
INFO: [ app_init ] --START--
INFO: Run Behavior\BuildLiteBehavior [ RunTime:0.000021s ]
INFO: [ app_init ] --END-- [ RunTime:0.000759s ]
INFO: [ app_begin ] --START--
INFO: Run Behavior\ReadHtmlCacheBehavior [ RunTime:0.000775s ]
INFO: [ app_begin ] --END-- [ RunTime:0.000834s ]
SQL: SHOW COLUMNS FROM `web_order` [ RunTime:0.0096s ]
SQL: SELECT * FROM `web_order` WHERE ( uid=10 and paystatus=0 ) LIMIT 1   [ RunTime:0.0007s ]
INFO: [ view_parse ] --START--
INFO: [ template_filter ] --START--
INFO: Run Behavior\ContentReplaceBehavior [ RunTime:0.000082s ]
INFO: [ template_filter ] --END-- [ RunTime:0.000150s ]
INFO: Run Behavior\ParseTemplateBehavior [ RunTime:0.010733s ]
INFO: [ view_parse ] --END-- [ RunTime:0.010809s ]
INFO: [ view_filter ] --START--
INFO: Run Behavior\WriteHtmlCacheBehavior [ RunTime:0.000714s ]
INFO: [ view_filter ] --END-- [ RunTime:0.000771s ]
INFO: [ app_end ] --START--
INFO: Run Behavior\ShowPageTraceBehavior [ RunTime:0.001063s ]
INFO: [ app_end ] --END-- [ RunTime:0.001132s ]

[ 2017-01-17T09:07:00+08:00 ] ::1 /lawyer/Home/Setting/safe
INFO: [ app_init ] --START--
INFO: Run Behavior\BuildLiteBehavior [ RunTime:0.000017s ]
INFO: [ app_init ] --END-- [ RunTime:0.000783s ]
INFO: [ app_begin ] --START--
INFO: Run Behavior\ReadHtmlCacheBehavior [ RunTime:0.001021s ]
INFO: [ app_begin ] --END-- [ RunTime:0.001095s ]
SQL: SHOW COLUMNS FROM `web_order` [ RunTime:0.0290s ]
SQL: SELECT * FROM `web_order` WHERE ( uid=10 and paystatus=0 ) LIMIT 1   [ RunTime:0.0008s ]
SQL: SHOW COLUMNS FROM `web_user` [ RunTime:0.0081s ]
SQL: SELECT * FROM `web_user` WHERE ( uid=10 ) LIMIT 1   [ RunTime:0.0006s ]
INFO: [ view_parse ] --START--
INFO: [ template_filter ] --START--
INFO: Run Behavior\ContentReplaceBehavior [ RunTime:0.000066s ]
INFO: [ template_filter ] --END-- [ RunTime:0.000133s ]
INFO: Run Behavior\ParseTemplateBehavior [ RunTime:0.009246s ]
INFO: [ view_parse ] --END-- [ RunTime:0.009333s ]
INFO: [ view_filter ] --START--
INFO: Run Behavior\WriteHtmlCacheBehavior [ RunTime:0.000622s ]
INFO: [ view_filter ] --END-- [ RunTime:0.000708s ]
INFO: [ app_end ] --START--
INFO: Run Behavior\ShowPageTraceBehavior [ RunTime:0.001016s ]
INFO: [ app_end ] --END-- [ RunTime:0.001094s ]

[ 2017-01-17T09:07:02+08:00 ] ::1 /lawyer/Home/Setting/mobile
INFO: [ app_init ] --START--
INFO: Run Behavior\BuildLiteBehavior [ RunTime:0.000020s ]
INFO: [ app_init ] --END-- [ RunTime:0.000627s ]
INFO: [ app_begin ] --START--
INFO: Run Behavior\ReadHtmlCacheBehavior [ RunTime:0.001018s ]
INFO: [ app_begin ] --END-- [ RunTime:0.001107s ]
SQL: SHOW COLUMNS FROM `web_order` [ RunTime:0.0082s ]
SQL: SELECT * FROM `web_order` WHERE ( uid=10 and paystatus=0 ) LIMIT 1   [ RunTime:0.0008s ]
SQL: SHOW COLUMNS FROM `web_user` [ RunTime:0.0078s ]
SQL: SELECT `phone` FROM `web_user` WHERE ( uid=10 ) LIMIT 1   [ RunTime:0.0004s ]
INFO: [ view_parse ] --START--
INFO: [ template_filter ] --START--
INFO: Run Behavior\ContentReplaceBehavior [ RunTime:0.000059s ]
INFO: [ template_filter ] --END-- [ RunTime:0.000109s ]
INFO: Run Behavior\ParseTemplateBehavior [ RunTime:0.008279s ]
INFO: [ view_parse ] --END-- [ RunTime:0.008350s ]
INFO: [ view_filter ] --START--
INFO: Run Behavior\WriteHtmlCacheBehavior [ RunTime:0.000730s ]
INFO: [ view_filter ] --END-- [ RunTime:0.000812s ]
INFO: [ app_end ] --START--
INFO: Run Behavior\ShowPageTraceBehavior [ RunTime:0.000888s ]
INFO: [ app_end ] --END-- [ RunTime:0.000942s ]

[ 2017-01-17T09:07:05+08:00 ] ::1 /lawyer/Home/Setting/changeMobile
INFO: [ app_init ] --START--
INFO: Run Behavior\BuildLiteBehavior [ RunTime:0.000018s ]
INFO: [ app_init ] --END-- [ RunTime:0.000802s ]
INFO: [ app_begin ] --START--
INFO: Run Behavior\ReadHtmlCacheBehavior [ RunTime:0.001079s ]
INFO: [ app_begin ] --END-- [ RunTime:0.001149s ]
SQL: SHOW COLUMNS FROM `web_order` [ RunTime:0.0249s ]
SQL: SELECT * FROM `web_order` WHERE ( uid=10 and paystatus=0 ) LIMIT 1   [ RunTime:0.0012s ]
SQL: SHOW COLUMNS FROM `web_user` [ RunTime:0.0146s ]
SQL: SELECT `phone` FROM `web_user` WHERE ( uid=10 ) LIMIT 1   [ RunTime:0.0005s ]
INFO: [ view_parse ] --START--
INFO: [ template_filter ] --START--
INFO: Run Behavior\ContentReplaceBehavior [ RunTime:0.000075s ]
INFO: [ template_filter ] --END-- [ RunTime:0.000146s ]
INFO: Run Behavior\ParseTemplateBehavior [ RunTime:0.014979s ]
INFO: [ view_parse ] --END-- [ RunTime:0.015070s ]
INFO: [ view_filter ] --START--
INFO: Run Behavior\WriteHtmlCacheBehavior [ RunTime:0.001185s ]
INFO: [ view_filter ] --END-- [ RunTime:0.001285s ]
INFO: [ app_end ] --START--
INFO: Run Behavior\ShowPageTraceBehavior [ RunTime:0.001897s ]
INFO: [ app_end ] --END-- [ RunTime:0.001966s ]

[ 2017-01-17T09:09:38+08:00 ] ::1 /lawyer/Home/Setting/changeMobile
INFO: [ app_init ] --START--
INFO: Run Behavior\BuildLiteBehavior [ RunTime:0.000024s ]
INFO: [ app_init ] --END-- [ RunTime:0.000997s ]
INFO: [ app_begin ] --START--
INFO: Run Behavior\ReadHtmlCacheBehavior [ RunTime:0.001146s ]
INFO: [ app_begin ] --END-- [ RunTime:0.001246s ]
SQL: SHOW COLUMNS FROM `web_order` [ RunTime:0.0334s ]
SQL: SELECT * FROM `web_order` WHERE ( uid=10 and paystatus=0 ) LIMIT 1   [ RunTime:0.0012s ]
SQL: SHOW COLUMNS FROM `web_user` [ RunTime:0.0134s ]
SQL: SELECT `phone` FROM `web_user` WHERE ( uid=10 ) LIMIT 1   [ RunTime:0.0005s ]
INFO: [ view_parse ] --START--
INFO: [ template_filter ] --START--
INFO: Run Behavior\ContentReplaceBehavior [ RunTime:0.000164s ]
INFO: [ template_filter ] --END-- [ RunTime:0.000259s ]
INFO: Run Behavior\ParseTemplateBehavior [ RunTime:0.018869s ]
INFO: [ view_parse ] --END-- [ RunTime:0.018971s ]
INFO: [ view_filter ] --START--
INFO: Run Behavior\WriteHtmlCacheBehavior [ RunTime:0.001486s ]
INFO: [ view_filter ] --END-- [ RunTime:0.001588s ]
INFO: [ app_end ] --START--
INFO: Run Behavior\ShowPageTraceBehavior [ RunTime:0.003003s ]
INFO: [ app_end ] --END-- [ RunTime:0.003151s ]

[ 2017-01-17T09:10:10+08:00 ] ::1 /lawyer/Home/Setting/changeMobile
INFO: [ app_init ] --START--
INFO: Run Behavior\BuildLiteBehavior [ RunTime:0.000019s ]
INFO: [ app_init ] --END-- [ RunTime:0.000692s ]
INFO: [ app_begin ] --START--
INFO: Run Behavior\ReadHtmlCacheBehavior [ RunTime:0.001430s ]
INFO: [ app_begin ] --END-- [ RunTime:0.001540s ]
SQL: SHOW COLUMNS FROM `web_order` [ RunTime:0.0136s ]
SQL: SELECT * FROM `web_order` WHERE ( uid=10 and paystatus=0 ) LIMIT 1   [ RunTime:0.0011s ]
SQL: SHOW COLUMNS FROM `web_user` [ RunTime:0.0144s ]
SQL: SELECT `phone` FROM `web_user` WHERE ( uid=10 ) LIMIT 1   [ RunTime:0.0006s ]
INFO: [ view_parse ] --START--
INFO: [ template_filter ] --START--
INFO: Run Behavior\ContentReplaceBehavior [ RunTime:0.000172s ]
INFO: [ template_filter ] --END-- [ RunTime:0.000273s ]
INFO: Run Behavior\ParseTemplateBehavior [ RunTime:0.017367s ]
INFO: [ view_parse ] --END-- [ RunTime:0.017506s ]
INFO: [ view_filter ] --START--
INFO: Run Behavior\WriteHtmlCacheBehavior [ RunTime:0.001884s ]
INFO: [ view_filter ] --END-- [ RunTime:0.002180s ]
INFO: [ app_end ] --START--
INFO: Run Behavior\ShowPageTraceBehavior [ RunTime:0.002418s ]
INFO: [ app_end ] --END-- [ RunTime:0.002571s ]

[ 2017-01-17T09:10:15+08:00 ] ::1 /lawyer/Home/Setting/changeMobile
INFO: [ app_init ] --START--
INFO: Run Behavior\BuildLiteBehavior [ RunTime:0.000018s ]
INFO: [ app_init ] --END-- [ RunTime:0.000878s ]
INFO: [ app_begin ] --START--
INFO: Run Behavior\ReadHtmlCacheBehavior [ RunTime:0.001291s ]
INFO: [ app_begin ] --END-- [ RunTime:0.001365s ]
SQL: SHOW COLUMNS FROM `web_order` [ RunTime:0.0080s ]
SQL: SELECT * FROM `web_order` WHERE ( uid=10 and paystatus=0 ) LIMIT 1   [ RunTime:0.0007s ]
SQL: SHOW COLUMNS FROM `web_user` [ RunTime:0.0096s ]
SQL: SELECT `phone` FROM `web_user` WHERE ( uid=10 ) LIMIT 1   [ RunTime:0.0004s ]
INFO: [ view_parse ] --START--
INFO: [ template_filter ] --START--
INFO: Run Behavior\ContentReplaceBehavior [ RunTime:0.000082s ]
INFO: [ template_filter ] --END-- [ RunTime:0.000132s ]
INFO: Run Behavior\ParseTemplateBehavior [ RunTime:0.009576s ]
INFO: [ view_parse ] --END-- [ RunTime:0.009670s ]
INFO: [ view_filter ] --START--
INFO: Run Behavior\WriteHtmlCacheBehavior [ RunTime:0.000636s ]
INFO: [ view_filter ] --END-- [ RunTime:0.000680s ]
INFO: [ app_end ] --START--
INFO: Run Behavior\ShowPageTraceBehavior [ RunTime:0.000970s ]
INFO: [ app_end ] --END-- [ RunTime:0.001025s ]

[ 2017-01-17T09:11:37+08:00 ] ::1 /lawyer/Home/Setting/changeMobile
INFO: [ app_init ] --START--
INFO: Run Behavior\BuildLiteBehavior [ RunTime:0.000020s ]
INFO: [ app_init ] --END-- [ RunTime:0.000755s ]
INFO: [ app_begin ] --START--
INFO: Run Behavior\ReadHtmlCacheBehavior [ RunTime:0.001193s ]
INFO: [ app_begin ] --END-- [ RunTime:0.001271s ]
SQL: SHOW COLUMNS FROM `web_order` [ RunTime:0.0268s ]
SQL: SELECT * FROM `web_order` WHERE ( uid=10 and paystatus=0 ) LIMIT 1   [ RunTime:0.0007s ]
SQL: SHOW COLUMNS FROM `web_user` [ RunTime:0.0084s ]
SQL: SELECT `phone` FROM `web_user` WHERE ( uid=10 ) LIMIT 1   [ RunTime:0.0004s ]
INFO: [ view_parse ] --START--
INFO: [ template_filter ] --START--
INFO: Run Behavior\ContentReplaceBehavior [ RunTime:0.000083s ]
INFO: [ template_filter ] --END-- [ RunTime:0.000133s ]
INFO: Run Behavior\ParseTemplateBehavior [ RunTime:0.009586s ]
INFO: [ view_parse ] --END-- [ RunTime:0.009657s ]
INFO: [ view_filter ] --START--
INFO: Run Behavior\WriteHtmlCacheBehavior [ RunTime:0.000717s ]
INFO: [ view_filter ] --END-- [ RunTime:0.000763s ]
INFO: [ app_end ] --START--
INFO: Run Behavior\ShowPageTraceBehavior [ RunTime:0.001072s ]
INFO: [ app_end ] --END-- [ RunTime:0.001122s ]

[ 2017-01-17T09:12:43+08:00 ] ::1 /lawyer/Home/Setting/changeMobile
INFO: [ app_init ] --START--
INFO: Run Behavior\BuildLiteBehavior [ RunTime:0.000015s ]
INFO: [ app_init ] --END-- [ RunTime:0.000774s ]
INFO: [ app_begin ] --START--
INFO: Run Behavior\ReadHtmlCacheBehavior [ RunTime:0.001023s ]
INFO: [ app_begin ] --END-- [ RunTime:0.001086s ]
SQL: SHOW COLUMNS FROM `web_order` [ RunTime:0.0113s ]
SQL: SELECT * FROM `web_order` WHERE ( uid=10 and paystatus=0 ) LIMIT 1   [ RunTime:0.0010s ]
SQL: SHOW COLUMNS FROM `web_user` [ RunTime:0.0096s ]
SQL: SELECT `phone` FROM `web_user` WHERE ( uid=10 ) LIMIT 1   [ RunTime:0.0005s ]
INFO: [ view_parse ] --START--
INFO: [ template_filter ] --START--
INFO: Run Behavior\ContentReplaceBehavior [ RunTime:0.000150s ]
INFO: [ template_filter ] --END-- [ RunTime:0.000249s ]
INFO: Run Behavior\ParseTemplateBehavior [ RunTime:0.011837s ]
INFO: [ view_parse ] --END-- [ RunTime:0.011930s ]
INFO: [ view_filter ] --START--
INFO: Run Behavior\WriteHtmlCacheBehavior [ RunTime:0.001051s ]
INFO: [ view_filter ] --END-- [ RunTime:0.001124s ]
INFO: [ app_end ] --START--
INFO: Run Behavior\ShowPageTraceBehavior [ RunTime:0.001056s ]
INFO: [ app_end ] --END-- [ RunTime:0.001118s ]

[ 2017-01-17T09:12:46+08:00 ] ::1 /lawyer/Login/sendcode.html
INFO: [ app_init ] --START--
INFO: Run Behavior\BuildLiteBehavior [ RunTime:0.000019s ]
INFO: [ app_init ] --END-- [ RunTime:0.000858s ]
INFO: [ app_begin ] --START--
INFO: Run Behavior\ReadHtmlCacheBehavior [ RunTime:0.001410s ]
INFO: [ app_begin ] --END-- [ RunTime:0.001519s ]
SQL: SHOW COLUMNS FROM `web_user` [ RunTime:0.0214s ]
SQL: SELECT COUNT(*) AS tp_count FROM `web_user` WHERE ( phone='15004692806' ) LIMIT 1   [ RunTime:0.0010s ]
SQL: SHOW COLUMNS FROM `web_validcode` [ RunTime:0.0193s ]
SQL: SELECT COUNT(*) AS tp_count FROM `web_validcode` WHERE ( mobile='15004692806' AND ctime>1484572366 ) LIMIT 1   [ RunTime:0.0009s ]
SQL: INSERT INTO `web_validcode` (`mobile`,`vtype`,`code`,`ctime`,`deadtime`) VALUES ('15004692806','3','324429','1484615566','1484615866') [ RunTime:0.0010s ]

[ 2017-01-17T09:13:10+08:00 ] ::1 /lawyer/Login/sendcode.html
INFO: [ app_init ] --START--
INFO: Run Behavior\BuildLiteBehavior [ RunTime:0.000017s ]
INFO: [ app_init ] --END-- [ RunTime:0.000870s ]
INFO: [ app_begin ] --START--
INFO: Run Behavior\ReadHtmlCacheBehavior [ RunTime:0.000756s ]
INFO: [ app_begin ] --END-- [ RunTime:0.000830s ]
SQL: SHOW COLUMNS FROM `web_user` [ RunTime:0.0367s ]
SQL: SELECT COUNT(*) AS tp_count FROM `web_user` WHERE ( phone='15004692806' ) LIMIT 1   [ RunTime:0.0011s ]

[ 2017-01-17T09:13:27+08:00 ] ::1 /lawyer/Login/sendcode.html
INFO: [ app_init ] --START--
INFO: Run Behavior\BuildLiteBehavior [ RunTime:0.000016s ]
INFO: [ app_init ] --END-- [ RunTime:0.000615s ]
INFO: [ app_begin ] --START--
INFO: Run Behavior\ReadHtmlCacheBehavior [ RunTime:0.000779s ]
INFO: [ app_begin ] --END-- [ RunTime:0.000836s ]
SQL: SHOW COLUMNS FROM `web_user` [ RunTime:0.0263s ]
SQL: SELECT COUNT(*) AS tp_count FROM `web_user` WHERE ( phone='13111111111' ) LIMIT 1   [ RunTime:0.0003s ]
SQL: SHOW COLUMNS FROM `web_validcode` [ RunTime:0.0206s ]
SQL: SELECT COUNT(*) AS tp_count FROM `web_validcode` WHERE ( mobile='13111111111' AND ctime>1484572407 ) LIMIT 1   [ RunTime:0.0004s ]
SQL: INSERT INTO `web_validcode` (`mobile`,`vtype`,`code`,`ctime`,`deadtime`) VALUES ('13111111111','2','079595','1484615607','1484615907') [ RunTime:0.0004s ]

[ 2017-01-17T10:37:09+08:00 ] ::1 /lawyer/
INFO: [ app_init ] --START--
INFO: Run Behavior\BuildLiteBehavior [ RunTime:0.000017s ]
INFO: [ app_init ] --END-- [ RunTime:0.000786s ]
INFO: [ app_begin ] --START--
INFO: Run Behavior\ReadHtmlCacheBehavior [ RunTime:0.001027s ]
INFO: [ app_begin ] --END-- [ RunTime:0.001103s ]
NOTIC: [8] Undefined index: user_wechat D:\heyi\USBWebserver\root\lawyer\Application\Home\Controller\IndexController.class.php 第 9 行.
SQL: SHOW COLUMNS FROM `web_category` [ RunTime:0.0264s ]
SQL: SELECT * FROM `web_category` WHERE ( pid=0 )  [ RunTime:0.0006s ]
SQL: SELECT * FROM `web_category` WHERE ( pid=1 )  [ RunTime:0.0005s ]
SQL: SELECT * FROM `web_category` WHERE ( pid=5 )  [ RunTime:0.0004s ]
NOTIC: [8] Undefined variable: userInfo D:\heyi\USBWebserver\root\lawyer\Application\Home\Controller\IndexController.class.php 第 40 行.
INFO: [ view_parse ] --START--
INFO: [ template_filter ] --START--
INFO: Run Behavior\ContentReplaceBehavior [ RunTime:0.000140s ]
INFO: [ template_filter ] --END-- [ RunTime:0.000194s ]
NOTIC: [8] Undefined index: user_wechat D:\heyi\USBWebserver\root\lawyer\Application\Runtime\Cache\Home\2a94b8bda04ff446dcedd42276fc99ee.php 第 52 行.
NOTIC: [8] Undefined variable: userInfo D:\heyi\USBWebserver\root\lawyer\Application\Runtime\Cache\Home\2a94b8bda04ff446dcedd42276fc99ee.php 第 186 行.
NOTIC: [8] Undefined variable: userInfo D:\heyi\USBWebserver\root\lawyer\Application\Runtime\Cache\Home\2a94b8bda04ff446dcedd42276fc99ee.php 第 198 行.
NOTIC: [8] Undefined variable: userInfo D:\heyi\USBWebserver\root\lawyer\Application\Runtime\Cache\Home\2a94b8bda04ff446dcedd42276fc99ee.php 第 198 行.
INFO: Run Behavior\ParseTemplateBehavior [ RunTime:0.012000s ]
INFO: [ view_parse ] --END-- [ RunTime:0.012062s ]
INFO: [ view_filter ] --START--
INFO: Run Behavior\WriteHtmlCacheBehavior [ RunTime:0.000667s ]
INFO: [ view_filter ] --END-- [ RunTime:0.000705s ]
INFO: [ app_end ] --START--
INFO: Run Behavior\ShowPageTraceBehavior [ RunTime:0.001429s ]
INFO: [ app_end ] --END-- [ RunTime:0.001524s ]

