[ 2017-08-28T22:43:27+08:00 ] 106.11.227.196 /
INFO: [ app_init ] --START--
INFO: Run Behavior\BuildLiteBehavior [ RunTime:0.000013s ]
INFO: [ app_init ] --END-- [ RunTime:0.000349s ]
INFO: [ app_begin ] --START--
INFO: Run Behavior\ReadHtmlCacheBehavior [ RunTime:0.000366s ]
INFO: [ app_begin ] --END-- [ RunTime:0.000405s ]
NOTIC: [8] Undefined index: type /yjdata/www/pile/Application/Home/Controller/IndexController.class.php 第 25 行.
SQL: SHOW COLUMNS FROM `eriko_disc` [ RunTime:0.0011s ]
NOTIC: [8] Undefined variable: where /yjdata/www/pile/Application/Home/Controller/IndexController.class.php 第 28 行.
SQL: SELECT * FROM `eriko_disc` ORDER BY rtime desc  [ RunTime:0.0022s ]
INFO: [ view_parse ] --START--
INFO: [ template_filter ] --START--
INFO: Run Behavior\ContentReplaceBehavior [ RunTime:0.000086s ]
INFO: [ template_filter ] --END-- [ RunTime:0.000121s ]
INFO: Run Behavior\ParseTemplateBehavior [ RunTime:0.012682s ]
INFO: [ view_parse ] --END-- [ RunTime:0.012721s ]
INFO: [ view_filter ] --START--
INFO: Run Behavior\WriteHtmlCacheBehavior [ RunTime:0.000231s ]
INFO: [ view_filter ] --END-- [ RunTime:0.000259s ]
INFO: [ app_end ] --START--
INFO: Run Behavior\ShowPageTraceBehavior [ RunTime:0.000551s ]
INFO: [ app_end ] --END-- [ RunTime:0.000611s ]

