[ 2017-01-16T14:26:22+08:00 ] ::1 /lawyer/
INFO: [ app_init ] --START--
INFO: Run Behavior\BuildLiteBehavior [ RunTime:0.000161s ]
INFO: [ app_init ] --END-- [ RunTime:0.001188s ]
INFO: [ app_begin ] --START--
INFO: Run Behavior\ReadHtmlCacheBehavior [ RunTime:0.001396s ]
INFO: [ app_begin ] --END-- [ RunTime:0.001557s ]
NOTIC: [8] Undefined index: user_wechat D:\heyi\USBWebserver\root\lawyer\Application\Home\Controller\IndexController.class.php 第 9 行.
SQL: SHOW COLUMNS FROM `web_category` [ RunTime:0.0190s ]
SQL: SELECT * FROM `web_category` WHERE ( pid=0 )  [ RunTime:0.0012s ]
SQL: SELECT * FROM `web_category` WHERE ( pid=1 )  [ RunTime:0.0007s ]
SQL: SELECT * FROM `web_category` WHERE ( pid=5 )  [ RunTime:0.0009s ]
NOTIC: [8] Undefined variable: userInfo D:\heyi\USBWebserver\root\lawyer\Application\Home\Controller\IndexController.class.php 第 40 行.
INFO: [ view_parse ] --START--
INFO: [ template_filter ] --START--
INFO: Run Behavior\ContentReplaceBehavior [ RunTime:0.000191s ]
INFO: [ template_filter ] --END-- [ RunTime:0.000258s ]
NOTIC: [8] Undefined index: user_wechat D:\heyi\USBWebserver\root\lawyer\Application\Runtime\Cache\Home\2a94b8bda04ff446dcedd42276fc99ee.php 第 52 行.
NOTIC: [8] Undefined variable: userInfo D:\heyi\USBWebserver\root\lawyer\Application\Runtime\Cache\Home\2a94b8bda04ff446dcedd42276fc99ee.php 第 186 行.
NOTIC: [8] Undefined variable: userInfo D:\heyi\USBWebserver\root\lawyer\Application\Runtime\Cache\Home\2a94b8bda04ff446dcedd42276fc99ee.php 第 198 行.
NOTIC: [8] Undefined variable: userInfo D:\heyi\USBWebserver\root\lawyer\Application\Runtime\Cache\Home\2a94b8bda04ff446dcedd42276fc99ee.php 第 198 行.
INFO: Run Behavior\ParseTemplateBehavior [ RunTime:0.085216s ]
INFO: [ view_parse ] --END-- [ RunTime:0.085324s ]
INFO: [ view_filter ] --START--
INFO: Run Behavior\WriteHtmlCacheBehavior [ RunTime:0.000859s ]
INFO: [ view_filter ] --END-- [ RunTime:0.000915s ]
INFO: [ app_end ] --START--
INFO: Run Behavior\ShowPageTraceBehavior [ RunTime:0.001346s ]
INFO: [ app_end ] --END-- [ RunTime:0.001422s ]

[ 2017-01-16T17:42:40+08:00 ] ::1 /lawyer/Setting/index.html
INFO: [ app_init ] --START--
INFO: Run Behavior\BuildLiteBehavior [ RunTime:0.000030s ]
INFO: [ app_init ] --END-- [ RunTime:0.001408s ]
INFO: [ app_begin ] --START--
INFO: Run Behavior\ReadHtmlCacheBehavior [ RunTime:0.001030s ]
INFO: [ app_begin ] --END-- [ RunTime:0.001114s ]

[ 2017-01-16T17:42:41+08:00 ] ::1 /lawyer/Login/login.html
INFO: [ app_init ] --START--
INFO: Run Behavior\BuildLiteBehavior [ RunTime:0.000028s ]
INFO: [ app_init ] --END-- [ RunTime:0.000778s ]
INFO: [ app_begin ] --START--
INFO: Run Behavior\ReadHtmlCacheBehavior [ RunTime:0.000875s ]
INFO: [ app_begin ] --END-- [ RunTime:0.000956s ]
INFO: [ view_parse ] --START--
INFO: [ template_filter ] --START--
INFO: Run Behavior\ContentReplaceBehavior [ RunTime:0.000121s ]
INFO: [ template_filter ] --END-- [ RunTime:0.000208s ]
INFO: Run Behavior\ParseTemplateBehavior [ RunTime:0.012714s ]
INFO: [ view_parse ] --END-- [ RunTime:0.012788s ]
INFO: [ view_filter ] --START--
INFO: Run Behavior\WriteHtmlCacheBehavior [ RunTime:0.000679s ]
INFO: [ view_filter ] --END-- [ RunTime:0.000730s ]
INFO: [ app_end ] --START--
INFO: Run Behavior\ShowPageTraceBehavior [ RunTime:0.000967s ]
INFO: [ app_end ] --END-- [ RunTime:0.001023s ]

[ 2017-01-16T17:42:47+08:00 ] ::1 /lawyer/Home/Login/register
INFO: [ app_init ] --START--
INFO: Run Behavior\BuildLiteBehavior [ RunTime:0.000017s ]
INFO: [ app_init ] --END-- [ RunTime:0.000796s ]
INFO: [ app_begin ] --START--
INFO: Run Behavior\ReadHtmlCacheBehavior [ RunTime:0.000994s ]
INFO: [ app_begin ] --END-- [ RunTime:0.001069s ]
INFO: [ view_parse ] --START--
INFO: [ template_filter ] --START--
INFO: Run Behavior\ContentReplaceBehavior [ RunTime:0.000079s ]
INFO: [ template_filter ] --END-- [ RunTime:0.000133s ]
INFO: Run Behavior\ParseTemplateBehavior [ RunTime:0.012238s ]
INFO: [ view_parse ] --END-- [ RunTime:0.012328s ]
INFO: [ view_filter ] --START--
INFO: Run Behavior\WriteHtmlCacheBehavior [ RunTime:0.000652s ]
INFO: [ view_filter ] --END-- [ RunTime:0.000692s ]
INFO: [ app_end ] --START--
INFO: Run Behavior\ShowPageTraceBehavior [ RunTime:0.001036s ]
INFO: [ app_end ] --END-- [ RunTime:0.001098s ]

[ 2017-01-16T17:43:03+08:00 ] ::1 /lawyer/Login/sendcode.html
INFO: [ app_init ] --START--
INFO: Run Behavior\BuildLiteBehavior [ RunTime:0.000019s ]
INFO: [ app_init ] --END-- [ RunTime:0.001089s ]
INFO: [ app_begin ] --START--
INFO: Run Behavior\ReadHtmlCacheBehavior [ RunTime:0.000792s ]
INFO: [ app_begin ] --END-- [ RunTime:0.000848s ]
SQL: SHOW COLUMNS FROM `web_user` [ RunTime:0.0305s ]
SQL: SELECT COUNT(*) AS tp_count FROM `web_user` WHERE ( phone='' ) LIMIT 1   [ RunTime:0.0015s ]
SQL: SHOW COLUMNS FROM `web_validcode` [ RunTime:0.0110s ]
SQL: SELECT COUNT(*) AS tp_count FROM `web_validcode` WHERE ( mobile='' AND ctime>1484516583 ) LIMIT 1   [ RunTime:0.0006s ]
SQL: INSERT INTO `web_validcode` (`mobile`,`vtype`,`code`,`ctime`,`deadtime`) VALUES ('','0','296363','1484559783','1484560083') [ RunTime:0.0253s ]

[ 2017-01-16T17:44:11+08:00 ] ::1 /lawyer/Login/sendcode.html
INFO: [ app_init ] --START--
INFO: Run Behavior\BuildLiteBehavior [ RunTime:0.000016s ]
INFO: [ app_init ] --END-- [ RunTime:0.000672s ]
INFO: [ app_begin ] --START--
INFO: Run Behavior\ReadHtmlCacheBehavior [ RunTime:0.000850s ]
INFO: [ app_begin ] --END-- [ RunTime:0.000906s ]
SQL: SHOW COLUMNS FROM `web_user` [ RunTime:0.0271s ]
SQL: SELECT COUNT(*) AS tp_count FROM `web_user` WHERE ( phone='15004692806' ) LIMIT 1   [ RunTime:0.0005s ]

[ 2017-01-16T17:44:54+08:00 ] ::1 /lawyer/Login/sendcode.html
INFO: [ app_init ] --START--
INFO: Run Behavior\BuildLiteBehavior [ RunTime:0.000016s ]
INFO: [ app_init ] --END-- [ RunTime:0.000711s ]
INFO: [ app_begin ] --START--
INFO: Run Behavior\ReadHtmlCacheBehavior [ RunTime:0.001132s ]
INFO: [ app_begin ] --END-- [ RunTime:0.001193s ]
SQL: SHOW COLUMNS FROM `web_user` [ RunTime:0.0088s ]
SQL: SELECT COUNT(*) AS tp_count FROM `web_user` WHERE ( phone='13271276567' ) LIMIT 1   [ RunTime:0.0005s ]
SQL: SHOW COLUMNS FROM `web_validcode` [ RunTime:0.0083s ]
SQL: SELECT COUNT(*) AS tp_count FROM `web_validcode` WHERE ( mobile='13271276567' AND ctime>1484516694 ) LIMIT 1   [ RunTime:0.0005s ]
SQL: INSERT INTO `web_validcode` (`mobile`,`vtype`,`code`,`ctime`,`deadtime`) VALUES ('13271276567','0','882970','1484559894','1484560194') [ RunTime:0.0004s ]

