[ 2017-06-21T01:11:35+08:00 ] 140.205.201.33 /
INFO: [ app_init ] --START--
INFO: Run Behavior\BuildLiteBehavior [ RunTime:0.000015s ]
INFO: [ app_init ] --END-- [ RunTime:0.000349s ]
INFO: [ app_begin ] --START--
INFO: Run Behavior\ReadHtmlCacheBehavior [ RunTime:0.000420s ]
INFO: [ app_begin ] --END-- [ RunTime:0.000486s ]
NOTIC: [8] Undefined index: type /yjdata/www/pile/Application/Home/Controller/IndexController.class.php 第 25 行.
SQL: SHOW COLUMNS FROM `eriko_disc` [ RunTime:0.0011s ]
NOTIC: [8] Undefined variable: where /yjdata/www/pile/Application/Home/Controller/IndexController.class.php 第 28 行.
SQL: SELECT * FROM `eriko_disc` ORDER BY rtime desc  [ RunTime:0.0013s ]
INFO: [ view_parse ] --START--
INFO: [ template_filter ] --START--
INFO: Run Behavior\ContentReplaceBehavior [ RunTime:0.000117s ]
INFO: [ template_filter ] --END-- [ RunTime:0.000167s ]
INFO: Run Behavior\ParseTemplateBehavior [ RunTime:0.008901s ]
INFO: [ view_parse ] --END-- [ RunTime:0.008951s ]
INFO: [ view_filter ] --START--
INFO: Run Behavior\WriteHtmlCacheBehavior [ RunTime:0.000149s ]
INFO: [ view_filter ] --END-- [ RunTime:0.000189s ]
INFO: [ app_end ] --START--
INFO: Run Behavior\ShowPageTraceBehavior [ RunTime:0.000577s ]
INFO: [ app_end ] --END-- [ RunTime:0.000653s ]

[ 2017-06-21T01:27:41+08:00 ] 114.215.45.101 /
INFO: [ app_init ] --START--
INFO: Run Behavior\BuildLiteBehavior [ RunTime:0.000010s ]
INFO: [ app_init ] --END-- [ RunTime:0.000230s ]
INFO: [ app_begin ] --START--
INFO: Run Behavior\ReadHtmlCacheBehavior [ RunTime:0.000295s ]
INFO: [ app_begin ] --END-- [ RunTime:0.000330s ]
NOTIC: [8] Undefined index: type /yjdata/www/pile/Application/Home/Controller/IndexController.class.php 第 25 行.
SQL: SHOW COLUMNS FROM `eriko_disc` [ RunTime:0.0009s ]
NOTIC: [8] Undefined variable: where /yjdata/www/pile/Application/Home/Controller/IndexController.class.php 第 28 行.
SQL: SELECT * FROM `eriko_disc` ORDER BY rtime desc  [ RunTime:0.0012s ]
INFO: [ view_parse ] --START--
INFO: [ template_filter ] --START--
INFO: Run Behavior\ContentReplaceBehavior [ RunTime:0.000076s ]
INFO: [ template_filter ] --END-- [ RunTime:0.000110s ]
INFO: Run Behavior\ParseTemplateBehavior [ RunTime:0.005663s ]
INFO: [ view_parse ] --END-- [ RunTime:0.005698s ]
INFO: [ view_filter ] --START--
INFO: Run Behavior\WriteHtmlCacheBehavior [ RunTime:0.000108s ]
INFO: [ view_filter ] --END-- [ RunTime:0.000136s ]

[ 2017-06-21T02:11:48+08:00 ] 45.120.243.254 /
INFO: [ app_init ] --START--
INFO: Run Behavior\BuildLiteBehavior [ RunTime:0.000013s ]
INFO: [ app_init ] --END-- [ RunTime:0.000273s ]
INFO: [ app_begin ] --START--
INFO: Run Behavior\ReadHtmlCacheBehavior [ RunTime:0.000275s ]
INFO: [ app_begin ] --END-- [ RunTime:0.000310s ]
NOTIC: [8] Undefined index: type /yjdata/www/pile/Application/Home/Controller/IndexController.class.php 第 25 行.
SQL: SHOW COLUMNS FROM `eriko_disc` [ RunTime:0.0010s ]
NOTIC: [8] Undefined variable: where /yjdata/www/pile/Application/Home/Controller/IndexController.class.php 第 28 行.
SQL: SELECT * FROM `eriko_disc` ORDER BY rtime desc  [ RunTime:0.0012s ]
INFO: [ view_parse ] --START--
INFO: [ template_filter ] --START--
INFO: Run Behavior\ContentReplaceBehavior [ RunTime:0.000078s ]
INFO: [ template_filter ] --END-- [ RunTime:0.000112s ]
INFO: Run Behavior\ParseTemplateBehavior [ RunTime:0.005637s ]
INFO: [ view_parse ] --END-- [ RunTime:0.005673s ]
INFO: [ view_filter ] --START--
INFO: Run Behavior\WriteHtmlCacheBehavior [ RunTime:0.000100s ]
INFO: [ view_filter ] --END-- [ RunTime:0.000126s ]
INFO: [ app_end ] --START--
INFO: Run Behavior\ShowPageTraceBehavior [ RunTime:0.000294s ]
INFO: [ app_end ] --END-- [ RunTime:0.000330s ]

[ 2017-06-21T04:09:05+08:00 ] 116.54.1.203 /
INFO: [ app_init ] --START--
INFO: Run Behavior\BuildLiteBehavior [ RunTime:0.000010s ]
INFO: [ app_init ] --END-- [ RunTime:0.000234s ]
INFO: [ app_begin ] --START--
INFO: Run Behavior\ReadHtmlCacheBehavior [ RunTime:0.000315s ]
INFO: [ app_begin ] --END-- [ RunTime:0.000351s ]
NOTIC: [8] Undefined index: type /yjdata/www/pile/Application/Home/Controller/IndexController.class.php 第 25 行.
SQL: SHOW COLUMNS FROM `eriko_disc` [ RunTime:0.0009s ]
NOTIC: [8] Undefined variable: where /yjdata/www/pile/Application/Home/Controller/IndexController.class.php 第 28 行.
SQL: SELECT * FROM `eriko_disc` ORDER BY rtime desc  [ RunTime:0.0012s ]
INFO: [ view_parse ] --START--
INFO: [ template_filter ] --START--
INFO: Run Behavior\ContentReplaceBehavior [ RunTime:0.000075s ]
INFO: [ template_filter ] --END-- [ RunTime:0.000109s ]
INFO: Run Behavior\ParseTemplateBehavior [ RunTime:0.005550s ]
INFO: [ view_parse ] --END-- [ RunTime:0.005592s ]
INFO: [ view_filter ] --START--
INFO: Run Behavior\WriteHtmlCacheBehavior [ RunTime:0.000098s ]
INFO: [ view_filter ] --END-- [ RunTime:0.000124s ]
INFO: 
INFO: 
INFO: 

[ 2017-06-21T04:50:47+08:00 ] 112.65.193.15 /
INFO: [ app_init ] --START--
INFO: Run Behavior\BuildLiteBehavior [ RunTime:0.000012s ]
INFO: [ app_init ] --END-- [ RunTime:0.000224s ]
INFO: [ app_begin ] --START--
INFO: Run Behavior\ReadHtmlCacheBehavior [ RunTime:0.000269s ]
INFO: [ app_begin ] --END-- [ RunTime:0.000303s ]
NOTIC: [8] Undefined index: type /yjdata/www/pile/Application/Home/Controller/IndexController.class.php 第 25 行.
SQL: SHOW COLUMNS FROM `eriko_disc` [ RunTime:0.0009s ]
NOTIC: [8] Undefined variable: where /yjdata/www/pile/Application/Home/Controller/IndexController.class.php 第 28 行.
SQL: SELECT * FROM `eriko_disc` ORDER BY rtime desc  [ RunTime:0.0011s ]
INFO: [ view_parse ] --START--
INFO: [ template_filter ] --START--
INFO: Run Behavior\ContentReplaceBehavior [ RunTime:0.000075s ]
INFO: [ template_filter ] --END-- [ RunTime:0.000108s ]
INFO: Run Behavior\ParseTemplateBehavior [ RunTime:0.005627s ]
INFO: [ view_parse ] --END-- [ RunTime:0.005661s ]
INFO: [ view_filter ] --START--
INFO: Run Behavior\WriteHtmlCacheBehavior [ RunTime:0.000122s ]
INFO: [ view_filter ] --END-- [ RunTime:0.000148s ]
INFO: [ app_end ] --START--
INFO: Run Behavior\ShowPageTraceBehavior [ RunTime:0.000459s ]
INFO: [ app_end ] --END-- [ RunTime:0.000526s ]

[ 2017-06-21T05:16:22+08:00 ] 111.206.36.135 /
INFO: [ app_init ] --START--
INFO: Run Behavior\BuildLiteBehavior [ RunTime:0.000012s ]
INFO: [ app_init ] --END-- [ RunTime:0.000265s ]
INFO: [ app_begin ] --START--
INFO: Run Behavior\ReadHtmlCacheBehavior [ RunTime:0.000321s ]
INFO: [ app_begin ] --END-- [ RunTime:0.000356s ]
NOTIC: [8] Undefined index: type /yjdata/www/pile/Application/Home/Controller/IndexController.class.php 第 25 行.
SQL: SHOW COLUMNS FROM `eriko_disc` [ RunTime:0.0009s ]
NOTIC: [8] Undefined variable: where /yjdata/www/pile/Application/Home/Controller/IndexController.class.php 第 28 行.
SQL: SELECT * FROM `eriko_disc` ORDER BY rtime desc  [ RunTime:0.0011s ]
INFO: [ view_parse ] --START--
INFO: [ template_filter ] --START--
INFO: Run Behavior\ContentReplaceBehavior [ RunTime:0.000073s ]
INFO: [ template_filter ] --END-- [ RunTime:0.000105s ]
INFO: Run Behavior\ParseTemplateBehavior [ RunTime:0.005746s ]
INFO: [ view_parse ] --END-- [ RunTime:0.005788s ]
INFO: [ view_filter ] --START--
INFO: Run Behavior\WriteHtmlCacheBehavior [ RunTime:0.000108s ]
INFO: [ view_filter ] --END-- [ RunTime:0.000141s ]
INFO: [ app_end ] --START--
INFO: Run Behavior\ShowPageTraceBehavior [ RunTime:0.000304s ]
INFO: [ app_end ] --END-- [ RunTime:0.000340s ]

[ 2017-06-21T06:32:14+08:00 ] 223.74.3.20 /
INFO: [ app_init ] --START--
INFO: Run Behavior\BuildLiteBehavior [ RunTime:0.000011s ]
INFO: [ app_init ] --END-- [ RunTime:0.000249s ]
INFO: [ app_begin ] --START--
INFO: Run Behavior\ReadHtmlCacheBehavior [ RunTime:0.000293s ]
INFO: [ app_begin ] --END-- [ RunTime:0.000332s ]
NOTIC: [8] Undefined index: type /yjdata/www/pile/Application/Home/Controller/IndexController.class.php 第 25 行.
SQL: SHOW COLUMNS FROM `eriko_disc` [ RunTime:0.0010s ]
NOTIC: [8] Undefined variable: where /yjdata/www/pile/Application/Home/Controller/IndexController.class.php 第 28 行.
SQL: SELECT * FROM `eriko_disc` ORDER BY rtime desc  [ RunTime:0.0011s ]
INFO: [ view_parse ] --START--
INFO: [ template_filter ] --START--
INFO: Run Behavior\ContentReplaceBehavior [ RunTime:0.000085s ]
INFO: [ template_filter ] --END-- [ RunTime:0.000119s ]
INFO: Run Behavior\ParseTemplateBehavior [ RunTime:0.005742s ]
INFO: [ view_parse ] --END-- [ RunTime:0.005777s ]
INFO: [ view_filter ] --START--
INFO: Run Behavior\WriteHtmlCacheBehavior [ RunTime:0.000099s ]
INFO: [ view_filter ] --END-- [ RunTime:0.000132s ]
INFO: 
INFO: 
INFO: 

[ 2017-06-21T07:45:25+08:00 ] 140.205.201.39 /
INFO: [ app_init ] --START--
INFO: Run Behavior\BuildLiteBehavior [ RunTime:0.000012s ]
INFO: [ app_init ] --END-- [ RunTime:0.000226s ]
INFO: [ app_begin ] --START--
INFO: Run Behavior\ReadHtmlCacheBehavior [ RunTime:0.000289s ]
INFO: [ app_begin ] --END-- [ RunTime:0.000338s ]
NOTIC: [8] Undefined index: type /yjdata/www/pile/Application/Home/Controller/IndexController.class.php 第 25 行.
SQL: SHOW COLUMNS FROM `eriko_disc` [ RunTime:0.0009s ]
NOTIC: [8] Undefined variable: where /yjdata/www/pile/Application/Home/Controller/IndexController.class.php 第 28 行.
SQL: SELECT * FROM `eriko_disc` ORDER BY rtime desc  [ RunTime:0.0011s ]
INFO: [ view_parse ] --START--
INFO: [ template_filter ] --START--
INFO: Run Behavior\ContentReplaceBehavior [ RunTime:0.000077s ]
INFO: [ template_filter ] --END-- [ RunTime:0.000111s ]
INFO: Run Behavior\ParseTemplateBehavior [ RunTime:0.005657s ]
INFO: [ view_parse ] --END-- [ RunTime:0.005692s ]
INFO: [ view_filter ] --START--
INFO: Run Behavior\WriteHtmlCacheBehavior [ RunTime:0.000099s ]
INFO: [ view_filter ] --END-- [ RunTime:0.000125s ]
INFO: [ app_end ] --START--
INFO: Run Behavior\ShowPageTraceBehavior [ RunTime:0.000453s ]
INFO: [ app_end ] --END-- [ RunTime:0.000541s ]

[ 2017-06-21T08:29:28+08:00 ] 103.242.202.196 http://tojoki.asia/
INFO: [ app_init ] --START--
INFO: Run Behavior\BuildLiteBehavior [ RunTime:0.000015s ]
INFO: [ app_init ] --END-- [ RunTime:0.000251s ]
INFO: [ app_begin ] --START--
INFO: Run Behavior\ReadHtmlCacheBehavior [ RunTime:0.000427s ]
INFO: [ app_begin ] --END-- [ RunTime:0.000481s ]
NOTIC: [8] Undefined index: type /yjdata/www/pile/Application/Home/Controller/IndexController.class.php 第 25 行.
SQL: SHOW COLUMNS FROM `eriko_disc` [ RunTime:0.0010s ]
NOTIC: [8] Undefined variable: where /yjdata/www/pile/Application/Home/Controller/IndexController.class.php 第 28 行.
SQL: SELECT * FROM `eriko_disc` ORDER BY rtime desc  [ RunTime:0.0011s ]
INFO: [ view_parse ] --START--
INFO: [ template_filter ] --START--
INFO: Run Behavior\ContentReplaceBehavior [ RunTime:0.000086s ]
INFO: [ template_filter ] --END-- [ RunTime:0.000120s ]
INFO: Run Behavior\ParseTemplateBehavior [ RunTime:0.005717s ]
INFO: [ view_parse ] --END-- [ RunTime:0.005752s ]
INFO: [ view_filter ] --START--
INFO: Run Behavior\WriteHtmlCacheBehavior [ RunTime:0.000109s ]
INFO: [ view_filter ] --END-- [ RunTime:0.000135s ]
INFO: 
INFO: 
INFO: 

[ 2017-06-21T08:31:19+08:00 ] 120.195.151.9 /
INFO: [ app_init ] --START--
INFO: Run Behavior\BuildLiteBehavior [ RunTime:0.000011s ]
INFO: [ app_init ] --END-- [ RunTime:0.000246s ]
INFO: [ app_begin ] --START--
INFO: Run Behavior\ReadHtmlCacheBehavior [ RunTime:0.000286s ]
INFO: [ app_begin ] --END-- [ RunTime:0.000336s ]
NOTIC: [8] Undefined index: type /yjdata/www/pile/Application/Home/Controller/IndexController.class.php 第 25 行.
SQL: SHOW COLUMNS FROM `eriko_disc` [ RunTime:0.0009s ]
NOTIC: [8] Undefined variable: where /yjdata/www/pile/Application/Home/Controller/IndexController.class.php 第 28 行.
SQL: SELECT * FROM `eriko_disc` ORDER BY rtime desc  [ RunTime:0.0010s ]
INFO: [ view_parse ] --START--
INFO: [ template_filter ] --START--
INFO: Run Behavior\ContentReplaceBehavior [ RunTime:0.000075s ]
INFO: [ template_filter ] --END-- [ RunTime:0.000109s ]
INFO: Run Behavior\ParseTemplateBehavior [ RunTime:0.005648s ]
INFO: [ view_parse ] --END-- [ RunTime:0.005684s ]
INFO: [ view_filter ] --START--
INFO: Run Behavior\WriteHtmlCacheBehavior [ RunTime:0.000115s ]
INFO: [ view_filter ] --END-- [ RunTime:0.000143s ]
INFO: 
INFO: 
INFO: 

[ 2017-06-21T09:33:23+08:00 ] 114.215.45.79 /
INFO: [ app_init ] --START--
INFO: Run Behavior\BuildLiteBehavior [ RunTime:0.000010s ]
INFO: [ app_init ] --END-- [ RunTime:0.000226s ]
INFO: [ app_begin ] --START--
INFO: Run Behavior\ReadHtmlCacheBehavior [ RunTime:0.000271s ]
INFO: [ app_begin ] --END-- [ RunTime:0.000305s ]
NOTIC: [8] Undefined index: type /yjdata/www/pile/Application/Home/Controller/IndexController.class.php 第 25 行.
SQL: SHOW COLUMNS FROM `eriko_disc` [ RunTime:0.0010s ]
NOTIC: [8] Undefined variable: where /yjdata/www/pile/Application/Home/Controller/IndexController.class.php 第 28 行.
SQL: SELECT * FROM `eriko_disc` ORDER BY rtime desc  [ RunTime:0.0013s ]
INFO: [ view_parse ] --START--
INFO: [ template_filter ] --START--
INFO: Run Behavior\ContentReplaceBehavior [ RunTime:0.000075s ]
INFO: [ template_filter ] --END-- [ RunTime:0.000108s ]
INFO: Run Behavior\ParseTemplateBehavior [ RunTime:0.005545s ]
INFO: [ view_parse ] --END-- [ RunTime:0.005579s ]
INFO: [ view_filter ] --START--
INFO: Run Behavior\WriteHtmlCacheBehavior [ RunTime:0.000097s ]
INFO: [ view_filter ] --END-- [ RunTime:0.000122s ]

[ 2017-06-21T10:03:35+08:00 ] 140.205.201.34 /
INFO: [ app_init ] --START--
INFO: Run Behavior\BuildLiteBehavior [ RunTime:0.000011s ]
INFO: [ app_init ] --END-- [ RunTime:0.000230s ]
INFO: [ app_begin ] --START--
INFO: Run Behavior\ReadHtmlCacheBehavior [ RunTime:0.000294s ]
INFO: [ app_begin ] --END-- [ RunTime:0.000330s ]
NOTIC: [8] Undefined index: type /yjdata/www/pile/Application/Home/Controller/IndexController.class.php 第 25 行.
SQL: SHOW COLUMNS FROM `eriko_disc` [ RunTime:0.0010s ]
NOTIC: [8] Undefined variable: where /yjdata/www/pile/Application/Home/Controller/IndexController.class.php 第 28 行.
SQL: SELECT * FROM `eriko_disc` ORDER BY rtime desc  [ RunTime:0.0012s ]
INFO: [ view_parse ] --START--
INFO: [ template_filter ] --START--
INFO: Run Behavior\ContentReplaceBehavior [ RunTime:0.000077s ]
INFO: [ template_filter ] --END-- [ RunTime:0.000110s ]
INFO: Run Behavior\ParseTemplateBehavior [ RunTime:0.005619s ]
INFO: [ view_parse ] --END-- [ RunTime:0.005656s ]
INFO: [ view_filter ] --START--
INFO: Run Behavior\WriteHtmlCacheBehavior [ RunTime:0.000102s ]
INFO: [ view_filter ] --END-- [ RunTime:0.000129s ]
INFO: [ app_end ] --START--
INFO: Run Behavior\ShowPageTraceBehavior [ RunTime:0.000436s ]
INFO: [ app_end ] --END-- [ RunTime:0.000497s ]

[ 2017-06-21T10:58:10+08:00 ] 61.151.226.199 /
INFO: [ app_init ] --START--
INFO: Run Behavior\BuildLiteBehavior [ RunTime:0.000012s ]
INFO: [ app_init ] --END-- [ RunTime:0.000239s ]
INFO: [ app_begin ] --START--
INFO: Run Behavior\ReadHtmlCacheBehavior [ RunTime:0.000285s ]
INFO: [ app_begin ] --END-- [ RunTime:0.000321s ]
NOTIC: [8] Undefined index: type /yjdata/www/pile/Application/Home/Controller/IndexController.class.php 第 25 行.
SQL: SHOW COLUMNS FROM `eriko_disc` [ RunTime:0.0010s ]
NOTIC: [8] Undefined variable: where /yjdata/www/pile/Application/Home/Controller/IndexController.class.php 第 28 行.
SQL: SELECT * FROM `eriko_disc` ORDER BY rtime desc  [ RunTime:0.0012s ]
INFO: [ view_parse ] --START--
INFO: [ template_filter ] --START--
INFO: Run Behavior\ContentReplaceBehavior [ RunTime:0.000085s ]
INFO: [ template_filter ] --END-- [ RunTime:0.000121s ]
INFO: Run Behavior\ParseTemplateBehavior [ RunTime:0.005667s ]
INFO: [ view_parse ] --END-- [ RunTime:0.005703s ]
INFO: [ view_filter ] --START--
INFO: Run Behavior\WriteHtmlCacheBehavior [ RunTime:0.000103s ]
INFO: [ view_filter ] --END-- [ RunTime:0.000129s ]
INFO: [ app_end ] --START--
INFO: Run Behavior\ShowPageTraceBehavior [ RunTime:0.000476s ]
INFO: [ app_end ] --END-- [ RunTime:0.000560s ]

[ 2017-06-21T11:22:57+08:00 ] 42.236.101.214 /vod-play-id-5201-sid-0-pid-38.html
INFO: [ app_init ] --START--
INFO: Run Behavior\BuildLiteBehavior [ RunTime:0.000009s ]
INFO: [ app_init ] --END-- [ RunTime:0.000206s ]
INFO: [ app_begin ] --START--
INFO: Run Behavior\ReadHtmlCacheBehavior [ RunTime:0.000293s ]
INFO: [ app_begin ] --END-- [ RunTime:0.000326s ]
ERR: 无法加载控制器:Vod-play-id-5201-sid-0-pid-38

[ 2017-06-21T11:22:57+08:00 ] 42.236.101.214 /vod-play-id-2361-sid-1-pid-48.html
INFO: [ app_init ] --START--
INFO: Run Behavior\BuildLiteBehavior [ RunTime:0.000011s ]
INFO: [ app_init ] --END-- [ RunTime:0.000241s ]
INFO: [ app_begin ] --START--
INFO: Run Behavior\ReadHtmlCacheBehavior [ RunTime:0.000282s ]
INFO: [ app_begin ] --END-- [ RunTime:0.000317s ]
ERR: 无法加载控制器:Vod-play-id-2361-sid-1-pid-48

[ 2017-06-21T11:22:57+08:00 ] 180.153.236.125 /vod-play-id-2361-sid-1-pid-49.html
INFO: [ app_init ] --START--
INFO: Run Behavior\BuildLiteBehavior [ RunTime:0.000009s ]
INFO: [ app_init ] --END-- [ RunTime:0.000209s ]
INFO: [ app_begin ] --START--
INFO: Run Behavior\ReadHtmlCacheBehavior [ RunTime:0.000275s ]
INFO: [ app_begin ] --END-- [ RunTime:0.000309s ]
ERR: 无法加载控制器:Vod-play-id-2361-sid-1-pid-49

[ 2017-06-21T11:22:57+08:00 ] 180.153.236.125 /vod-play-id-5310-sid-0-pid-48.html
INFO: [ app_init ] --START--
INFO: Run Behavior\BuildLiteBehavior [ RunTime:0.000012s ]
INFO: [ app_init ] --END-- [ RunTime:0.000239s ]
INFO: [ app_begin ] --START--
INFO: Run Behavior\ReadHtmlCacheBehavior [ RunTime:0.002586s ]
INFO: [ app_begin ] --END-- [ RunTime:0.002622s ]
ERR: 无法加载控制器:Vod-play-id-5310-sid-0-pid-48

[ 2017-06-21T11:22:57+08:00 ] 42.236.10.113 /vod-play-id-2361-sid-1-pid-43.html
INFO: [ app_init ] --START--
INFO: Run Behavior\BuildLiteBehavior [ RunTime:0.000011s ]
INFO: [ app_init ] --END-- [ RunTime:0.000221s ]
INFO: [ app_begin ] --START--
INFO: Run Behavior\ReadHtmlCacheBehavior [ RunTime:0.000277s ]
INFO: [ app_begin ] --END-- [ RunTime:0.000324s ]
ERR: 无法加载控制器:Vod-play-id-2361-sid-1-pid-43

[ 2017-06-21T11:22:57+08:00 ] 180.153.236.51 /vod-play-id-5-sid-0-pid-3.html
INFO: [ app_init ] --START--
INFO: Run Behavior\BuildLiteBehavior [ RunTime:0.000010s ]
INFO: [ app_init ] --END-- [ RunTime:0.000228s ]
INFO: [ app_begin ] --START--
INFO: Run Behavior\ReadHtmlCacheBehavior [ RunTime:0.000293s ]
INFO: [ app_begin ] --END-- [ RunTime:0.000328s ]
ERR: 无法加载控制器:Vod-play-id-5-sid-0-pid-3

[ 2017-06-21T11:22:57+08:00 ] 180.153.236.189 /vod-play-id-2829-sid-0-pid-46.html
INFO: [ app_init ] --START--
INFO: Run Behavior\BuildLiteBehavior [ RunTime:0.000012s ]
INFO: [ app_init ] --END-- [ RunTime:0.000227s ]
INFO: [ app_begin ] --START--
INFO: Run Behavior\ReadHtmlCacheBehavior [ RunTime:0.000321s ]
INFO: [ app_begin ] --END-- [ RunTime:0.014183s ]
ERR: 无法加载控制器:Vod-play-id-2829-sid-0-pid-46

[ 2017-06-21T11:22:57+08:00 ] 42.236.10.83 /vod-play-id-2165-sid-1-pid-83.html
INFO: [ app_init ] --START--
INFO: Run Behavior\BuildLiteBehavior [ RunTime:0.000011s ]
INFO: [ app_init ] --END-- [ RunTime:0.000219s ]
INFO: [ app_begin ] --START--
INFO: Run Behavior\ReadHtmlCacheBehavior [ RunTime:0.000280s ]
INFO: [ app_begin ] --END-- [ RunTime:0.000315s ]
ERR: 无法加载控制器:Vod-play-id-2165-sid-1-pid-83

[ 2017-06-21T11:22:57+08:00 ] 180.153.236.189 /vod-play-id-5176-sid-0-pid-16.html
INFO: [ app_init ] --START--
INFO: Run Behavior\BuildLiteBehavior [ RunTime:0.000011s ]
INFO: [ app_init ] --END-- [ RunTime:0.000216s ]
INFO: [ app_begin ] --START--
INFO: Run Behavior\ReadHtmlCacheBehavior [ RunTime:0.000320s ]
INFO: [ app_begin ] --END-- [ RunTime:0.000355s ]
ERR: 无法加载控制器:Vod-play-id-5176-sid-0-pid-16

[ 2017-06-21T11:22:57+08:00 ] 42.236.99.37 /vod-read-id-5275.html
INFO: [ app_init ] --START--
INFO: Run Behavior\BuildLiteBehavior [ RunTime:0.000010s ]
INFO: [ app_init ] --END-- [ RunTime:0.000208s ]
INFO: [ app_begin ] --START--
INFO: Run Behavior\ReadHtmlCacheBehavior [ RunTime:0.000318s ]
INFO: [ app_begin ] --END-- [ RunTime:0.000353s ]
ERR: 无法加载控制器:Vod-read-id-5275

[ 2017-06-21T11:22:57+08:00 ] 42.236.99.194 /vod-play-id-2165-sid-0-pid-355.html
INFO: [ app_init ] --START--
INFO: Run Behavior\BuildLiteBehavior [ RunTime:0.000010s ]
INFO: [ app_init ] --END-- [ RunTime:0.000228s ]
INFO: [ app_begin ] --START--
INFO: Run Behavior\ReadHtmlCacheBehavior [ RunTime:0.000273s ]
INFO: [ app_begin ] --END-- [ RunTime:0.000307s ]
ERR: 无法加载控制器:Vod-play-id-2165-sid-0-pid-355

[ 2017-06-21T11:22:57+08:00 ] 42.236.99.2 /vod-read-id-4640.html
INFO: [ app_init ] --START--
INFO: Run Behavior\BuildLiteBehavior [ RunTime:0.000011s ]
INFO: [ app_init ] --END-- [ RunTime:0.000221s ]
INFO: [ app_begin ] --START--
INFO: Run Behavior\ReadHtmlCacheBehavior [ RunTime:0.000276s ]
INFO: [ app_begin ] --END-- [ RunTime:0.000321s ]
ERR: 无法加载控制器:Vod-read-id-4640

[ 2017-06-21T11:22:57+08:00 ] 42.236.10.110 /vod-play-id-5176-sid-0-pid-141.html
INFO: [ app_init ] --START--
INFO: Run Behavior\BuildLiteBehavior [ RunTime:0.000010s ]
INFO: [ app_init ] --END-- [ RunTime:0.000219s ]
INFO: [ app_begin ] --START--
INFO: Run Behavior\ReadHtmlCacheBehavior [ RunTime:0.000287s ]
INFO: [ app_begin ] --END-- [ RunTime:0.000320s ]
ERR: 无法加载控制器:Vod-play-id-5176-sid-0-pid-141

[ 2017-06-21T11:22:57+08:00 ] 42.236.99.23 /vod-play-id-2669-sid-0-pid-52.html
INFO: [ app_init ] --START--
INFO: Run Behavior\BuildLiteBehavior [ RunTime:0.000016s ]
INFO: [ app_init ] --END-- [ RunTime:0.000294s ]
INFO: [ app_begin ] --START--
INFO: Run Behavior\ReadHtmlCacheBehavior [ RunTime:0.000364s ]
INFO: [ app_begin ] --END-- [ RunTime:0.000407s ]
ERR: 无法加载控制器:Vod-play-id-2669-sid-0-pid-52

[ 2017-06-21T11:22:57+08:00 ] 42.236.99.218 /vod-play-id-5198-sid-0-pid-132.html
INFO: [ app_init ] --START--
INFO: Run Behavior\BuildLiteBehavior [ RunTime:0.000012s ]
INFO: [ app_init ] --END-- [ RunTime:0.000225s ]
INFO: [ app_begin ] --START--
INFO: Run Behavior\ReadHtmlCacheBehavior [ RunTime:0.000311s ]
INFO: [ app_begin ] --END-- [ RunTime:0.000347s ]
ERR: 无法加载控制器:Vod-play-id-5198-sid-0-pid-132

[ 2017-06-21T11:22:57+08:00 ] 180.153.236.133 /vod-play-id-2361-sid-1-pid-12.html
INFO: [ app_init ] --START--
INFO: Run Behavior\BuildLiteBehavior [ RunTime:0.000009s ]
INFO: [ app_init ] --END-- [ RunTime:0.000224s ]
INFO: [ app_begin ] --START--
INFO: Run Behavior\ReadHtmlCacheBehavior [ RunTime:0.000284s ]
INFO: [ app_begin ] --END-- [ RunTime:0.000318s ]
ERR: 无法加载控制器:Vod-play-id-2361-sid-1-pid-12

[ 2017-06-21T11:22:57+08:00 ] 42.236.99.30 /vod-play-id-1243-sid-1-pid-34.html
INFO: [ app_init ] --START--
INFO: Run Behavior\BuildLiteBehavior [ RunTime:0.000010s ]
INFO: [ app_init ] --END-- [ RunTime:0.000248s ]
INFO: [ app_begin ] --START--
INFO: Run Behavior\ReadHtmlCacheBehavior [ RunTime:0.000300s ]
INFO: [ app_begin ] --END-- [ RunTime:0.000335s ]
ERR: 无法加载控制器:Vod-play-id-1243-sid-1-pid-34

[ 2017-06-21T11:22:58+08:00 ] 180.153.236.173 /vod-play-id-5187-sid-0-pid-101.html
INFO: [ app_init ] --START--
INFO: Run Behavior\BuildLiteBehavior [ RunTime:0.000011s ]
INFO: [ app_init ] --END-- [ RunTime:0.000223s ]
INFO: [ app_begin ] --START--
INFO: Run Behavior\ReadHtmlCacheBehavior [ RunTime:0.000296s ]
INFO: [ app_begin ] --END-- [ RunTime:0.000330s ]
ERR: 无法加载控制器:Vod-play-id-5187-sid-0-pid-101

[ 2017-06-21T11:22:58+08:00 ] 42.236.10.84 /vod-play-id-5187-sid-0-pid-110.html
INFO: [ app_init ] --START--
INFO: Run Behavior\BuildLiteBehavior [ RunTime:0.000011s ]
INFO: [ app_init ] --END-- [ RunTime:0.000232s ]
INFO: [ app_begin ] --START--
INFO: Run Behavior\ReadHtmlCacheBehavior [ RunTime:0.000340s ]
INFO: [ app_begin ] --END-- [ RunTime:0.000374s ]
ERR: 无法加载控制器:Vod-play-id-5187-sid-0-pid-110

[ 2017-06-21T11:22:58+08:00 ] 42.236.54.22 /vod-show-id-9-p-3.html
INFO: [ app_init ] --START--
INFO: Run Behavior\BuildLiteBehavior [ RunTime:0.000010s ]
INFO: [ app_init ] --END-- [ RunTime:0.000221s ]
INFO: [ app_begin ] --START--
INFO: Run Behavior\ReadHtmlCacheBehavior [ RunTime:0.000304s ]
INFO: [ app_begin ] --END-- [ RunTime:0.000347s ]
ERR: 无法加载控制器:Vod-show-id-9-p-3

[ 2017-06-21T11:22:58+08:00 ] 42.236.54.22 /vod-read-id-3458.html
INFO: [ app_init ] --START--
INFO: Run Behavior\BuildLiteBehavior [ RunTime:0.000023s ]
INFO: [ app_init ] --END-- [ RunTime:0.000236s ]
INFO: [ app_begin ] --START--
INFO: Run Behavior\ReadHtmlCacheBehavior [ RunTime:0.000271s ]
INFO: [ app_begin ] --END-- [ RunTime:0.000315s ]
ERR: 无法加载控制器:Vod-read-id-3458

[ 2017-06-21T11:22:58+08:00 ] 42.236.10.106 /vod-play-id-2223-sid-0-pid-344.html
INFO: [ app_init ] --START--
INFO: Run Behavior\BuildLiteBehavior [ RunTime:0.000010s ]
INFO: [ app_init ] --END-- [ RunTime:0.000208s ]
INFO: [ app_begin ] --START--
INFO: Run Behavior\ReadHtmlCacheBehavior [ RunTime:0.000291s ]
INFO: [ app_begin ] --END-- [ RunTime:0.000334s ]
ERR: 无法加载控制器:Vod-play-id-2223-sid-0-pid-344

[ 2017-06-21T11:22:58+08:00 ] 42.236.10.115 /vod-play-id-4897-sid-0-pid-19.html
INFO: [ app_init ] --START--
INFO: Run Behavior\BuildLiteBehavior [ RunTime:0.000011s ]
INFO: [ app_init ] --END-- [ RunTime:0.000243s ]
INFO: [ app_begin ] --START--
INFO: Run Behavior\ReadHtmlCacheBehavior [ RunTime:0.000323s ]
INFO: [ app_begin ] --END-- [ RunTime:0.000360s ]
ERR: 无法加载控制器:Vod-play-id-4897-sid-0-pid-19

[ 2017-06-21T11:22:58+08:00 ] 180.153.236.125 /vod-play-id-2361-sid-1-pid-46.html
INFO: [ app_init ] --START--
INFO: Run Behavior\BuildLiteBehavior [ RunTime:0.000009s ]
INFO: [ app_init ] --END-- [ RunTime:0.003236s ]
INFO: [ app_begin ] --START--
INFO: Run Behavior\ReadHtmlCacheBehavior [ RunTime:0.000276s ]
INFO: [ app_begin ] --END-- [ RunTime:0.000309s ]
ERR: 无法加载控制器:Vod-play-id-2361-sid-1-pid-46

[ 2017-06-21T11:22:58+08:00 ] 180.153.236.125 /vod-play-id-2727-sid-0-pid-41.html
INFO: [ app_init ] --START--
INFO: Run Behavior\BuildLiteBehavior [ RunTime:0.000014s ]
INFO: [ app_init ] --END-- [ RunTime:0.000244s ]
INFO: [ app_begin ] --START--
INFO: Run Behavior\ReadHtmlCacheBehavior [ RunTime:0.000285s ]
INFO: [ app_begin ] --END-- [ RunTime:0.000319s ]
ERR: 无法加载控制器:Vod-play-id-2727-sid-0-pid-41

[ 2017-06-21T11:22:58+08:00 ] 42.236.99.218 /vod-play-id-2264-sid-1-pid-5.html
INFO: [ app_init ] --START--
INFO: Run Behavior\BuildLiteBehavior [ RunTime:0.000011s ]
INFO: [ app_init ] --END-- [ RunTime:0.000221s ]
INFO: [ app_begin ] --START--
INFO: Run Behavior\ReadHtmlCacheBehavior [ RunTime:0.000314s ]
INFO: [ app_begin ] --END-- [ RunTime:0.000349s ]
ERR: 无法加载控制器:Vod-play-id-2264-sid-1-pid-5

[ 2017-06-21T11:22:58+08:00 ] 42.236.99.79 /vod-search-wd-Kongthai-p-1.html
INFO: [ app_init ] --START--
INFO: Run Behavior\BuildLiteBehavior [ RunTime:0.000010s ]
INFO: [ app_init ] --END-- [ RunTime:0.000224s ]
INFO: [ app_begin ] --START--
INFO: Run Behavior\ReadHtmlCacheBehavior [ RunTime:0.000270s ]
INFO: [ app_begin ] --END-- [ RunTime:0.000303s ]
ERR: 无法加载控制器:Vod-search-wd-Kongthai-p-1

[ 2017-06-21T11:22:58+08:00 ] 180.153.236.125 /vod-play-id-5188-sid-0-pid-42.html
INFO: [ app_init ] --START--
INFO: Run Behavior\BuildLiteBehavior [ RunTime:0.000011s ]
INFO: [ app_init ] --END-- [ RunTime:0.000219s ]
INFO: [ app_begin ] --START--
INFO: Run Behavior\ReadHtmlCacheBehavior [ RunTime:0.000303s ]
INFO: [ app_begin ] --END-- [ RunTime:0.000336s ]
ERR: 无法加载控制器:Vod-play-id-5188-sid-0-pid-42

[ 2017-06-21T11:22:58+08:00 ] 42.236.10.78 /vod-play-id-2176-sid-0-pid-4.html
INFO: [ app_init ] --START--
INFO: Run Behavior\BuildLiteBehavior [ RunTime:0.000010s ]
INFO: [ app_init ] --END-- [ RunTime:0.000221s ]
INFO: [ app_begin ] --START--
INFO: Run Behavior\ReadHtmlCacheBehavior [ RunTime:0.000270s ]
INFO: [ app_begin ] --END-- [ RunTime:0.000303s ]
ERR: 无法加载控制器:Vod-play-id-2176-sid-0-pid-4

[ 2017-06-21T11:22:58+08:00 ] 180.153.236.133 /vod-play-id-1244-sid-0-pid-21.html
INFO: [ app_init ] --START--
INFO: Run Behavior\BuildLiteBehavior [ RunTime:0.000011s ]
INFO: [ app_init ] --END-- [ RunTime:0.000223s ]
INFO: [ app_begin ] --START--
INFO: Run Behavior\ReadHtmlCacheBehavior [ RunTime:0.000272s ]
INFO: [ app_begin ] --END-- [ RunTime:0.000321s ]
ERR: 无法加载控制器:Vod-play-id-1244-sid-0-pid-21

[ 2017-06-21T11:22:59+08:00 ] 42.236.10.84 /vod-play-id-1243-sid-0-pid-28.html
INFO: [ app_init ] --START--
INFO: Run Behavior\BuildLiteBehavior [ RunTime:0.000011s ]
INFO: [ app_init ] --END-- [ RunTime:0.000221s ]
INFO: [ app_begin ] --START--
INFO: Run Behavior\ReadHtmlCacheBehavior [ RunTime:0.000293s ]
INFO: [ app_begin ] --END-- [ RunTime:0.000327s ]
ERR: 无法加载控制器:Vod-play-id-1243-sid-0-pid-28

[ 2017-06-21T11:22:59+08:00 ] 180.153.236.189 /vod-play-id-5260-sid-0-pid-132.html
INFO: [ app_init ] --START--
INFO: Run Behavior\BuildLiteBehavior [ RunTime:0.000011s ]
INFO: [ app_init ] --END-- [ RunTime:0.000231s ]
INFO: [ app_begin ] --START--
INFO: Run Behavior\ReadHtmlCacheBehavior [ RunTime:0.000322s ]
INFO: [ app_begin ] --END-- [ RunTime:0.000356s ]
ERR: 无法加载控制器:Vod-play-id-5260-sid-0-pid-132

[ 2017-06-21T11:22:59+08:00 ] 180.153.236.19 /vod-play-id-5176-sid-0-pid-19.html
INFO: [ app_init ] --START--
INFO: Run Behavior\BuildLiteBehavior [ RunTime:0.000011s ]
INFO: [ app_init ] --END-- [ RunTime:0.000232s ]
INFO: [ app_begin ] --START--
INFO: Run Behavior\ReadHtmlCacheBehavior [ RunTime:0.000340s ]
INFO: [ app_begin ] --END-- [ RunTime:0.000376s ]
ERR: 无法加载控制器:Vod-play-id-5176-sid-0-pid-19

[ 2017-06-21T11:22:59+08:00 ] 42.236.54.22 /vod-play-id-1243-sid-1-pid-747.html
INFO: [ app_init ] --START--
INFO: Run Behavior\BuildLiteBehavior [ RunTime:0.000012s ]
INFO: [ app_init ] --END-- [ RunTime:0.000262s ]
INFO: [ app_begin ] --START--
INFO: Run Behavior\ReadHtmlCacheBehavior [ RunTime:0.000274s ]
INFO: [ app_begin ] --END-- [ RunTime:0.000313s ]
ERR: 无法加载控制器:Vod-play-id-1243-sid-1-pid-747

[ 2017-06-21T11:22:59+08:00 ] 180.153.236.19 /vod-play-id-2727-sid-1-pid-11.html
INFO: [ app_init ] --START--
INFO: Run Behavior\BuildLiteBehavior [ RunTime:0.000011s ]
INFO: [ app_init ] --END-- [ RunTime:0.000235s ]
INFO: [ app_begin ] --START--
INFO: Run Behavior\ReadHtmlCacheBehavior [ RunTime:0.000303s ]
INFO: [ app_begin ] --END-- [ RunTime:0.000338s ]
ERR: 无法加载控制器:Vod-play-id-2727-sid-1-pid-11

[ 2017-06-21T11:22:59+08:00 ] 42.236.99.2 /vod-play-id-2669-sid-0-pid-61.html
INFO: [ app_init ] --START--
INFO: Run Behavior\BuildLiteBehavior [ RunTime:0.000011s ]
INFO: [ app_init ] --END-- [ RunTime:0.000238s ]
INFO: [ app_begin ] --START--
INFO: Run Behavior\ReadHtmlCacheBehavior [ RunTime:0.000274s ]
INFO: [ app_begin ] --END-- [ RunTime:0.000307s ]
ERR: 无法加载控制器:Vod-play-id-2669-sid-0-pid-61

[ 2017-06-21T11:22:59+08:00 ] 180.153.236.51 /vod-play-id-3431-sid-0-pid-110.html
INFO: [ app_init ] --START--
INFO: Run Behavior\BuildLiteBehavior [ RunTime:0.000011s ]
INFO: [ app_init ] --END-- [ RunTime:0.000218s ]
INFO: [ app_begin ] --START--
INFO: Run Behavior\ReadHtmlCacheBehavior [ RunTime:0.000296s ]
INFO: [ app_begin ] --END-- [ RunTime:0.000330s ]
ERR: 无法加载控制器:Vod-play-id-3431-sid-0-pid-110

[ 2017-06-21T11:22:59+08:00 ] 42.236.54.22 /vod-play-id-2223-sid-0-pid-282.html
INFO: [ app_init ] --START--
INFO: Run Behavior\BuildLiteBehavior [ RunTime:0.000011s ]
INFO: [ app_init ] --END-- [ RunTime:0.000231s ]
INFO: [ app_begin ] --START--
INFO: Run Behavior\ReadHtmlCacheBehavior [ RunTime:0.000288s ]
INFO: [ app_begin ] --END-- [ RunTime:0.000321s ]
ERR: 无法加载控制器:Vod-play-id-2223-sid-0-pid-282

[ 2017-06-21T11:22:59+08:00 ] 42.236.101.214 /vod-play-id-2646-sid-0-pid-93.html
INFO: [ app_init ] --START--
INFO: Run Behavior\BuildLiteBehavior [ RunTime:0.000009s ]
INFO: [ app_init ] --END-- [ RunTime:0.000220s ]
INFO: [ app_begin ] --START--
INFO: Run Behavior\ReadHtmlCacheBehavior [ RunTime:0.000321s ]
INFO: [ app_begin ] --END-- [ RunTime:0.000359s ]
ERR: 无法加载控制器:Vod-play-id-2646-sid-0-pid-93

[ 2017-06-21T11:22:59+08:00 ] 42.236.99.65 /vod-play-id-2829-sid-0-pid-3.html
INFO: [ app_init ] --START--
INFO: Run Behavior\BuildLiteBehavior [ RunTime:0.000011s ]
INFO: [ app_init ] --END-- [ RunTime:0.000223s ]
INFO: [ app_begin ] --START--
INFO: Run Behavior\ReadHtmlCacheBehavior [ RunTime:0.000296s ]
INFO: [ app_begin ] --END-- [ RunTime:0.000332s ]
ERR: 无法加载控制器:Vod-play-id-2829-sid-0-pid-3

[ 2017-06-21T11:22:59+08:00 ] 42.236.10.79 /vod-play-id-3443-sid-0-pid-176.html
INFO: [ app_init ] --START--
INFO: Run Behavior\BuildLiteBehavior [ RunTime:0.000010s ]
INFO: [ app_init ] --END-- [ RunTime:0.000256s ]
INFO: [ app_begin ] --START--
INFO: Run Behavior\ReadHtmlCacheBehavior [ RunTime:0.000328s ]
INFO: [ app_begin ] --END-- [ RunTime:0.000395s ]
ERR: 无法加载控制器:Vod-play-id-3443-sid-0-pid-176

[ 2017-06-21T11:22:59+08:00 ] 42.236.99.194 /vod-play-id-3461-sid-0-pid-6.html
INFO: [ app_init ] --START--
INFO: Run Behavior\BuildLiteBehavior [ RunTime:0.000010s ]
INFO: [ app_init ] --END-- [ RunTime:0.000223s ]
INFO: [ app_begin ] --START--
INFO: Run Behavior\ReadHtmlCacheBehavior [ RunTime:0.000298s ]
INFO: [ app_begin ] --END-- [ RunTime:0.000334s ]
ERR: 无法加载控制器:Vod-play-id-3461-sid-0-pid-6

[ 2017-06-21T11:23:00+08:00 ] 180.153.236.149 /vod-read-id-921.html
INFO: [ app_init ] --START--
INFO: Run Behavior\BuildLiteBehavior [ RunTime:0.000010s ]
INFO: [ app_init ] --END-- [ RunTime:0.000216s ]
INFO: [ app_begin ] --START--
INFO: Run Behavior\ReadHtmlCacheBehavior [ RunTime:0.000288s ]
INFO: [ app_begin ] --END-- [ RunTime:0.000334s ]
ERR: 无法加载控制器:Vod-read-id-921

[ 2017-06-21T11:23:00+08:00 ] 42.236.10.77 /vod-play-id-1243-sid-2-pid-585.html
INFO: [ app_init ] --START--
INFO: Run Behavior\BuildLiteBehavior [ RunTime:0.000010s ]
INFO: [ app_init ] --END-- [ RunTime:0.000222s ]
INFO: [ app_begin ] --START--
INFO: Run Behavior\ReadHtmlCacheBehavior [ RunTime:0.000295s ]
INFO: [ app_begin ] --END-- [ RunTime:0.000329s ]
ERR: 无法加载控制器:Vod-play-id-1243-sid-2-pid-585

[ 2017-06-21T11:23:00+08:00 ] 42.236.99.16 /vod-play-id-2299-sid-0-pid-70.html
INFO: [ app_init ] --START--
INFO: Run Behavior\BuildLiteBehavior [ RunTime:0.000010s ]
INFO: [ app_init ] --END-- [ RunTime:0.000219s ]
INFO: [ app_begin ] --START--
INFO: Run Behavior\ReadHtmlCacheBehavior [ RunTime:0.000279s ]
INFO: [ app_begin ] --END-- [ RunTime:0.000312s ]
ERR: 无法加载控制器:Vod-play-id-2299-sid-0-pid-70

[ 2017-06-21T11:23:00+08:00 ] 180.153.236.173 /vod-read-id-2314.html
INFO: [ app_init ] --START--
INFO: Run Behavior\BuildLiteBehavior [ RunTime:0.000011s ]
INFO: [ app_init ] --END-- [ RunTime:0.000267s ]
INFO: [ app_begin ] --START--
INFO: Run Behavior\ReadHtmlCacheBehavior [ RunTime:0.000281s ]
INFO: [ app_begin ] --END-- [ RunTime:0.000323s ]
ERR: 无法加载控制器:Vod-read-id-2314

[ 2017-06-21T11:23:00+08:00 ] 42.236.10.77 /vod-play-id-5259-sid-0-pid-162.html
INFO: [ app_init ] --START--
INFO: Run Behavior\BuildLiteBehavior [ RunTime:0.000011s ]
INFO: [ app_init ] --END-- [ RunTime:0.000250s ]
INFO: [ app_begin ] --START--
INFO: Run Behavior\ReadHtmlCacheBehavior [ RunTime:0.000288s ]
INFO: [ app_begin ] --END-- [ RunTime:0.000323s ]
ERR: 无法加载控制器:Vod-play-id-5259-sid-0-pid-162

[ 2017-06-21T11:23:00+08:00 ] 42.236.10.112 /vod-play-id-1243-sid-1-pid-615.html
INFO: [ app_init ] --START--
INFO: Run Behavior\BuildLiteBehavior [ RunTime:0.000011s ]
INFO: [ app_init ] --END-- [ RunTime:0.000229s ]
INFO: [ app_begin ] --START--
INFO: Run Behavior\ReadHtmlCacheBehavior [ RunTime:0.000295s ]
INFO: [ app_begin ] --END-- [ RunTime:0.000332s ]
ERR: 无法加载控制器:Vod-play-id-1243-sid-1-pid-615

[ 2017-06-21T11:23:00+08:00 ] 180.153.236.51 /vod-play-id-1243-sid-0-pid-414.html
INFO: [ app_init ] --START--
INFO: Run Behavior\BuildLiteBehavior [ RunTime:0.000012s ]
INFO: [ app_init ] --END-- [ RunTime:0.000259s ]
INFO: [ app_begin ] --START--
INFO: Run Behavior\ReadHtmlCacheBehavior [ RunTime:0.000327s ]
INFO: [ app_begin ] --END-- [ RunTime:0.000361s ]
ERR: 无法加载控制器:Vod-play-id-1243-sid-0-pid-414

[ 2017-06-21T11:23:01+08:00 ] 42.236.99.37 /vod-play-id-2171-sid-0-pid-281.html
INFO: [ app_init ] --START--
INFO: Run Behavior\BuildLiteBehavior [ RunTime:0.000012s ]
INFO: [ app_init ] --END-- [ RunTime:0.000250s ]
INFO: [ app_begin ] --START--
INFO: Run Behavior\ReadHtmlCacheBehavior [ RunTime:0.000323s ]
INFO: [ app_begin ] --END-- [ RunTime:0.000361s ]
ERR: 无法加载控制器:Vod-play-id-2171-sid-0-pid-281

[ 2017-06-21T11:23:01+08:00 ] 42.236.10.76 /vod-play-id-1243-sid-1-pid-736.html
INFO: [ app_init ] --START--
INFO: Run Behavior\BuildLiteBehavior [ RunTime:0.000010s ]
INFO: [ app_init ] --END-- [ RunTime:0.000225s ]
INFO: [ app_begin ] --START--
INFO: Run Behavior\ReadHtmlCacheBehavior [ RunTime:0.000289s ]
INFO: [ app_begin ] --END-- [ RunTime:0.000324s ]
ERR: 无法加载控制器:Vod-play-id-1243-sid-1-pid-736

[ 2017-06-21T11:23:02+08:00 ] 42.236.10.83 /vod-play-id-3480-sid-0-pid-190.html
INFO: [ app_init ] --START--
INFO: Run Behavior\BuildLiteBehavior [ RunTime:0.000013s ]
INFO: [ app_init ] --END-- [ RunTime:0.000224s ]
INFO: [ app_begin ] --START--
INFO: Run Behavior\ReadHtmlCacheBehavior [ RunTime:0.000305s ]
INFO: [ app_begin ] --END-- [ RunTime:0.000340s ]
ERR: 无法加载控制器:Vod-play-id-3480-sid-0-pid-190

[ 2017-06-21T11:23:11+08:00 ] 180.153.236.67 /vod-play-id-2320-sid-1-pid-12.html
INFO: [ app_init ] --START--
INFO: Run Behavior\BuildLiteBehavior [ RunTime:0.000012s ]
INFO: [ app_init ] --END-- [ RunTime:0.000244s ]
INFO: [ app_begin ] --START--
INFO: Run Behavior\ReadHtmlCacheBehavior [ RunTime:0.000281s ]
INFO: [ app_begin ] --END-- [ RunTime:0.000316s ]
ERR: 无法加载控制器:Vod-play-id-2320-sid-1-pid-12

[ 2017-06-21T11:23:14+08:00 ] 180.153.236.157 /vod-read-id-3653.html
INFO: [ app_init ] --START--
INFO: Run Behavior\BuildLiteBehavior [ RunTime:0.000012s ]
INFO: [ app_init ] --END-- [ RunTime:0.000253s ]
INFO: [ app_begin ] --START--
INFO: Run Behavior\ReadHtmlCacheBehavior [ RunTime:0.000314s ]
INFO: [ app_begin ] --END-- [ RunTime:0.000348s ]
ERR: 无法加载控制器:Vod-read-id-3653

[ 2017-06-21T11:23:20+08:00 ] 180.153.236.157 /vod-read-id-2304.html
INFO: [ app_init ] --START--
INFO: Run Behavior\BuildLiteBehavior [ RunTime:0.000011s ]
INFO: [ app_init ] --END-- [ RunTime:0.000229s ]
INFO: [ app_begin ] --START--
INFO: Run Behavior\ReadHtmlCacheBehavior [ RunTime:0.000276s ]
INFO: [ app_begin ] --END-- [ RunTime:0.000310s ]
ERR: 无法加载控制器:Vod-read-id-2304

[ 2017-06-21T11:23:21+08:00 ] 180.153.232.170 /vod-play-id-2654-sid-1-pid-112.html
INFO: [ app_init ] --START--
INFO: Run Behavior\BuildLiteBehavior [ RunTime:0.000011s ]
INFO: [ app_init ] --END-- [ RunTime:0.000228s ]
INFO: [ app_begin ] --START--
INFO: Run Behavior\ReadHtmlCacheBehavior [ RunTime:0.000290s ]
INFO: [ app_begin ] --END-- [ RunTime:0.000325s ]
ERR: 无法加载控制器:Vod-play-id-2654-sid-1-pid-112

[ 2017-06-21T11:23:21+08:00 ] 180.153.232.170 /vod-play-id-2534-sid-1-pid-32.html
INFO: [ app_init ] --START--
INFO: Run Behavior\BuildLiteBehavior [ RunTime:0.000010s ]
INFO: [ app_init ] --END-- [ RunTime:0.000213s ]
INFO: [ app_begin ] --START--
INFO: Run Behavior\ReadHtmlCacheBehavior [ RunTime:0.000285s ]
INFO: [ app_begin ] --END-- [ RunTime:0.000320s ]
ERR: 无法加载控制器:Vod-play-id-2534-sid-1-pid-32

[ 2017-06-21T11:23:22+08:00 ] 180.153.232.170 /vod-play-id-2361-sid-1-pid-10.html
INFO: [ app_init ] --START--
INFO: Run Behavior\BuildLiteBehavior [ RunTime:0.000011s ]
INFO: [ app_init ] --END-- [ RunTime:0.000224s ]
INFO: [ app_begin ] --START--
INFO: Run Behavior\ReadHtmlCacheBehavior [ RunTime:0.000300s ]
INFO: [ app_begin ] --END-- [ RunTime:0.000337s ]
ERR: 无法加载控制器:Vod-play-id-2361-sid-1-pid-10

[ 2017-06-21T11:23:27+08:00 ] 180.153.232.170 /vod-play-id-1243-sid-0-pid-710.html
INFO: [ app_init ] --START--
INFO: Run Behavior\BuildLiteBehavior [ RunTime:0.000011s ]
INFO: [ app_init ] --END-- [ RunTime:0.000220s ]
INFO: [ app_begin ] --START--
INFO: Run Behavior\ReadHtmlCacheBehavior [ RunTime:0.000293s ]
INFO: [ app_begin ] --END-- [ RunTime:0.000327s ]
ERR: 无法加载控制器:Vod-play-id-1243-sid-0-pid-710

[ 2017-06-21T12:32:27+08:00 ] 111.177.150.200 /
INFO: [ app_init ] --START--
INFO: Run Behavior\BuildLiteBehavior [ RunTime:0.000012s ]
INFO: [ app_init ] --END-- [ RunTime:0.000230s ]
INFO: [ app_begin ] --START--
INFO: Run Behavior\ReadHtmlCacheBehavior [ RunTime:0.000294s ]
INFO: [ app_begin ] --END-- [ RunTime:0.000331s ]
NOTIC: [8] Undefined index: type /yjdata/www/pile/Application/Home/Controller/IndexController.class.php 第 25 行.
SQL: SHOW COLUMNS FROM `eriko_disc` [ RunTime:0.0011s ]
NOTIC: [8] Undefined variable: where /yjdata/www/pile/Application/Home/Controller/IndexController.class.php 第 28 行.
SQL: SELECT * FROM `eriko_disc` ORDER BY rtime desc  [ RunTime:0.0013s ]
INFO: [ view_parse ] --START--
INFO: [ template_filter ] --START--
INFO: Run Behavior\ContentReplaceBehavior [ RunTime:0.000077s ]
INFO: [ template_filter ] --END-- [ RunTime:0.000110s ]
INFO: Run Behavior\ParseTemplateBehavior [ RunTime:0.007165s ]
INFO: [ view_parse ] --END-- [ RunTime:0.007208s ]
INFO: [ view_filter ] --START--
INFO: Run Behavior\WriteHtmlCacheBehavior [ RunTime:0.000103s ]
INFO: [ view_filter ] --END-- [ RunTime:0.000130s ]
INFO: 
INFO: 
INFO: 

[ 2017-06-21T12:47:58+08:00 ] 117.185.27.115 /zhuanpan/demo.html
INFO: [ app_init ] --START--
INFO: Run Behavior\BuildLiteBehavior [ RunTime:0.000011s ]
INFO: [ app_init ] --END-- [ RunTime:0.000237s ]
INFO: [ app_begin ] --START--
INFO: Run Behavior\ReadHtmlCacheBehavior [ RunTime:0.000275s ]
INFO: [ app_begin ] --END-- [ RunTime:0.000319s ]
ERR: 无法加载控制器:Zhuanpan

[ 2017-06-21T12:57:41+08:00 ] 61.151.218.119 /
INFO: [ app_init ] --START--
INFO: Run Behavior\BuildLiteBehavior [ RunTime:0.000011s ]
INFO: [ app_init ] --END-- [ RunTime:0.000255s ]
INFO: [ app_begin ] --START--
INFO: Run Behavior\ReadHtmlCacheBehavior [ RunTime:0.000331s ]
INFO: [ app_begin ] --END-- [ RunTime:0.000367s ]
NOTIC: [8] Undefined index: type /yjdata/www/pile/Application/Home/Controller/IndexController.class.php 第 25 行.
SQL: SHOW COLUMNS FROM `eriko_disc` [ RunTime:0.0009s ]
NOTIC: [8] Undefined variable: where /yjdata/www/pile/Application/Home/Controller/IndexController.class.php 第 28 行.
SQL: SELECT * FROM `eriko_disc` ORDER BY rtime desc  [ RunTime:0.0011s ]
INFO: [ view_parse ] --START--
INFO: [ template_filter ] --START--
INFO: Run Behavior\ContentReplaceBehavior [ RunTime:0.000085s ]
INFO: [ template_filter ] --END-- [ RunTime:0.000119s ]
INFO: Run Behavior\ParseTemplateBehavior [ RunTime:0.006047s ]
INFO: [ view_parse ] --END-- [ RunTime:0.006082s ]
INFO: [ view_filter ] --START--
INFO: Run Behavior\WriteHtmlCacheBehavior [ RunTime:0.000098s ]
INFO: [ view_filter ] --END-- [ RunTime:0.000124s ]
INFO: [ app_end ] --START--
INFO: Run Behavior\ShowPageTraceBehavior [ RunTime:0.000496s ]
INFO: [ app_end ] --END-- [ RunTime:0.000547s ]

[ 2017-06-21T13:53:42+08:00 ] 140.205.201.36 /wp-json/wp/v2/posts
INFO: [ app_init ] --START--
INFO: Run Behavior\BuildLiteBehavior [ RunTime:0.000011s ]
INFO: [ app_init ] --END-- [ RunTime:0.000227s ]
INFO: [ app_begin ] --START--
INFO: Run Behavior\ReadHtmlCacheBehavior [ RunTime:0.000286s ]
INFO: [ app_begin ] --END-- [ RunTime:0.000320s ]
ERR: 无法加载控制器:Wp-json

[ 2017-06-21T13:53:42+08:00 ] 140.205.201.36 
INFO: [ app_init ] --START--
INFO: Run Behavior\BuildLiteBehavior [ RunTime:0.000013s ]
INFO: [ app_init ] --END-- [ RunTime:0.000231s ]
INFO: [ app_begin ] --START--
INFO: Run Behavior\ReadHtmlCacheBehavior [ RunTime:0.000285s ]
INFO: [ app_begin ] --END-- [ RunTime:0.000321s ]
NOTIC: [8] Undefined index: type /yjdata/www/pile/Application/Home/Controller/IndexController.class.php 第 25 行.
SQL: SHOW COLUMNS FROM `eriko_disc` [ RunTime:0.0010s ]
NOTIC: [8] Undefined variable: where /yjdata/www/pile/Application/Home/Controller/IndexController.class.php 第 28 行.
SQL: SELECT * FROM `eriko_disc` ORDER BY rtime desc  [ RunTime:0.0013s ]
INFO: [ view_parse ] --START--
INFO: [ template_filter ] --START--
INFO: Run Behavior\ContentReplaceBehavior [ RunTime:0.000075s ]
INFO: [ template_filter ] --END-- [ RunTime:0.000109s ]
INFO: Run Behavior\ParseTemplateBehavior [ RunTime:0.005546s ]
INFO: [ view_parse ] --END-- [ RunTime:0.005580s ]
INFO: [ view_filter ] --START--
INFO: Run Behavior\WriteHtmlCacheBehavior [ RunTime:0.000107s ]
INFO: [ view_filter ] --END-- [ RunTime:0.000133s ]
INFO: [ app_end ] --START--
INFO: Run Behavior\ShowPageTraceBehavior [ RunTime:0.000441s ]
INFO: [ app_end ] --END-- [ RunTime:0.000510s ]

[ 2017-06-21T13:53:42+08:00 ] 140.205.201.36 
INFO: [ app_init ] --START--
INFO: Run Behavior\BuildLiteBehavior [ RunTime:0.000011s ]
INFO: [ app_init ] --END-- [ RunTime:0.000236s ]
INFO: [ app_begin ] --START--
INFO: Run Behavior\ReadHtmlCacheBehavior [ RunTime:0.000267s ]
INFO: [ app_begin ] --END-- [ RunTime:0.000302s ]
NOTIC: [8] Undefined index: type /yjdata/www/pile/Application/Home/Controller/IndexController.class.php 第 25 行.
SQL: SHOW COLUMNS FROM `eriko_disc` [ RunTime:0.0009s ]
NOTIC: [8] Undefined variable: where /yjdata/www/pile/Application/Home/Controller/IndexController.class.php 第 28 行.
SQL: SELECT * FROM `eriko_disc` ORDER BY rtime desc  [ RunTime:0.0010s ]
INFO: [ view_parse ] --START--
INFO: [ template_filter ] --START--
INFO: Run Behavior\ContentReplaceBehavior [ RunTime:0.000075s ]
INFO: [ template_filter ] --END-- [ RunTime:0.000108s ]
INFO: Run Behavior\ParseTemplateBehavior [ RunTime:0.005537s ]
INFO: [ view_parse ] --END-- [ RunTime:0.005570s ]
INFO: [ view_filter ] --START--
INFO: Run Behavior\WriteHtmlCacheBehavior [ RunTime:0.000096s ]
INFO: [ view_filter ] --END-- [ RunTime:0.000121s ]
INFO: [ app_end ] --START--
INFO: Run Behavior\ShowPageTraceBehavior [ RunTime:0.000421s ]
INFO: [ app_end ] --END-- [ RunTime:0.000495s ]

[ 2017-06-21T13:54:53+08:00 ] 140.205.201.36 /jobs/
INFO: [ app_init ] --START--
INFO: Run Behavior\BuildLiteBehavior [ RunTime:0.000012s ]
INFO: [ app_init ] --END-- [ RunTime:0.000241s ]
INFO: [ app_begin ] --START--
INFO: Run Behavior\ReadHtmlCacheBehavior [ RunTime:0.000281s ]
INFO: [ app_begin ] --END-- [ RunTime:0.000327s ]
ERR: 无法加载控制器:Jobs

[ 2017-06-21T13:54:54+08:00 ] 140.205.201.36 /jupsmxwylbzt
INFO: [ app_init ] --START--
INFO: Run Behavior\BuildLiteBehavior [ RunTime:0.000011s ]
INFO: [ app_init ] --END-- [ RunTime:0.000229s ]
INFO: [ app_begin ] --START--
INFO: Run Behavior\ReadHtmlCacheBehavior [ RunTime:0.000283s ]
INFO: [ app_begin ] --END-- [ RunTime:0.000318s ]
ERR: 无法加载控制器:Jupsmxwylbzt

[ 2017-06-21T13:54:54+08:00 ] 140.205.201.36 /jupsmxwylbzt
INFO: [ app_init ] --START--
INFO: Run Behavior\BuildLiteBehavior [ RunTime:0.000017s ]
INFO: [ app_init ] --END-- [ RunTime:0.000245s ]
INFO: [ app_begin ] --START--
INFO: Run Behavior\ReadHtmlCacheBehavior [ RunTime:0.000318s ]
INFO: [ app_begin ] --END-- [ RunTime:0.000361s ]
ERR: 无法加载控制器:Jupsmxwylbzt

[ 2017-06-21T13:54:54+08:00 ] 140.205.201.36 /jupsmxwylbzt
INFO: [ app_init ] --START--
INFO: Run Behavior\BuildLiteBehavior [ RunTime:0.000012s ]
INFO: [ app_init ] --END-- [ RunTime:0.000250s ]
INFO: [ app_begin ] --START--
INFO: Run Behavior\ReadHtmlCacheBehavior [ RunTime:0.000350s ]
INFO: [ app_begin ] --END-- [ RunTime:0.000387s ]
ERR: 无法加载控制器:Jupsmxwylbzt

[ 2017-06-21T14:02:04+08:00 ] 140.205.201.36 /
INFO: [ app_init ] --START--
INFO: Run Behavior\BuildLiteBehavior [ RunTime:0.000012s ]
INFO: [ app_init ] --END-- [ RunTime:0.000231s ]
INFO: [ app_begin ] --START--
INFO: Run Behavior\ReadHtmlCacheBehavior [ RunTime:0.000287s ]
INFO: [ app_begin ] --END-- [ RunTime:0.000323s ]
NOTIC: [8] Undefined index: type /yjdata/www/pile/Application/Home/Controller/IndexController.class.php 第 25 行.
SQL: SHOW COLUMNS FROM `eriko_disc` [ RunTime:0.0009s ]
NOTIC: [8] Undefined variable: where /yjdata/www/pile/Application/Home/Controller/IndexController.class.php 第 28 行.
SQL: SELECT * FROM `eriko_disc` ORDER BY rtime desc  [ RunTime:0.0011s ]
INFO: [ view_parse ] --START--
INFO: [ template_filter ] --START--
INFO: Run Behavior\ContentReplaceBehavior [ RunTime:0.000083s ]
INFO: [ template_filter ] --END-- [ RunTime:0.000117s ]
INFO: Run Behavior\ParseTemplateBehavior [ RunTime:0.005596s ]
INFO: [ view_parse ] --END-- [ RunTime:0.005631s ]
INFO: [ view_filter ] --START--
INFO: Run Behavior\WriteHtmlCacheBehavior [ RunTime:0.000101s ]
INFO: [ view_filter ] --END-- [ RunTime:0.000127s ]
INFO: [ app_end ] --START--
INFO: Run Behavior\ShowPageTraceBehavior [ RunTime:0.000409s ]
INFO: [ app_end ] --END-- [ RunTime:0.000473s ]

[ 2017-06-21T14:06:05+08:00 ] 140.205.201.36 /
INFO: [ app_init ] --START--
INFO: Run Behavior\BuildLiteBehavior [ RunTime:0.000017s ]
INFO: [ app_init ] --END-- [ RunTime:0.000289s ]
INFO: [ app_begin ] --START--
INFO: Run Behavior\ReadHtmlCacheBehavior [ RunTime:0.000315s ]
INFO: [ app_begin ] --END-- [ RunTime:0.000352s ]
NOTIC: [8] Undefined index: type /yjdata/www/pile/Application/Home/Controller/IndexController.class.php 第 25 行.
SQL: SHOW COLUMNS FROM `eriko_disc` [ RunTime:0.0010s ]
NOTIC: [8] Undefined variable: where /yjdata/www/pile/Application/Home/Controller/IndexController.class.php 第 28 行.
SQL: SELECT * FROM `eriko_disc` ORDER BY rtime desc  [ RunTime:0.0013s ]
INFO: [ view_parse ] --START--
INFO: [ template_filter ] --START--
INFO: Run Behavior\ContentReplaceBehavior [ RunTime:0.000078s ]
INFO: [ template_filter ] --END-- [ RunTime:0.000113s ]
INFO: Run Behavior\ParseTemplateBehavior [ RunTime:0.006021s ]
INFO: [ view_parse ] --END-- [ RunTime:0.006058s ]
INFO: [ view_filter ] --START--
INFO: Run Behavior\WriteHtmlCacheBehavior [ RunTime:0.000102s ]
INFO: [ view_filter ] --END-- [ RunTime:0.000129s ]
INFO: [ app_end ] --START--
INFO: Run Behavior\ShowPageTraceBehavior [ RunTime:0.000530s ]
INFO: [ app_end ] --END-- [ RunTime:0.000611s ]

[ 2017-06-21T14:06:08+08:00 ] 140.205.201.36 /
INFO: [ app_init ] --START--
INFO: Run Behavior\BuildLiteBehavior [ RunTime:0.000011s ]
INFO: [ app_init ] --END-- [ RunTime:0.000229s ]
INFO: [ app_begin ] --START--
INFO: Run Behavior\ReadHtmlCacheBehavior [ RunTime:0.000288s ]
INFO: [ app_begin ] --END-- [ RunTime:0.000323s ]
NOTIC: [8] Undefined index: type /yjdata/www/pile/Application/Home/Controller/IndexController.class.php 第 25 行.
SQL: SHOW COLUMNS FROM `eriko_disc` [ RunTime:0.0009s ]
NOTIC: [8] Undefined variable: where /yjdata/www/pile/Application/Home/Controller/IndexController.class.php 第 28 行.
SQL: SELECT * FROM `eriko_disc` ORDER BY rtime desc  [ RunTime:0.0011s ]
INFO: [ view_parse ] --START--
INFO: [ template_filter ] --START--
INFO: Run Behavior\ContentReplaceBehavior [ RunTime:0.000081s ]
INFO: [ template_filter ] --END-- [ RunTime:0.000116s ]
INFO: Run Behavior\ParseTemplateBehavior [ RunTime:0.006008s ]
INFO: [ view_parse ] --END-- [ RunTime:0.006058s ]
INFO: [ view_filter ] --START--
INFO: Run Behavior\WriteHtmlCacheBehavior [ RunTime:0.000116s ]
INFO: [ view_filter ] --END-- [ RunTime:0.000147s ]
INFO: [ app_end ] --START--
INFO: Run Behavior\ShowPageTraceBehavior [ RunTime:0.000480s ]
INFO: [ app_end ] --END-- [ RunTime:0.000563s ]

[ 2017-06-21T14:07:32+08:00 ] 140.205.201.36 /
INFO: [ app_init ] --START--
INFO: Run Behavior\BuildLiteBehavior [ RunTime:0.000011s ]
INFO: [ app_init ] --END-- [ RunTime:0.000223s ]
INFO: [ app_begin ] --START--
INFO: Run Behavior\ReadHtmlCacheBehavior [ RunTime:0.000286s ]
INFO: [ app_begin ] --END-- [ RunTime:0.000319s ]
NOTIC: [8] Undefined index: type /yjdata/www/pile/Application/Home/Controller/IndexController.class.php 第 25 行.
SQL: SHOW COLUMNS FROM `eriko_disc` [ RunTime:0.0010s ]
NOTIC: [8] Undefined variable: where /yjdata/www/pile/Application/Home/Controller/IndexController.class.php 第 28 行.
SQL: SELECT * FROM `eriko_disc` ORDER BY rtime desc  [ RunTime:0.0013s ]
INFO: [ view_parse ] --START--
INFO: [ template_filter ] --START--
INFO: Run Behavior\ContentReplaceBehavior [ RunTime:0.000078s ]
INFO: [ template_filter ] --END-- [ RunTime:0.000111s ]
INFO: Run Behavior\ParseTemplateBehavior [ RunTime:0.005908s ]
INFO: [ view_parse ] --END-- [ RunTime:0.005943s ]
INFO: [ view_filter ] --START--
INFO: Run Behavior\WriteHtmlCacheBehavior [ RunTime:0.000104s ]
INFO: [ view_filter ] --END-- [ RunTime:0.000130s ]
INFO: [ app_end ] --START--
INFO: Run Behavior\ShowPageTraceBehavior [ RunTime:0.000474s ]
INFO: [ app_end ] --END-- [ RunTime:0.000551s ]

[ 2017-06-21T14:07:48+08:00 ] 218.93.207.44 /
INFO: [ app_init ] --START--
INFO: Run Behavior\BuildLiteBehavior [ RunTime:0.000018s ]
INFO: [ app_init ] --END-- [ RunTime:0.000341s ]
INFO: [ app_begin ] --START--
INFO: Run Behavior\ReadHtmlCacheBehavior [ RunTime:0.000420s ]
INFO: [ app_begin ] --END-- [ RunTime:0.000468s ]
NOTIC: [8] Undefined index: type /yjdata/www/pile/Application/Home/Controller/IndexController.class.php 第 25 行.
SQL: SHOW COLUMNS FROM `eriko_disc` [ RunTime:0.0011s ]
NOTIC: [8] Undefined variable: where /yjdata/www/pile/Application/Home/Controller/IndexController.class.php 第 28 行.
SQL: SELECT * FROM `eriko_disc` ORDER BY rtime desc  [ RunTime:0.0013s ]
INFO: [ view_parse ] --START--
INFO: [ template_filter ] --START--
INFO: Run Behavior\ContentReplaceBehavior [ RunTime:0.000108s ]
INFO: [ template_filter ] --END-- [ RunTime:0.000159s ]
INFO: Run Behavior\ParseTemplateBehavior [ RunTime:0.009501s ]
INFO: [ view_parse ] --END-- [ RunTime:0.009550s ]
INFO: [ view_filter ] --START--
INFO: Run Behavior\WriteHtmlCacheBehavior [ RunTime:0.000143s ]
INFO: [ view_filter ] --END-- [ RunTime:0.000183s ]
INFO: [ app_end ] --START--
INFO: Run Behavior\ShowPageTraceBehavior [ RunTime:0.000716s ]
INFO: [ app_end ] --END-- [ RunTime:0.000831s ]

[ 2017-06-21T14:14:11+08:00 ] 140.205.201.36 /
INFO: [ app_init ] --START--
INFO: Run Behavior\BuildLiteBehavior [ RunTime:0.000011s ]
INFO: [ app_init ] --END-- [ RunTime:0.000229s ]
INFO: [ app_begin ] --START--
INFO: Run Behavior\ReadHtmlCacheBehavior [ RunTime:0.000337s ]
INFO: [ app_begin ] --END-- [ RunTime:0.000372s ]
NOTIC: [8] Undefined index: type /yjdata/www/pile/Application/Home/Controller/IndexController.class.php 第 25 行.
SQL: SHOW COLUMNS FROM `eriko_disc` [ RunTime:0.0010s ]
NOTIC: [8] Undefined variable: where /yjdata/www/pile/Application/Home/Controller/IndexController.class.php 第 28 行.
SQL: SELECT * FROM `eriko_disc` ORDER BY rtime desc  [ RunTime:0.0012s ]
INFO: [ view_parse ] --START--
INFO: [ template_filter ] --START--
INFO: Run Behavior\ContentReplaceBehavior [ RunTime:0.000078s ]
INFO: [ template_filter ] --END-- [ RunTime:0.000113s ]
INFO: Run Behavior\ParseTemplateBehavior [ RunTime:0.006480s ]
INFO: [ view_parse ] --END-- [ RunTime:0.006521s ]
INFO: [ view_filter ] --START--
INFO: Run Behavior\WriteHtmlCacheBehavior [ RunTime:0.000103s ]
INFO: [ view_filter ] --END-- [ RunTime:0.000135s ]
INFO: [ app_end ] --START--
INFO: Run Behavior\ShowPageTraceBehavior [ RunTime:0.000525s ]
INFO: [ app_end ] --END-- [ RunTime:0.000595s ]

[ 2017-06-21T14:16:31+08:00 ] 140.205.201.36 /clusters.jsf
INFO: [ app_init ] --START--
INFO: Run Behavior\BuildLiteBehavior [ RunTime:0.000017s ]
INFO: [ app_init ] --END-- [ RunTime:0.000268s ]
INFO: [ app_begin ] --START--
INFO: Run Behavior\ReadHtmlCacheBehavior [ RunTime:0.000280s ]
INFO: [ app_begin ] --END-- [ RunTime:0.000316s ]
ERR: 无法加载控制器:Clusters.jsf

[ 2017-06-21T14:18:24+08:00 ] 140.205.201.36 /index.php
INFO: [ app_init ] --START--
INFO: Run Behavior\BuildLiteBehavior [ RunTime:0.000012s ]
INFO: [ app_init ] --END-- [ RunTime:0.000243s ]
INFO: [ app_begin ] --START--
INFO: Run Behavior\ReadHtmlCacheBehavior [ RunTime:0.000281s ]
INFO: [ app_begin ] --END-- [ RunTime:0.000317s ]
NOTIC: [8] Undefined index: type /yjdata/www/pile/Application/Home/Controller/IndexController.class.php 第 25 行.
SQL: SHOW COLUMNS FROM `eriko_disc` [ RunTime:0.0008s ]
NOTIC: [8] Undefined variable: where /yjdata/www/pile/Application/Home/Controller/IndexController.class.php 第 28 行.
SQL: SELECT * FROM `eriko_disc` ORDER BY rtime desc  [ RunTime:0.0010s ]
INFO: [ view_parse ] --START--
INFO: [ template_filter ] --START--
INFO: Run Behavior\ContentReplaceBehavior [ RunTime:0.000075s ]
INFO: [ template_filter ] --END-- [ RunTime:0.000109s ]
INFO: Run Behavior\ParseTemplateBehavior [ RunTime:0.005594s ]
INFO: [ view_parse ] --END-- [ RunTime:0.005630s ]
INFO: [ view_filter ] --START--
INFO: Run Behavior\WriteHtmlCacheBehavior [ RunTime:0.000102s ]
INFO: [ view_filter ] --END-- [ RunTime:0.000128s ]
INFO: [ app_end ] --START--
INFO: Run Behavior\ShowPageTraceBehavior [ RunTime:0.000433s ]
INFO: [ app_end ] --END-- [ RunTime:0.000495s ]

[ 2017-06-21T14:21:09+08:00 ] 140.205.201.36 /master-status
INFO: [ app_init ] --START--
INFO: Run Behavior\BuildLiteBehavior [ RunTime:0.000011s ]
INFO: [ app_init ] --END-- [ RunTime:0.000225s ]
INFO: [ app_begin ] --START--
INFO: Run Behavior\ReadHtmlCacheBehavior [ RunTime:0.000291s ]
INFO: [ app_begin ] --END-- [ RunTime:0.000324s ]
ERR: 无法加载控制器:Master-status

[ 2017-06-21T14:21:24+08:00 ] 140.205.201.36 /
INFO: [ app_init ] --START--
INFO: Run Behavior\BuildLiteBehavior [ RunTime:0.000012s ]
INFO: [ app_init ] --END-- [ RunTime:0.000251s ]
INFO: [ app_begin ] --START--
INFO: Run Behavior\ReadHtmlCacheBehavior [ RunTime:0.000397s ]
INFO: [ app_begin ] --END-- [ RunTime:0.000440s ]
NOTIC: [8] Undefined index: type /yjdata/www/pile/Application/Home/Controller/IndexController.class.php 第 25 行.
SQL: SHOW COLUMNS FROM `eriko_disc` [ RunTime:0.0010s ]
NOTIC: [8] Undefined variable: where /yjdata/www/pile/Application/Home/Controller/IndexController.class.php 第 28 行.
SQL: SELECT * FROM `eriko_disc` ORDER BY rtime desc  [ RunTime:0.0012s ]
INFO: [ view_parse ] --START--
INFO: [ template_filter ] --START--
INFO: Run Behavior\ContentReplaceBehavior [ RunTime:0.000104s ]
INFO: [ template_filter ] --END-- [ RunTime:0.000150s ]
INFO: Run Behavior\ParseTemplateBehavior [ RunTime:0.006893s ]
INFO: [ view_parse ] --END-- [ RunTime:0.006931s ]
INFO: [ view_filter ] --START--
INFO: Run Behavior\WriteHtmlCacheBehavior [ RunTime:0.000117s ]
INFO: [ view_filter ] --END-- [ RunTime:0.000145s ]
INFO: [ app_end ] --START--
INFO: Run Behavior\ShowPageTraceBehavior [ RunTime:0.000503s ]
INFO: [ app_end ] --END-- [ RunTime:0.000595s ]

[ 2017-06-21T14:22:11+08:00 ] 140.205.201.36 /dfshealth.html
INFO: [ app_init ] --START--
INFO: Run Behavior\BuildLiteBehavior [ RunTime:0.000010s ]
INFO: [ app_init ] --END-- [ RunTime:0.000235s ]
INFO: [ app_begin ] --START--
INFO: Run Behavior\ReadHtmlCacheBehavior [ RunTime:0.000271s ]
INFO: [ app_begin ] --END-- [ RunTime:0.000304s ]
ERR: 无法加载控制器:Dfshealth

[ 2017-06-21T14:24:54+08:00 ] 140.205.201.36 /warning
INFO: [ app_init ] --START--
INFO: Run Behavior\BuildLiteBehavior [ RunTime:0.000011s ]
INFO: [ app_init ] --END-- [ RunTime:0.000233s ]
INFO: [ app_begin ] --START--
INFO: Run Behavior\ReadHtmlCacheBehavior [ RunTime:0.000296s ]
INFO: [ app_begin ] --END-- [ RunTime:0.000331s ]
ERR: 无法加载控制器:Warning

[ 2017-06-21T14:25:50+08:00 ] 140.205.201.36 /please_read/_search
INFO: [ app_init ] --START--
INFO: Run Behavior\BuildLiteBehavior [ RunTime:0.000011s ]
INFO: [ app_init ] --END-- [ RunTime:0.000238s ]
INFO: [ app_begin ] --START--
INFO: Run Behavior\ReadHtmlCacheBehavior [ RunTime:0.000272s ]
INFO: [ app_begin ] --END-- [ RunTime:0.000307s ]
ERR: 无法加载控制器:Please_read

[ 2017-06-21T14:26:28+08:00 ] 140.205.201.36 /
INFO: [ app_init ] --START--
INFO: Run Behavior\BuildLiteBehavior [ RunTime:0.000019s ]
INFO: [ app_init ] --END-- [ RunTime:0.000231s ]
INFO: [ app_begin ] --START--
INFO: Run Behavior\ReadHtmlCacheBehavior [ RunTime:0.000324s ]
INFO: [ app_begin ] --END-- [ RunTime:0.000358s ]
NOTIC: [8] Undefined index: type /yjdata/www/pile/Application/Home/Controller/IndexController.class.php 第 25 行.
SQL: SHOW COLUMNS FROM `eriko_disc` [ RunTime:0.0009s ]
NOTIC: [8] Undefined variable: where /yjdata/www/pile/Application/Home/Controller/IndexController.class.php 第 28 行.
SQL: SELECT * FROM `eriko_disc` ORDER BY rtime desc  [ RunTime:0.0011s ]
INFO: [ view_parse ] --START--
INFO: [ template_filter ] --START--
INFO: Run Behavior\ContentReplaceBehavior [ RunTime:0.000081s ]
INFO: [ template_filter ] --END-- [ RunTime:0.000114s ]
INFO: Run Behavior\ParseTemplateBehavior [ RunTime:0.005532s ]
INFO: [ view_parse ] --END-- [ RunTime:0.005566s ]
INFO: [ view_filter ] --START--
INFO: Run Behavior\WriteHtmlCacheBehavior [ RunTime:0.000109s ]
INFO: [ view_filter ] --END-- [ RunTime:0.000135s ]
INFO: [ app_end ] --START--
INFO: Run Behavior\ShowPageTraceBehavior [ RunTime:0.000358s ]
INFO: [ app_end ] --END-- [ RunTime:0.000411s ]

[ 2017-06-21T14:26:34+08:00 ] 140.205.201.36 /jenkins/
INFO: [ app_init ] --START--
INFO: Run Behavior\BuildLiteBehavior [ RunTime:0.000012s ]
INFO: [ app_init ] --END-- [ RunTime:0.000240s ]
INFO: [ app_begin ] --START--
INFO: Run Behavior\ReadHtmlCacheBehavior [ RunTime:0.000274s ]
INFO: [ app_begin ] --END-- [ RunTime:0.000308s ]
ERR: 无法加载控制器:Jenkins

[ 2017-06-21T14:26:39+08:00 ] 140.205.201.36 /zabbix/
INFO: [ app_init ] --START--
INFO: Run Behavior\BuildLiteBehavior [ RunTime:0.000011s ]
INFO: [ app_init ] --END-- [ RunTime:0.000272s ]
INFO: [ app_begin ] --START--
INFO: Run Behavior\ReadHtmlCacheBehavior [ RunTime:0.000291s ]
INFO: [ app_begin ] --END-- [ RunTime:0.000325s ]
ERR: 无法加载控制器:Zabbix

[ 2017-06-21T14:26:40+08:00 ] 140.205.201.36 /
INFO: [ app_init ] --START--
INFO: Run Behavior\BuildLiteBehavior [ RunTime:0.000012s ]
INFO: [ app_init ] --END-- [ RunTime:0.000235s ]
INFO: [ app_begin ] --START--
INFO: Run Behavior\ReadHtmlCacheBehavior [ RunTime:0.000299s ]
INFO: [ app_begin ] --END-- [ RunTime:0.000334s ]
NOTIC: [8] Undefined index: type /yjdata/www/pile/Application/Home/Controller/IndexController.class.php 第 25 行.
SQL: SHOW COLUMNS FROM `eriko_disc` [ RunTime:0.0008s ]
NOTIC: [8] Undefined variable: where /yjdata/www/pile/Application/Home/Controller/IndexController.class.php 第 28 行.
SQL: SELECT * FROM `eriko_disc` ORDER BY rtime desc  [ RunTime:0.0010s ]
INFO: [ view_parse ] --START--
INFO: [ template_filter ] --START--
INFO: Run Behavior\ContentReplaceBehavior [ RunTime:0.000075s ]
INFO: [ template_filter ] --END-- [ RunTime:0.000108s ]
INFO: Run Behavior\ParseTemplateBehavior [ RunTime:0.005592s ]
INFO: [ view_parse ] --END-- [ RunTime:0.005627s ]
INFO: [ view_filter ] --START--
INFO: Run Behavior\WriteHtmlCacheBehavior [ RunTime:0.000095s ]
INFO: [ view_filter ] --END-- [ RunTime:0.000121s ]
INFO: [ app_end ] --START--
INFO: Run Behavior\ShowPageTraceBehavior [ RunTime:0.000381s ]
INFO: [ app_end ] --END-- [ RunTime:0.000440s ]

[ 2017-06-21T14:26:40+08:00 ] 140.205.201.36 /solr/
INFO: [ app_init ] --START--
INFO: Run Behavior\BuildLiteBehavior [ RunTime:0.000012s ]
INFO: [ app_init ] --END-- [ RunTime:0.000230s ]
INFO: [ app_begin ] --START--
INFO: Run Behavior\ReadHtmlCacheBehavior [ RunTime:0.000295s ]
INFO: [ app_begin ] --END-- [ RunTime:0.000330s ]
ERR: 无法加载控制器:Solr

[ 2017-06-21T14:26:51+08:00 ] 140.205.201.36 /info
INFO: [ app_init ] --START--
INFO: Run Behavior\BuildLiteBehavior [ RunTime:0.000011s ]
INFO: [ app_init ] --END-- [ RunTime:0.000237s ]
INFO: [ app_begin ] --START--
INFO: Run Behavior\ReadHtmlCacheBehavior [ RunTime:0.000283s ]
INFO: [ app_begin ] --END-- [ RunTime:0.000318s ]
ERR: 无法加载控制器:Info

[ 2017-06-21T14:26:53+08:00 ] 140.205.201.36 /dfshealth.jsp
INFO: [ app_init ] --START--
INFO: Run Behavior\BuildLiteBehavior [ RunTime:0.000011s ]
INFO: [ app_init ] --END-- [ RunTime:0.000233s ]
INFO: [ app_begin ] --START--
INFO: Run Behavior\ReadHtmlCacheBehavior [ RunTime:0.000281s ]
INFO: [ app_begin ] --END-- [ RunTime:0.000315s ]
ERR: 无法加载控制器:Dfshealth.jsp

[ 2017-06-21T14:26:54+08:00 ] 140.205.201.36 /hadoop/dfshealth.jsp
INFO: [ app_init ] --START--
INFO: Run Behavior\BuildLiteBehavior [ RunTime:0.000011s ]
INFO: [ app_init ] --END-- [ RunTime:0.000229s ]
INFO: [ app_begin ] --START--
INFO: Run Behavior\ReadHtmlCacheBehavior [ RunTime:0.000285s ]
INFO: [ app_begin ] --END-- [ RunTime:0.000319s ]
ERR: 无法加载控制器:Hadoop

[ 2017-06-21T14:28:08+08:00 ] 103.242.202.196 http://tojoki.asia/
INFO: [ app_init ] --START--
INFO: Run Behavior\BuildLiteBehavior [ RunTime:0.000011s ]
INFO: [ app_init ] --END-- [ RunTime:0.000223s ]
INFO: [ app_begin ] --START--
INFO: Run Behavior\ReadHtmlCacheBehavior [ RunTime:0.000270s ]
INFO: [ app_begin ] --END-- [ RunTime:0.000305s ]
NOTIC: [8] Undefined index: type /yjdata/www/pile/Application/Home/Controller/IndexController.class.php 第 25 行.
SQL: SHOW COLUMNS FROM `eriko_disc` [ RunTime:0.0009s ]
NOTIC: [8] Undefined variable: where /yjdata/www/pile/Application/Home/Controller/IndexController.class.php 第 28 行.
SQL: SELECT * FROM `eriko_disc` ORDER BY rtime desc  [ RunTime:0.0012s ]
INFO: [ view_parse ] --START--
INFO: [ template_filter ] --START--
INFO: Run Behavior\ContentReplaceBehavior [ RunTime:0.000075s ]
INFO: [ template_filter ] --END-- [ RunTime:0.000108s ]
INFO: Run Behavior\ParseTemplateBehavior [ RunTime:0.005540s ]
INFO: [ view_parse ] --END-- [ RunTime:0.005576s ]
INFO: [ view_filter ] --START--
INFO: Run Behavior\WriteHtmlCacheBehavior [ RunTime:0.000100s ]
INFO: [ view_filter ] --END-- [ RunTime:0.000126s ]
INFO: 
INFO: 
INFO: 

[ 2017-06-21T14:45:45+08:00 ] 140.205.225.190 /
INFO: [ app_init ] --START--
INFO: Run Behavior\BuildLiteBehavior [ RunTime:0.000010s ]
INFO: [ app_init ] --END-- [ RunTime:0.000244s ]
INFO: [ app_begin ] --START--
INFO: Run Behavior\ReadHtmlCacheBehavior [ RunTime:0.000286s ]
INFO: [ app_begin ] --END-- [ RunTime:0.000320s ]
NOTIC: [8] Undefined index: type /yjdata/www/pile/Application/Home/Controller/IndexController.class.php 第 25 行.
SQL: SHOW COLUMNS FROM `eriko_disc` [ RunTime:0.0009s ]
NOTIC: [8] Undefined variable: where /yjdata/www/pile/Application/Home/Controller/IndexController.class.php 第 28 行.
SQL: SELECT * FROM `eriko_disc` ORDER BY rtime desc  [ RunTime:0.0011s ]
INFO: [ view_parse ] --START--
INFO: [ template_filter ] --START--
INFO: Run Behavior\ContentReplaceBehavior [ RunTime:0.000073s ]
INFO: [ template_filter ] --END-- [ RunTime:0.000106s ]
INFO: Run Behavior\ParseTemplateBehavior [ RunTime:0.005640s ]
INFO: [ view_parse ] --END-- [ RunTime:0.005673s ]
INFO: [ view_filter ] --START--
INFO: Run Behavior\WriteHtmlCacheBehavior [ RunTime:0.000096s ]
INFO: [ view_filter ] --END-- [ RunTime:0.000120s ]
INFO: [ app_end ] --START--
INFO: Run Behavior\ShowPageTraceBehavior [ RunTime:0.000508s ]
INFO: [ app_end ] --END-- [ RunTime:0.000580s ]

[ 2017-06-21T14:48:30+08:00 ] 222.243.158.236 /
INFO: [ app_init ] --START--
INFO: Run Behavior\BuildLiteBehavior [ RunTime:0.000012s ]
INFO: [ app_init ] --END-- [ RunTime:0.000247s ]
INFO: [ app_begin ] --START--
INFO: Run Behavior\ReadHtmlCacheBehavior [ RunTime:0.000291s ]
INFO: [ app_begin ] --END-- [ RunTime:0.000326s ]
NOTIC: [8] Undefined index: type /yjdata/www/pile/Application/Home/Controller/IndexController.class.php 第 25 行.
SQL: SHOW COLUMNS FROM `eriko_disc` [ RunTime:0.0009s ]
NOTIC: [8] Undefined variable: where /yjdata/www/pile/Application/Home/Controller/IndexController.class.php 第 28 行.
SQL: SELECT * FROM `eriko_disc` ORDER BY rtime desc  [ RunTime:0.0011s ]
INFO: [ view_parse ] --START--
INFO: [ template_filter ] --START--
INFO: Run Behavior\ContentReplaceBehavior [ RunTime:0.000077s ]
INFO: [ template_filter ] --END-- [ RunTime:0.000110s ]
INFO: Run Behavior\ParseTemplateBehavior [ RunTime:0.005611s ]
INFO: [ view_parse ] --END-- [ RunTime:0.005646s ]
INFO: [ view_filter ] --START--
INFO: Run Behavior\WriteHtmlCacheBehavior [ RunTime:0.000096s ]
INFO: [ view_filter ] --END-- [ RunTime:0.000121s ]
INFO: 
INFO: 
INFO: 

[ 2017-06-21T18:26:22+08:00 ] 119.23.58.57 /index.action
INFO: [ app_init ] --START--
INFO: Run Behavior\BuildLiteBehavior [ RunTime:0.000011s ]
INFO: [ app_init ] --END-- [ RunTime:0.000245s ]
INFO: [ app_begin ] --START--
INFO: Run Behavior\ReadHtmlCacheBehavior [ RunTime:0.000288s ]
INFO: [ app_begin ] --END-- [ RunTime:0.000325s ]
ERR: 无法加载控制器:Index.action

[ 2017-06-21T19:24:21+08:00 ] 114.215.45.79 /
INFO: [ app_init ] --START--
INFO: Run Behavior\BuildLiteBehavior [ RunTime:0.000012s ]
INFO: [ app_init ] --END-- [ RunTime:0.000265s ]
INFO: [ app_begin ] --START--
INFO: Run Behavior\ReadHtmlCacheBehavior [ RunTime:0.000308s ]
INFO: [ app_begin ] --END-- [ RunTime:0.000341s ]
NOTIC: [8] Undefined index: type /yjdata/www/pile/Application/Home/Controller/IndexController.class.php 第 25 行.
SQL: SHOW COLUMNS FROM `eriko_disc` [ RunTime:0.0009s ]
NOTIC: [8] Undefined variable: where /yjdata/www/pile/Application/Home/Controller/IndexController.class.php 第 28 行.
SQL: SELECT * FROM `eriko_disc` ORDER BY rtime desc  [ RunTime:0.0012s ]
INFO: [ view_parse ] --START--
INFO: [ template_filter ] --START--
INFO: Run Behavior\ContentReplaceBehavior [ RunTime:0.000076s ]
INFO: [ template_filter ] --END-- [ RunTime:0.000125s ]
INFO: Run Behavior\ParseTemplateBehavior [ RunTime:0.006382s ]
INFO: [ view_parse ] --END-- [ RunTime:0.006423s ]
INFO: [ view_filter ] --START--
INFO: Run Behavior\WriteHtmlCacheBehavior [ RunTime:0.000100s ]
INFO: [ view_filter ] --END-- [ RunTime:0.000146s ]

[ 2017-06-21T19:44:53+08:00 ] 121.196.226.67 /status.taobao
INFO: [ app_init ] --START--
INFO: Run Behavior\BuildLiteBehavior [ RunTime:0.000012s ]
INFO: [ app_init ] --END-- [ RunTime:0.000307s ]
INFO: [ app_begin ] --START--
INFO: Run Behavior\ReadHtmlCacheBehavior [ RunTime:0.000282s ]
INFO: [ app_begin ] --END-- [ RunTime:0.000327s ]
ERR: 无法加载控制器:Status.taobao

[ 2017-06-21T19:57:12+08:00 ] 60.191.38.77 /
INFO: [ app_init ] --START--
INFO: Run Behavior\BuildLiteBehavior [ RunTime:0.000012s ]
INFO: [ app_init ] --END-- [ RunTime:0.000229s ]
INFO: [ app_begin ] --START--
INFO: Run Behavior\ReadHtmlCacheBehavior [ RunTime:0.000290s ]
INFO: [ app_begin ] --END-- [ RunTime:0.000326s ]
NOTIC: [8] Undefined index: type /yjdata/www/pile/Application/Home/Controller/IndexController.class.php 第 25 行.
SQL: SHOW COLUMNS FROM `eriko_disc` [ RunTime:0.0010s ]
NOTIC: [8] Undefined variable: where /yjdata/www/pile/Application/Home/Controller/IndexController.class.php 第 28 行.
SQL: SELECT * FROM `eriko_disc` ORDER BY rtime desc  [ RunTime:0.0012s ]
INFO: [ view_parse ] --START--
INFO: [ template_filter ] --START--
INFO: Run Behavior\ContentReplaceBehavior [ RunTime:0.000079s ]
INFO: [ template_filter ] --END-- [ RunTime:0.000113s ]
INFO: Run Behavior\ParseTemplateBehavior [ RunTime:0.005695s ]
INFO: [ view_parse ] --END-- [ RunTime:0.005731s ]
INFO: [ view_filter ] --START--
INFO: Run Behavior\WriteHtmlCacheBehavior [ RunTime:0.000100s ]
INFO: [ view_filter ] --END-- [ RunTime:0.000136s ]
INFO: [ app_end ] --START--
INFO: Run Behavior\ShowPageTraceBehavior [ RunTime:0.000490s ]
INFO: [ app_end ] --END-- [ RunTime:0.000569s ]

[ 2017-06-21T20:30:25+08:00 ] 103.242.202.196 http://tojoki.asia/
INFO: [ app_init ] --START--
INFO: Run Behavior\BuildLiteBehavior [ RunTime:0.000011s ]
INFO: [ app_init ] --END-- [ RunTime:0.000242s ]
INFO: [ app_begin ] --START--
INFO: Run Behavior\ReadHtmlCacheBehavior [ RunTime:0.000269s ]
INFO: [ app_begin ] --END-- [ RunTime:0.000304s ]
NOTIC: [8] Undefined index: type /yjdata/www/pile/Application/Home/Controller/IndexController.class.php 第 25 行.
SQL: SHOW COLUMNS FROM `eriko_disc` [ RunTime:0.0011s ]
NOTIC: [8] Undefined variable: where /yjdata/www/pile/Application/Home/Controller/IndexController.class.php 第 28 行.
SQL: SELECT * FROM `eriko_disc` ORDER BY rtime desc  [ RunTime:0.0012s ]
INFO: [ view_parse ] --START--
INFO: [ template_filter ] --START--
INFO: Run Behavior\ContentReplaceBehavior [ RunTime:0.000092s ]
INFO: [ template_filter ] --END-- [ RunTime:0.000134s ]
INFO: Run Behavior\ParseTemplateBehavior [ RunTime:0.007288s ]
INFO: [ view_parse ] --END-- [ RunTime:0.007330s ]
INFO: [ view_filter ] --START--
INFO: Run Behavior\WriteHtmlCacheBehavior [ RunTime:0.000109s ]
INFO: [ view_filter ] --END-- [ RunTime:0.000137s ]
INFO: 
INFO: 
INFO: 

[ 2017-06-21T20:34:18+08:00 ] 139.162.88.63 http://clientapi.ipip.net/echo.php?info=1234567890
INFO: [ app_init ] --START--
INFO: Run Behavior\BuildLiteBehavior [ RunTime:0.000015s ]
INFO: [ app_init ] --END-- [ RunTime:0.000345s ]
INFO: [ app_begin ] --START--
INFO: Run Behavior\ReadHtmlCacheBehavior [ RunTime:0.000423s ]
INFO: [ app_begin ] --END-- [ RunTime:0.000476s ]
ERR: 无法加载控制器:Echo.php

[ 2017-06-21T22:05:24+08:00 ] 101.226.79.182 /
INFO: [ app_init ] --START--
INFO: Run Behavior\BuildLiteBehavior [ RunTime:0.000012s ]
INFO: [ app_init ] --END-- [ RunTime:0.000243s ]
INFO: [ app_begin ] --START--
INFO: Run Behavior\ReadHtmlCacheBehavior [ RunTime:0.000271s ]
INFO: [ app_begin ] --END-- [ RunTime:0.000304s ]
NOTIC: [8] Undefined index: type /yjdata/www/pile/Application/Home/Controller/IndexController.class.php 第 25 行.
SQL: SHOW COLUMNS FROM `eriko_disc` [ RunTime:0.0009s ]
NOTIC: [8] Undefined variable: where /yjdata/www/pile/Application/Home/Controller/IndexController.class.php 第 28 行.
SQL: SELECT * FROM `eriko_disc` ORDER BY rtime desc  [ RunTime:0.0012s ]
INFO: [ view_parse ] --START--
INFO: [ template_filter ] --START--
INFO: Run Behavior\ContentReplaceBehavior [ RunTime:0.000078s ]
INFO: [ template_filter ] --END-- [ RunTime:0.000118s ]
INFO: Run Behavior\ParseTemplateBehavior [ RunTime:0.005781s ]
INFO: [ view_parse ] --END-- [ RunTime:0.005815s ]
INFO: [ view_filter ] --START--
INFO: Run Behavior\WriteHtmlCacheBehavior [ RunTime:0.000118s ]
INFO: [ view_filter ] --END-- [ RunTime:0.000144s ]
INFO: [ app_end ] --START--
INFO: Run Behavior\ShowPageTraceBehavior [ RunTime:0.000475s ]
INFO: [ app_end ] --END-- [ RunTime:0.000544s ]

[ 2017-06-21T23:02:18+08:00 ] 140.205.201.5 /
INFO: [ app_init ] --START--
INFO: Run Behavior\BuildLiteBehavior [ RunTime:0.000012s ]
INFO: [ app_init ] --END-- [ RunTime:0.000240s ]
INFO: [ app_begin ] --START--
INFO: Run Behavior\ReadHtmlCacheBehavior [ RunTime:0.000280s ]
INFO: [ app_begin ] --END-- [ RunTime:0.000314s ]
NOTIC: [8] Undefined index: type /yjdata/www/pile/Application/Home/Controller/IndexController.class.php 第 25 行.
SQL: SHOW COLUMNS FROM `eriko_disc` [ RunTime:0.0009s ]
NOTIC: [8] Undefined variable: where /yjdata/www/pile/Application/Home/Controller/IndexController.class.php 第 28 行.
SQL: SELECT * FROM `eriko_disc` ORDER BY rtime desc  [ RunTime:0.0012s ]
INFO: [ view_parse ] --START--
INFO: [ template_filter ] --START--
INFO: Run Behavior\ContentReplaceBehavior [ RunTime:0.000076s ]
INFO: [ template_filter ] --END-- [ RunTime:0.000109s ]
INFO: Run Behavior\ParseTemplateBehavior [ RunTime:0.005579s ]
INFO: [ view_parse ] --END-- [ RunTime:0.005621s ]
INFO: [ view_filter ] --START--
INFO: Run Behavior\WriteHtmlCacheBehavior [ RunTime:0.000109s ]
INFO: [ view_filter ] --END-- [ RunTime:0.000134s ]
INFO: [ app_end ] --START--
INFO: Run Behavior\ShowPageTraceBehavior [ RunTime:0.000476s ]
INFO: [ app_end ] --END-- [ RunTime:0.000547s ]

[ 2017-06-21T23:02:19+08:00 ] 140.205.201.17 /
INFO: [ app_init ] --START--
INFO: Run Behavior\BuildLiteBehavior [ RunTime:0.000012s ]
INFO: [ app_init ] --END-- [ RunTime:0.000243s ]
INFO: [ app_begin ] --START--
INFO: Run Behavior\ReadHtmlCacheBehavior [ RunTime:0.000281s ]
INFO: [ app_begin ] --END-- [ RunTime:0.000314s ]
NOTIC: [8] Undefined index: type /yjdata/www/pile/Application/Home/Controller/IndexController.class.php 第 25 行.
SQL: SHOW COLUMNS FROM `eriko_disc` [ RunTime:0.0010s ]
NOTIC: [8] Undefined variable: where /yjdata/www/pile/Application/Home/Controller/IndexController.class.php 第 28 行.
SQL: SELECT * FROM `eriko_disc` ORDER BY rtime desc  [ RunTime:0.6513s ]
INFO: [ view_parse ] --START--
INFO: [ template_filter ] --START--
INFO: Run Behavior\ContentReplaceBehavior [ RunTime:0.000111s ]
INFO: [ template_filter ] --END-- [ RunTime:0.000167s ]
INFO: Run Behavior\ParseTemplateBehavior [ RunTime:0.007779s ]
INFO: [ view_parse ] --END-- [ RunTime:0.007821s ]
INFO: [ view_filter ] --START--
INFO: Run Behavior\WriteHtmlCacheBehavior [ RunTime:0.000133s ]
INFO: [ view_filter ] --END-- [ RunTime:0.000176s ]
INFO: [ app_end ] --START--
INFO: Run Behavior\ShowPageTraceBehavior [ RunTime:0.000434s ]
INFO: [ app_end ] --END-- [ RunTime:0.000509s ]

[ 2017-06-21T23:14:56+08:00 ] 168.1.128.50 /
INFO: [ app_init ] --START--
INFO: Run Behavior\BuildLiteBehavior [ RunTime:0.000013s ]
INFO: [ app_init ] --END-- [ RunTime:0.000265s ]
INFO: [ app_begin ] --START--
INFO: Run Behavior\ReadHtmlCacheBehavior [ RunTime:0.000283s ]
INFO: [ app_begin ] --END-- [ RunTime:0.000321s ]
NOTIC: [8] Undefined index: type /yjdata/www/pile/Application/Home/Controller/IndexController.class.php 第 25 行.
SQL: SHOW COLUMNS FROM `eriko_disc` [ RunTime:0.0010s ]
NOTIC: [8] Undefined variable: where /yjdata/www/pile/Application/Home/Controller/IndexController.class.php 第 28 行.
SQL: SELECT * FROM `eriko_disc` ORDER BY rtime desc  [ RunTime:0.0012s ]
INFO: [ view_parse ] --START--
INFO: [ template_filter ] --START--
INFO: Run Behavior\ContentReplaceBehavior [ RunTime:0.000088s ]
INFO: [ template_filter ] --END-- [ RunTime:0.000123s ]
INFO: Run Behavior\ParseTemplateBehavior [ RunTime:0.006006s ]
INFO: [ view_parse ] --END-- [ RunTime:0.006047s ]
INFO: [ view_filter ] --START--
INFO: Run Behavior\WriteHtmlCacheBehavior [ RunTime:0.000104s ]
INFO: [ view_filter ] --END-- [ RunTime:0.000130s ]
INFO: [ app_end ] --START--
INFO: Run Behavior\ShowPageTraceBehavior [ RunTime:0.000764s ]
INFO: [ app_end ] --END-- [ RunTime:0.000884s ]

