[ 2017-02-16T18:33:54+08:00 ] ::1 /lawyer/Admin/system/version.html
INFO: [ app_init ] --START--
INFO: Run Behavior\BuildLiteBehavior [ RunTime:0.000033s ]
INFO: [ app_init ] --END-- [ RunTime:0.001322s ]
INFO: [ app_begin ] --START--
INFO: Run Behavior\ReadHtmlCacheBehavior [ RunTime:0.012037s ]
INFO: [ app_begin ] --END-- [ RunTime:0.012163s ]

[ 2017-02-16T18:33:54+08:00 ] ::1 /lawyer/Admin/login/index.html
INFO: [ app_init ] --START--
INFO: Run Behavior\BuildLiteBehavior [ RunTime:0.000048s ]
INFO: [ app_init ] --END-- [ RunTime:0.001097s ]
INFO: [ app_begin ] --START--
INFO: Run Behavior\ReadHtmlCacheBehavior [ RunTime:0.002821s ]
INFO: [ app_begin ] --END-- [ RunTime:0.002932s ]
INFO: [ view_parse ] --START--
INFO: [ template_filter ] --START--
INFO: Run Behavior\ContentReplaceBehavior [ RunTime:0.000067s ]
INFO: [ template_filter ] --END-- [ RunTime:0.000121s ]
INFO: Run Behavior\ParseTemplateBehavior [ RunTime:0.044061s ]
INFO: [ view_parse ] --END-- [ RunTime:0.044229s ]
INFO: [ view_filter ] --START--
INFO: Run Behavior\WriteHtmlCacheBehavior [ RunTime:0.006315s ]
INFO: [ view_filter ] --END-- [ RunTime:0.006377s ]
INFO: [ app_end ] --START--
INFO: Run Behavior\ShowPageTraceBehavior [ RunTime:0.006516s ]
INFO: [ app_end ] --END-- [ RunTime:0.006601s ]

[ 2017-02-16T18:59:01+08:00 ] ::1 /lawyer/Admin/plat/price.html
INFO: [ app_init ] --START--
INFO: Run Behavior\BuildLiteBehavior [ RunTime:0.000026s ]
INFO: [ app_init ] --END-- [ RunTime:0.001219s ]
INFO: [ app_begin ] --START--
INFO: Run Behavior\ReadHtmlCacheBehavior [ RunTime:0.016070s ]
INFO: [ app_begin ] --END-- [ RunTime:0.016181s ]
NOTIC: [8] Undefined index: menu_list D:\heyi\USBWebserver\root\lawyer\Application\Admin\Controller\BaseController.class.php 第 66 行.
NOTIC: [2] Invalid argument supplied for foreach() D:\heyi\USBWebserver\root\lawyer\Application\Admin\Controller\BaseController.class.php 第 66 行.
SQL: SHOW COLUMNS FROM `web_treenode` [ RunTime:0.0912s ]
SQL: SELECT * FROM `web_treenode` WHERE `menuflag` = 1 AND `is_hide` = 0 ORDER BY sort DESC  [ RunTime:0.0053s ]
SQL: SHOW COLUMNS FROM `web_config` [ RunTime:0.0398s ]
SQL: SELECT * FROM `web_config` WHERE ( name = 'fee' ) LIMIT 1   [ RunTime:0.0006s ]
INFO: [ view_parse ] --START--
INFO: [ template_filter ] --START--
INFO: Run Behavior\ContentReplaceBehavior [ RunTime:0.000160s ]
INFO: [ template_filter ] --END-- [ RunTime:0.000210s ]
NOTIC: [8] Undefined variable: Os D:\heyi\USBWebserver\root\lawyer\Application\Runtime\Cache\Admin\639a08b37bd865d9baf1c15fbc913c7d.php 第 139 行.
INFO: Run Behavior\ParseTemplateBehavior [ RunTime:0.090943s ]
INFO: [ view_parse ] --END-- [ RunTime:0.091022s ]
INFO: [ view_filter ] --START--
INFO: Run Behavior\WriteHtmlCacheBehavior [ RunTime:0.001183s ]
INFO: [ view_filter ] --END-- [ RunTime:0.001234s ]
INFO: [ app_end ] --START--
INFO: Run Behavior\ShowPageTraceBehavior [ RunTime:0.001389s ]
INFO: [ app_end ] --END-- [ RunTime:0.001463s ]

[ 2017-02-16T18:59:14+08:00 ] ::1 /lawyer/Admin/plat/price.html
INFO: [ app_init ] --START--
INFO: Run Behavior\BuildLiteBehavior [ RunTime:0.000015s ]
INFO: [ app_init ] --END-- [ RunTime:0.000730s ]
INFO: [ app_begin ] --START--
INFO: Run Behavior\ReadHtmlCacheBehavior [ RunTime:0.001614s ]
INFO: [ app_begin ] --END-- [ RunTime:0.001688s ]
NOTIC: [8] Undefined index: menu_list D:\heyi\USBWebserver\root\lawyer\Application\Admin\Controller\BaseController.class.php 第 66 行.
NOTIC: [2] Invalid argument supplied for foreach() D:\heyi\USBWebserver\root\lawyer\Application\Admin\Controller\BaseController.class.php 第 66 行.
SQL: SHOW COLUMNS FROM `web_treenode` [ RunTime:0.0342s ]
SQL: SELECT * FROM `web_treenode` WHERE `menuflag` = 1 AND `is_hide` = 0 ORDER BY sort DESC  [ RunTime:0.0033s ]
SQL: SHOW COLUMNS FROM `web_config` [ RunTime:0.0825s ]
SQL: SELECT * FROM `web_config` WHERE ( name = 'fee' ) LIMIT 1   [ RunTime:0.0006s ]
INFO: [ view_parse ] --START--
INFO: [ template_filter ] --START--
INFO: Run Behavior\ContentReplaceBehavior [ RunTime:0.000265s ]
INFO: [ template_filter ] --END-- [ RunTime:0.000365s ]
NOTIC: [8] Undefined variable: Os D:\heyi\USBWebserver\root\lawyer\Application\Runtime\Cache\Admin\639a08b37bd865d9baf1c15fbc913c7d.php 第 139 行.
INFO: Run Behavior\ParseTemplateBehavior [ RunTime:0.032343s ]
INFO: [ view_parse ] --END-- [ RunTime:0.032627s ]
INFO: [ view_filter ] --START--
INFO: Run Behavior\WriteHtmlCacheBehavior [ RunTime:0.001734s ]
INFO: [ view_filter ] --END-- [ RunTime:0.001811s ]
INFO: [ app_end ] --START--
INFO: Run Behavior\ShowPageTraceBehavior [ RunTime:0.003409s ]
INFO: [ app_end ] --END-- [ RunTime:0.003487s ]

