[ 2017-03-24T09:48:20+08:00 ] ::1 /xj_property/Admin/plat/category.html
INFO: [ app_init ] --START--
INFO: Run Behavior\BuildLiteBehavior [ RunTime:0.000046s ]
INFO: [ app_init ] --END-- [ RunTime:0.001790s ]
INFO: [ app_begin ] --START--
INFO: Run Behavior\ReadHtmlCacheBehavior [ RunTime:0.003173s ]
INFO: [ app_begin ] --END-- [ RunTime:0.003300s ]
NOTIC: [8] Undefined index: menu_list D:\heyi\USBWebserver\root\xj_property\Application\Admin\Controller\BaseController.class.php 第 66 行.
NOTIC: [2] Invalid argument supplied for foreach() D:\heyi\USBWebserver\root\xj_property\Application\Admin\Controller\BaseController.class.php 第 66 行.
SQL: SHOW COLUMNS FROM `web_treenode` [ RunTime:0.0232s ]
SQL: SELECT * FROM `web_treenode` WHERE `menuflag` = 1 AND `is_hide` = 0 ORDER BY sort DESC  [ RunTime:0.0021s ]
SQL: SHOW COLUMNS FROM `web_category` [ RunTime:0.0262s ]
SQL: SELECT * FROM `web_category` WHERE ( pid = 0 )  [ RunTime:0.0011s ]
SQL: SELECT * FROM `web_category` WHERE ( pid=1 )  [ RunTime:0.0007s ]
SQL: SELECT * FROM `web_category` WHERE ( pid=5 )  [ RunTime:0.0008s ]
SQL: SELECT * FROM `web_category` WHERE ( pid=10 )  [ RunTime:0.0009s ]
SQL: SELECT * FROM `web_category` WHERE ( pid=19 )  [ RunTime:0.0009s ]
SQL: SELECT * FROM `web_category` WHERE ( pid=20 )  [ RunTime:0.0007s ]
SQL: SELECT * FROM `web_category` WHERE ( pid=21 )  [ RunTime:0.0008s ]
INFO: [ view_parse ] --START--
INFO: [ template_filter ] --START--
INFO: Run Behavior\ContentReplaceBehavior [ RunTime:0.000238s ]
INFO: [ template_filter ] --END-- [ RunTime:0.000371s ]
NOTIC: [8] Undefined variable: Os D:\heyi\USBWebserver\root\xj_property\Application\Runtime\Cache\Admin\e529c7c0b2802539dcd1db5ea171c017.php 第 140 行.
NOTIC: [8] Undefined variable: page D:\heyi\USBWebserver\root\xj_property\Application\Runtime\Cache\Admin\e529c7c0b2802539dcd1db5ea171c017.php 第 228 行.
INFO: Run Behavior\ParseTemplateBehavior [ RunTime:0.171514s ]
INFO: [ view_parse ] --END-- [ RunTime:0.171665s ]
INFO: [ view_filter ] --START--
INFO: Run Behavior\WriteHtmlCacheBehavior [ RunTime:0.027664s ]
INFO: [ view_filter ] --END-- [ RunTime:0.027734s ]
INFO: [ app_end ] --START--
INFO: Run Behavior\ShowPageTraceBehavior [ RunTime:0.007897s ]
INFO: [ app_end ] --END-- [ RunTime:0.008010s ]

[ 2017-03-24T09:48:31+08:00 ] ::1 /xj_property/Admin/Plat/cate_add
INFO: [ app_init ] --START--
INFO: Run Behavior\BuildLiteBehavior [ RunTime:0.000033s ]
INFO: [ app_init ] --END-- [ RunTime:0.002501s ]
INFO: [ app_begin ] --START--
INFO: Run Behavior\ReadHtmlCacheBehavior [ RunTime:0.001689s ]
INFO: [ app_begin ] --END-- [ RunTime:0.001816s ]
NOTIC: [8] Undefined index: menu_list D:\heyi\USBWebserver\root\xj_property\Application\Admin\Controller\BaseController.class.php 第 66 行.
NOTIC: [2] Invalid argument supplied for foreach() D:\heyi\USBWebserver\root\xj_property\Application\Admin\Controller\BaseController.class.php 第 66 行.
SQL: SHOW COLUMNS FROM `web_treenode` [ RunTime:0.0319s ]
SQL: SELECT * FROM `web_treenode` WHERE `menuflag` = 1 AND `is_hide` = 0 ORDER BY sort DESC  [ RunTime:0.0029s ]
SQL: SHOW COLUMNS FROM `web_category` [ RunTime:0.0276s ]
SQL: SELECT * FROM `web_category` WHERE ( pid = 0 )  [ RunTime:0.0008s ]
INFO: [ view_parse ] --START--
INFO: [ template_filter ] --START--
INFO: Run Behavior\ContentReplaceBehavior [ RunTime:0.000122s ]
INFO: [ template_filter ] --END-- [ RunTime:0.000222s ]
NOTIC: [8] Undefined variable: data D:\heyi\USBWebserver\root\xj_property\Application\Runtime\Cache\Admin\bf2bff0ec85bd954d31246c57d9551cc.php 第 42 行.
NOTIC: [8] Undefined variable: data D:\heyi\USBWebserver\root\xj_property\Application\Runtime\Cache\Admin\bf2bff0ec85bd954d31246c57d9551cc.php 第 51 行.
NOTIC: [8] Undefined variable: data D:\heyi\USBWebserver\root\xj_property\Application\Runtime\Cache\Admin\bf2bff0ec85bd954d31246c57d9551cc.php 第 53 行.
NOTIC: [8] Undefined variable: data D:\heyi\USBWebserver\root\xj_property\Application\Runtime\Cache\Admin\bf2bff0ec85bd954d31246c57d9551cc.php 第 53 行.
NOTIC: [8] Undefined variable: data D:\heyi\USBWebserver\root\xj_property\Application\Runtime\Cache\Admin\bf2bff0ec85bd954d31246c57d9551cc.php 第 53 行.
NOTIC: [8] Undefined variable: data D:\heyi\USBWebserver\root\xj_property\Application\Runtime\Cache\Admin\bf2bff0ec85bd954d31246c57d9551cc.php 第 53 行.
NOTIC: [8] Undefined variable: data D:\heyi\USBWebserver\root\xj_property\Application\Runtime\Cache\Admin\bf2bff0ec85bd954d31246c57d9551cc.php 第 53 行.
NOTIC: [8] Undefined variable: data D:\heyi\USBWebserver\root\xj_property\Application\Runtime\Cache\Admin\bf2bff0ec85bd954d31246c57d9551cc.php 第 53 行.
NOTIC: [8] Undefined variable: data D:\heyi\USBWebserver\root\xj_property\Application\Runtime\Cache\Admin\bf2bff0ec85bd954d31246c57d9551cc.php 第 62 行.
NOTIC: [8] Undefined variable: data D:\heyi\USBWebserver\root\xj_property\Application\Runtime\Cache\Admin\bf2bff0ec85bd954d31246c57d9551cc.php 第 70 行.
NOTIC: [8] Undefined variable: data D:\heyi\USBWebserver\root\xj_property\Application\Runtime\Cache\Admin\bf2bff0ec85bd954d31246c57d9551cc.php 第 71 行.
INFO: Run Behavior\ParseTemplateBehavior [ RunTime:0.077395s ]
INFO: [ view_parse ] --END-- [ RunTime:0.077539s ]
INFO: [ view_filter ] --START--
INFO: Run Behavior\WriteHtmlCacheBehavior [ RunTime:0.001691s ]
INFO: [ view_filter ] --END-- [ RunTime:0.001820s ]
INFO: [ app_end ] --START--
INFO: Run Behavior\ShowPageTraceBehavior [ RunTime:0.003428s ]
INFO: [ app_end ] --END-- [ RunTime:0.003570s ]

[ 2017-03-24T09:49:06+08:00 ] ::1 /xj_property/Admin/Plat/cate_add
INFO: [ app_init ] --START--
INFO: Run Behavior\BuildLiteBehavior [ RunTime:0.000056s ]
INFO: [ app_init ] --END-- [ RunTime:0.002429s ]
INFO: [ app_begin ] --START--
INFO: Run Behavior\ReadHtmlCacheBehavior [ RunTime:0.001618s ]
INFO: [ app_begin ] --END-- [ RunTime:0.001751s ]
NOTIC: [8] Undefined index: menu_list D:\heyi\USBWebserver\root\xj_property\Application\Admin\Controller\BaseController.class.php 第 66 行.
NOTIC: [2] Invalid argument supplied for foreach() D:\heyi\USBWebserver\root\xj_property\Application\Admin\Controller\BaseController.class.php 第 66 行.
SQL: SHOW COLUMNS FROM `web_treenode` [ RunTime:0.0269s ]
SQL: SELECT * FROM `web_treenode` WHERE `menuflag` = 1 AND `is_hide` = 0 ORDER BY sort DESC  [ RunTime:0.0021s ]
SQL: SHOW COLUMNS FROM `web_category` [ RunTime:0.0242s ]
SQL: SELECT * FROM `web_category` WHERE ( pid = 0 )  [ RunTime:0.0009s ]
INFO: [ view_parse ] --START--
INFO: [ template_filter ] --START--
INFO: Run Behavior\ContentReplaceBehavior [ RunTime:0.000124s ]
INFO: [ template_filter ] --END-- [ RunTime:0.000219s ]
NOTIC: [8] Undefined variable: data D:\heyi\USBWebserver\root\xj_property\Application\Runtime\Cache\Admin\bf2bff0ec85bd954d31246c57d9551cc.php 第 42 行.
NOTIC: [8] Undefined variable: data D:\heyi\USBWebserver\root\xj_property\Application\Runtime\Cache\Admin\bf2bff0ec85bd954d31246c57d9551cc.php 第 51 行.
NOTIC: [8] Undefined variable: data D:\heyi\USBWebserver\root\xj_property\Application\Runtime\Cache\Admin\bf2bff0ec85bd954d31246c57d9551cc.php 第 53 行.
NOTIC: [8] Undefined variable: data D:\heyi\USBWebserver\root\xj_property\Application\Runtime\Cache\Admin\bf2bff0ec85bd954d31246c57d9551cc.php 第 53 行.
NOTIC: [8] Undefined variable: data D:\heyi\USBWebserver\root\xj_property\Application\Runtime\Cache\Admin\bf2bff0ec85bd954d31246c57d9551cc.php 第 53 行.
NOTIC: [8] Undefined variable: data D:\heyi\USBWebserver\root\xj_property\Application\Runtime\Cache\Admin\bf2bff0ec85bd954d31246c57d9551cc.php 第 53 行.
NOTIC: [8] Undefined variable: data D:\heyi\USBWebserver\root\xj_property\Application\Runtime\Cache\Admin\bf2bff0ec85bd954d31246c57d9551cc.php 第 53 行.
NOTIC: [8] Undefined variable: data D:\heyi\USBWebserver\root\xj_property\Application\Runtime\Cache\Admin\bf2bff0ec85bd954d31246c57d9551cc.php 第 53 行.
NOTIC: [8] Undefined variable: data D:\heyi\USBWebserver\root\xj_property\Application\Runtime\Cache\Admin\bf2bff0ec85bd954d31246c57d9551cc.php 第 62 行.
NOTIC: [8] Undefined variable: data D:\heyi\USBWebserver\root\xj_property\Application\Runtime\Cache\Admin\bf2bff0ec85bd954d31246c57d9551cc.php 第 70 行.
NOTIC: [8] Undefined variable: data D:\heyi\USBWebserver\root\xj_property\Application\Runtime\Cache\Admin\bf2bff0ec85bd954d31246c57d9551cc.php 第 71 行.
INFO: Run Behavior\ParseTemplateBehavior [ RunTime:0.021386s ]
INFO: [ view_parse ] --END-- [ RunTime:0.021480s ]
INFO: [ view_filter ] --START--
INFO: Run Behavior\WriteHtmlCacheBehavior [ RunTime:0.001563s ]
INFO: [ view_filter ] --END-- [ RunTime:0.001643s ]
INFO: [ app_end ] --START--
INFO: Run Behavior\ShowPageTraceBehavior [ RunTime:0.002176s ]
INFO: [ app_end ] --END-- [ RunTime:0.002281s ]

[ 2017-03-24T09:49:49+08:00 ] ::1 /xj_property/Admin/plat/category.html
INFO: [ app_init ] --START--
INFO: Run Behavior\BuildLiteBehavior [ RunTime:0.000065s ]
INFO: [ app_init ] --END-- [ RunTime:0.001241s ]
INFO: [ app_begin ] --START--
INFO: Run Behavior\ReadHtmlCacheBehavior [ RunTime:0.001359s ]
INFO: [ app_begin ] --END-- [ RunTime:0.001468s ]
NOTIC: [8] Undefined index: menu_list D:\heyi\USBWebserver\root\xj_property\Application\Admin\Controller\BaseController.class.php 第 66 行.
NOTIC: [2] Invalid argument supplied for foreach() D:\heyi\USBWebserver\root\xj_property\Application\Admin\Controller\BaseController.class.php 第 66 行.
SQL: SHOW COLUMNS FROM `web_treenode` [ RunTime:0.0324s ]
SQL: SELECT * FROM `web_treenode` WHERE `menuflag` = 1 AND `is_hide` = 0 ORDER BY sort DESC  [ RunTime:0.0020s ]
SQL: SHOW COLUMNS FROM `web_category` [ RunTime:0.0380s ]
SQL: SELECT * FROM `web_category` WHERE ( pid = 0 )  [ RunTime:0.0010s ]
SQL: SELECT * FROM `web_category` WHERE ( pid=1 )  [ RunTime:0.0009s ]
SQL: SELECT * FROM `web_category` WHERE ( pid=5 )  [ RunTime:0.0010s ]
SQL: SELECT * FROM `web_category` WHERE ( pid=10 )  [ RunTime:0.0012s ]
SQL: SELECT * FROM `web_category` WHERE ( pid=19 )  [ RunTime:0.0010s ]
SQL: SELECT * FROM `web_category` WHERE ( pid=20 )  [ RunTime:0.0008s ]
SQL: SELECT * FROM `web_category` WHERE ( pid=21 )  [ RunTime:0.0006s ]
INFO: [ view_parse ] --START--
INFO: [ template_filter ] --START--
INFO: Run Behavior\ContentReplaceBehavior [ RunTime:0.000195s ]
INFO: [ template_filter ] --END-- [ RunTime:0.000295s ]
NOTIC: [8] Undefined variable: Os D:\heyi\USBWebserver\root\xj_property\Application\Runtime\Cache\Admin\e529c7c0b2802539dcd1db5ea171c017.php 第 140 行.
NOTIC: [8] Undefined variable: page D:\heyi\USBWebserver\root\xj_property\Application\Runtime\Cache\Admin\e529c7c0b2802539dcd1db5ea171c017.php 第 228 行.
INFO: Run Behavior\ParseTemplateBehavior [ RunTime:0.046360s ]
INFO: [ view_parse ] --END-- [ RunTime:0.046660s ]
INFO: [ view_filter ] --START--
INFO: Run Behavior\WriteHtmlCacheBehavior [ RunTime:0.001538s ]
INFO: [ view_filter ] --END-- [ RunTime:0.001660s ]
INFO: [ app_end ] --START--
INFO: Run Behavior\ShowPageTraceBehavior [ RunTime:0.002018s ]
INFO: [ app_end ] --END-- [ RunTime:0.002250s ]

[ 2017-03-24T09:49:52+08:00 ] ::1 /xj_property/Admin/Plat/cate_add
INFO: [ app_init ] --START--
INFO: Run Behavior\BuildLiteBehavior [ RunTime:0.000048s ]
INFO: [ app_init ] --END-- [ RunTime:0.001993s ]
INFO: [ app_begin ] --START--
INFO: Run Behavior\ReadHtmlCacheBehavior [ RunTime:0.003183s ]
INFO: [ app_begin ] --END-- [ RunTime:0.003369s ]
NOTIC: [8] Undefined index: menu_list D:\heyi\USBWebserver\root\xj_property\Application\Admin\Controller\BaseController.class.php 第 66 行.
NOTIC: [2] Invalid argument supplied for foreach() D:\heyi\USBWebserver\root\xj_property\Application\Admin\Controller\BaseController.class.php 第 66 行.
SQL: SHOW COLUMNS FROM `web_treenode` [ RunTime:0.0291s ]
SQL: SELECT * FROM `web_treenode` WHERE `menuflag` = 1 AND `is_hide` = 0 ORDER BY sort DESC  [ RunTime:0.0016s ]
SQL: SHOW COLUMNS FROM `web_category` [ RunTime:0.0256s ]
SQL: SELECT * FROM `web_category` WHERE ( pid = 0 )  [ RunTime:0.0008s ]
INFO: [ view_parse ] --START--
INFO: [ template_filter ] --START--
INFO: Run Behavior\ContentReplaceBehavior [ RunTime:0.000124s ]
INFO: [ template_filter ] --END-- [ RunTime:0.000209s ]
NOTIC: [8] Undefined variable: data D:\heyi\USBWebserver\root\xj_property\Application\Runtime\Cache\Admin\bf2bff0ec85bd954d31246c57d9551cc.php 第 42 行.
NOTIC: [8] Undefined variable: data D:\heyi\USBWebserver\root\xj_property\Application\Runtime\Cache\Admin\bf2bff0ec85bd954d31246c57d9551cc.php 第 51 行.
NOTIC: [8] Undefined variable: data D:\heyi\USBWebserver\root\xj_property\Application\Runtime\Cache\Admin\bf2bff0ec85bd954d31246c57d9551cc.php 第 53 行.
NOTIC: [8] Undefined variable: data D:\heyi\USBWebserver\root\xj_property\Application\Runtime\Cache\Admin\bf2bff0ec85bd954d31246c57d9551cc.php 第 53 行.
NOTIC: [8] Undefined variable: data D:\heyi\USBWebserver\root\xj_property\Application\Runtime\Cache\Admin\bf2bff0ec85bd954d31246c57d9551cc.php 第 53 行.
NOTIC: [8] Undefined variable: data D:\heyi\USBWebserver\root\xj_property\Application\Runtime\Cache\Admin\bf2bff0ec85bd954d31246c57d9551cc.php 第 53 行.
NOTIC: [8] Undefined variable: data D:\heyi\USBWebserver\root\xj_property\Application\Runtime\Cache\Admin\bf2bff0ec85bd954d31246c57d9551cc.php 第 53 行.
NOTIC: [8] Undefined variable: data D:\heyi\USBWebserver\root\xj_property\Application\Runtime\Cache\Admin\bf2bff0ec85bd954d31246c57d9551cc.php 第 53 行.
NOTIC: [8] Undefined variable: data D:\heyi\USBWebserver\root\xj_property\Application\Runtime\Cache\Admin\bf2bff0ec85bd954d31246c57d9551cc.php 第 62 行.
NOTIC: [8] Undefined variable: data D:\heyi\USBWebserver\root\xj_property\Application\Runtime\Cache\Admin\bf2bff0ec85bd954d31246c57d9551cc.php 第 70 行.
NOTIC: [8] Undefined variable: data D:\heyi\USBWebserver\root\xj_property\Application\Runtime\Cache\Admin\bf2bff0ec85bd954d31246c57d9551cc.php 第 71 行.
INFO: Run Behavior\ParseTemplateBehavior [ RunTime:0.029313s ]
INFO: [ view_parse ] --END-- [ RunTime:0.029434s ]
INFO: [ view_filter ] --START--
INFO: Run Behavior\WriteHtmlCacheBehavior [ RunTime:0.002207s ]
INFO: [ view_filter ] --END-- [ RunTime:0.002311s ]
INFO: [ app_end ] --START--
INFO: Run Behavior\ShowPageTraceBehavior [ RunTime:0.002347s ]
INFO: [ app_end ] --END-- [ RunTime:0.002535s ]

[ 2017-03-24T09:53:34+08:00 ] ::1 /xj_property/Admin/service/lists.html
INFO: [ app_init ] --START--
INFO: Run Behavior\BuildLiteBehavior [ RunTime:0.000049s ]
INFO: [ app_init ] --END-- [ RunTime:0.001650s ]
INFO: [ app_begin ] --START--
INFO: Run Behavior\ReadHtmlCacheBehavior [ RunTime:0.003538s ]
INFO: [ app_begin ] --END-- [ RunTime:0.003859s ]
NOTIC: [8] Undefined index: menu_list D:\heyi\USBWebserver\root\xj_property\Application\Admin\Controller\BaseController.class.php 第 66 行.
NOTIC: [2] Invalid argument supplied for foreach() D:\heyi\USBWebserver\root\xj_property\Application\Admin\Controller\BaseController.class.php 第 66 行.
SQL: SHOW COLUMNS FROM `web_treenode` [ RunTime:0.0298s ]
SQL: SELECT * FROM `web_treenode` WHERE `menuflag` = 1 AND `is_hide` = 0 ORDER BY sort DESC  [ RunTime:0.0020s ]
SQL: SHOW COLUMNS FROM `web_service1` [ RunTime:0.0250s ]
SQL: SELECT s.*,p.title FROM web_service1 s left join web_place p on s.place_id=p.id   [ RunTime:0.0011s ]
SQL: SHOW COLUMNS FROM `web_service2` [ RunTime:0.0259s ]
SQL: SELECT s.*,p.title FROM web_service2 s left join web_place p on s.place_id=p.id   [ RunTime:0.0008s ]
INFO: [ view_parse ] --START--
INFO: [ template_filter ] --START--
INFO: Run Behavior\ContentReplaceBehavior [ RunTime:0.000249s ]
INFO: [ template_filter ] --END-- [ RunTime:0.000345s ]
NOTIC: [8] Undefined variable: Os D:\heyi\USBWebserver\root\xj_property\Application\Runtime\Cache\Admin\277a2838f7529798d02e341c0f97e605.php 第 173 行.
NOTIC: [8] Undefined variable: page D:\heyi\USBWebserver\root\xj_property\Application\Runtime\Cache\Admin\277a2838f7529798d02e341c0f97e605.php 第 265 行.
NOTIC: [8] Undefined variable: page D:\heyi\USBWebserver\root\xj_property\Application\Runtime\Cache\Admin\277a2838f7529798d02e341c0f97e605.php 第 326 行.
INFO: Run Behavior\ParseTemplateBehavior [ RunTime:0.069512s ]
INFO: [ view_parse ] --END-- [ RunTime:0.069693s ]
INFO: [ view_filter ] --START--
INFO: Run Behavior\WriteHtmlCacheBehavior [ RunTime:0.001848s ]
INFO: [ view_filter ] --END-- [ RunTime:0.001941s ]
INFO: [ app_end ] --START--
INFO: Run Behavior\ShowPageTraceBehavior [ RunTime:0.002249s ]
INFO: [ app_end ] --END-- [ RunTime:0.002380s ]

[ 2017-03-24T10:04:13+08:00 ] ::1 /xj_property/Admin/plat/category.html
INFO: [ app_init ] --START--
INFO: Run Behavior\BuildLiteBehavior [ RunTime:0.000032s ]
INFO: [ app_init ] --END-- [ RunTime:0.001430s ]
INFO: [ app_begin ] --START--
INFO: Run Behavior\ReadHtmlCacheBehavior [ RunTime:0.002134s ]
INFO: [ app_begin ] --END-- [ RunTime:0.002853s ]
NOTIC: [8] Undefined index: menu_list D:\heyi\USBWebserver\root\xj_property\Application\Admin\Controller\BaseController.class.php 第 66 行.
NOTIC: [2] Invalid argument supplied for foreach() D:\heyi\USBWebserver\root\xj_property\Application\Admin\Controller\BaseController.class.php 第 66 行.
SQL: SHOW COLUMNS FROM `web_treenode` [ RunTime:0.0249s ]
SQL: SELECT * FROM `web_treenode` WHERE `menuflag` = 1 AND `is_hide` = 0 ORDER BY sort DESC  [ RunTime:0.0022s ]
SQL: SHOW COLUMNS FROM `web_category` [ RunTime:0.0269s ]
SQL: SELECT * FROM `web_category` WHERE ( pid = 0 )  [ RunTime:0.0007s ]
SQL: SELECT * FROM `web_category` WHERE ( pid=1 )  [ RunTime:0.0008s ]
SQL: SELECT * FROM `web_category` WHERE ( pid=5 )  [ RunTime:0.0006s ]
SQL: SELECT * FROM `web_category` WHERE ( pid=10 )  [ RunTime:0.0007s ]
SQL: SELECT * FROM `web_category` WHERE ( pid=19 )  [ RunTime:0.0006s ]
SQL: SELECT * FROM `web_category` WHERE ( pid=20 )  [ RunTime:0.0007s ]
SQL: SELECT * FROM `web_category` WHERE ( pid=21 )  [ RunTime:0.0006s ]
INFO: [ view_parse ] --START--
INFO: [ template_filter ] --START--
INFO: Run Behavior\ContentReplaceBehavior [ RunTime:0.000278s ]
INFO: [ template_filter ] --END-- [ RunTime:0.000472s ]
NOTIC: [8] Undefined variable: Os D:\heyi\USBWebserver\root\xj_property\Application\Runtime\Cache\Admin\e529c7c0b2802539dcd1db5ea171c017.php 第 140 行.
NOTIC: [8] Undefined variable: page D:\heyi\USBWebserver\root\xj_property\Application\Runtime\Cache\Admin\e529c7c0b2802539dcd1db5ea171c017.php 第 228 行.
INFO: Run Behavior\ParseTemplateBehavior [ RunTime:0.045363s ]
INFO: [ view_parse ] --END-- [ RunTime:0.045478s ]
INFO: [ view_filter ] --START--
INFO: Run Behavior\WriteHtmlCacheBehavior [ RunTime:0.001408s ]
INFO: [ view_filter ] --END-- [ RunTime:0.001494s ]
INFO: [ app_end ] --START--
INFO: Run Behavior\ShowPageTraceBehavior [ RunTime:0.002317s ]
INFO: [ app_end ] --END-- [ RunTime:0.002450s ]

[ 2017-03-24T10:04:45+08:00 ] ::1 /xj_property/Admin/service/lists.html
INFO: [ app_init ] --START--
INFO: Run Behavior\BuildLiteBehavior [ RunTime:0.000025s ]
INFO: [ app_init ] --END-- [ RunTime:0.001182s ]
INFO: [ app_begin ] --START--
INFO: Run Behavior\ReadHtmlCacheBehavior [ RunTime:0.001306s ]
INFO: [ app_begin ] --END-- [ RunTime:0.001425s ]
NOTIC: [8] Undefined index: menu_list D:\heyi\USBWebserver\root\xj_property\Application\Admin\Controller\BaseController.class.php 第 66 行.
NOTIC: [2] Invalid argument supplied for foreach() D:\heyi\USBWebserver\root\xj_property\Application\Admin\Controller\BaseController.class.php 第 66 行.
SQL: SHOW COLUMNS FROM `web_treenode` [ RunTime:0.0259s ]
SQL: SELECT * FROM `web_treenode` WHERE `menuflag` = 1 AND `is_hide` = 0 ORDER BY sort DESC  [ RunTime:0.0024s ]
SQL: SHOW COLUMNS FROM `web_service1` [ RunTime:0.0233s ]
ERR: 1052:Column 'is_del' in where clause is ambiguous
 [ SQL语句 ] : SELECT s.*,p.title FROM web_service1 s left join web_place p on s.place_id=p.id  WHERE ( is_del=0 ) 
ERR: 1052:Column 'is_del' in where clause is ambiguous
 [ SQL语句 ] : SELECT s.*,p.title FROM web_service1 s left join web_place p on s.place_id=p.id  WHERE ( is_del=0 ) 

[ 2017-03-24T10:06:43+08:00 ] ::1 /xj_property/Admin/service/lists.html
INFO: [ app_init ] --START--
INFO: Run Behavior\BuildLiteBehavior [ RunTime:0.000045s ]
INFO: [ app_init ] --END-- [ RunTime:0.003731s ]
INFO: [ app_begin ] --START--
INFO: Run Behavior\ReadHtmlCacheBehavior [ RunTime:0.004836s ]
INFO: [ app_begin ] --END-- [ RunTime:0.004979s ]
NOTIC: [8] Undefined index: menu_list D:\heyi\USBWebserver\root\xj_property\Application\Admin\Controller\BaseController.class.php 第 66 行.
NOTIC: [2] Invalid argument supplied for foreach() D:\heyi\USBWebserver\root\xj_property\Application\Admin\Controller\BaseController.class.php 第 66 行.
SQL: SHOW COLUMNS FROM `web_treenode` [ RunTime:0.0306s ]
SQL: SELECT * FROM `web_treenode` WHERE `menuflag` = 1 AND `is_hide` = 0 ORDER BY sort DESC  [ RunTime:0.0019s ]
SQL: SHOW COLUMNS FROM `web_service1` [ RunTime:0.0253s ]
SQL: SELECT s.*,p.title FROM web_service1 s left join web_place p on s.place_id=p.id  WHERE ( s.is_del=0 )  [ RunTime:0.0015s ]
SQL: SHOW COLUMNS FROM `web_service2` [ RunTime:0.0291s ]
SQL: SELECT s.*,p.title FROM web_service2 s left join web_place p on s.place_id=p.id  WHERE ( s.is_del=0 )  [ RunTime:0.0011s ]
INFO: [ view_parse ] --START--
INFO: [ template_filter ] --START--
INFO: Run Behavior\ContentReplaceBehavior [ RunTime:0.000548s ]
INFO: [ template_filter ] --END-- [ RunTime:0.000697s ]
NOTIC: [8] Undefined variable: Os D:\heyi\USBWebserver\root\xj_property\Application\Runtime\Cache\Admin\277a2838f7529798d02e341c0f97e605.php 第 173 行.
NOTIC: [8] Undefined variable: page D:\heyi\USBWebserver\root\xj_property\Application\Runtime\Cache\Admin\277a2838f7529798d02e341c0f97e605.php 第 265 行.
NOTIC: [8] Undefined variable: page D:\heyi\USBWebserver\root\xj_property\Application\Runtime\Cache\Admin\277a2838f7529798d02e341c0f97e605.php 第 326 行.
INFO: Run Behavior\ParseTemplateBehavior [ RunTime:0.047430s ]
INFO: [ view_parse ] --END-- [ RunTime:0.047517s ]
INFO: [ view_filter ] --START--
INFO: Run Behavior\WriteHtmlCacheBehavior [ RunTime:0.001579s ]
INFO: [ view_filter ] --END-- [ RunTime:0.001674s ]
INFO: [ app_end ] --START--
INFO: Run Behavior\ShowPageTraceBehavior [ RunTime:0.002090s ]
INFO: [ app_end ] --END-- [ RunTime:0.002221s ]

[ 2017-03-24T10:06:51+08:00 ] ::1 /xj_property/Admin/place/lists.html
INFO: [ app_init ] --START--
INFO: Run Behavior\BuildLiteBehavior [ RunTime:0.000022s ]
INFO: [ app_init ] --END-- [ RunTime:0.000965s ]
INFO: [ app_begin ] --START--
INFO: Run Behavior\ReadHtmlCacheBehavior [ RunTime:0.001827s ]
INFO: [ app_begin ] --END-- [ RunTime:0.001960s ]
NOTIC: [8] Undefined index: menu_list D:\heyi\USBWebserver\root\xj_property\Application\Admin\Controller\BaseController.class.php 第 66 行.
NOTIC: [2] Invalid argument supplied for foreach() D:\heyi\USBWebserver\root\xj_property\Application\Admin\Controller\BaseController.class.php 第 66 行.
SQL: SHOW COLUMNS FROM `web_treenode` [ RunTime:0.0248s ]
SQL: SELECT * FROM `web_treenode` WHERE `menuflag` = 1 AND `is_hide` = 0 ORDER BY sort DESC  [ RunTime:0.0022s ]
SQL: SHOW COLUMNS FROM `web_place` [ RunTime:0.0233s ]
SQL: SELECT COUNT(*) AS tp_count FROM `web_place` WHERE ( is_del=0 ) LIMIT 1   [ RunTime:0.0005s ]
SQL: SELECT * FROM `web_place` WHERE ( is_del=0 ) ORDER BY id DESC LIMIT 0,5   [ RunTime:0.0009s ]
INFO: [ view_parse ] --START--
INFO: [ template_filter ] --START--
INFO: Run Behavior\ContentReplaceBehavior [ RunTime:0.000231s ]
INFO: [ template_filter ] --END-- [ RunTime:0.000388s ]
NOTIC: [8] Undefined variable: Os D:\heyi\USBWebserver\root\xj_property\Application\Runtime\Cache\Admin\fc41fc4b4c0867232004fd502af4d2ad.php 第 157 行.
NOTIC: [8] Undefined index: content D:\heyi\USBWebserver\root\xj_property\Application\Runtime\Cache\Admin\fc41fc4b4c0867232004fd502af4d2ad.php 第 223 行.
NOTIC: [8] Undefined index: content D:\heyi\USBWebserver\root\xj_property\Application\Runtime\Cache\Admin\fc41fc4b4c0867232004fd502af4d2ad.php 第 223 行.
NOTIC: [8] Undefined index: content D:\heyi\USBWebserver\root\xj_property\Application\Runtime\Cache\Admin\fc41fc4b4c0867232004fd502af4d2ad.php 第 223 行.
NOTIC: [8] Undefined index: content D:\heyi\USBWebserver\root\xj_property\Application\Runtime\Cache\Admin\fc41fc4b4c0867232004fd502af4d2ad.php 第 223 行.
NOTIC: [8] Undefined index: content D:\heyi\USBWebserver\root\xj_property\Application\Runtime\Cache\Admin\fc41fc4b4c0867232004fd502af4d2ad.php 第 223 行.
NOTIC: [8] Undefined index: content D:\heyi\USBWebserver\root\xj_property\Application\Runtime\Cache\Admin\fc41fc4b4c0867232004fd502af4d2ad.php 第 223 行.
INFO: Run Behavior\ParseTemplateBehavior [ RunTime:0.045566s ]
INFO: [ view_parse ] --END-- [ RunTime:0.045723s ]
INFO: [ view_filter ] --START--
INFO: Run Behavior\WriteHtmlCacheBehavior [ RunTime:0.002048s ]
INFO: [ view_filter ] --END-- [ RunTime:0.002196s ]
INFO: [ app_end ] --START--
INFO: Run Behavior\ShowPageTraceBehavior [ RunTime:0.003459s ]
INFO: [ app_end ] --END-- [ RunTime:0.003624s ]

[ 2017-03-24T10:06:59+08:00 ] ::1 /xj_property/Admin/plat/category.html
INFO: [ app_init ] --START--
INFO: Run Behavior\BuildLiteBehavior [ RunTime:0.000042s ]
INFO: [ app_init ] --END-- [ RunTime:0.002072s ]
INFO: [ app_begin ] --START--
INFO: Run Behavior\ReadHtmlCacheBehavior [ RunTime:0.001858s ]
INFO: [ app_begin ] --END-- [ RunTime:0.001965s ]
NOTIC: [8] Undefined index: menu_list D:\heyi\USBWebserver\root\xj_property\Application\Admin\Controller\BaseController.class.php 第 66 行.
NOTIC: [2] Invalid argument supplied for foreach() D:\heyi\USBWebserver\root\xj_property\Application\Admin\Controller\BaseController.class.php 第 66 行.
SQL: SHOW COLUMNS FROM `web_treenode` [ RunTime:0.0312s ]
SQL: SELECT * FROM `web_treenode` WHERE `menuflag` = 1 AND `is_hide` = 0 ORDER BY sort DESC  [ RunTime:0.0020s ]
SQL: SHOW COLUMNS FROM `web_category` [ RunTime:0.0265s ]
SQL: SELECT * FROM `web_category` WHERE ( pid = 0 )  [ RunTime:0.0009s ]
SQL: SELECT * FROM `web_category` WHERE ( pid=1 )  [ RunTime:0.0006s ]
SQL: SELECT * FROM `web_category` WHERE ( pid=5 )  [ RunTime:0.0004s ]
SQL: SELECT * FROM `web_category` WHERE ( pid=10 )  [ RunTime:0.0004s ]
SQL: SELECT * FROM `web_category` WHERE ( pid=19 )  [ RunTime:0.0008s ]
SQL: SELECT * FROM `web_category` WHERE ( pid=20 )  [ RunTime:0.0009s ]
SQL: SELECT * FROM `web_category` WHERE ( pid=21 )  [ RunTime:0.0008s ]
INFO: [ view_parse ] --START--
INFO: [ template_filter ] --START--
INFO: Run Behavior\ContentReplaceBehavior [ RunTime:0.000270s ]
INFO: [ template_filter ] --END-- [ RunTime:0.000393s ]
NOTIC: [8] Undefined variable: Os D:\heyi\USBWebserver\root\xj_property\Application\Runtime\Cache\Admin\e529c7c0b2802539dcd1db5ea171c017.php 第 140 行.
NOTIC: [8] Undefined variable: page D:\heyi\USBWebserver\root\xj_property\Application\Runtime\Cache\Admin\e529c7c0b2802539dcd1db5ea171c017.php 第 228 行.
INFO: Run Behavior\ParseTemplateBehavior [ RunTime:0.047739s ]
INFO: [ view_parse ] --END-- [ RunTime:0.047861s ]
INFO: [ view_filter ] --START--
INFO: Run Behavior\WriteHtmlCacheBehavior [ RunTime:0.002106s ]
INFO: [ view_filter ] --END-- [ RunTime:0.002200s ]
INFO: [ app_end ] --START--
INFO: Run Behavior\ShowPageTraceBehavior [ RunTime:0.002667s ]
INFO: [ app_end ] --END-- [ RunTime:0.002827s ]

[ 2017-03-24T10:07:11+08:00 ] ::1 /xj_property/Admin/plat/category.html
INFO: [ app_init ] --START--
INFO: Run Behavior\BuildLiteBehavior [ RunTime:0.000040s ]
INFO: [ app_init ] --END-- [ RunTime:0.003153s ]
INFO: [ app_begin ] --START--
INFO: Run Behavior\ReadHtmlCacheBehavior [ RunTime:0.004648s ]
INFO: [ app_begin ] --END-- [ RunTime:0.004799s ]
NOTIC: [8] Undefined index: menu_list D:\heyi\USBWebserver\root\xj_property\Application\Admin\Controller\BaseController.class.php 第 66 行.
NOTIC: [2] Invalid argument supplied for foreach() D:\heyi\USBWebserver\root\xj_property\Application\Admin\Controller\BaseController.class.php 第 66 行.
SQL: SHOW COLUMNS FROM `web_treenode` [ RunTime:0.0428s ]
SQL: SELECT * FROM `web_treenode` WHERE `menuflag` = 1 AND `is_hide` = 0 ORDER BY sort DESC  [ RunTime:0.0017s ]
SQL: SHOW COLUMNS FROM `web_category` [ RunTime:0.0321s ]
SQL: SELECT * FROM `web_category` WHERE ( pid = 0 )  [ RunTime:0.0010s ]
SQL: SELECT * FROM `web_category` WHERE ( pid=1 )  [ RunTime:0.0008s ]
SQL: SELECT * FROM `web_category` WHERE ( pid=5 )  [ RunTime:0.0009s ]
SQL: SELECT * FROM `web_category` WHERE ( pid=10 )  [ RunTime:0.0008s ]
SQL: SELECT * FROM `web_category` WHERE ( pid=19 )  [ RunTime:0.0009s ]
SQL: SELECT * FROM `web_category` WHERE ( pid=20 )  [ RunTime:0.0007s ]
SQL: SELECT * FROM `web_category` WHERE ( pid=21 )  [ RunTime:0.0008s ]
INFO: [ view_parse ] --START--
INFO: [ template_filter ] --START--
INFO: Run Behavior\ContentReplaceBehavior [ RunTime:0.000316s ]
INFO: [ template_filter ] --END-- [ RunTime:0.000442s ]
NOTIC: [8] Undefined variable: Os D:\heyi\USBWebserver\root\xj_property\Application\Runtime\Cache\Admin\e529c7c0b2802539dcd1db5ea171c017.php 第 140 行.
NOTIC: [8] Undefined variable: page D:\heyi\USBWebserver\root\xj_property\Application\Runtime\Cache\Admin\e529c7c0b2802539dcd1db5ea171c017.php 第 228 行.
INFO: Run Behavior\ParseTemplateBehavior [ RunTime:0.047602s ]
INFO: [ view_parse ] --END-- [ RunTime:0.047715s ]
INFO: [ view_filter ] --START--
INFO: Run Behavior\WriteHtmlCacheBehavior [ RunTime:0.002461s ]
INFO: [ view_filter ] --END-- [ RunTime:0.002568s ]
INFO: [ app_end ] --START--
INFO: Run Behavior\ShowPageTraceBehavior [ RunTime:0.003480s ]
INFO: [ app_end ] --END-- [ RunTime:0.003629s ]

[ 2017-03-24T10:07:13+08:00 ] ::1 /xj_property/Admin/service/lists.html
INFO: [ app_init ] --START--
INFO: Run Behavior\BuildLiteBehavior [ RunTime:0.000036s ]
INFO: [ app_init ] --END-- [ RunTime:0.001675s ]
INFO: [ app_begin ] --START--
INFO: Run Behavior\ReadHtmlCacheBehavior [ RunTime:0.002043s ]
INFO: [ app_begin ] --END-- [ RunTime:0.002156s ]
NOTIC: [8] Undefined index: menu_list D:\heyi\USBWebserver\root\xj_property\Application\Admin\Controller\BaseController.class.php 第 66 行.
NOTIC: [2] Invalid argument supplied for foreach() D:\heyi\USBWebserver\root\xj_property\Application\Admin\Controller\BaseController.class.php 第 66 行.
SQL: SHOW COLUMNS FROM `web_treenode` [ RunTime:0.0416s ]
SQL: SELECT * FROM `web_treenode` WHERE `menuflag` = 1 AND `is_hide` = 0 ORDER BY sort DESC  [ RunTime:0.0019s ]
SQL: SHOW COLUMNS FROM `web_service1` [ RunTime:0.0213s ]
SQL: SELECT s.*,p.title FROM web_service1 s left join web_place p on s.place_id=p.id  WHERE ( s.is_del=0 )  [ RunTime:0.0012s ]
SQL: SHOW COLUMNS FROM `web_service2` [ RunTime:0.0501s ]
SQL: SELECT s.*,p.title FROM web_service2 s left join web_place p on s.place_id=p.id  WHERE ( s.is_del=0 )  [ RunTime:0.0010s ]
INFO: [ view_parse ] --START--
INFO: [ template_filter ] --START--
INFO: Run Behavior\ContentReplaceBehavior [ RunTime:0.000305s ]
INFO: [ template_filter ] --END-- [ RunTime:0.000443s ]
NOTIC: [8] Undefined variable: Os D:\heyi\USBWebserver\root\xj_property\Application\Runtime\Cache\Admin\277a2838f7529798d02e341c0f97e605.php 第 173 行.
NOTIC: [8] Undefined variable: page D:\heyi\USBWebserver\root\xj_property\Application\Runtime\Cache\Admin\277a2838f7529798d02e341c0f97e605.php 第 265 行.
NOTIC: [8] Undefined variable: page D:\heyi\USBWebserver\root\xj_property\Application\Runtime\Cache\Admin\277a2838f7529798d02e341c0f97e605.php 第 326 行.
INFO: Run Behavior\ParseTemplateBehavior [ RunTime:0.042565s ]
INFO: [ view_parse ] --END-- [ RunTime:0.042659s ]
INFO: [ view_filter ] --START--
INFO: Run Behavior\WriteHtmlCacheBehavior [ RunTime:0.001545s ]
INFO: [ view_filter ] --END-- [ RunTime:0.001624s ]
INFO: [ app_end ] --START--
INFO: Run Behavior\ShowPageTraceBehavior [ RunTime:0.002511s ]
INFO: [ app_end ] --END-- [ RunTime:0.002628s ]

[ 2017-03-24T10:07:18+08:00 ] ::1 /xj_property/Admin/place/lists.html
INFO: [ app_init ] --START--
INFO: Run Behavior\BuildLiteBehavior [ RunTime:0.000023s ]
INFO: [ app_init ] --END-- [ RunTime:0.000995s ]
INFO: [ app_begin ] --START--
INFO: Run Behavior\ReadHtmlCacheBehavior [ RunTime:0.001577s ]
INFO: [ app_begin ] --END-- [ RunTime:0.001687s ]
NOTIC: [8] Undefined index: menu_list D:\heyi\USBWebserver\root\xj_property\Application\Admin\Controller\BaseController.class.php 第 66 行.
NOTIC: [2] Invalid argument supplied for foreach() D:\heyi\USBWebserver\root\xj_property\Application\Admin\Controller\BaseController.class.php 第 66 行.
SQL: SHOW COLUMNS FROM `web_treenode` [ RunTime:0.0429s ]
SQL: SELECT * FROM `web_treenode` WHERE `menuflag` = 1 AND `is_hide` = 0 ORDER BY sort DESC  [ RunTime:0.0022s ]
SQL: SHOW COLUMNS FROM `web_place` [ RunTime:0.0232s ]
SQL: SELECT COUNT(*) AS tp_count FROM `web_place` WHERE ( is_del=0 ) LIMIT 1   [ RunTime:0.0006s ]
SQL: SELECT * FROM `web_place` WHERE ( is_del=0 ) ORDER BY id DESC LIMIT 0,5   [ RunTime:0.0010s ]
INFO: [ view_parse ] --START--
INFO: [ template_filter ] --START--
INFO: Run Behavior\ContentReplaceBehavior [ RunTime:0.000239s ]
INFO: [ template_filter ] --END-- [ RunTime:0.000367s ]
NOTIC: [8] Undefined variable: Os D:\heyi\USBWebserver\root\xj_property\Application\Runtime\Cache\Admin\fc41fc4b4c0867232004fd502af4d2ad.php 第 157 行.
NOTIC: [8] Undefined index: content D:\heyi\USBWebserver\root\xj_property\Application\Runtime\Cache\Admin\fc41fc4b4c0867232004fd502af4d2ad.php 第 223 行.
NOTIC: [8] Undefined index: content D:\heyi\USBWebserver\root\xj_property\Application\Runtime\Cache\Admin\fc41fc4b4c0867232004fd502af4d2ad.php 第 223 行.
NOTIC: [8] Undefined index: content D:\heyi\USBWebserver\root\xj_property\Application\Runtime\Cache\Admin\fc41fc4b4c0867232004fd502af4d2ad.php 第 223 行.
NOTIC: [8] Undefined index: content D:\heyi\USBWebserver\root\xj_property\Application\Runtime\Cache\Admin\fc41fc4b4c0867232004fd502af4d2ad.php 第 223 行.
NOTIC: [8] Undefined index: content D:\heyi\USBWebserver\root\xj_property\Application\Runtime\Cache\Admin\fc41fc4b4c0867232004fd502af4d2ad.php 第 223 行.
NOTIC: [8] Undefined index: content D:\heyi\USBWebserver\root\xj_property\Application\Runtime\Cache\Admin\fc41fc4b4c0867232004fd502af4d2ad.php 第 223 行.
INFO: Run Behavior\ParseTemplateBehavior [ RunTime:0.034399s ]
INFO: [ view_parse ] --END-- [ RunTime:0.034782s ]
INFO: [ view_filter ] --START--
INFO: Run Behavior\WriteHtmlCacheBehavior [ RunTime:0.002391s ]
INFO: [ view_filter ] --END-- [ RunTime:0.002508s ]
INFO: [ app_end ] --START--
INFO: Run Behavior\ShowPageTraceBehavior [ RunTime:0.002911s ]
INFO: [ app_end ] --END-- [ RunTime:0.003047s ]

[ 2017-03-24T10:07:22+08:00 ] ::1 /xj_property/Admin/orders/index.html
INFO: [ app_init ] --START--
INFO: Run Behavior\BuildLiteBehavior [ RunTime:0.000051s ]
INFO: [ app_init ] --END-- [ RunTime:0.001785s ]
INFO: [ app_begin ] --START--
INFO: Run Behavior\ReadHtmlCacheBehavior [ RunTime:0.002404s ]
INFO: [ app_begin ] --END-- [ RunTime:0.002521s ]
NOTIC: [8] Undefined index: menu_list D:\heyi\USBWebserver\root\xj_property\Application\Admin\Controller\BaseController.class.php 第 66 行.
NOTIC: [2] Invalid argument supplied for foreach() D:\heyi\USBWebserver\root\xj_property\Application\Admin\Controller\BaseController.class.php 第 66 行.
SQL: SHOW COLUMNS FROM `web_treenode` [ RunTime:0.0314s ]
SQL: SELECT * FROM `web_treenode` WHERE `menuflag` = 1 AND `is_hide` = 0 ORDER BY sort DESC  [ RunTime:0.0019s ]
ERR: 1146:Table 'xj_property.web_order' doesn't exist
 [ SQL语句 ] : SHOW COLUMNS FROM `web_order`
ERR: 1146:Table 'xj_property.web_order' doesn't exist
 [ SQL语句 ] : SHOW COLUMNS FROM `web_order`

[ 2017-03-24T11:26:10+08:00 ] ::1 /xj_property/Admin/place/lists.html
INFO: [ app_init ] --START--
INFO: Run Behavior\BuildLiteBehavior [ RunTime:0.000025s ]
INFO: [ app_init ] --END-- [ RunTime:0.001560s ]
INFO: [ app_begin ] --START--
INFO: Run Behavior\ReadHtmlCacheBehavior [ RunTime:0.001620s ]
INFO: [ app_begin ] --END-- [ RunTime:0.001735s ]
NOTIC: [8] Undefined index: menu_list D:\heyi\USBWebserver\root\xj_property\Application\Admin\Controller\BaseController.class.php 第 66 行.
NOTIC: [2] Invalid argument supplied for foreach() D:\heyi\USBWebserver\root\xj_property\Application\Admin\Controller\BaseController.class.php 第 66 行.
SQL: SHOW COLUMNS FROM `web_treenode` [ RunTime:0.0421s ]
SQL: SELECT * FROM `web_treenode` WHERE `menuflag` = 1 AND `is_hide` = 0 ORDER BY sort DESC  [ RunTime:0.0034s ]
SQL: SHOW COLUMNS FROM `web_place` [ RunTime:0.0280s ]
SQL: SELECT COUNT(*) AS tp_count FROM `web_place` WHERE ( is_del=0 ) LIMIT 1   [ RunTime:0.0010s ]
SQL: SELECT * FROM `web_place` WHERE ( is_del=0 ) ORDER BY id DESC LIMIT 0,5   [ RunTime:0.0012s ]
INFO: [ view_parse ] --START--
INFO: [ template_filter ] --START--
INFO: Run Behavior\ContentReplaceBehavior [ RunTime:0.000160s ]
INFO: [ template_filter ] --END-- [ RunTime:0.000233s ]
NOTIC: [8] Undefined variable: Os D:\heyi\USBWebserver\root\xj_property\Application\Runtime\Cache\Admin\fc41fc4b4c0867232004fd502af4d2ad.php 第 157 行.
NOTIC: [8] Undefined index: content D:\heyi\USBWebserver\root\xj_property\Application\Runtime\Cache\Admin\fc41fc4b4c0867232004fd502af4d2ad.php 第 223 行.
NOTIC: [8] Undefined index: content D:\heyi\USBWebserver\root\xj_property\Application\Runtime\Cache\Admin\fc41fc4b4c0867232004fd502af4d2ad.php 第 223 行.
NOTIC: [8] Undefined index: content D:\heyi\USBWebserver\root\xj_property\Application\Runtime\Cache\Admin\fc41fc4b4c0867232004fd502af4d2ad.php 第 223 行.
NOTIC: [8] Undefined index: content D:\heyi\USBWebserver\root\xj_property\Application\Runtime\Cache\Admin\fc41fc4b4c0867232004fd502af4d2ad.php 第 223 行.
NOTIC: [8] Undefined index: content D:\heyi\USBWebserver\root\xj_property\Application\Runtime\Cache\Admin\fc41fc4b4c0867232004fd502af4d2ad.php 第 223 行.
NOTIC: [8] Undefined index: content D:\heyi\USBWebserver\root\xj_property\Application\Runtime\Cache\Admin\fc41fc4b4c0867232004fd502af4d2ad.php 第 223 行.
INFO: Run Behavior\ParseTemplateBehavior [ RunTime:0.046087s ]
INFO: [ view_parse ] --END-- [ RunTime:0.046209s ]
INFO: [ view_filter ] --START--
INFO: Run Behavior\WriteHtmlCacheBehavior [ RunTime:0.001435s ]
INFO: [ view_filter ] --END-- [ RunTime:0.001499s ]
INFO: [ app_end ] --START--
INFO: Run Behavior\ShowPageTraceBehavior [ RunTime:0.001952s ]
INFO: [ app_end ] --END-- [ RunTime:0.002028s ]

[ 2017-03-24T11:26:20+08:00 ] ::1 /xj_property/Admin/Place/add
INFO: [ app_init ] --START--
INFO: Run Behavior\BuildLiteBehavior [ RunTime:0.000024s ]
INFO: [ app_init ] --END-- [ RunTime:0.000977s ]
INFO: [ app_begin ] --START--
INFO: Run Behavior\ReadHtmlCacheBehavior [ RunTime:0.001881s ]
INFO: [ app_begin ] --END-- [ RunTime:0.002078s ]
NOTIC: [8] Undefined index: menu_list D:\heyi\USBWebserver\root\xj_property\Application\Admin\Controller\BaseController.class.php 第 66 行.
NOTIC: [2] Invalid argument supplied for foreach() D:\heyi\USBWebserver\root\xj_property\Application\Admin\Controller\BaseController.class.php 第 66 行.
SQL: SHOW COLUMNS FROM `web_treenode` [ RunTime:0.0318s ]
SQL: SELECT * FROM `web_treenode` WHERE `menuflag` = 1 AND `is_hide` = 0 ORDER BY sort DESC  [ RunTime:0.0023s ]
INFO: [ view_parse ] --START--
INFO: [ template_filter ] --START--
INFO: Run Behavior\ContentReplaceBehavior [ RunTime:0.000069s ]
INFO: [ template_filter ] --END-- [ RunTime:0.000138s ]
NOTIC: [8] Undefined variable: info D:\heyi\USBWebserver\root\xj_property\Application\Runtime\Cache\Admin\79c614838901d039c46089d680787161.php 第 42 行.
INFO: Run Behavior\ParseTemplateBehavior [ RunTime:0.026349s ]
INFO: [ view_parse ] --END-- [ RunTime:0.026498s ]
INFO: [ view_filter ] --START--
INFO: Run Behavior\WriteHtmlCacheBehavior [ RunTime:0.001063s ]
INFO: [ view_filter ] --END-- [ RunTime:0.001126s ]
INFO: [ app_end ] --START--
INFO: Run Behavior\ShowPageTraceBehavior [ RunTime:0.001649s ]
INFO: [ app_end ] --END-- [ RunTime:0.001714s ]

[ 2017-03-24T11:26:26+08:00 ] ::1 /xj_property/Admin/service/lists.html
INFO: [ app_init ] --START--
INFO: Run Behavior\BuildLiteBehavior [ RunTime:0.000027s ]
INFO: [ app_init ] --END-- [ RunTime:0.001447s ]
INFO: [ app_begin ] --START--
INFO: Run Behavior\ReadHtmlCacheBehavior [ RunTime:0.002069s ]
INFO: [ app_begin ] --END-- [ RunTime:0.002287s ]
NOTIC: [8] Undefined index: menu_list D:\heyi\USBWebserver\root\xj_property\Application\Admin\Controller\BaseController.class.php 第 66 行.
NOTIC: [2] Invalid argument supplied for foreach() D:\heyi\USBWebserver\root\xj_property\Application\Admin\Controller\BaseController.class.php 第 66 行.
SQL: SHOW COLUMNS FROM `web_treenode` [ RunTime:0.0970s ]
SQL: SELECT * FROM `web_treenode` WHERE `menuflag` = 1 AND `is_hide` = 0 ORDER BY sort DESC  [ RunTime:0.0021s ]
SQL: SHOW COLUMNS FROM `web_service1` [ RunTime:0.0327s ]
SQL: SELECT s.*,p.title FROM web_service1 s left join web_place p on s.place_id=p.id  WHERE ( s.is_del=0 )  [ RunTime:0.0016s ]
SQL: SHOW COLUMNS FROM `web_service2` [ RunTime:0.0264s ]
SQL: SELECT s.*,p.title FROM web_service2 s left join web_place p on s.place_id=p.id  WHERE ( s.is_del=0 )  [ RunTime:0.0009s ]
INFO: [ view_parse ] --START--
INFO: [ template_filter ] --START--
INFO: Run Behavior\ContentReplaceBehavior [ RunTime:0.000256s ]
INFO: [ template_filter ] --END-- [ RunTime:0.000382s ]
NOTIC: [8] Undefined variable: Os D:\heyi\USBWebserver\root\xj_property\Application\Runtime\Cache\Admin\277a2838f7529798d02e341c0f97e605.php 第 173 行.
NOTIC: [8] Undefined variable: page D:\heyi\USBWebserver\root\xj_property\Application\Runtime\Cache\Admin\277a2838f7529798d02e341c0f97e605.php 第 265 行.
NOTIC: [8] Undefined variable: page D:\heyi\USBWebserver\root\xj_property\Application\Runtime\Cache\Admin\277a2838f7529798d02e341c0f97e605.php 第 326 行.
INFO: Run Behavior\ParseTemplateBehavior [ RunTime:0.042812s ]
INFO: [ view_parse ] --END-- [ RunTime:0.042917s ]
INFO: [ view_filter ] --START--
INFO: Run Behavior\WriteHtmlCacheBehavior [ RunTime:0.001665s ]
INFO: [ view_filter ] --END-- [ RunTime:0.001755s ]
INFO: [ app_end ] --START--
INFO: Run Behavior\ShowPageTraceBehavior [ RunTime:0.002081s ]
INFO: [ app_end ] --END-- [ RunTime:0.002207s ]

[ 2017-03-24T11:27:23+08:00 ] ::1 /xj_property/Admin/plat/category.html
INFO: [ app_init ] --START--
INFO: Run Behavior\BuildLiteBehavior [ RunTime:0.000031s ]
INFO: [ app_init ] --END-- [ RunTime:0.001762s ]
INFO: [ app_begin ] --START--
INFO: Run Behavior\ReadHtmlCacheBehavior [ RunTime:0.007887s ]
INFO: [ app_begin ] --END-- [ RunTime:0.008013s ]
NOTIC: [8] Undefined index: menu_list D:\heyi\USBWebserver\root\xj_property\Application\Admin\Controller\BaseController.class.php 第 66 行.
NOTIC: [2] Invalid argument supplied for foreach() D:\heyi\USBWebserver\root\xj_property\Application\Admin\Controller\BaseController.class.php 第 66 行.
SQL: SHOW COLUMNS FROM `web_treenode` [ RunTime:0.0286s ]
SQL: SELECT * FROM `web_treenode` WHERE `menuflag` = 1 AND `is_hide` = 0 ORDER BY sort DESC  [ RunTime:0.0016s ]
SQL: SHOW COLUMNS FROM `web_category` [ RunTime:0.0459s ]
SQL: SELECT * FROM `web_category` WHERE ( pid = 0 )  [ RunTime:0.0011s ]
SQL: SELECT * FROM `web_category` WHERE ( pid=1 )  [ RunTime:0.0009s ]
SQL: SELECT * FROM `web_category` WHERE ( pid=5 )  [ RunTime:0.0007s ]
SQL: SELECT * FROM `web_category` WHERE ( pid=10 )  [ RunTime:0.0005s ]
SQL: SELECT * FROM `web_category` WHERE ( pid=19 )  [ RunTime:0.0006s ]
SQL: SELECT * FROM `web_category` WHERE ( pid=20 )  [ RunTime:0.0008s ]
SQL: SELECT * FROM `web_category` WHERE ( pid=21 )  [ RunTime:0.0007s ]
INFO: [ view_parse ] --START--
INFO: [ template_filter ] --START--
INFO: Run Behavior\ContentReplaceBehavior [ RunTime:0.000246s ]
INFO: [ template_filter ] --END-- [ RunTime:0.000406s ]
NOTIC: [8] Undefined variable: Os D:\heyi\USBWebserver\root\xj_property\Application\Runtime\Cache\Admin\e529c7c0b2802539dcd1db5ea171c017.php 第 140 行.
NOTIC: [8] Undefined variable: page D:\heyi\USBWebserver\root\xj_property\Application\Runtime\Cache\Admin\e529c7c0b2802539dcd1db5ea171c017.php 第 228 行.
INFO: Run Behavior\ParseTemplateBehavior [ RunTime:0.049088s ]
INFO: [ view_parse ] --END-- [ RunTime:0.049299s ]
INFO: [ view_filter ] --START--
INFO: Run Behavior\WriteHtmlCacheBehavior [ RunTime:0.001506s ]
INFO: [ view_filter ] --END-- [ RunTime:0.001603s ]
INFO: [ app_end ] --START--
INFO: Run Behavior\ShowPageTraceBehavior [ RunTime:0.002377s ]
INFO: [ app_end ] --END-- [ RunTime:0.002518s ]

[ 2017-03-24T11:27:29+08:00 ] ::1 /xj_property/Admin/Plat/cate_add
INFO: [ app_init ] --START--
INFO: Run Behavior\BuildLiteBehavior [ RunTime:0.000038s ]
INFO: [ app_init ] --END-- [ RunTime:0.001923s ]
INFO: [ app_begin ] --START--
INFO: Run Behavior\ReadHtmlCacheBehavior [ RunTime:0.001199s ]
INFO: [ app_begin ] --END-- [ RunTime:0.001312s ]
NOTIC: [8] Undefined index: menu_list D:\heyi\USBWebserver\root\xj_property\Application\Admin\Controller\BaseController.class.php 第 66 行.
NOTIC: [2] Invalid argument supplied for foreach() D:\heyi\USBWebserver\root\xj_property\Application\Admin\Controller\BaseController.class.php 第 66 行.
SQL: SHOW COLUMNS FROM `web_treenode` [ RunTime:0.0288s ]
SQL: SELECT * FROM `web_treenode` WHERE `menuflag` = 1 AND `is_hide` = 0 ORDER BY sort DESC  [ RunTime:0.0025s ]
SQL: SHOW COLUMNS FROM `web_category` [ RunTime:0.0264s ]
SQL: SELECT * FROM `web_category` WHERE ( pid = 0 )  [ RunTime:0.0009s ]
INFO: [ view_parse ] --START--
INFO: [ template_filter ] --START--
INFO: Run Behavior\ContentReplaceBehavior [ RunTime:0.000084s ]
INFO: [ template_filter ] --END-- [ RunTime:0.000165s ]
NOTIC: [8] Undefined variable: data D:\heyi\USBWebserver\root\xj_property\Application\Runtime\Cache\Admin\bf2bff0ec85bd954d31246c57d9551cc.php 第 42 行.
NOTIC: [8] Undefined variable: data D:\heyi\USBWebserver\root\xj_property\Application\Runtime\Cache\Admin\bf2bff0ec85bd954d31246c57d9551cc.php 第 51 行.
NOTIC: [8] Undefined variable: data D:\heyi\USBWebserver\root\xj_property\Application\Runtime\Cache\Admin\bf2bff0ec85bd954d31246c57d9551cc.php 第 53 行.
NOTIC: [8] Undefined variable: data D:\heyi\USBWebserver\root\xj_property\Application\Runtime\Cache\Admin\bf2bff0ec85bd954d31246c57d9551cc.php 第 53 行.
NOTIC: [8] Undefined variable: data D:\heyi\USBWebserver\root\xj_property\Application\Runtime\Cache\Admin\bf2bff0ec85bd954d31246c57d9551cc.php 第 53 行.
NOTIC: [8] Undefined variable: data D:\heyi\USBWebserver\root\xj_property\Application\Runtime\Cache\Admin\bf2bff0ec85bd954d31246c57d9551cc.php 第 53 行.
NOTIC: [8] Undefined variable: data D:\heyi\USBWebserver\root\xj_property\Application\Runtime\Cache\Admin\bf2bff0ec85bd954d31246c57d9551cc.php 第 53 行.
NOTIC: [8] Undefined variable: data D:\heyi\USBWebserver\root\xj_property\Application\Runtime\Cache\Admin\bf2bff0ec85bd954d31246c57d9551cc.php 第 53 行.
NOTIC: [8] Undefined variable: data D:\heyi\USBWebserver\root\xj_property\Application\Runtime\Cache\Admin\bf2bff0ec85bd954d31246c57d9551cc.php 第 62 行.
NOTIC: [8] Undefined variable: data D:\heyi\USBWebserver\root\xj_property\Application\Runtime\Cache\Admin\bf2bff0ec85bd954d31246c57d9551cc.php 第 70 行.
NOTIC: [8] Undefined variable: data D:\heyi\USBWebserver\root\xj_property\Application\Runtime\Cache\Admin\bf2bff0ec85bd954d31246c57d9551cc.php 第 71 行.
INFO: Run Behavior\ParseTemplateBehavior [ RunTime:0.027248s ]
INFO: [ view_parse ] --END-- [ RunTime:0.027326s ]
INFO: [ view_filter ] --START--
INFO: Run Behavior\WriteHtmlCacheBehavior [ RunTime:0.001278s ]
INFO: [ view_filter ] --END-- [ RunTime:0.001350s ]
INFO: [ app_end ] --START--
INFO: Run Behavior\ShowPageTraceBehavior [ RunTime:0.003248s ]
INFO: [ app_end ] --END-- [ RunTime:0.003344s ]

[ 2017-03-24T11:29:01+08:00 ] ::1 /xj_property/Admin/Plat/cate_add
INFO: [ app_init ] --START--
INFO: Run Behavior\BuildLiteBehavior [ RunTime:0.000027s ]
INFO: [ app_init ] --END-- [ RunTime:0.001977s ]
INFO: [ app_begin ] --START--
INFO: Run Behavior\ReadHtmlCacheBehavior [ RunTime:0.003549s ]
INFO: [ app_begin ] --END-- [ RunTime:0.004212s ]
NOTIC: [8] Undefined index: menu_list D:\heyi\USBWebserver\root\xj_property\Application\Admin\Controller\BaseController.class.php 第 66 行.
NOTIC: [2] Invalid argument supplied for foreach() D:\heyi\USBWebserver\root\xj_property\Application\Admin\Controller\BaseController.class.php 第 66 行.
SQL: SHOW COLUMNS FROM `web_treenode` [ RunTime:0.0465s ]
SQL: SELECT * FROM `web_treenode` WHERE `menuflag` = 1 AND `is_hide` = 0 ORDER BY sort DESC  [ RunTime:0.0016s ]
SQL: SHOW COLUMNS FROM `web_category` [ RunTime:0.0289s ]
SQL: SELECT * FROM `web_category` WHERE ( pid = 0 )  [ RunTime:0.0010s ]
INFO: [ view_parse ] --START--
INFO: [ template_filter ] --START--
INFO: Run Behavior\ContentReplaceBehavior [ RunTime:0.000083s ]
INFO: [ template_filter ] --END-- [ RunTime:0.000150s ]
NOTIC: [8] Undefined variable: data D:\heyi\USBWebserver\root\xj_property\Application\Runtime\Cache\Admin\bf2bff0ec85bd954d31246c57d9551cc.php 第 42 行.
NOTIC: [8] Undefined variable: data D:\heyi\USBWebserver\root\xj_property\Application\Runtime\Cache\Admin\bf2bff0ec85bd954d31246c57d9551cc.php 第 51 行.
NOTIC: [8] Undefined variable: data D:\heyi\USBWebserver\root\xj_property\Application\Runtime\Cache\Admin\bf2bff0ec85bd954d31246c57d9551cc.php 第 53 行.
NOTIC: [8] Undefined variable: data D:\heyi\USBWebserver\root\xj_property\Application\Runtime\Cache\Admin\bf2bff0ec85bd954d31246c57d9551cc.php 第 53 行.
NOTIC: [8] Undefined variable: data D:\heyi\USBWebserver\root\xj_property\Application\Runtime\Cache\Admin\bf2bff0ec85bd954d31246c57d9551cc.php 第 53 行.
NOTIC: [8] Undefined variable: data D:\heyi\USBWebserver\root\xj_property\Application\Runtime\Cache\Admin\bf2bff0ec85bd954d31246c57d9551cc.php 第 53 行.
NOTIC: [8] Undefined variable: data D:\heyi\USBWebserver\root\xj_property\Application\Runtime\Cache\Admin\bf2bff0ec85bd954d31246c57d9551cc.php 第 53 行.
NOTIC: [8] Undefined variable: data D:\heyi\USBWebserver\root\xj_property\Application\Runtime\Cache\Admin\bf2bff0ec85bd954d31246c57d9551cc.php 第 53 行.
NOTIC: [8] Undefined variable: data D:\heyi\USBWebserver\root\xj_property\Application\Runtime\Cache\Admin\bf2bff0ec85bd954d31246c57d9551cc.php 第 62 行.
NOTIC: [8] Undefined variable: data D:\heyi\USBWebserver\root\xj_property\Application\Runtime\Cache\Admin\bf2bff0ec85bd954d31246c57d9551cc.php 第 70 行.
NOTIC: [8] Undefined variable: data D:\heyi\USBWebserver\root\xj_property\Application\Runtime\Cache\Admin\bf2bff0ec85bd954d31246c57d9551cc.php 第 71 行.
INFO: Run Behavior\ParseTemplateBehavior [ RunTime:0.028087s ]
INFO: [ view_parse ] --END-- [ RunTime:0.028211s ]
INFO: [ view_filter ] --START--
INFO: Run Behavior\WriteHtmlCacheBehavior [ RunTime:0.001586s ]
INFO: [ view_filter ] --END-- [ RunTime:0.001659s ]
INFO: [ app_end ] --START--
INFO: Run Behavior\ShowPageTraceBehavior [ RunTime:0.002076s ]
INFO: [ app_end ] --END-- [ RunTime:0.002178s ]

[ 2017-03-24T11:29:13+08:00 ] ::1 /xj_property/Admin/service/lists.html
INFO: [ app_init ] --START--
INFO: Run Behavior\BuildLiteBehavior [ RunTime:0.000032s ]
INFO: [ app_init ] --END-- [ RunTime:0.001174s ]
INFO: [ app_begin ] --START--
INFO: Run Behavior\ReadHtmlCacheBehavior [ RunTime:0.001317s ]
INFO: [ app_begin ] --END-- [ RunTime:0.001430s ]
NOTIC: [8] Undefined index: menu_list D:\heyi\USBWebserver\root\xj_property\Application\Admin\Controller\BaseController.class.php 第 66 行.
NOTIC: [2] Invalid argument supplied for foreach() D:\heyi\USBWebserver\root\xj_property\Application\Admin\Controller\BaseController.class.php 第 66 行.
SQL: SHOW COLUMNS FROM `web_treenode` [ RunTime:0.0254s ]
SQL: SELECT * FROM `web_treenode` WHERE `menuflag` = 1 AND `is_hide` = 0 ORDER BY sort DESC  [ RunTime:0.0019s ]
SQL: SHOW COLUMNS FROM `web_service1` [ RunTime:0.0257s ]
SQL: SELECT s.*,p.title FROM web_service1 s left join web_place p on s.place_id=p.id  WHERE ( s.is_del=0 )  [ RunTime:0.0011s ]
SQL: SHOW COLUMNS FROM `web_service2` [ RunTime:0.0256s ]
SQL: SELECT s.*,p.title FROM web_service2 s left join web_place p on s.place_id=p.id  WHERE ( s.is_del=0 )  [ RunTime:0.0008s ]
INFO: [ view_parse ] --START--
INFO: [ template_filter ] --START--
INFO: Run Behavior\ContentReplaceBehavior [ RunTime:0.000220s ]
INFO: [ template_filter ] --END-- [ RunTime:0.000344s ]
NOTIC: [8] Undefined variable: Os D:\heyi\USBWebserver\root\xj_property\Application\Runtime\Cache\Admin\277a2838f7529798d02e341c0f97e605.php 第 173 行.
NOTIC: [8] Undefined variable: page D:\heyi\USBWebserver\root\xj_property\Application\Runtime\Cache\Admin\277a2838f7529798d02e341c0f97e605.php 第 265 行.
NOTIC: [8] Undefined variable: page D:\heyi\USBWebserver\root\xj_property\Application\Runtime\Cache\Admin\277a2838f7529798d02e341c0f97e605.php 第 326 行.
INFO: Run Behavior\ParseTemplateBehavior [ RunTime:0.047392s ]
INFO: [ view_parse ] --END-- [ RunTime:0.047496s ]
INFO: [ view_filter ] --START--
INFO: Run Behavior\WriteHtmlCacheBehavior [ RunTime:0.001238s ]
INFO: [ view_filter ] --END-- [ RunTime:0.001302s ]
INFO: [ app_end ] --START--
INFO: Run Behavior\ShowPageTraceBehavior [ RunTime:0.002251s ]
INFO: [ app_end ] --END-- [ RunTime:0.002387s ]

[ 2017-03-24T11:30:25+08:00 ] ::1 /xj_property/Admin/place/lists.html
INFO: [ app_init ] --START--
INFO: Run Behavior\BuildLiteBehavior [ RunTime:0.000062s ]
INFO: [ app_init ] --END-- [ RunTime:0.002575s ]
INFO: [ app_begin ] --START--
INFO: Run Behavior\ReadHtmlCacheBehavior [ RunTime:0.001317s ]
INFO: [ app_begin ] --END-- [ RunTime:0.001414s ]
NOTIC: [8] Undefined index: menu_list D:\heyi\USBWebserver\root\xj_property\Application\Admin\Controller\BaseController.class.php 第 66 行.
NOTIC: [2] Invalid argument supplied for foreach() D:\heyi\USBWebserver\root\xj_property\Application\Admin\Controller\BaseController.class.php 第 66 行.
SQL: SHOW COLUMNS FROM `web_treenode` [ RunTime:0.0286s ]
SQL: SELECT * FROM `web_treenode` WHERE `menuflag` = 1 AND `is_hide` = 0 ORDER BY sort DESC  [ RunTime:0.0022s ]
SQL: SHOW COLUMNS FROM `web_place` [ RunTime:0.0253s ]
SQL: SELECT COUNT(*) AS tp_count FROM `web_place` WHERE ( is_del=0 ) LIMIT 1   [ RunTime:0.0008s ]
SQL: SELECT * FROM `web_place` WHERE ( is_del=0 ) ORDER BY id DESC LIMIT 0,5   [ RunTime:0.0008s ]
INFO: [ view_parse ] --START--
INFO: [ template_filter ] --START--
INFO: Run Behavior\ContentReplaceBehavior [ RunTime:0.000197s ]
INFO: [ template_filter ] --END-- [ RunTime:0.000295s ]
NOTIC: [8] Undefined variable: Os D:\heyi\USBWebserver\root\xj_property\Application\Runtime\Cache\Admin\fc41fc4b4c0867232004fd502af4d2ad.php 第 157 行.
NOTIC: [8] Undefined index: content D:\heyi\USBWebserver\root\xj_property\Application\Runtime\Cache\Admin\fc41fc4b4c0867232004fd502af4d2ad.php 第 223 行.
NOTIC: [8] Undefined index: content D:\heyi\USBWebserver\root\xj_property\Application\Runtime\Cache\Admin\fc41fc4b4c0867232004fd502af4d2ad.php 第 223 行.
NOTIC: [8] Undefined index: content D:\heyi\USBWebserver\root\xj_property\Application\Runtime\Cache\Admin\fc41fc4b4c0867232004fd502af4d2ad.php 第 223 行.
NOTIC: [8] Undefined index: content D:\heyi\USBWebserver\root\xj_property\Application\Runtime\Cache\Admin\fc41fc4b4c0867232004fd502af4d2ad.php 第 223 行.
NOTIC: [8] Undefined index: content D:\heyi\USBWebserver\root\xj_property\Application\Runtime\Cache\Admin\fc41fc4b4c0867232004fd502af4d2ad.php 第 223 行.
NOTIC: [8] Undefined index: content D:\heyi\USBWebserver\root\xj_property\Application\Runtime\Cache\Admin\fc41fc4b4c0867232004fd502af4d2ad.php 第 223 行.
INFO: Run Behavior\ParseTemplateBehavior [ RunTime:0.038511s ]
INFO: [ view_parse ] --END-- [ RunTime:0.038589s ]
INFO: [ view_filter ] --START--
INFO: Run Behavior\WriteHtmlCacheBehavior [ RunTime:0.001161s ]
INFO: [ view_filter ] --END-- [ RunTime:0.001225s ]
INFO: [ app_end ] --START--
INFO: Run Behavior\ShowPageTraceBehavior [ RunTime:0.001907s ]
INFO: [ app_end ] --END-- [ RunTime:0.001988s ]

[ 2017-03-24T11:33:42+08:00 ] ::1 /xj_property/Admin/service/lists.html
INFO: [ app_init ] --START--
INFO: Run Behavior\BuildLiteBehavior [ RunTime:0.000032s ]
INFO: [ app_init ] --END-- [ RunTime:0.003954s ]
INFO: [ app_begin ] --START--
INFO: Run Behavior\ReadHtmlCacheBehavior [ RunTime:0.001665s ]
INFO: [ app_begin ] --END-- [ RunTime:0.001831s ]
NOTIC: [8] Undefined index: menu_list D:\heyi\USBWebserver\root\xj_property\Application\Admin\Controller\BaseController.class.php 第 66 行.
NOTIC: [2] Invalid argument supplied for foreach() D:\heyi\USBWebserver\root\xj_property\Application\Admin\Controller\BaseController.class.php 第 66 行.
SQL: SHOW COLUMNS FROM `web_treenode` [ RunTime:0.0251s ]
SQL: SELECT * FROM `web_treenode` WHERE `menuflag` = 1 AND `is_hide` = 0 ORDER BY sort DESC  [ RunTime:0.0023s ]
SQL: SHOW COLUMNS FROM `web_service1` [ RunTime:0.0274s ]
SQL: SELECT s.*,p.title FROM web_service1 s left join web_place p on s.place_id=p.id  WHERE ( s.is_del=0 )  [ RunTime:0.0012s ]
SQL: SHOW COLUMNS FROM `web_service2` [ RunTime:0.0291s ]
SQL: SELECT s.*,p.title FROM web_service2 s left join web_place p on s.place_id=p.id  WHERE ( s.is_del=0 )  [ RunTime:0.0011s ]
INFO: [ view_parse ] --START--
INFO: [ template_filter ] --START--
INFO: Run Behavior\ContentReplaceBehavior [ RunTime:0.000262s ]
INFO: [ template_filter ] --END-- [ RunTime:0.000439s ]
NOTIC: [8] Undefined variable: Os D:\heyi\USBWebserver\root\xj_property\Application\Runtime\Cache\Admin\277a2838f7529798d02e341c0f97e605.php 第 173 行.
NOTIC: [8] Undefined variable: page D:\heyi\USBWebserver\root\xj_property\Application\Runtime\Cache\Admin\277a2838f7529798d02e341c0f97e605.php 第 265 行.
NOTIC: [8] Undefined variable: page D:\heyi\USBWebserver\root\xj_property\Application\Runtime\Cache\Admin\277a2838f7529798d02e341c0f97e605.php 第 326 行.
INFO: Run Behavior\ParseTemplateBehavior [ RunTime:0.048548s ]
INFO: [ view_parse ] --END-- [ RunTime:0.048719s ]
INFO: [ view_filter ] --START--
INFO: Run Behavior\WriteHtmlCacheBehavior [ RunTime:0.002256s ]
INFO: [ view_filter ] --END-- [ RunTime:0.002372s ]
INFO: [ app_end ] --START--
INFO: Run Behavior\ShowPageTraceBehavior [ RunTime:0.003801s ]
INFO: [ app_end ] --END-- [ RunTime:0.003963s ]

[ 2017-03-24T12:00:01+08:00 ] ::1 /xj_property/Admin/words/setting.html
INFO: [ app_init ] --START--
INFO: Run Behavior\BuildLiteBehavior [ RunTime:0.000024s ]
INFO: [ app_init ] --END-- [ RunTime:0.001108s ]
INFO: [ app_begin ] --START--
INFO: Run Behavior\ReadHtmlCacheBehavior [ RunTime:0.002512s ]
INFO: [ app_begin ] --END-- [ RunTime:0.002625s ]
NOTIC: [8] Undefined index: menu_list D:\heyi\USBWebserver\root\xj_property\Application\Admin\Controller\BaseController.class.php 第 66 行.
NOTIC: [2] Invalid argument supplied for foreach() D:\heyi\USBWebserver\root\xj_property\Application\Admin\Controller\BaseController.class.php 第 66 行.
SQL: SHOW COLUMNS FROM `web_treenode` [ RunTime:0.0253s ]
SQL: SELECT * FROM `web_treenode` WHERE `menuflag` = 1 AND `is_hide` = 0 ORDER BY sort DESC  [ RunTime:0.0025s ]
SQL: SHOW COLUMNS FROM `web_words` [ RunTime:0.0242s ]
SQL: SELECT COUNT(*) AS tp_count FROM `web_words` LIMIT 1   [ RunTime:0.0009s ]
SQL: SELECT * FROM `web_words` LIMIT 0,12   [ RunTime:0.0008s ]
INFO: [ view_parse ] --START--
INFO: [ template_filter ] --START--
INFO: Run Behavior\ContentReplaceBehavior [ RunTime:0.000255s ]
INFO: [ template_filter ] --END-- [ RunTime:0.000386s ]
NOTIC: [8] Undefined variable: Os D:\heyi\USBWebserver\root\xj_property\Application\Runtime\Cache\Admin\ac91b0c0b69559d8dc62da2c48526d84.php 第 157 行.
NOTIC: [8] Undefined index: feedid D:\heyi\USBWebserver\root\xj_property\Application\Runtime\Cache\Admin\ac91b0c0b69559d8dc62da2c48526d84.php 第 221 行.
NOTIC: [8] Undefined index: type_id D:\heyi\USBWebserver\root\xj_property\Application\Runtime\Cache\Admin\ac91b0c0b69559d8dc62da2c48526d84.php 第 221 行.
NOTIC: [8] Undefined index: feedid D:\heyi\USBWebserver\root\xj_property\Application\Runtime\Cache\Admin\ac91b0c0b69559d8dc62da2c48526d84.php 第 221 行.
NOTIC: [8] Undefined index: type_id D:\heyi\USBWebserver\root\xj_property\Application\Runtime\Cache\Admin\ac91b0c0b69559d8dc62da2c48526d84.php 第 221 行.
NOTIC: [8] Undefined index: feedid D:\heyi\USBWebserver\root\xj_property\Application\Runtime\Cache\Admin\ac91b0c0b69559d8dc62da2c48526d84.php 第 221 行.
NOTIC: [8] Undefined index: type_id D:\heyi\USBWebserver\root\xj_property\Application\Runtime\Cache\Admin\ac91b0c0b69559d8dc62da2c48526d84.php 第 221 行.
NOTIC: [8] Undefined index: feedid D:\heyi\USBWebserver\root\xj_property\Application\Runtime\Cache\Admin\ac91b0c0b69559d8dc62da2c48526d84.php 第 221 行.
NOTIC: [8] Undefined index: type_id D:\heyi\USBWebserver\root\xj_property\Application\Runtime\Cache\Admin\ac91b0c0b69559d8dc62da2c48526d84.php 第 221 行.
INFO: Run Behavior\ParseTemplateBehavior [ RunTime:0.035527s ]
INFO: [ view_parse ] --END-- [ RunTime:0.035607s ]
INFO: [ view_filter ] --START--
INFO: Run Behavior\WriteHtmlCacheBehavior [ RunTime:0.002030s ]
INFO: [ view_filter ] --END-- [ RunTime:0.002122s ]
INFO: [ app_end ] --START--
INFO: Run Behavior\ShowPageTraceBehavior [ RunTime:0.002074s ]
INFO: [ app_end ] --END-- [ RunTime:0.002187s ]

[ 2017-03-24T12:00:05+08:00 ] ::1 /xj_property/Admin/Words/editWords?words_id=2
INFO: [ app_init ] --START--
INFO: Run Behavior\BuildLiteBehavior [ RunTime:0.000036s ]
INFO: [ app_init ] --END-- [ RunTime:0.001708s ]
INFO: [ app_begin ] --START--
INFO: Run Behavior\ReadHtmlCacheBehavior [ RunTime:0.001388s ]
INFO: [ app_begin ] --END-- [ RunTime:0.001514s ]
NOTIC: [8] Undefined index: menu_list D:\heyi\USBWebserver\root\xj_property\Application\Admin\Controller\BaseController.class.php 第 66 行.
NOTIC: [2] Invalid argument supplied for foreach() D:\heyi\USBWebserver\root\xj_property\Application\Admin\Controller\BaseController.class.php 第 66 行.
SQL: SHOW COLUMNS FROM `web_treenode` [ RunTime:0.0451s ]
SQL: SELECT * FROM `web_treenode` WHERE `menuflag` = 1 AND `is_hide` = 0 ORDER BY sort DESC  [ RunTime:0.0022s ]
SQL: SHOW COLUMNS FROM `web_words` [ RunTime:0.0330s ]
SQL: SELECT * FROM `web_words` WHERE ( words_id=2 ) LIMIT 1   [ RunTime:0.0006s ]
INFO: [ view_parse ] --START--
INFO: [ template_filter ] --START--
INFO: Run Behavior\ContentReplaceBehavior [ RunTime:0.000273s ]
INFO: [ template_filter ] --END-- [ RunTime:0.000370s ]
NOTIC: [8] Undefined variable: Os D:\heyi\USBWebserver\root\xj_property\Application\Runtime\Cache\Admin\bfe70888f02ef8c0a1e65f582ad04802.php 第 143 行.
INFO: Run Behavior\ParseTemplateBehavior [ RunTime:0.068108s ]
INFO: [ view_parse ] --END-- [ RunTime:0.068274s ]
INFO: [ view_filter ] --START--
INFO: Run Behavior\WriteHtmlCacheBehavior [ RunTime:0.002068s ]
INFO: [ view_filter ] --END-- [ RunTime:0.002185s ]
INFO: [ app_end ] --START--
INFO: Run Behavior\ShowPageTraceBehavior [ RunTime:0.002272s ]
INFO: [ app_end ] --END-- [ RunTime:0.002475s ]

[ 2017-03-24T15:17:39+08:00 ] ::1 /xj_property/Admin/notice/lists.html
INFO: [ app_init ] --START--
INFO: Run Behavior\BuildLiteBehavior [ RunTime:0.000046s ]
INFO: [ app_init ] --END-- [ RunTime:0.001752s ]
INFO: [ app_begin ] --START--
INFO: Run Behavior\ReadHtmlCacheBehavior [ RunTime:0.004608s ]
INFO: [ app_begin ] --END-- [ RunTime:0.004776s ]
NOTIC: [8] Undefined index: menu_list D:\heyi\USBWebserver\root\xj_property\Application\Admin\Controller\BaseController.class.php 第 66 行.
NOTIC: [2] Invalid argument supplied for foreach() D:\heyi\USBWebserver\root\xj_property\Application\Admin\Controller\BaseController.class.php 第 66 行.
SQL: SHOW COLUMNS FROM `web_treenode` [ RunTime:0.0452s ]
SQL: SELECT * FROM `web_treenode` WHERE `menuflag` = 1 AND `is_hide` = 0 ORDER BY sort DESC  [ RunTime:0.0019s ]
SQL: SHOW COLUMNS FROM `web_notice` [ RunTime:0.0263s ]
SQL: SELECT * FROM `web_notice`  [ RunTime:0.0011s ]
INFO: [ view_parse ] --START--
INFO: [ template_filter ] --START--
INFO: Run Behavior\ContentReplaceBehavior [ RunTime:0.000305s ]
INFO: [ template_filter ] --END-- [ RunTime:0.000447s ]
NOTIC: [8] Undefined variable: Os D:\heyi\USBWebserver\root\xj_property\Application\Runtime\Cache\Admin\0ac69445a46e6d878528e00fdbab561f.php 第 173 行.
INFO: Run Behavior\ParseTemplateBehavior [ RunTime:0.065171s ]
INFO: [ view_parse ] --END-- [ RunTime:0.065299s ]
INFO: [ view_filter ] --START--
INFO: Run Behavior\WriteHtmlCacheBehavior [ RunTime:0.001906s ]
INFO: [ view_filter ] --END-- [ RunTime:0.002005s ]
INFO: [ app_end ] --START--
INFO: Run Behavior\ShowPageTraceBehavior [ RunTime:0.002515s ]
INFO: [ app_end ] --END-- [ RunTime:0.002635s ]

[ 2017-03-24T15:20:45+08:00 ] ::1 /xj_property/Admin/activity/lists.html
INFO: [ app_init ] --START--
INFO: Run Behavior\BuildLiteBehavior [ RunTime:0.000030s ]
INFO: [ app_init ] --END-- [ RunTime:0.002008s ]
INFO: [ app_begin ] --START--
INFO: Run Behavior\ReadHtmlCacheBehavior [ RunTime:0.002972s ]
INFO: [ app_begin ] --END-- [ RunTime:0.003178s ]
NOTIC: [8] Undefined index: menu_list D:\heyi\USBWebserver\root\xj_property\Application\Admin\Controller\BaseController.class.php 第 66 行.
NOTIC: [2] Invalid argument supplied for foreach() D:\heyi\USBWebserver\root\xj_property\Application\Admin\Controller\BaseController.class.php 第 66 行.
SQL: SHOW COLUMNS FROM `web_treenode` [ RunTime:0.0255s ]
SQL: SELECT * FROM `web_treenode` WHERE `menuflag` = 1 AND `is_hide` = 0 ORDER BY sort DESC  [ RunTime:0.0023s ]
SQL: SHOW COLUMNS FROM `web_activity` [ RunTime:0.0266s ]
SQL: SELECT * FROM `web_activity`  [ RunTime:0.0010s ]
INFO: [ view_parse ] --START--
INFO: [ template_filter ] --START--
INFO: Run Behavior\ContentReplaceBehavior [ RunTime:0.000279s ]
INFO: [ template_filter ] --END-- [ RunTime:0.000738s ]
NOTIC: [8] Undefined variable: Os D:\heyi\USBWebserver\root\xj_property\Application\Runtime\Cache\Admin\735ce1d721d8bc5b2105b83f7ade2ac5.php 第 173 行.
INFO: Run Behavior\ParseTemplateBehavior [ RunTime:0.069201s ]
INFO: [ view_parse ] --END-- [ RunTime:0.069342s ]
INFO: [ view_filter ] --START--
INFO: Run Behavior\WriteHtmlCacheBehavior [ RunTime:0.001553s ]
INFO: [ view_filter ] --END-- [ RunTime:0.001647s ]
INFO: [ app_end ] --START--
INFO: Run Behavior\ShowPageTraceBehavior [ RunTime:0.002360s ]
INFO: [ app_end ] --END-- [ RunTime:0.002510s ]

[ 2017-03-24T15:20:50+08:00 ] ::1 /xj_property/Admin/Activity/add.html
INFO: [ app_init ] --START--
INFO: Run Behavior\BuildLiteBehavior [ RunTime:0.000022s ]
INFO: [ app_init ] --END-- [ RunTime:0.001015s ]
INFO: [ app_begin ] --START--
INFO: Run Behavior\ReadHtmlCacheBehavior [ RunTime:0.001656s ]
INFO: [ app_begin ] --END-- [ RunTime:0.001815s ]
NOTIC: [8] Undefined index: menu_list D:\heyi\USBWebserver\root\xj_property\Application\Admin\Controller\BaseController.class.php 第 66 行.
NOTIC: [2] Invalid argument supplied for foreach() D:\heyi\USBWebserver\root\xj_property\Application\Admin\Controller\BaseController.class.php 第 66 行.
SQL: SHOW COLUMNS FROM `web_treenode` [ RunTime:0.0396s ]
SQL: SELECT * FROM `web_treenode` WHERE `menuflag` = 1 AND `is_hide` = 0 ORDER BY sort DESC  [ RunTime:0.0016s ]
INFO: [ view_parse ] --START--
INFO: [ template_filter ] --START--
INFO: Run Behavior\ContentReplaceBehavior [ RunTime:0.000250s ]
INFO: [ template_filter ] --END-- [ RunTime:0.000354s ]
NOTIC: [8] Undefined variable: Os D:\heyi\USBWebserver\root\xj_property\Application\Runtime\Cache\Admin\e35e817197e45a2c5791fb62d7493b9d.php 第 147 行.
NOTIC: [8] Undefined variable: info D:\heyi\USBWebserver\root\xj_property\Application\Runtime\Cache\Admin\e35e817197e45a2c5791fb62d7493b9d.php 第 197 行.
NOTIC: [8] Undefined variable: info D:\heyi\USBWebserver\root\xj_property\Application\Runtime\Cache\Admin\e35e817197e45a2c5791fb62d7493b9d.php 第 201 行.
NOTIC: [8] Undefined variable: info D:\heyi\USBWebserver\root\xj_property\Application\Runtime\Cache\Admin\e35e817197e45a2c5791fb62d7493b9d.php 第 209 行.
NOTIC: [8] Undefined variable: info D:\heyi\USBWebserver\root\xj_property\Application\Runtime\Cache\Admin\e35e817197e45a2c5791fb62d7493b9d.php 第 217 行.
NOTIC: [8] Undefined variable: info D:\heyi\USBWebserver\root\xj_property\Application\Runtime\Cache\Admin\e35e817197e45a2c5791fb62d7493b9d.php 第 226 行.
NOTIC: [8] Undefined variable: info D:\heyi\USBWebserver\root\xj_property\Application\Runtime\Cache\Admin\e35e817197e45a2c5791fb62d7493b9d.php 第 229 行.
NOTIC: [8] Undefined variable: info D:\heyi\USBWebserver\root\xj_property\Application\Runtime\Cache\Admin\e35e817197e45a2c5791fb62d7493b9d.php 第 247 行.
NOTIC: [8] Undefined variable: info D:\heyi\USBWebserver\root\xj_property\Application\Runtime\Cache\Admin\e35e817197e45a2c5791fb62d7493b9d.php 第 250 行.
NOTIC: [8] Undefined variable: info D:\heyi\USBWebserver\root\xj_property\Application\Runtime\Cache\Admin\e35e817197e45a2c5791fb62d7493b9d.php 第 259 行.
INFO: Run Behavior\ParseTemplateBehavior [ RunTime:0.058139s ]
INFO: [ view_parse ] --END-- [ RunTime:0.058226s ]
INFO: [ view_filter ] --START--
INFO: Run Behavior\WriteHtmlCacheBehavior [ RunTime:0.001309s ]
INFO: [ view_filter ] --END-- [ RunTime:0.001372s ]
INFO: [ app_end ] --START--
INFO: Run Behavior\ShowPageTraceBehavior [ RunTime:0.002123s ]
INFO: [ app_end ] --END-- [ RunTime:0.002251s ]

[ 2017-03-24T15:22:31+08:00 ] ::1 /xj_property/Admin/activity/lists.html
INFO: [ app_init ] --START--
INFO: Run Behavior\BuildLiteBehavior [ RunTime:0.000067s ]
INFO: [ app_init ] --END-- [ RunTime:0.006234s ]
INFO: [ app_begin ] --START--
INFO: Run Behavior\ReadHtmlCacheBehavior [ RunTime:0.001961s ]
INFO: [ app_begin ] --END-- [ RunTime:0.002168s ]
NOTIC: [8] Undefined index: menu_list D:\heyi\USBWebserver\root\xj_property\Application\Admin\Controller\BaseController.class.php 第 66 行.
NOTIC: [2] Invalid argument supplied for foreach() D:\heyi\USBWebserver\root\xj_property\Application\Admin\Controller\BaseController.class.php 第 66 行.
SQL: SHOW COLUMNS FROM `web_treenode` [ RunTime:0.0550s ]
SQL: SELECT * FROM `web_treenode` WHERE `menuflag` = 1 AND `is_hide` = 0 ORDER BY sort DESC  [ RunTime:0.0026s ]
SQL: SHOW COLUMNS FROM `web_activity` [ RunTime:0.0309s ]
SQL: SELECT * FROM `web_activity`  [ RunTime:0.0007s ]
INFO: [ view_parse ] --START--
INFO: [ template_filter ] --START--
INFO: Run Behavior\ContentReplaceBehavior [ RunTime:0.000200s ]
INFO: [ template_filter ] --END-- [ RunTime:0.000277s ]
NOTIC: [8] Undefined variable: Os D:\heyi\USBWebserver\root\xj_property\Application\Runtime\Cache\Admin\735ce1d721d8bc5b2105b83f7ade2ac5.php 第 173 行.
INFO: Run Behavior\ParseTemplateBehavior [ RunTime:0.045118s ]
INFO: [ view_parse ] --END-- [ RunTime:0.045286s ]
INFO: [ view_filter ] --START--
INFO: Run Behavior\WriteHtmlCacheBehavior [ RunTime:0.001775s ]
INFO: [ view_filter ] --END-- [ RunTime:0.001936s ]
INFO: [ app_end ] --START--
INFO: Run Behavior\ShowPageTraceBehavior [ RunTime:0.002220s ]
INFO: [ app_end ] --END-- [ RunTime:0.002361s ]

[ 2017-03-24T15:22:34+08:00 ] ::1 /xj_property/Admin/words/remind.html
INFO: [ app_init ] --START--
INFO: Run Behavior\BuildLiteBehavior [ RunTime:0.000036s ]
INFO: [ app_init ] --END-- [ RunTime:0.001385s ]
INFO: [ app_begin ] --START--
INFO: Run Behavior\ReadHtmlCacheBehavior [ RunTime:0.001651s ]
INFO: [ app_begin ] --END-- [ RunTime:0.001820s ]
NOTIC: [8] Undefined index: menu_list D:\heyi\USBWebserver\root\xj_property\Application\Admin\Controller\BaseController.class.php 第 66 行.
NOTIC: [2] Invalid argument supplied for foreach() D:\heyi\USBWebserver\root\xj_property\Application\Admin\Controller\BaseController.class.php 第 66 行.
SQL: SHOW COLUMNS FROM `web_treenode` [ RunTime:0.0255s ]
SQL: SELECT * FROM `web_treenode` WHERE `menuflag` = 1 AND `is_hide` = 0 ORDER BY sort DESC  [ RunTime:0.0025s ]
SQL: SHOW COLUMNS FROM `web_remind` [ RunTime:0.0273s ]
SQL: SELECT COUNT(*) AS tp_count FROM `web_remind` LIMIT 1   [ RunTime:0.0004s ]
SQL: SELECT * FROM `web_remind` ORDER BY id DESC LIMIT 0,5   [ RunTime:0.0008s ]
INFO: [ view_parse ] --START--
INFO: [ template_filter ] --START--
INFO: Run Behavior\ContentReplaceBehavior [ RunTime:0.000188s ]
INFO: [ template_filter ] --END-- [ RunTime:0.000286s ]
NOTIC: [8] Undefined variable: Os D:\heyi\USBWebserver\root\xj_property\Application\Runtime\Cache\Admin\33e27d48ef944ad40a6cb0817c31138d.php 第 157 行.
INFO: Run Behavior\ParseTemplateBehavior [ RunTime:0.070344s ]
INFO: [ view_parse ] --END-- [ RunTime:0.070453s ]
INFO: [ view_filter ] --START--
INFO: Run Behavior\WriteHtmlCacheBehavior [ RunTime:0.001603s ]
INFO: [ view_filter ] --END-- [ RunTime:0.001689s ]
INFO: [ app_end ] --START--
INFO: Run Behavior\ShowPageTraceBehavior [ RunTime:0.002486s ]
INFO: [ app_end ] --END-- [ RunTime:0.002586s ]

[ 2017-03-24T15:22:38+08:00 ] ::1 /xj_property/Admin/Words/add
INFO: [ app_init ] --START--
INFO: Run Behavior\BuildLiteBehavior [ RunTime:0.000035s ]
INFO: [ app_init ] --END-- [ RunTime:0.001383s ]
INFO: [ app_begin ] --START--
INFO: Run Behavior\ReadHtmlCacheBehavior [ RunTime:0.001482s ]
INFO: [ app_begin ] --END-- [ RunTime:0.001580s ]
NOTIC: [8] Undefined index: menu_list D:\heyi\USBWebserver\root\xj_property\Application\Admin\Controller\BaseController.class.php 第 66 行.
NOTIC: [2] Invalid argument supplied for foreach() D:\heyi\USBWebserver\root\xj_property\Application\Admin\Controller\BaseController.class.php 第 66 行.
SQL: SHOW COLUMNS FROM `web_treenode` [ RunTime:0.0484s ]
SQL: SELECT * FROM `web_treenode` WHERE `menuflag` = 1 AND `is_hide` = 0 ORDER BY sort DESC  [ RunTime:0.0023s ]
INFO: [ view_parse ] --START--
INFO: [ template_filter ] --START--
INFO: Run Behavior\ContentReplaceBehavior [ RunTime:0.000128s ]
INFO: [ template_filter ] --END-- [ RunTime:0.000217s ]
NOTIC: [8] Undefined variable: info D:\heyi\USBWebserver\root\xj_property\Application\Runtime\Cache\Admin\b551ce0be27ae832b0c6b685344b1262.php 第 42 行.
INFO: Run Behavior\ParseTemplateBehavior [ RunTime:0.088800s ]
INFO: [ view_parse ] --END-- [ RunTime:0.088920s ]
INFO: [ view_filter ] --START--
INFO: Run Behavior\WriteHtmlCacheBehavior [ RunTime:0.001627s ]
INFO: [ view_filter ] --END-- [ RunTime:0.001701s ]
INFO: [ app_end ] --START--
INFO: Run Behavior\ShowPageTraceBehavior [ RunTime:0.001617s ]
INFO: [ app_end ] --END-- [ RunTime:0.001686s ]

[ 2017-03-24T15:50:37+08:00 ] ::1 /xj_property/Admin/notice/lists.html
INFO: [ app_init ] --START--
INFO: Run Behavior\BuildLiteBehavior [ RunTime:0.000024s ]
INFO: [ app_init ] --END-- [ RunTime:0.001649s ]
INFO: [ app_begin ] --START--
INFO: Run Behavior\ReadHtmlCacheBehavior [ RunTime:0.002283s ]
INFO: [ app_begin ] --END-- [ RunTime:0.002399s ]
NOTIC: [8] Undefined index: menu_list D:\heyi\USBWebserver\root\xj_property\Application\Admin\Controller\BaseController.class.php 第 66 行.
NOTIC: [2] Invalid argument supplied for foreach() D:\heyi\USBWebserver\root\xj_property\Application\Admin\Controller\BaseController.class.php 第 66 行.
SQL: SHOW COLUMNS FROM `web_treenode` [ RunTime:0.0257s ]
SQL: SELECT * FROM `web_treenode` WHERE `menuflag` = 1 AND `is_hide` = 0 ORDER BY sort DESC  [ RunTime:0.0021s ]
SQL: SHOW COLUMNS FROM `web_notice` [ RunTime:0.0292s ]
SQL: SELECT * FROM `web_notice`  [ RunTime:0.0010s ]
INFO: [ view_parse ] --START--
INFO: [ template_filter ] --START--
INFO: Run Behavior\ContentReplaceBehavior [ RunTime:0.000235s ]
INFO: [ template_filter ] --END-- [ RunTime:0.000339s ]
NOTIC: [8] Undefined variable: Os D:\heyi\USBWebserver\root\xj_property\Application\Runtime\Cache\Admin\0ac69445a46e6d878528e00fdbab561f.php 第 173 行.
INFO: Run Behavior\ParseTemplateBehavior [ RunTime:0.045626s ]
INFO: [ view_parse ] --END-- [ RunTime:0.045765s ]
INFO: [ view_filter ] --START--
INFO: Run Behavior\WriteHtmlCacheBehavior [ RunTime:0.001954s ]
INFO: [ view_filter ] --END-- [ RunTime:0.002053s ]
INFO: [ app_end ] --START--
INFO: Run Behavior\ShowPageTraceBehavior [ RunTime:0.002452s ]
INFO: [ app_end ] --END-- [ RunTime:0.002587s ]

[ 2017-03-24T15:50:45+08:00 ] ::1 /xj_property/Admin/Notice/add.html
INFO: [ app_init ] --START--
INFO: Run Behavior\BuildLiteBehavior [ RunTime:0.000028s ]
INFO: [ app_init ] --END-- [ RunTime:0.001313s ]
INFO: [ app_begin ] --START--
INFO: Run Behavior\ReadHtmlCacheBehavior [ RunTime:0.001707s ]
INFO: [ app_begin ] --END-- [ RunTime:0.001845s ]
NOTIC: [8] Undefined index: menu_list D:\heyi\USBWebserver\root\xj_property\Application\Admin\Controller\BaseController.class.php 第 66 行.
NOTIC: [2] Invalid argument supplied for foreach() D:\heyi\USBWebserver\root\xj_property\Application\Admin\Controller\BaseController.class.php 第 66 行.
SQL: SHOW COLUMNS FROM `web_treenode` [ RunTime:0.0243s ]
SQL: SELECT * FROM `web_treenode` WHERE `menuflag` = 1 AND `is_hide` = 0 ORDER BY sort DESC  [ RunTime:0.0023s ]
INFO: [ view_parse ] --START--
INFO: [ template_filter ] --START--
INFO: Run Behavior\ContentReplaceBehavior [ RunTime:0.000267s ]
INFO: [ template_filter ] --END-- [ RunTime:0.000394s ]
NOTIC: [8] Undefined variable: Os D:\heyi\USBWebserver\root\xj_property\Application\Runtime\Cache\Admin\b6a1649072129924dd266ca48b000c45.php 第 147 行.
NOTIC: [8] Undefined variable: info D:\heyi\USBWebserver\root\xj_property\Application\Runtime\Cache\Admin\b6a1649072129924dd266ca48b000c45.php 第 197 行.
NOTIC: [8] Undefined variable: info D:\heyi\USBWebserver\root\xj_property\Application\Runtime\Cache\Admin\b6a1649072129924dd266ca48b000c45.php 第 201 行.
NOTIC: [8] Undefined variable: info D:\heyi\USBWebserver\root\xj_property\Application\Runtime\Cache\Admin\b6a1649072129924dd266ca48b000c45.php 第 209 行.
NOTIC: [8] Undefined variable: info D:\heyi\USBWebserver\root\xj_property\Application\Runtime\Cache\Admin\b6a1649072129924dd266ca48b000c45.php 第 217 行.
NOTIC: [8] Undefined variable: info D:\heyi\USBWebserver\root\xj_property\Application\Runtime\Cache\Admin\b6a1649072129924dd266ca48b000c45.php 第 226 行.
NOTIC: [8] Undefined variable: info D:\heyi\USBWebserver\root\xj_property\Application\Runtime\Cache\Admin\b6a1649072129924dd266ca48b000c45.php 第 229 行.
NOTIC: [8] Undefined variable: info D:\heyi\USBWebserver\root\xj_property\Application\Runtime\Cache\Admin\b6a1649072129924dd266ca48b000c45.php 第 247 行.
NOTIC: [8] Undefined variable: info D:\heyi\USBWebserver\root\xj_property\Application\Runtime\Cache\Admin\b6a1649072129924dd266ca48b000c45.php 第 250 行.
NOTIC: [8] Undefined variable: info D:\heyi\USBWebserver\root\xj_property\Application\Runtime\Cache\Admin\b6a1649072129924dd266ca48b000c45.php 第 259 行.
INFO: Run Behavior\ParseTemplateBehavior [ RunTime:0.079521s ]
INFO: [ view_parse ] --END-- [ RunTime:0.079645s ]
INFO: [ view_filter ] --START--
INFO: Run Behavior\WriteHtmlCacheBehavior [ RunTime:0.001798s ]
INFO: [ view_filter ] --END-- [ RunTime:0.001917s ]
INFO: [ app_end ] --START--
INFO: Run Behavior\ShowPageTraceBehavior [ RunTime:0.002459s ]
INFO: [ app_end ] --END-- [ RunTime:0.002652s ]

[ 2017-03-24T15:52:23+08:00 ] ::1 /xj_property/Admin/Notice/add.html
INFO: [ app_init ] --START--
INFO: Run Behavior\BuildLiteBehavior [ RunTime:0.000028s ]
INFO: [ app_init ] --END-- [ RunTime:0.001168s ]
INFO: [ app_begin ] --START--
INFO: Run Behavior\ReadHtmlCacheBehavior [ RunTime:0.008047s ]
INFO: [ app_begin ] --END-- [ RunTime:0.008461s ]
NOTIC: [8] Undefined index: menu_list D:\heyi\USBWebserver\root\xj_property\Application\Admin\Controller\BaseController.class.php 第 66 行.
NOTIC: [2] Invalid argument supplied for foreach() D:\heyi\USBWebserver\root\xj_property\Application\Admin\Controller\BaseController.class.php 第 66 行.
SQL: SHOW COLUMNS FROM `web_treenode` [ RunTime:0.0277s ]
SQL: SELECT * FROM `web_treenode` WHERE `menuflag` = 1 AND `is_hide` = 0 ORDER BY sort DESC  [ RunTime:0.0026s ]
INFO: [ view_parse ] --START--
INFO: [ template_filter ] --START--
INFO: Run Behavior\ContentReplaceBehavior [ RunTime:0.000272s ]
INFO: [ template_filter ] --END-- [ RunTime:0.000378s ]
NOTIC: [8] Undefined variable: Os D:\heyi\USBWebserver\root\xj_property\Application\Runtime\Cache\Admin\b6a1649072129924dd266ca48b000c45.php 第 147 行.
NOTIC: [8] Undefined variable: info D:\heyi\USBWebserver\root\xj_property\Application\Runtime\Cache\Admin\b6a1649072129924dd266ca48b000c45.php 第 197 行.
NOTIC: [8] Undefined variable: info D:\heyi\USBWebserver\root\xj_property\Application\Runtime\Cache\Admin\b6a1649072129924dd266ca48b000c45.php 第 201 行.
NOTIC: [8] Undefined variable: info D:\heyi\USBWebserver\root\xj_property\Application\Runtime\Cache\Admin\b6a1649072129924dd266ca48b000c45.php 第 209 行.
NOTIC: [8] Undefined variable: info D:\heyi\USBWebserver\root\xj_property\Application\Runtime\Cache\Admin\b6a1649072129924dd266ca48b000c45.php 第 217 行.
NOTIC: [8] Undefined variable: info D:\heyi\USBWebserver\root\xj_property\Application\Runtime\Cache\Admin\b6a1649072129924dd266ca48b000c45.php 第 226 行.
NOTIC: [8] Undefined variable: info D:\heyi\USBWebserver\root\xj_property\Application\Runtime\Cache\Admin\b6a1649072129924dd266ca48b000c45.php 第 229 行.
NOTIC: [8] Undefined variable: info D:\heyi\USBWebserver\root\xj_property\Application\Runtime\Cache\Admin\b6a1649072129924dd266ca48b000c45.php 第 247 行.
NOTIC: [8] Undefined variable: info D:\heyi\USBWebserver\root\xj_property\Application\Runtime\Cache\Admin\b6a1649072129924dd266ca48b000c45.php 第 250 行.
NOTIC: [8] Undefined variable: info D:\heyi\USBWebserver\root\xj_property\Application\Runtime\Cache\Admin\b6a1649072129924dd266ca48b000c45.php 第 259 行.
INFO: Run Behavior\ParseTemplateBehavior [ RunTime:0.043641s ]
INFO: [ view_parse ] --END-- [ RunTime:0.043753s ]
INFO: [ view_filter ] --START--
INFO: Run Behavior\WriteHtmlCacheBehavior [ RunTime:0.001863s ]
INFO: [ view_filter ] --END-- [ RunTime:0.001969s ]
INFO: [ app_end ] --START--
INFO: Run Behavior\ShowPageTraceBehavior [ RunTime:0.002581s ]
INFO: [ app_end ] --END-- [ RunTime:0.002704s ]

[ 2017-03-24T15:52:40+08:00 ] ::1 /xj_property/Admin/Notice/add.html
INFO: [ app_init ] --START--
INFO: Run Behavior\BuildLiteBehavior [ RunTime:0.000029s ]
INFO: [ app_init ] --END-- [ RunTime:0.001431s ]
INFO: [ app_begin ] --START--
INFO: Run Behavior\ReadHtmlCacheBehavior [ RunTime:0.003189s ]
INFO: [ app_begin ] --END-- [ RunTime:0.003347s ]
NOTIC: [8] Undefined index: menu_list D:\heyi\USBWebserver\root\xj_property\Application\Admin\Controller\BaseController.class.php 第 66 行.
NOTIC: [2] Invalid argument supplied for foreach() D:\heyi\USBWebserver\root\xj_property\Application\Admin\Controller\BaseController.class.php 第 66 行.
SQL: SHOW COLUMNS FROM `web_treenode` [ RunTime:0.0374s ]
SQL: SELECT * FROM `web_treenode` WHERE `menuflag` = 1 AND `is_hide` = 0 ORDER BY sort DESC  [ RunTime:0.0023s ]
INFO: [ view_parse ] --START--
INFO: [ template_filter ] --START--
INFO: Run Behavior\ContentReplaceBehavior [ RunTime:0.000272s ]
INFO: [ template_filter ] --END-- [ RunTime:0.000376s ]
NOTIC: [8] Undefined variable: Os D:\heyi\USBWebserver\root\xj_property\Application\Runtime\Cache\Admin\b6a1649072129924dd266ca48b000c45.php 第 147 行.
NOTIC: [8] Undefined variable: info D:\heyi\USBWebserver\root\xj_property\Application\Runtime\Cache\Admin\b6a1649072129924dd266ca48b000c45.php 第 197 行.
NOTIC: [8] Undefined variable: info D:\heyi\USBWebserver\root\xj_property\Application\Runtime\Cache\Admin\b6a1649072129924dd266ca48b000c45.php 第 201 行.
NOTIC: [8] Undefined variable: info D:\heyi\USBWebserver\root\xj_property\Application\Runtime\Cache\Admin\b6a1649072129924dd266ca48b000c45.php 第 209 行.
NOTIC: [8] Undefined variable: info D:\heyi\USBWebserver\root\xj_property\Application\Runtime\Cache\Admin\b6a1649072129924dd266ca48b000c45.php 第 217 行.
NOTIC: [8] Undefined variable: info D:\heyi\USBWebserver\root\xj_property\Application\Runtime\Cache\Admin\b6a1649072129924dd266ca48b000c45.php 第 226 行.
NOTIC: [8] Undefined variable: info D:\heyi\USBWebserver\root\xj_property\Application\Runtime\Cache\Admin\b6a1649072129924dd266ca48b000c45.php 第 229 行.
NOTIC: [8] Undefined variable: info D:\heyi\USBWebserver\root\xj_property\Application\Runtime\Cache\Admin\b6a1649072129924dd266ca48b000c45.php 第 247 行.
NOTIC: [8] Undefined variable: info D:\heyi\USBWebserver\root\xj_property\Application\Runtime\Cache\Admin\b6a1649072129924dd266ca48b000c45.php 第 250 行.
NOTIC: [8] Undefined variable: info D:\heyi\USBWebserver\root\xj_property\Application\Runtime\Cache\Admin\b6a1649072129924dd266ca48b000c45.php 第 259 行.
INFO: Run Behavior\ParseTemplateBehavior [ RunTime:0.047842s ]
INFO: [ view_parse ] --END-- [ RunTime:0.047948s ]
INFO: [ view_filter ] --START--
INFO: Run Behavior\WriteHtmlCacheBehavior [ RunTime:0.002413s ]
INFO: [ view_filter ] --END-- [ RunTime:0.002552s ]
INFO: [ app_end ] --START--
INFO: Run Behavior\ShowPageTraceBehavior [ RunTime:0.003820s ]
INFO: [ app_end ] --END-- [ RunTime:0.004069s ]

[ 2017-03-24T15:52:54+08:00 ] ::1 /xj_property/Admin/Notice/add/id/8.html
INFO: [ app_init ] --START--
INFO: Run Behavior\BuildLiteBehavior [ RunTime:0.000265s ]
INFO: [ app_init ] --END-- [ RunTime:0.003017s ]
INFO: [ app_begin ] --START--
INFO: Run Behavior\ReadHtmlCacheBehavior [ RunTime:0.001666s ]
INFO: [ app_begin ] --END-- [ RunTime:0.001767s ]
NOTIC: [8] Undefined index: menu_list D:\heyi\USBWebserver\root\xj_property\Application\Admin\Controller\BaseController.class.php 第 66 行.
NOTIC: [2] Invalid argument supplied for foreach() D:\heyi\USBWebserver\root\xj_property\Application\Admin\Controller\BaseController.class.php 第 66 行.
SQL: SHOW COLUMNS FROM `web_treenode` [ RunTime:0.0206s ]
SQL: SELECT * FROM `web_treenode` WHERE `menuflag` = 1 AND `is_hide` = 0 ORDER BY sort DESC  [ RunTime:0.0017s ]
SQL: SHOW COLUMNS FROM `web_notice` [ RunTime:0.0256s ]
SQL: SELECT * FROM `web_notice` WHERE `notice_id` = 8 LIMIT 1   [ RunTime:0.0007s ]
INFO: [ view_parse ] --START--
INFO: [ template_filter ] --START--
INFO: Run Behavior\ContentReplaceBehavior [ RunTime:0.000215s ]
INFO: [ template_filter ] --END-- [ RunTime:0.000298s ]
NOTIC: [8] Undefined variable: Os D:\heyi\USBWebserver\root\xj_property\Application\Runtime\Cache\Admin\b6a1649072129924dd266ca48b000c45.php 第 147 行.
NOTIC: [8] Undefined index: intro D:\heyi\USBWebserver\root\xj_property\Application\Runtime\Cache\Admin\b6a1649072129924dd266ca48b000c45.php 第 209 行.
NOTIC: [8] Undefined index: amount D:\heyi\USBWebserver\root\xj_property\Application\Runtime\Cache\Admin\b6a1649072129924dd266ca48b000c45.php 第 217 行.
NOTIC: [8] Undefined index: starttime D:\heyi\USBWebserver\root\xj_property\Application\Runtime\Cache\Admin\b6a1649072129924dd266ca48b000c45.php 第 247 行.
NOTIC: [8] Undefined index: deadtime D:\heyi\USBWebserver\root\xj_property\Application\Runtime\Cache\Admin\b6a1649072129924dd266ca48b000c45.php 第 250 行.
INFO: Run Behavior\ParseTemplateBehavior [ RunTime:0.039527s ]
INFO: [ view_parse ] --END-- [ RunTime:0.039618s ]
INFO: [ view_filter ] --START--
INFO: Run Behavior\WriteHtmlCacheBehavior [ RunTime:0.001495s ]
INFO: [ view_filter ] --END-- [ RunTime:0.001563s ]
INFO: [ app_end ] --START--
INFO: Run Behavior\ShowPageTraceBehavior [ RunTime:0.003664s ]
INFO: [ app_end ] --END-- [ RunTime:0.003800s ]

[ 2017-03-24T15:55:07+08:00 ] ::1 /xj_property/Admin/activity/lists.html
INFO: [ app_init ] --START--
INFO: Run Behavior\BuildLiteBehavior [ RunTime:0.000040s ]
INFO: [ app_init ] --END-- [ RunTime:0.001179s ]
INFO: [ app_begin ] --START--
INFO: Run Behavior\ReadHtmlCacheBehavior [ RunTime:0.002227s ]
INFO: [ app_begin ] --END-- [ RunTime:0.002373s ]
NOTIC: [8] Undefined index: menu_list D:\heyi\USBWebserver\root\xj_property\Application\Admin\Controller\BaseController.class.php 第 66 行.
NOTIC: [2] Invalid argument supplied for foreach() D:\heyi\USBWebserver\root\xj_property\Application\Admin\Controller\BaseController.class.php 第 66 行.
SQL: SHOW COLUMNS FROM `web_treenode` [ RunTime:0.0998s ]
SQL: SELECT * FROM `web_treenode` WHERE `menuflag` = 1 AND `is_hide` = 0 ORDER BY sort DESC  [ RunTime:0.0017s ]
SQL: SHOW COLUMNS FROM `web_activity` [ RunTime:0.0217s ]
SQL: SELECT * FROM `web_activity`  [ RunTime:0.0008s ]
INFO: [ view_parse ] --START--
INFO: [ template_filter ] --START--
INFO: Run Behavior\ContentReplaceBehavior [ RunTime:0.000153s ]
INFO: [ template_filter ] --END-- [ RunTime:0.000223s ]
NOTIC: [8] Undefined variable: Os D:\heyi\USBWebserver\root\xj_property\Application\Runtime\Cache\Admin\735ce1d721d8bc5b2105b83f7ade2ac5.php 第 173 行.
INFO: Run Behavior\ParseTemplateBehavior [ RunTime:0.039880s ]
INFO: [ view_parse ] --END-- [ RunTime:0.039968s ]
INFO: [ view_filter ] --START--
INFO: Run Behavior\WriteHtmlCacheBehavior [ RunTime:0.001293s ]
INFO: [ view_filter ] --END-- [ RunTime:0.001357s ]
INFO: [ app_end ] --START--
INFO: Run Behavior\ShowPageTraceBehavior [ RunTime:0.001625s ]
INFO: [ app_end ] --END-- [ RunTime:0.001724s ]

[ 2017-03-24T15:55:10+08:00 ] ::1 /xj_property/Admin/Activity/add.html
INFO: [ app_init ] --START--
INFO: Run Behavior\BuildLiteBehavior [ RunTime:0.000024s ]
INFO: [ app_init ] --END-- [ RunTime:0.001023s ]
INFO: [ app_begin ] --START--
INFO: Run Behavior\ReadHtmlCacheBehavior [ RunTime:0.004151s ]
INFO: [ app_begin ] --END-- [ RunTime:0.004281s ]
NOTIC: [8] Undefined index: menu_list D:\heyi\USBWebserver\root\xj_property\Application\Admin\Controller\BaseController.class.php 第 66 行.
NOTIC: [2] Invalid argument supplied for foreach() D:\heyi\USBWebserver\root\xj_property\Application\Admin\Controller\BaseController.class.php 第 66 行.
SQL: SHOW COLUMNS FROM `web_treenode` [ RunTime:0.0253s ]
SQL: SELECT * FROM `web_treenode` WHERE `menuflag` = 1 AND `is_hide` = 0 ORDER BY sort DESC  [ RunTime:0.0016s ]
INFO: [ view_parse ] --START--
INFO: [ template_filter ] --START--
INFO: Run Behavior\ContentReplaceBehavior [ RunTime:0.000245s ]
INFO: [ template_filter ] --END-- [ RunTime:0.000323s ]
NOTIC: [8] Undefined variable: Os D:\heyi\USBWebserver\root\xj_property\Application\Runtime\Cache\Admin\e35e817197e45a2c5791fb62d7493b9d.php 第 147 行.
NOTIC: [8] Undefined variable: info D:\heyi\USBWebserver\root\xj_property\Application\Runtime\Cache\Admin\e35e817197e45a2c5791fb62d7493b9d.php 第 197 行.
NOTIC: [8] Undefined variable: info D:\heyi\USBWebserver\root\xj_property\Application\Runtime\Cache\Admin\e35e817197e45a2c5791fb62d7493b9d.php 第 201 行.
NOTIC: [8] Undefined variable: info D:\heyi\USBWebserver\root\xj_property\Application\Runtime\Cache\Admin\e35e817197e45a2c5791fb62d7493b9d.php 第 209 行.
NOTIC: [8] Undefined variable: info D:\heyi\USBWebserver\root\xj_property\Application\Runtime\Cache\Admin\e35e817197e45a2c5791fb62d7493b9d.php 第 217 行.
NOTIC: [8] Undefined variable: info D:\heyi\USBWebserver\root\xj_property\Application\Runtime\Cache\Admin\e35e817197e45a2c5791fb62d7493b9d.php 第 226 行.
NOTIC: [8] Undefined variable: info D:\heyi\USBWebserver\root\xj_property\Application\Runtime\Cache\Admin\e35e817197e45a2c5791fb62d7493b9d.php 第 229 行.
NOTIC: [8] Undefined variable: info D:\heyi\USBWebserver\root\xj_property\Application\Runtime\Cache\Admin\e35e817197e45a2c5791fb62d7493b9d.php 第 247 行.
NOTIC: [8] Undefined variable: info D:\heyi\USBWebserver\root\xj_property\Application\Runtime\Cache\Admin\e35e817197e45a2c5791fb62d7493b9d.php 第 250 行.
NOTIC: [8] Undefined variable: info D:\heyi\USBWebserver\root\xj_property\Application\Runtime\Cache\Admin\e35e817197e45a2c5791fb62d7493b9d.php 第 259 行.
INFO: Run Behavior\ParseTemplateBehavior [ RunTime:0.039108s ]
INFO: [ view_parse ] --END-- [ RunTime:0.039196s ]
INFO: [ view_filter ] --START--
INFO: Run Behavior\WriteHtmlCacheBehavior [ RunTime:0.002026s ]
INFO: [ view_filter ] --END-- [ RunTime:0.002139s ]
INFO: [ app_end ] --START--
INFO: Run Behavior\ShowPageTraceBehavior [ RunTime:0.002147s ]
INFO: [ app_end ] --END-- [ RunTime:0.002264s ]

[ 2017-03-24T15:55:15+08:00 ] ::1 /xj_property/Admin/Activity/add/id/8.html
INFO: [ app_init ] --START--
INFO: Run Behavior\BuildLiteBehavior [ RunTime:0.000023s ]
INFO: [ app_init ] --END-- [ RunTime:0.001045s ]
INFO: [ app_begin ] --START--
INFO: Run Behavior\ReadHtmlCacheBehavior [ RunTime:0.001616s ]
INFO: [ app_begin ] --END-- [ RunTime:0.001735s ]
NOTIC: [8] Undefined index: menu_list D:\heyi\USBWebserver\root\xj_property\Application\Admin\Controller\BaseController.class.php 第 66 行.
NOTIC: [2] Invalid argument supplied for foreach() D:\heyi\USBWebserver\root\xj_property\Application\Admin\Controller\BaseController.class.php 第 66 行.
SQL: SHOW COLUMNS FROM `web_treenode` [ RunTime:0.0479s ]
SQL: SELECT * FROM `web_treenode` WHERE `menuflag` = 1 AND `is_hide` = 0 ORDER BY sort DESC  [ RunTime:0.0026s ]
SQL: SHOW COLUMNS FROM `web_activity` [ RunTime:0.0288s ]
SQL: SELECT * FROM `web_activity` WHERE `activity_id` = 8 LIMIT 1   [ RunTime:0.0009s ]
INFO: [ view_parse ] --START--
INFO: [ template_filter ] --START--
INFO: Run Behavior\ContentReplaceBehavior [ RunTime:0.000289s ]
INFO: [ template_filter ] --END-- [ RunTime:0.000459s ]
NOTIC: [8] Undefined variable: Os D:\heyi\USBWebserver\root\xj_property\Application\Runtime\Cache\Admin\e35e817197e45a2c5791fb62d7493b9d.php 第 147 行.
NOTIC: [8] Undefined index: amount D:\heyi\USBWebserver\root\xj_property\Application\Runtime\Cache\Admin\e35e817197e45a2c5791fb62d7493b9d.php 第 217 行.
NOTIC: [8] Undefined index: starttime D:\heyi\USBWebserver\root\xj_property\Application\Runtime\Cache\Admin\e35e817197e45a2c5791fb62d7493b9d.php 第 247 行.
NOTIC: [8] Undefined index: deadtime D:\heyi\USBWebserver\root\xj_property\Application\Runtime\Cache\Admin\e35e817197e45a2c5791fb62d7493b9d.php 第 250 行.
INFO: Run Behavior\ParseTemplateBehavior [ RunTime:0.057449s ]
INFO: [ view_parse ] --END-- [ RunTime:0.057579s ]
INFO: [ view_filter ] --START--
INFO: Run Behavior\WriteHtmlCacheBehavior [ RunTime:0.002103s ]
INFO: [ view_filter ] --END-- [ RunTime:0.002233s ]
INFO: [ app_end ] --START--
INFO: Run Behavior\ShowPageTraceBehavior [ RunTime:0.002476s ]
INFO: [ app_end ] --END-- [ RunTime:0.002684s ]

