[ 2017-02-15T14:19:39+08:00 ] ::1 /lawyer/Admin/plat/category.html
INFO: [ app_init ] --START--
INFO: Run Behavior\BuildLiteBehavior [ RunTime:0.000022s ]
INFO: [ app_init ] --END-- [ RunTime:0.004905s ]
INFO: [ app_begin ] --START--
INFO: Run Behavior\ReadHtmlCacheBehavior [ RunTime:0.009962s ]
INFO: [ app_begin ] --END-- [ RunTime:0.010048s ]
NOTIC: [8] Undefined index: menu_list D:\heyi\USBWebserver\root\lawyer\Application\Admin\Controller\BaseController.class.php 第 66 行.
NOTIC: [2] Invalid argument supplied for foreach() D:\heyi\USBWebserver\root\lawyer\Application\Admin\Controller\BaseController.class.php 第 66 行.
SQL: SHOW COLUMNS FROM `web_treenode` [ RunTime:0.0182s ]
SQL: SELECT * FROM `web_treenode` WHERE `menuflag` = 1 AND `is_hide` = 0 ORDER BY sort DESC  [ RunTime:0.0231s ]
SQL: SHOW COLUMNS FROM `web_category` [ RunTime:0.0094s ]
SQL: SELECT * FROM `web_category` WHERE ( pid = 0 ) ORDER BY `sortorder` DESC  [ RunTime:0.0005s ]
SQL: SELECT * FROM `web_category` WHERE ( pid=1 ) ORDER BY `sortorder` DESC  [ RunTime:0.0004s ]
SQL: SELECT * FROM `web_category` WHERE ( pid=5 ) ORDER BY `sortorder` DESC  [ RunTime:0.0004s ]
INFO: [ view_parse ] --START--
INFO: [ template_filter ] --START--
INFO: Run Behavior\ContentReplaceBehavior [ RunTime:0.000146s ]
INFO: [ template_filter ] --END-- [ RunTime:0.000208s ]
NOTIC: [8] Undefined variable: Os D:\heyi\USBWebserver\root\lawyer\Application\Runtime\Cache\Admin\e529c7c0b2802539dcd1db5ea171c017.php 第 136 行.
NOTIC: [8] Undefined variable: page D:\heyi\USBWebserver\root\lawyer\Application\Runtime\Cache\Admin\e529c7c0b2802539dcd1db5ea171c017.php 第 225 行.
INFO: Run Behavior\ParseTemplateBehavior [ RunTime:0.163117s ]
INFO: [ view_parse ] --END-- [ RunTime:0.163186s ]
INFO: [ view_filter ] --START--
INFO: Run Behavior\WriteHtmlCacheBehavior [ RunTime:0.002557s ]
INFO: [ view_filter ] --END-- [ RunTime:0.002609s ]
INFO: [ app_end ] --START--
INFO: Run Behavior\ShowPageTraceBehavior [ RunTime:0.014424s ]
INFO: [ app_end ] --END-- [ RunTime:0.014493s ]

[ 2017-02-15T14:19:43+08:00 ] ::1 /lawyer/Admin/plat/price.html
INFO: [ app_init ] --START--
INFO: Run Behavior\BuildLiteBehavior [ RunTime:0.000025s ]
INFO: [ app_init ] --END-- [ RunTime:0.000918s ]
INFO: [ app_begin ] --START--
INFO: Run Behavior\ReadHtmlCacheBehavior [ RunTime:0.001326s ]
INFO: [ app_begin ] --END-- [ RunTime:0.001407s ]
NOTIC: [8] Undefined index: menu_list D:\heyi\USBWebserver\root\lawyer\Application\Admin\Controller\BaseController.class.php 第 66 行.
NOTIC: [2] Invalid argument supplied for foreach() D:\heyi\USBWebserver\root\lawyer\Application\Admin\Controller\BaseController.class.php 第 66 行.
SQL: SHOW COLUMNS FROM `web_treenode` [ RunTime:0.0085s ]
SQL: SELECT * FROM `web_treenode` WHERE `menuflag` = 1 AND `is_hide` = 0 ORDER BY sort DESC  [ RunTime:0.0012s ]
SQL: SHOW COLUMNS FROM `web_config` [ RunTime:0.0085s ]
SQL: SELECT * FROM `web_config` WHERE ( name = 'fee' ) LIMIT 1   [ RunTime:0.0005s ]
INFO: [ view_parse ] --START--
INFO: [ template_filter ] --START--
INFO: Run Behavior\ContentReplaceBehavior [ RunTime:0.000318s ]
INFO: [ template_filter ] --END-- [ RunTime:0.000399s ]
NOTIC: [8] Undefined variable: Os D:\heyi\USBWebserver\root\lawyer\Application\Runtime\Cache\Admin\639a08b37bd865d9baf1c15fbc913c7d.php 第 139 行.
INFO: Run Behavior\ParseTemplateBehavior [ RunTime:0.080441s ]
INFO: [ view_parse ] --END-- [ RunTime:0.080512s ]
INFO: [ view_filter ] --START--
INFO: Run Behavior\WriteHtmlCacheBehavior [ RunTime:0.001169s ]
INFO: [ view_filter ] --END-- [ RunTime:0.001232s ]
INFO: [ app_end ] --START--
INFO: Run Behavior\ShowPageTraceBehavior [ RunTime:0.001614s ]
INFO: [ app_end ] --END-- [ RunTime:0.001704s ]

[ 2017-02-15T14:19:52+08:00 ] ::1 /lawyer/Admin/orders/index.html
INFO: [ app_init ] --START--
INFO: Run Behavior\BuildLiteBehavior [ RunTime:0.000026s ]
INFO: [ app_init ] --END-- [ RunTime:0.001067s ]
INFO: [ app_begin ] --START--
INFO: Run Behavior\ReadHtmlCacheBehavior [ RunTime:0.001180s ]
INFO: [ app_begin ] --END-- [ RunTime:0.001257s ]
NOTIC: [8] Undefined index: menu_list D:\heyi\USBWebserver\root\lawyer\Application\Admin\Controller\BaseController.class.php 第 66 行.
NOTIC: [2] Invalid argument supplied for foreach() D:\heyi\USBWebserver\root\lawyer\Application\Admin\Controller\BaseController.class.php 第 66 行.
SQL: SHOW COLUMNS FROM `web_treenode` [ RunTime:0.0096s ]
SQL: SELECT * FROM `web_treenode` WHERE `menuflag` = 1 AND `is_hide` = 0 ORDER BY sort DESC  [ RunTime:0.0016s ]
SQL: SHOW COLUMNS FROM `web_order` [ RunTime:0.0376s ]
NOTIC: [8] Undefined variable: where D:\heyi\USBWebserver\root\lawyer\Application\Admin\Controller\OrdersController.class.php 第 27 行.
SQL: SELECT * FROM `web_order`  [ RunTime:0.0013s ]
SQL: SHOW COLUMNS FROM `web_lawyer` [ RunTime:0.0093s ]
SQL: SELECT `rname` FROM `web_lawyer` WHERE `uid` = 1 LIMIT 1   [ RunTime:0.0004s ]
SQL: SHOW COLUMNS FROM `web_user` [ RunTime:0.0094s ]
SQL: SELECT `rname` FROM `web_user` WHERE `uid` = 10 LIMIT 1   [ RunTime:0.0005s ]
SQL: SELECT `rname` FROM `web_lawyer` WHERE `uid` = 12 LIMIT 1   [ RunTime:0.0004s ]
SQL: SELECT `rname` FROM `web_user` WHERE `uid` = 10 LIMIT 1   [ RunTime:0.0004s ]
SQL: SELECT `rname` FROM `web_lawyer` WHERE `uid` = 2 LIMIT 1   [ RunTime:0.0003s ]
SQL: SELECT `rname` FROM `web_user` WHERE `uid` = 10 LIMIT 1   [ RunTime:0.0003s ]
SQL: SELECT `rname` FROM `web_lawyer` WHERE `uid` = 12 LIMIT 1   [ RunTime:0.0003s ]
SQL: SELECT `rname` FROM `web_user` WHERE `uid` = 10 LIMIT 1   [ RunTime:0.0003s ]
SQL: SELECT `rname` FROM `web_lawyer` WHERE `uid` = 12 LIMIT 1   [ RunTime:0.0003s ]
SQL: SELECT `rname` FROM `web_user` WHERE `uid` = 10 LIMIT 1   [ RunTime:0.0004s ]
SQL: SELECT `rname` FROM `web_lawyer` WHERE `uid` = 12 LIMIT 1   [ RunTime:0.0003s ]
SQL: SELECT `rname` FROM `web_user` WHERE `uid` = 10 LIMIT 1   [ RunTime:0.0003s ]
SQL: SELECT `rname` FROM `web_lawyer` WHERE `uid` = 12 LIMIT 1   [ RunTime:0.0003s ]
SQL: SELECT `rname` FROM `web_user` WHERE `uid` = 10 LIMIT 1   [ RunTime:0.0003s ]
SQL: SELECT `rname` FROM `web_lawyer` WHERE `uid` = 12 LIMIT 1   [ RunTime:0.0003s ]
SQL: SELECT `rname` FROM `web_user` WHERE `uid` = 10 LIMIT 1   [ RunTime:0.0003s ]
SQL: SELECT `rname` FROM `web_lawyer` WHERE `uid` = 12 LIMIT 1   [ RunTime:0.0003s ]
SQL: SELECT `rname` FROM `web_user` WHERE `uid` = 10 LIMIT 1   [ RunTime:0.0003s ]
SQL: SELECT `rname` FROM `web_lawyer` WHERE `uid` = 12 LIMIT 1   [ RunTime:0.0004s ]
SQL: SELECT `rname` FROM `web_user` WHERE `uid` = 10 LIMIT 1   [ RunTime:0.0004s ]
SQL: SELECT `rname` FROM `web_lawyer` WHERE `uid` = 12 LIMIT 1   [ RunTime:0.0003s ]
SQL: SELECT `rname` FROM `web_user` WHERE `uid` = 10 LIMIT 1   [ RunTime:0.0003s ]
SQL: SELECT `rname` FROM `web_lawyer` WHERE `uid` = 12 LIMIT 1   [ RunTime:0.0003s ]
SQL: SELECT `rname` FROM `web_user` WHERE `uid` = 10 LIMIT 1   [ RunTime:0.0003s ]
SQL: SELECT `rname` FROM `web_lawyer` WHERE `uid` = 12 LIMIT 1   [ RunTime:0.0003s ]
SQL: SELECT `rname` FROM `web_user` WHERE `uid` = 10 LIMIT 1   [ RunTime:0.0003s ]
SQL: SELECT `rname` FROM `web_lawyer` WHERE `uid` = 12 LIMIT 1   [ RunTime:0.0003s ]
SQL: SELECT `rname` FROM `web_user` WHERE `uid` = 10 LIMIT 1   [ RunTime:0.0003s ]
SQL: SELECT `rname` FROM `web_lawyer` WHERE `uid` = 12 LIMIT 1   [ RunTime:0.0004s ]
SQL: SELECT `rname` FROM `web_user` WHERE `uid` = 10 LIMIT 1   [ RunTime:0.0003s ]
SQL: SELECT `rname` FROM `web_lawyer` WHERE `uid` = 12 LIMIT 1   [ RunTime:0.0003s ]
SQL: SELECT `rname` FROM `web_user` WHERE `uid` = 10 LIMIT 1   [ RunTime:0.0003s ]
SQL: SELECT `rname` FROM `web_lawyer` WHERE `uid` = 12 LIMIT 1   [ RunTime:0.0003s ]
SQL: SELECT `rname` FROM `web_user` WHERE `uid` = 10 LIMIT 1   [ RunTime:0.0003s ]
SQL: SELECT `rname` FROM `web_lawyer` WHERE `uid` = 12 LIMIT 1   [ RunTime:0.0003s ]
SQL: SELECT `rname` FROM `web_user` WHERE `uid` = 10 LIMIT 1   [ RunTime:0.0003s ]
SQL: SELECT `rname` FROM `web_lawyer` WHERE `uid` = 12 LIMIT 1   [ RunTime:0.0003s ]
SQL: SELECT `rname` FROM `web_user` WHERE `uid` = 10 LIMIT 1   [ RunTime:0.0003s ]
SQL: SELECT `rname` FROM `web_lawyer` WHERE `uid` = 12 LIMIT 1   [ RunTime:0.0002s ]
SQL: SELECT `rname` FROM `web_user` WHERE `uid` = 10 LIMIT 1   [ RunTime:0.0003s ]
SQL: SELECT `rname` FROM `web_lawyer` WHERE `uid` = 12 LIMIT 1   [ RunTime:0.0003s ]
SQL: SELECT `rname` FROM `web_user` WHERE `uid` = 10 LIMIT 1   [ RunTime:0.0003s ]
SQL: SELECT `rname` FROM `web_lawyer` WHERE `uid` = 13 LIMIT 1   [ RunTime:0.0003s ]
SQL: SELECT `rname` FROM `web_user` WHERE `uid` = 10 LIMIT 1   [ RunTime:0.0003s ]
SQL: SELECT `rname` FROM `web_lawyer` WHERE `uid` = 12 LIMIT 1   [ RunTime:0.0003s ]
SQL: SELECT `rname` FROM `web_user` WHERE `uid` = 10 LIMIT 1   [ RunTime:0.0003s ]
SQL: SELECT `rname` FROM `web_lawyer` WHERE `uid` = 12 LIMIT 1   [ RunTime:0.0003s ]
SQL: SELECT `rname` FROM `web_user` WHERE `uid` = 10 LIMIT 1   [ RunTime:0.0002s ]
SQL: SELECT `rname` FROM `web_lawyer` WHERE `uid` = 12 LIMIT 1   [ RunTime:0.0003s ]
SQL: SELECT `rname` FROM `web_user` WHERE `uid` = 10 LIMIT 1   [ RunTime:0.0003s ]
SQL: SELECT `rname` FROM `web_lawyer` WHERE `uid` = 12 LIMIT 1   [ RunTime:0.0003s ]
SQL: SELECT `rname` FROM `web_user` WHERE `uid` = 10 LIMIT 1   [ RunTime:0.0003s ]
SQL: SELECT `rname` FROM `web_lawyer` WHERE `uid` = 12 LIMIT 1   [ RunTime:0.0003s ]
SQL: SELECT `rname` FROM `web_user` WHERE `uid` = 10 LIMIT 1   [ RunTime:0.0003s ]
ERR: 模板不存在:./Application/Admin/View/Orders/index.html

[ 2017-02-15T14:20:02+08:00 ] ::1 /lawyer/Admin/orders/index.html
INFO: [ app_init ] --START--
INFO: Run Behavior\BuildLiteBehavior [ RunTime:0.000019s ]
INFO: [ app_init ] --END-- [ RunTime:0.000724s ]
INFO: [ app_begin ] --START--
INFO: Run Behavior\ReadHtmlCacheBehavior [ RunTime:0.001067s ]
INFO: [ app_begin ] --END-- [ RunTime:0.001127s ]
NOTIC: [8] Undefined index: menu_list D:\heyi\USBWebserver\root\lawyer\Application\Admin\Controller\BaseController.class.php 第 66 行.
NOTIC: [2] Invalid argument supplied for foreach() D:\heyi\USBWebserver\root\lawyer\Application\Admin\Controller\BaseController.class.php 第 66 行.
SQL: SHOW COLUMNS FROM `web_treenode` [ RunTime:0.0104s ]
SQL: SELECT * FROM `web_treenode` WHERE `menuflag` = 1 AND `is_hide` = 0 ORDER BY sort DESC  [ RunTime:0.0014s ]
SQL: SHOW COLUMNS FROM `web_order` [ RunTime:0.0078s ]
NOTIC: [8] Undefined variable: where D:\heyi\USBWebserver\root\lawyer\Application\Admin\Controller\OrdersController.class.php 第 27 行.
SQL: SELECT * FROM `web_order`  [ RunTime:0.0012s ]
SQL: SHOW COLUMNS FROM `web_lawyer` [ RunTime:0.0083s ]
SQL: SELECT `rname` FROM `web_lawyer` WHERE `uid` = 1 LIMIT 1   [ RunTime:0.0004s ]
SQL: SHOW COLUMNS FROM `web_user` [ RunTime:0.0088s ]
SQL: SELECT `rname` FROM `web_user` WHERE `uid` = 10 LIMIT 1   [ RunTime:0.0004s ]
SQL: SELECT `rname` FROM `web_lawyer` WHERE `uid` = 12 LIMIT 1   [ RunTime:0.0003s ]
SQL: SELECT `rname` FROM `web_user` WHERE `uid` = 10 LIMIT 1   [ RunTime:0.0003s ]
SQL: SELECT `rname` FROM `web_lawyer` WHERE `uid` = 2 LIMIT 1   [ RunTime:0.0003s ]
SQL: SELECT `rname` FROM `web_user` WHERE `uid` = 10 LIMIT 1   [ RunTime:0.0003s ]
SQL: SELECT `rname` FROM `web_lawyer` WHERE `uid` = 12 LIMIT 1   [ RunTime:0.0004s ]
SQL: SELECT `rname` FROM `web_user` WHERE `uid` = 10 LIMIT 1   [ RunTime:0.0004s ]
SQL: SELECT `rname` FROM `web_lawyer` WHERE `uid` = 12 LIMIT 1   [ RunTime:0.0003s ]
SQL: SELECT `rname` FROM `web_user` WHERE `uid` = 10 LIMIT 1   [ RunTime:0.0002s ]
SQL: SELECT `rname` FROM `web_lawyer` WHERE `uid` = 12 LIMIT 1   [ RunTime:0.0003s ]
SQL: SELECT `rname` FROM `web_user` WHERE `uid` = 10 LIMIT 1   [ RunTime:0.0003s ]
SQL: SELECT `rname` FROM `web_lawyer` WHERE `uid` = 12 LIMIT 1   [ RunTime:0.0003s ]
SQL: SELECT `rname` FROM `web_user` WHERE `uid` = 10 LIMIT 1   [ RunTime:0.0003s ]
SQL: SELECT `rname` FROM `web_lawyer` WHERE `uid` = 12 LIMIT 1   [ RunTime:0.0003s ]
SQL: SELECT `rname` FROM `web_user` WHERE `uid` = 10 LIMIT 1   [ RunTime:0.0003s ]
SQL: SELECT `rname` FROM `web_lawyer` WHERE `uid` = 12 LIMIT 1   [ RunTime:0.0003s ]
SQL: SELECT `rname` FROM `web_user` WHERE `uid` = 10 LIMIT 1   [ RunTime:0.0003s ]
SQL: SELECT `rname` FROM `web_lawyer` WHERE `uid` = 12 LIMIT 1   [ RunTime:0.0003s ]
SQL: SELECT `rname` FROM `web_user` WHERE `uid` = 10 LIMIT 1   [ RunTime:0.0003s ]
SQL: SELECT `rname` FROM `web_lawyer` WHERE `uid` = 12 LIMIT 1   [ RunTime:0.0003s ]
SQL: SELECT `rname` FROM `web_user` WHERE `uid` = 10 LIMIT 1   [ RunTime:0.0003s ]
SQL: SELECT `rname` FROM `web_lawyer` WHERE `uid` = 12 LIMIT 1   [ RunTime:0.0003s ]
SQL: SELECT `rname` FROM `web_user` WHERE `uid` = 10 LIMIT 1   [ RunTime:0.0003s ]
SQL: SELECT `rname` FROM `web_lawyer` WHERE `uid` = 12 LIMIT 1   [ RunTime:0.0003s ]
SQL: SELECT `rname` FROM `web_user` WHERE `uid` = 10 LIMIT 1   [ RunTime:0.0003s ]
SQL: SELECT `rname` FROM `web_lawyer` WHERE `uid` = 12 LIMIT 1   [ RunTime:0.0003s ]
SQL: SELECT `rname` FROM `web_user` WHERE `uid` = 10 LIMIT 1   [ RunTime:0.0003s ]
SQL: SELECT `rname` FROM `web_lawyer` WHERE `uid` = 12 LIMIT 1   [ RunTime:0.0003s ]
SQL: SELECT `rname` FROM `web_user` WHERE `uid` = 10 LIMIT 1   [ RunTime:0.0003s ]
SQL: SELECT `rname` FROM `web_lawyer` WHERE `uid` = 12 LIMIT 1   [ RunTime:0.0003s ]
SQL: SELECT `rname` FROM `web_user` WHERE `uid` = 10 LIMIT 1   [ RunTime:0.0006s ]
SQL: SELECT `rname` FROM `web_lawyer` WHERE `uid` = 12 LIMIT 1   [ RunTime:0.0004s ]
SQL: SELECT `rname` FROM `web_user` WHERE `uid` = 10 LIMIT 1   [ RunTime:0.0003s ]
SQL: SELECT `rname` FROM `web_lawyer` WHERE `uid` = 12 LIMIT 1   [ RunTime:0.0002s ]
SQL: SELECT `rname` FROM `web_user` WHERE `uid` = 10 LIMIT 1   [ RunTime:0.0003s ]
SQL: SELECT `rname` FROM `web_lawyer` WHERE `uid` = 12 LIMIT 1   [ RunTime:0.0004s ]
SQL: SELECT `rname` FROM `web_user` WHERE `uid` = 10 LIMIT 1   [ RunTime:0.0004s ]
SQL: SELECT `rname` FROM `web_lawyer` WHERE `uid` = 12 LIMIT 1   [ RunTime:0.0003s ]
SQL: SELECT `rname` FROM `web_user` WHERE `uid` = 10 LIMIT 1   [ RunTime:0.0003s ]
SQL: SELECT `rname` FROM `web_lawyer` WHERE `uid` = 12 LIMIT 1   [ RunTime:0.0003s ]
SQL: SELECT `rname` FROM `web_user` WHERE `uid` = 10 LIMIT 1   [ RunTime:0.0002s ]
SQL: SELECT `rname` FROM `web_lawyer` WHERE `uid` = 13 LIMIT 1   [ RunTime:0.0002s ]
SQL: SELECT `rname` FROM `web_user` WHERE `uid` = 10 LIMIT 1   [ RunTime:0.0002s ]
SQL: SELECT `rname` FROM `web_lawyer` WHERE `uid` = 12 LIMIT 1   [ RunTime:0.0002s ]
SQL: SELECT `rname` FROM `web_user` WHERE `uid` = 10 LIMIT 1   [ RunTime:0.0002s ]
SQL: SELECT `rname` FROM `web_lawyer` WHERE `uid` = 12 LIMIT 1   [ RunTime:0.0002s ]
SQL: SELECT `rname` FROM `web_user` WHERE `uid` = 10 LIMIT 1   [ RunTime:0.0002s ]
SQL: SELECT `rname` FROM `web_lawyer` WHERE `uid` = 12 LIMIT 1   [ RunTime:0.0002s ]
SQL: SELECT `rname` FROM `web_user` WHERE `uid` = 10 LIMIT 1   [ RunTime:0.0009s ]
SQL: SELECT `rname` FROM `web_lawyer` WHERE `uid` = 12 LIMIT 1   [ RunTime:0.0003s ]
SQL: SELECT `rname` FROM `web_user` WHERE `uid` = 10 LIMIT 1   [ RunTime:0.0003s ]
SQL: SELECT `rname` FROM `web_lawyer` WHERE `uid` = 12 LIMIT 1   [ RunTime:0.0003s ]
SQL: SELECT `rname` FROM `web_user` WHERE `uid` = 10 LIMIT 1   [ RunTime:0.0003s ]
ERR: 模板不存在:./Application/Admin/View/Orders/index.html

